{"target": 0.0, "params": {"TK": 214.95605419056875, "fac": 3.645485551179749, "start": 3.599081567958833, "weak": 0.44502669009560003}, "datetime": {"datetime": "2022-04-24 16:21:43", "elapsed": 0.0, "delta": 0.0}}
{"target": 0.0, "params": {"TK": 260.8010323256125, "fac": 4.178848868840488, "start": 1.7456459543418639, "weak": 0.32875939902971885}, "datetime": {"datetime": "2022-04-24 16:23:47", "elapsed": 124.744699, "delta": 124.744699}}
{"target": 0.0, "params": {"TK": 214.24297500096026, "fac": 2.9839185064023206, "start": 2.972101210024185, "weak": 0.4355984284392993}, "datetime": {"datetime": "2022-04-24 16:30:27", "elapsed": 524.706795, "delta": 399.962096}}
{"target": 0.0, "params": {"TK": 239.9794143865749, "fac": 3.2173273369096913, "start": -0.17436899649381576, "weak": 0.3296217709594038}, "datetime": {"datetime": "2022-04-24 16:32:55", "elapsed": 671.84093, "delta": 147.134135}}
{"target": 0.0, "params": {"TK": 237.75454359058932, "fac": 2.9215705423826193, "start": -3.5866882001015528, "weak": 0.4158702491626831}, "datetime": {"datetime": "2022-04-24 16:39:07", "elapsed": 1044.119411, "delta": 372.278481}}
{"target": 0.0, "params": {"TK": 243.70985050303642, "fac": 4.445817919576877, "start": -2.065821146978805, "weak": 0.3522137477140649}, "datetime": {"datetime": "2022-04-24 16:41:29", "elapsed": 1186.556838, "delta": 142.437427}}
{"target": 0.0, "params": {"TK": 223.54601636121208, "fac": 3.4499057028754287, "start": -0.5693512207143652, "weak": 0.4185865731630373}, "datetime": {"datetime": "2022-04-24 16:48:19", "elapsed": 1596.723417, "delta": 410.166579}}
{"target": 0.0666667, "params": {"TK": 263.6487821768987, "fac": 3.4945879584764263, "start": 3.1394654870312833, "weak": 0.36008203033723735}, "datetime": {"datetime": "2022-04-24 16:51:08", "elapsed": 1765.310197, "delta": 168.58678}}
{"target": 0.275, "params": {"TK": 298.7487702727179, "fac": 2.631715553514387, "start": -3.884856588013167, "weak": 0.4348798813002408}, "datetime": {"datetime": "2022-04-24 16:58:32", "elapsed": 2209.138265, "delta": 443.828068}}
{"target": 0.0, "params": {"TK": 227.50860027450244, "fac": 3.6443332094282277, "start": -2.258915393942532, "weak": 0.3508273942297166}, "datetime": {"datetime": "2022-04-24 17:01:16", "elapsed": 2373.297943, "delta": 164.159678}}
{"target": 0.0916667, "params": {"TK": 300.12435567923535, "fac": 2.601354779532352, "start": -1.6840866655832762, "weak": 0.37575298863282847}, "datetime": {"datetime": "2022-04-24 17:06:06", "elapsed": 2663.348431, "delta": 290.050488}}
{"target": 0.225, "params": {"TK": 281.3539836216195, "fac": 3.5381138521404916, "start": -0.7312006465284613, "weak": 0.4180495241030459}, "datetime": {"datetime": "2022-04-24 17:14:11", "elapsed": 3148.500903, "delta": 485.152472}}
{"target": 0.0, "params": {"TK": 215.12381386860662, "fac": 3.1409284579273162, "start": -1.2901202905364126, "weak": 0.46177129330605293}, "datetime": {"datetime": "2022-04-24 17:18:52", "elapsed": 3428.884662, "delta": 280.383759}}
{"target": 0.45, "params": {"TK": 261.4846563497406, "fac": 4.014122511162382, "start": -2.9242623561199403, "weak": 0.490760833302197}, "datetime": {"datetime": "2022-04-24 17:26:57", "elapsed": 3914.214205, "delta": 485.329543}}
{"target": 0.191667, "params": {"TK": 265.2971990354007, "fac": 3.1256459299536825, "start": -0.758006162676101, "weak": 0.4673549427148069}, "datetime": {"datetime": "2022-04-24 17:34:01", "elapsed": 4337.801139, "delta": 423.586934}}
{"target": 0.0, "params": {"TK": 211.79008475726138, "fac": 2.60193056583981, "start": 0.9450670655222506, "weak": 0.3037916835722563}, "datetime": {"datetime": "2022-04-24 17:35:29", "elapsed": 4425.882869, "delta": 88.08173}}
{"target": 0.0333333, "params": {"TK": 242.6343753098863, "fac": 3.354568752909392, "start": 3.4024654201189275, "weak": 0.4121039963136537}, "datetime": {"datetime": "2022-04-24 17:42:14", "elapsed": 4830.790749, "delta": 404.90788}}
{"target": 0.0, "params": {"TK": 229.38443730837585, "fac": 2.6536560809927114, "start": 1.471139269595641, "weak": 0.3879937895883055}, "datetime": {"datetime": "2022-04-24 17:46:53", "elapsed": 5110.056417, "delta": 279.265668}}
{"target": 0.0, "params": {"TK": 224.67908495100883, "fac": 3.5092764720431693, "start": 0.6262624753121955, "weak": 0.49155945476496776}, "datetime": {"datetime": "2022-04-24 17:53:06", "elapsed": 5483.069098, "delta": 373.012681}}
{"target": 0.108333, "params": {"TK": 297.11589607128553, "fac": 3.7068808645176974, "start": -2.649550866730837, "weak": 0.4974620575389413}, "datetime": {"datetime": "2022-04-24 17:58:21", "elapsed": 5798.464608, "delta": 315.39551}}
{"target": 0.0, "params": {"TK": 216.87534262993427, "fac": 3.63977280885745, "start": -3.02427332845365, "weak": 0.32900896027540866}, "datetime": {"datetime": "2022-04-24 18:00:12", "elapsed": 5909.171043, "delta": 110.706435}}
{"target": 0.0, "params": {"TK": 216.39989913943288, "fac": 2.5303256008690096, "start": -1.811681994705328, "weak": 0.35336711286821937}, "datetime": {"datetime": "2022-04-24 18:02:49", "elapsed": 6065.989695, "delta": 156.818652}}
{"target": 0.0416667, "params": {"TK": 295.2715605050008, "fac": 2.8698132358983823, "start": 1.1702107898459184, "weak": 0.3794745482046759}, "datetime": {"datetime": "2022-04-24 18:07:49", "elapsed": 6366.146908, "delta": 300.157213}}
{"target": 0.0, "params": {"TK": 260.9419923108568, "fac": 2.9600878990569086, "start": -3.142044620013369, "weak": 0.3316849378060611}, "datetime": {"datetime": "2022-04-24 18:10:00", "elapsed": 6497.627107, "delta": 131.480199}}
{"target": 0.0416667, "params": {"TK": 291.0887191941655, "fac": 2.5709589278402207, "start": 0.6441387598950206, "weak": 0.3276142828763975}, "datetime": {"datetime": "2022-04-24 18:12:12", "elapsed": 6629.500455, "delta": 131.873348}}
{"target": 0.0, "params": {"TK": 261.10168086984277, "fac": 4.226690091739023, "start": -2.1766198317070096, "weak": 0.3287443760738682}, "datetime": {"datetime": "2022-04-24 18:14:00", "elapsed": 6737.671148, "delta": 108.170693}}
{"target": 0.0, "params": {"TK": 260.0113526040705, "fac": 2.6905423485419755, "start": 3.8987755722614867, "weak": 0.3114938238758519}, "datetime": {"datetime": "2022-04-24 18:15:47", "elapsed": 6843.780591, "delta": 106.109443}}
{"target": 0.0, "params": {"TK": 232.53481860094138, "fac": 2.989017324142077, "start": -2.1384555530712968, "weak": 0.36415479221917507}, "datetime": {"datetime": "2022-04-24 18:19:28", "elapsed": 7064.879579, "delta": 221.098988}}
{"target": 0.0, "params": {"TK": 306.03299953778173, "fac": 4.161356986326474, "start": -3.6031152038052348, "weak": 0.3566742586186712}, "datetime": {"datetime": "2022-04-24 18:21:49", "elapsed": 7206.064444, "delta": 141.184865}}
{"target": 0.0, "params": {"TK": 295.2517301990729, "fac": 3.6865790056957897, "start": 2.394926683482561, "weak": 0.36731557863605657}, "datetime": {"datetime": "2022-04-24 18:24:44", "elapsed": 7381.357571, "delta": 175.293127}}
{"target": 0.0, "params": {"TK": 246.57612532527398, "fac": 3.617605867081964, "start": 2.305187125468935, "weak": 0.3357645071034839}, "datetime": {"datetime": "2022-04-24 18:26:46", "elapsed": 7503.228512, "delta": 121.870941}}
{"target": 0.0, "params": {"TK": 229.39476919440364, "fac": 3.414427527440959, "start": -0.07968440478450489, "weak": 0.49374956267660963}, "datetime": {"datetime": "2022-04-24 18:32:18", "elapsed": 7834.985697, "delta": 331.757185}}
{"target": 0.0166667, "params": {"TK": 296.5083398689005, "fac": 3.5517613575626754, "start": 3.41012061962667, "weak": 0.4434989848646561}, "datetime": {"datetime": "2022-04-24 18:38:39", "elapsed": 8215.911867, "delta": 380.92617}}
{"target": 0.391667, "params": {"TK": 273.59175283640343, "fac": 3.3447713802678534, "start": -0.8721628698028487, "weak": 0.4453214243245571}, "datetime": {"datetime": "2022-04-24 18:47:19", "elapsed": 8735.950536, "delta": 520.038669}}
{"target": 0.0, "params": {"TK": 270.7976853766087, "fac": 3.833612029534603, "start": -3.5668558525278193, "weak": 0.316458942004015}, "datetime": {"datetime": "2022-04-24 18:49:21", "elapsed": 8858.418419, "delta": 122.467883}}
{"target": 0.0333333, "params": {"TK": 272.9091248130359, "fac": 3.6603225545184994, "start": 0.32771846877567956, "weak": 0.3696173509777011}, "datetime": {"datetime": "2022-04-24 18:53:13", "elapsed": 9089.974585, "delta": 231.556166}}
{"target": 0.0, "params": {"TK": 228.04120544517545, "fac": 2.716789792656515, "start": 3.8671354461229708, "weak": 0.3113839919908151}, "datetime": {"datetime": "2022-04-24 18:55:01", "elapsed": 9197.956983, "delta": 107.982398}}
{"target": 0.0, "params": {"TK": 279.643325541591, "fac": 4.272331999311745, "start": 3.1930676565429694, "weak": 0.3271963462351522}, "datetime": {"datetime": "2022-04-24 18:56:37", "elapsed": 9294.227227, "delta": 96.270244}}
{"target": 0.0, "params": {"TK": 258.039324875724, "fac": 4.261757142674128, "start": 1.7925026994819762, "weak": 0.3017600785504408}, "datetime": {"datetime": "2022-04-24 18:57:38", "elapsed": 9355.557854, "delta": 61.330627}}
{"target": 0.0, "params": {"TK": 237.28244376734028, "fac": 2.493988636082288, "start": -0.8972726391759274, "weak": 0.3722530742485446}, "datetime": {"datetime": "2022-04-24 19:01:54", "elapsed": 9611.107438, "delta": 255.549584}}
{"target": 0.0, "params": {"TK": 253.88141058498172, "fac": 2.9483806949318674, "start": -3.6554961642094117, "weak": 0.3202055911681195}, "datetime": {"datetime": "2022-04-24 19:03:57", "elapsed": 9733.776222, "delta": 122.668784}}
{"target": 0.0, "params": {"TK": 239.08609864379602, "fac": 2.7254378442633973, "start": 3.409726667261727, "weak": 0.38960154106922856}, "datetime": {"datetime": "2022-04-24 19:09:35", "elapsed": 10072.298757, "delta": 338.522535}}
{"target": 0.0, "params": {"TK": 227.73509303666034, "fac": 3.7717070100309726, "start": -3.5767363773864282, "weak": 0.32350298587094395}, "datetime": {"datetime": "2022-04-24 19:11:33", "elapsed": 10190.452747, "delta": 118.15399}}
{"target": 0.0, "params": {"TK": 229.67956431679687, "fac": 2.6004972162309006, "start": 2.9276681413573025, "weak": 0.3588681230075456}, "datetime": {"datetime": "2022-04-24 19:14:47", "elapsed": 10384.677484, "delta": 194.224737}}
{"target": 0.183333, "params": {"TK": 301.10090337254854, "fac": 2.8099647448113414, "start": -0.9989578277068558, "weak": 0.4080068089019655}, "datetime": {"datetime": "2022-04-24 19:21:22", "elapsed": 10779.086089, "delta": 394.408605}}
{"target": 0.0166667, "params": {"TK": 305.0744025779954, "fac": 4.164862210046085, "start": 2.7468067403445344, "weak": 0.48049639615177664}, "datetime": {"datetime": "2022-04-24 19:26:40", "elapsed": 11096.972993, "delta": 317.886904}}
{"target": 0.0, "params": {"TK": 250.33442972490968, "fac": 3.0646900856163963, "start": -0.8489644069284781, "weak": 0.3170353791985042}, "datetime": {"datetime": "2022-04-24 19:28:31", "elapsed": 11208.403198, "delta": 111.430205}}
{"target": 0.0, "params": {"TK": 303.8210567273909, "fac": 3.85893086398619, "start": 0.9370461564020109, "weak": 0.3085287766804844}, "datetime": {"datetime": "2022-04-24 19:29:37", "elapsed": 11273.777269, "delta": 65.374071}}
{"target": 0.0, "params": {"TK": 268.0948564522848, "fac": 3.5392348781302863, "start": 0.18168366979389017, "weak": 0.3037437922806592}, "datetime": {"datetime": "2022-04-24 19:30:51", "elapsed": 11347.882279, "delta": 74.10501}}
{"target": 0.0, "params": {"TK": 249.02265076299074, "fac": 3.929524069406366, "start": 2.5777241423206716, "weak": 0.3382921389521303}, "datetime": {"datetime": "2022-04-24 19:32:47", "elapsed": 11463.984269, "delta": 116.10199}}
{"target": 0.0, "params": {"TK": 217.61799228435228, "fac": 3.5831904387379803, "start": 0.1552123536918355, "weak": 0.3222376384473439}, "datetime": {"datetime": "2022-04-24 19:34:36", "elapsed": 11573.125479, "delta": 109.14121}}
{"target": 0.0666667, "params": {"TK": 282.0117921090016, "fac": 3.001165398790877, "start": -0.7599856210959341, "weak": 0.3470955769006635}, "datetime": {"datetime": "2022-04-24 19:37:09", "elapsed": 11726.360088, "delta": 153.234609}}
{"target": 0.0, "params": {"TK": 220.5790598754312, "fac": 2.4624350401187702, "start": -1.3589305494091883, "weak": 0.31835828021874657}, "datetime": {"datetime": "2022-04-24 19:38:44", "elapsed": 11821.375587, "delta": 95.015499}}
{"target": 0.0, "params": {"TK": 224.0841787794597, "fac": 2.726483405079166, "start": 3.866404977831844, "weak": 0.4943182666212861}, "datetime": {"datetime": "2022-04-24 19:42:25", "elapsed": 12042.166166, "delta": 220.790579}}
{"target": 0.075, "params": {"TK": 281.6339107829185, "fac": 4.097801447059659, "start": 2.6532412365792624, "weak": 0.4847077772456212}, "datetime": {"datetime": "2022-04-24 19:47:54", "elapsed": 12371.136312, "delta": 328.970146}}
{"target": 0.0, "params": {"TK": 283.22233934941266, "fac": 4.28478506725857, "start": -0.8834785593253596, "weak": 0.31236527233177347}, "datetime": {"datetime": "2022-04-24 19:48:59", "elapsed": 12435.894841, "delta": 64.758529}}
{"target": 0.15, "params": {"TK": 226.46306873133253, "fac": 4.277400180336696, "start": 1.4565523418921105, "weak": 0.4533794733175525}, "datetime": {"datetime": "2022-04-24 19:57:33", "elapsed": 12950.333988, "delta": 514.439147}}
{"target": 0.0416667, "params": {"TK": 253.4299807425817, "fac": 4.145227762834334, "start": -0.6662734955165988, "weak": 0.386429530041707}, "datetime": {"datetime": "2022-04-24 20:02:00", "elapsed": 13216.809525, "delta": 266.475537}}
{"target": 0.0666667, "params": {"TK": 252.01635123561414, "fac": 3.833497789589881, "start": -2.6095327473357317, "weak": 0.3746736132157487}, "datetime": {"datetime": "2022-04-24 20:05:57", "elapsed": 13454.511827, "delta": 237.702302}}
{"target": 0.00833333, "params": {"TK": 293.5252864133107, "fac": 3.33964976773659, "start": -1.3321088971492383, "weak": 0.37528213406842176}, "datetime": {"datetime": "2022-04-24 20:10:13", "elapsed": 13710.033294, "delta": 255.521467}}
{"target": 0.0583333, "params": {"TK": 281.6891031778527, "fac": 3.8182278871771382, "start": -3.3445684370562585, "weak": 0.3515907124934901}, "datetime": {"datetime": "2022-04-24 20:12:37", "elapsed": 13854.142052, "delta": 144.108758}}
{"target": 0.0, "params": {"TK": 304.3386341259482, "fac": 2.6690482725557927, "start": 2.602118127834836, "weak": 0.31207248582657043}, "datetime": {"datetime": "2022-04-24 20:14:28", "elapsed": 13965.653642, "delta": 111.51159}}
{"target": 0.0416667, "params": {"TK": 272.41413057062164, "fac": 2.556891877889658, "start": 1.8698840300915514, "weak": 0.47618434021018086}, "datetime": {"datetime": "2022-04-24 20:19:04", "elapsed": 14241.035295, "delta": 275.381653}}
{"target": 0.0, "params": {"TK": 236.09362505055734, "fac": 4.202850170590139, "start": -3.2293957260098267, "weak": 0.3039673176296543}, "datetime": {"datetime": "2022-04-24 20:20:14", "elapsed": 14311.364962, "delta": 70.329667}}
{"target": 0.0, "params": {"TK": 245.22930435126108, "fac": 3.305432504080108, "start": 1.1114442745138247, "weak": 0.3170260793199623}, "datetime": {"datetime": "2022-04-24 20:22:05", "elapsed": 14421.922252, "delta": 110.55729}}
{"target": 0.375, "params": {"TK": 244.40393895354615, "fac": 3.7220384947912972, "start": 3.236186862211441, "weak": 0.49435461474816994}, "datetime": {"datetime": "2022-04-24 20:29:00", "elapsed": 14837.731792, "delta": 415.80954}}
{"target": 0.00833333, "params": {"TK": 307.15882366926434, "fac": 3.774510734209956, "start": 1.1284207614486759, "weak": 0.46741918550068196}, "datetime": {"datetime": "2022-04-24 20:34:09", "elapsed": 15146.744964, "delta": 309.013172}}
{"target": 0.0666667, "params": {"TK": 238.5325682683347, "fac": 4.338288921315073, "start": -0.6925313855150481, "weak": 0.3902236198477109}, "datetime": {"datetime": "2022-04-24 20:38:46", "elapsed": 15423.314795, "delta": 276.569831}}
{"target": 0.00833333, "params": {"TK": 282.7925700585208, "fac": 4.022464306510146, "start": 3.8258409641573348, "weak": 0.4472169776722413}, "datetime": {"datetime": "2022-04-24 20:45:11", "elapsed": 15807.808317, "delta": 384.493522}}
{"target": 0.0, "params": {"TK": 265.43929297999574, "fac": 2.7115725933637576, "start": -2.812197942093162, "weak": 0.46650495138123893}, "datetime": {"datetime": "2022-04-24 20:50:42", "elapsed": 16139.305519, "delta": 331.497202}}
{"target": 0.141667, "params": {"TK": 282.7687892374205, "fac": 3.571449898434259, "start": 0.8634720216266061, "weak": 0.4430814648121677}, "datetime": {"datetime": "2022-04-24 20:58:32", "elapsed": 16609.10383, "delta": 469.798311}}
{"target": 0.291667, "params": {"TK": 251.2964901682278, "fac": 3.5952488458025496, "start": -1.7834707400789487, "weak": 0.4565935369143923}, "datetime": {"datetime": "2022-04-24 21:06:38", "elapsed": 17095.591864, "delta": 486.488034}}
{"target": 0.00833333, "params": {"TK": 230.67145819238792, "fac": 3.763039980311076, "start": -0.5867675004770598, "weak": 0.43626724092840447}, "datetime": {"datetime": "2022-04-24 21:15:25", "elapsed": 17621.881433, "delta": 526.289569}}
{"target": 0.15, "params": {"TK": 250.2122232348617, "fac": 3.6230358518594734, "start": -3.003377445325471, "weak": 0.431705591320869}, "datetime": {"datetime": "2022-04-24 21:23:57", "elapsed": 18134.398595, "delta": 512.517162}}
{"target": 0.0, "params": {"TK": 233.61501383280316, "fac": 2.50881163200524, "start": 3.727009570589698, "weak": 0.3762611395635569}, "datetime": {"datetime": "2022-04-24 21:28:52", "elapsed": 18429.750165, "delta": 295.35157}}
{"target": 0.208333, "params": {"TK": 267.75117012978313, "fac": 2.944630815976416, "start": -1.2533795727446355, "weak": 0.4390757969252851}, "datetime": {"datetime": "2022-04-24 21:37:26", "elapsed": 18943.509711, "delta": 513.759546}}
{"target": 0.0, "params": {"TK": 250.75051448339272, "fac": 2.632886549454062, "start": 1.6512574434129235, "weak": 0.4160415081049026}, "datetime": {"datetime": "2022-04-24 21:45:02", "elapsed": 19399.749533, "delta": 456.239822}}
{"target": 0.0, "params": {"TK": 215.4458611947573, "fac": 3.1914224314623327, "start": -1.542193408885332, "weak": 0.3942216760061986}, "datetime": {"datetime": "2022-04-24 21:49:46", "elapsed": 19683.31849, "delta": 283.568957}}
{"target": 0.0, "params": {"TK": 225.25571737075305, "fac": 3.5341203937050025, "start": 2.520607410111589, "weak": 0.42213774731715775}, "datetime": {"datetime": "2022-04-24 21:56:58", "elapsed": 20115.703489, "delta": 432.384999}}
{"target": 0.0833333, "params": {"TK": 275.52383587990454, "fac": 3.0035702059783524, "start": -0.35443645758119224, "weak": 0.35659408755632777}, "datetime": {"datetime": "2022-04-24 21:59:56", "elapsed": 20293.149356, "delta": 177.445867}}
{"target": 0.1, "params": {"TK": 261.52797154001996, "fac": 3.85694626093482, "start": -2.8992975665948357, "weak": 0.40260541304491676}, "datetime": {"datetime": "2022-04-24 22:06:19", "elapsed": 20676.537545, "delta": 383.388189}}
{"target": 0.0, "params": {"TK": 250.8876721958108, "fac": 2.894421112783413, "start": 0.5428067622751751, "weak": 0.35771119057628514}, "datetime": {"datetime": "2022-04-24 22:09:41", "elapsed": 20877.859369, "delta": 201.321824}}
{"target": 0.0, "params": {"TK": 300.89528318290894, "fac": 4.337193951441783, "start": -0.5991986905783486, "weak": 0.3911287495520944}, "datetime": {"datetime": "2022-04-24 22:13:38", "elapsed": 21115.001427, "delta": 237.142058}}
{"target": 0.233333, "params": {"TK": 244.3971752628811, "fac": 3.797479518933069, "start": 3.1850264641849053, "weak": 0.4325282475414705}, "datetime": {"datetime": "2022-04-24 22:21:27", "elapsed": 21584.647748, "delta": 469.646321}}
{"target": 0.108333, "params": {"TK": 244.4168431647297, "fac": 3.7888179841597713, "start": 3.3784392370225813, "weak": 0.4032002593132083}, "datetime": {"datetime": "2022-04-24 22:27:43", "elapsed": 21960.080553, "delta": 375.432805}}
{"target": 0.208333, "params": {"TK": 273.5328518274133, "fac": 3.2133696235923113, "start": -0.7602774971752524, "weak": 0.4086241126804629}, "datetime": {"datetime": "2022-04-24 22:34:20", "elapsed": 22357.308589, "delta": 397.228036}}
{"target": 0.0416667, "params": {"TK": 251.41723330065375, "fac": 3.7192474335157772, "start": -1.7466542519760067, "weak": 0.36506334939247226}, "datetime": {"datetime": "2022-04-24 22:37:31", "elapsed": 22548.232562, "delta": 190.923973}}
{"target": 0.0666667, "params": {"TK": 281.4483047506073, "fac": 3.5928780746535685, "start": -0.8749317459265296, "weak": 0.3541213936092503}, "datetime": {"datetime": "2022-04-24 22:40:02", "elapsed": 22699.349949, "delta": 151.117387}}
{"target": 0.391667, "params": {"TK": 273.6520559467449, "fac": 3.235892047524416, "start": -0.6614577016007885, "weak": 0.4735181195912803}, "datetime": {"datetime": "2022-04-24 22:46:56", "elapsed": 23113.175686, "delta": 413.825737}}
{"target": 0.316667, "params": {"TK": 251.33879644800982, "fac": 3.584046292134658, "start": -1.7008085873172858, "weak": 0.4617503311635915}, "datetime": {"datetime": "2022-04-24 22:55:43", "elapsed": 23640.461605, "delta": 527.285919}}
{"target": 0.0, "params": {"TK": 282.7274214333395, "fac": 2.590006601766387, "start": 1.2490752868664208, "weak": 0.30499010602716725}, "datetime": {"datetime": "2022-04-24 22:57:46", "elapsed": 23763.131261, "delta": 122.669656}}
{"target": 0.425, "params": {"TK": 244.42275178636004, "fac": 3.8152253505145888, "start": 3.3142493703509004, "weak": 0.47278827748297425}, "datetime": {"datetime": "2022-04-24 23:07:15", "elapsed": 24332.49603, "delta": 569.364769}}
{"target": 0.191667, "params": {"TK": 265.2985638405582, "fac": 3.108048816898285, "start": -0.9117140293565305, "weak": 0.4165877453833106}, "datetime": {"datetime": "2022-04-24 23:14:14", "elapsed": 24751.526826, "delta": 419.030796}}
{"target": 0.0, "params": {"TK": 265.3921972135423, "fac": 3.1397503745684316, "start": -0.8989362914506547, "weak": 0.3132537784937966}, "datetime": {"datetime": "2022-04-24 23:16:06", "elapsed": 24863.065213, "delta": 111.538387}}
