{"target": 0.433333, "params": {"TK": 260.45842996369487, "fac": 3.8845191954996046, "start": -2.4868249494218704, "weak": 0.49119776948865473}, "datetime": {"datetime": "2022-04-27 05:04:10", "elapsed": 218547.704635, "delta": 591.828678}}
{"target": 0.1, "params": {"TK": 287.80223768973485, "fac": 2.808401963378161, "start": -2.8004688777438025, "weak": 0.35808771151402374}, "datetime": {"datetime": "2022-04-27 05:08:42", "elapsed": 218819.360127, "delta": 271.655492}}
{"target": 0.0, "params": {"TK": 273.63891468746783, "fac": 3.29272871427625, "start": -0.1830926201851515, "weak": 0.3089532774054311}, "datetime": {"datetime": "2022-04-27 05:10:50", "elapsed": 218946.955686, "delta": 127.595559}}
{"target": 0.316667, "params": {"TK": 245.24858764892045, "fac": 3.6233351231263207, "start": 2.8207277655697407, "weak": 0.4441963191653944}, "datetime": {"datetime": "2022-04-27 05:21:25", "elapsed": 219582.680175, "delta": 635.724489}}
{"target": 0.1, "params": {"TK": 270.17885725505914, "fac": 3.312299210081951, "start": -0.22099450929883702, "weak": 0.3922107566447865}, "datetime": {"datetime": "2022-04-27 05:28:54", "elapsed": 220031.241998, "delta": 448.561823}}
{"target": 0.0666667, "params": {"TK": 269.67998812781457, "fac": 2.927941545901878, "start": 2.7154292263110813, "weak": 0.3876526418120951}, "datetime": {"datetime": "2022-04-27 05:35:57", "elapsed": 220454.568358, "delta": 423.32636}}
{"target": 0.108333, "params": {"TK": 298.0861671572542, "fac": 2.707826362515644, "start": -2.9919523298675204, "weak": 0.3868211882407005}, "datetime": {"datetime": "2022-04-27 05:43:02", "elapsed": 220879.549488, "delta": 424.98113}}
{"target": 0.0833333, "params": {"TK": 282.6615874151521, "fac": 2.7266695954176035, "start": -3.946283787985199, "weak": 0.4571252213191024}, "datetime": {"datetime": "2022-04-27 05:50:44", "elapsed": 221340.889202, "delta": 461.339714}}
{"target": 0.458333, "params": {"TK": 269.7250912369462, "fac": 3.1452210505749547, "start": 2.4208942183587654, "weak": 0.4450480552562528}, "datetime": {"datetime": "2022-04-27 06:00:56", "elapsed": 221953.598327, "delta": 612.709125}}
{"target": 0.0583333, "params": {"TK": 291.09322402319765, "fac": 2.4990880041414067, "start": -2.601359831628651, "weak": 0.33398055068344584}, "datetime": {"datetime": "2022-04-27 06:03:52", "elapsed": 222128.803682, "delta": 175.205355}}
{"target": 0.4, "params": {"TK": 245.42250641692934, "fac": 3.710446860050502, "start": 2.322890659569687, "weak": 0.4751494457761738}, "datetime": {"datetime": "2022-04-27 06:14:35", "elapsed": 222771.956034, "delta": 643.152352}}
{"target": 0.283333, "params": {"TK": 263.6347412906249, "fac": 3.337915087505893, "start": -0.23667583529762126, "weak": 0.4915093977572276}, "datetime": {"datetime": "2022-04-27 06:22:09", "elapsed": 223226.017576, "delta": 454.061542}}
{"target": 0.108333, "params": {"TK": 245.42817158604447, "fac": 3.614765357222116, "start": 2.374722346419248, "weak": 0.39856454875929065}, "datetime": {"datetime": "2022-04-27 06:30:04", "elapsed": 223701.438191, "delta": 475.420615}}
{"target": 0.358333, "params": {"TK": 261.70472885123525, "fac": 3.736932632919192, "start": -3.1626864585608523, "weak": 0.4812376887603482}, "datetime": {"datetime": "2022-04-27 06:40:22", "elapsed": 224319.58564, "delta": 618.147449}}
{"target": 0.0, "params": {"TK": 223.97983511729674, "fac": 3.3540720660152665, "start": -1.0097941299866449, "weak": 0.4346526907288571}, "datetime": {"datetime": "2022-04-27 06:49:36", "elapsed": 224873.466319, "delta": 553.880679}}
{"target": 0.366667, "params": {"TK": 263.2765142571941, "fac": 3.344308245515484, "start": -0.26461503594505764, "weak": 0.46403561369329316}, "datetime": {"datetime": "2022-04-27 06:59:54", "elapsed": 225491.19681, "delta": 617.730491}}
{"target": 0.5, "params": {"TK": 245.02191727869854, "fac": 3.958123012045551, "start": 2.6932507491731403, "weak": 0.49396312245952195}, "datetime": {"datetime": "2022-04-27 07:10:12", "elapsed": 226109.613262, "delta": 618.416452}}
{"target": 0.0, "params": {"TK": 294.9024786016709, "fac": 3.799325846753618, "start": -3.5043581753814435, "weak": 0.33599567085765714}, "datetime": {"datetime": "2022-04-27 07:13:00", "elapsed": 226276.989488, "delta": 167.376226}}
{"target": 0.325, "params": {"TK": 269.62312190594105, "fac": 3.110494364795151, "start": 2.33521304226423, "weak": 0.47927692608336114}, "datetime": {"datetime": "2022-04-27 07:20:56", "elapsed": 226753.233057, "delta": 476.243569}}
{"target": 0.166667, "params": {"TK": 261.5734119678205, "fac": 4.006093224250652, "start": -3.1580732042803756, "weak": 0.42034431060287425}, "datetime": {"datetime": "2022-04-27 07:30:26", "elapsed": 227322.960987, "delta": 569.72793}}
{"target": 0.0, "params": {"TK": 212.4517677229882, "fac": 2.886441894368436, "start": 2.8999719449283727, "weak": 0.46459284797758005}, "datetime": {"datetime": "2022-04-27 07:35:38", "elapsed": 227635.702685, "delta": 312.741698}}
{"target": 0.208333, "params": {"TK": 273.36463524801144, "fac": 3.521231868768881, "start": -0.3089755611999543, "weak": 0.41948031740854974}, "datetime": {"datetime": "2022-04-27 07:44:40", "elapsed": 228177.221805, "delta": 541.51912}}
{"target": 0.108333, "params": {"TK": 264.34420330578536, "fac": 3.0379568168912483, "start": 1.6075054566767095, "weak": 0.4054538950153392}, "datetime": {"datetime": "2022-04-27 07:53:00", "elapsed": 228677.242554, "delta": 500.020749}}
{"target": 0.0, "params": {"TK": 259.7795410782307, "fac": 3.300143814672277, "start": -2.7795609084543225, "weak": 0.3092822481462417}, "datetime": {"datetime": "2022-04-27 07:55:11", "elapsed": 228808.440761, "delta": 131.198207}}
{"target": 0.0, "params": {"TK": 231.36152667465237, "fac": 4.062382312274984, "start": 2.737847226183593, "weak": 0.3214322904948142}, "datetime": {"datetime": "2022-04-27 07:57:15", "elapsed": 228932.471806, "delta": 124.031045}}
{"target": 0.241667, "params": {"TK": 269.729112644968, "fac": 3.1544531717554043, "start": 2.366369488081023, "weak": 0.5}, "datetime": {"datetime": "2022-04-27 08:03:14", "elapsed": 229290.976746, "delta": 358.50494}}
{"target": 0.333333, "params": {"TK": 257.0724215729136, "fac": 3.4312235361827614, "start": 2.4036128421379157, "weak": 0.43253894867566145}, "datetime": {"datetime": "2022-04-27 08:13:31", "elapsed": 229908.263281, "delta": 617.286535}}
{"target": 0.375, "params": {"TK": 297.4955413780066, "fac": 2.677855824566152, "start": -0.9270817264101457, "weak": 0.42347781316650934}, "datetime": {"datetime": "2022-04-27 08:23:39", "elapsed": 230516.084537, "delta": 607.821256}}
{"target": 0.0, "params": {"TK": 259.05166322034853, "fac": 3.8004731152410645, "start": 2.1302877187922222, "weak": 0.33102661016931645}, "datetime": {"datetime": "2022-04-27 08:26:20", "elapsed": 230677.255992, "delta": 161.171455}}
{"target": 0.216667, "params": {"TK": 282.59533427895326, "fac": 2.8910672412853686, "start": -3.801158061104685, "weak": 0.4602739798489148}, "datetime": {"datetime": "2022-04-27 08:35:30", "elapsed": 231227.462789, "delta": 550.206797}}
{"target": 0.433333, "params": {"TK": 245.4004515895461, "fac": 3.83145452853002, "start": 2.404209462875185, "weak": 0.4741474385483856}, "datetime": {"datetime": "2022-04-27 08:46:28", "elapsed": 231885.610452, "delta": 658.147663}}
{"target": 0.0, "params": {"TK": 220.64173929156493, "fac": 2.6564613012472407, "start": -1.6833445109295235, "weak": 0.34107243542761884}, "datetime": {"datetime": "2022-04-27 08:48:45", "elapsed": 232022.201013, "delta": 136.590561}}
{"target": 0.4, "params": {"TK": 269.6605445131543, "fac": 3.000289135384696, "start": 2.4319199524508814, "weak": 0.43260903497592396}, "datetime": {"datetime": "2022-04-27 08:59:01", "elapsed": 232638.148431, "delta": 615.947418}}
{"target": 0.2, "params": {"TK": 245.57731831046013, "fac": 3.508602975313975, "start": 2.418421154035838, "weak": 0.48365485336721703}, "datetime": {"datetime": "2022-04-27 09:08:31", "elapsed": 233208.667524, "delta": 570.519093}}
{"target": 0.05, "params": {"TK": 252.81074849338702, "fac": 3.1812335052291205, "start": 2.3853042978632084, "weak": 0.4043613437931331}, "datetime": {"datetime": "2022-04-27 09:17:02", "elapsed": 233719.522241, "delta": 510.854717}}
{"target": 0.425, "params": {"TK": 245.12850464726458, "fac": 3.908330855149975, "start": 2.565875937578066, "weak": 0.4727269931392321}, "datetime": {"datetime": "2022-04-27 09:28:03", "elapsed": 234380.147061, "delta": 660.62482}}
{"target": 0.141667, "params": {"TK": 247.84051159838458, "fac": 4.01632487009874, "start": -2.414690711226851, "weak": 0.4279520960755836}, "datetime": {"datetime": "2022-04-27 09:37:47", "elapsed": 234964.524862, "delta": 584.377801}}
{"target": 0.291667, "params": {"TK": 273.4656254240183, "fac": 3.0621089604181195, "start": -0.5304710264235446, "weak": 0.47643995644875836}, "datetime": {"datetime": "2022-04-27 09:45:19", "elapsed": 235416.020569, "delta": 451.495707}}
{"target": 0.375, "params": {"TK": 244.9677453679762, "fac": 3.6601072218394712, "start": 2.370564651799822, "weak": 0.4712653840582405}, "datetime": {"datetime": "2022-04-27 09:55:30", "elapsed": 236026.87728, "delta": 610.856711}}
{"target": 0.0, "params": {"TK": 297.53235512948123, "fac": 2.558343644532327, "start": -0.7625203082451115, "weak": 0.30440073869605666}, "datetime": {"datetime": "2022-04-27 09:57:40", "elapsed": 236156.867294, "delta": 129.990014}}
{"target": 0.241667, "params": {"TK": 256.9844643797656, "fac": 3.2592481605026298, "start": 2.3556630023001377, "weak": 0.49709368321819447}, "datetime": {"datetime": "2022-04-27 10:03:57", "elapsed": 236534.157749, "delta": 377.290455}}
{"target": 0.0916667, "params": {"TK": 281.9017204978287, "fac": 2.7792548689456877, "start": 1.6895606255697393, "weak": 0.3640239742407854}, "datetime": {"datetime": "2022-04-27 10:09:15", "elapsed": 236852.457507, "delta": 318.299758}}
{"target": 0.175, "params": {"TK": 245.08040434904768, "fac": 3.9109298391768754, "start": 2.4892776831108367, "weak": 0.43010075395485303}, "datetime": {"datetime": "2022-04-27 10:19:17", "elapsed": 237454.104122, "delta": 601.646615}}
{"target": 0.316667, "params": {"TK": 259.15237011075567, "fac": 3.595309406252899, "start": 2.2534029991557425, "weak": 0.4479463466657434}, "datetime": {"datetime": "2022-04-27 10:30:14", "elapsed": 238111.674443, "delta": 657.570321}}
{"target": 0.25, "params": {"TK": 263.3870599513588, "fac": 3.4180013324316554, "start": -0.21362406697454217, "weak": 0.5}, "datetime": {"datetime": "2022-04-27 10:37:21", "elapsed": 238538.436529, "delta": 426.762086}}
{"target": 0.275, "params": {"TK": 245.4238464577409, "fac": 3.5960937099466657, "start": 2.250770000202297, "weak": 0.4857078359415653}, "datetime": {"datetime": "2022-04-27 10:47:14", "elapsed": 239131.195669, "delta": 592.75914}}
{"target": 0.25, "params": {"TK": 273.5681370432161, "fac": 3.0431116888047915, "start": -0.599349947216143, "weak": 0.48218319108805596}, "datetime": {"datetime": "2022-04-27 10:54:29", "elapsed": 239566.094523, "delta": 434.898854}}
{"target": 0.0166667, "params": {"TK": 231.56738308063592, "fac": 3.8528455813487517, "start": -1.2167194535918373, "weak": 0.3891547060969581}, "datetime": {"datetime": "2022-04-27 11:01:28", "elapsed": 239985.586933, "delta": 419.49241}}
{"target": 0.0, "params": {"TK": 264.8531796509688, "fac": 2.636630226030226, "start": -3.3898998013461066, "weak": 0.4758740659677183}, "datetime": {"datetime": "2022-04-27 11:07:50", "elapsed": 240367.354179, "delta": 381.767246}}
{"target": 0.1, "params": {"TK": 277.217730095653, "fac": 3.5804648735116578, "start": 0.8447587225230118, "weak": 0.49511219740157475}, "datetime": {"datetime": "2022-04-27 11:15:44", "elapsed": 240840.82003, "delta": 473.465851}}
{"target": 0.383333, "params": {"TK": 273.3929485846038, "fac": 3.2277708259812528, "start": -0.5889395305439225, "weak": 0.4713852401363928}, "datetime": {"datetime": "2022-04-27 11:24:56", "elapsed": 241393.510624, "delta": 552.690594}}
{"target": 0.25, "params": {"TK": 261.7717237628924, "fac": 3.602501949409891, "start": -3.1905401800243176, "weak": 0.42677364326533224}, "datetime": {"datetime": "2022-04-27 11:35:06", "elapsed": 242003.355594, "delta": 609.84497}}
{"target": 0.0833333, "params": {"TK": 297.3854914238958, "fac": 2.538253472965685, "start": -0.9685484143908827, "weak": 0.3611815285677676}, "datetime": {"datetime": "2022-04-27 11:40:48", "elapsed": 242344.812239, "delta": 341.456645}}
{"target": 0.0, "params": {"TK": 308.71474368584757, "fac": 4.193196458667398, "start": -3.6006429410954857, "weak": 0.3461164955261879}, "datetime": {"datetime": "2022-04-27 11:43:46", "elapsed": 242523.317284, "delta": 178.505045}}
{"target": 0.0833333, "params": {"TK": 309.73250068647843, "fac": 3.310735574402064, "start": 1.5512707114443165, "weak": 0.4483792185087272}, "datetime": {"datetime": "2022-04-27 11:51:35", "elapsed": 242991.962547, "delta": 468.645263}}
{"target": 0.25, "params": {"TK": 257.0734418300879, "fac": 3.3606141775914553, "start": 2.4196335200457475, "weak": 0.5}, "datetime": {"datetime": "2022-04-27 11:58:34", "elapsed": 243410.885226, "delta": 418.922679}}
{"target": 0.416667, "params": {"TK": 270.1732148377469, "fac": 3.166233145372926, "start": 0.7578469851092864, "weak": 0.43949455614954547}, "datetime": {"datetime": "2022-04-27 12:09:17", "elapsed": 244053.956287, "delta": 643.071061}}
{"target": 0.0, "params": {"TK": 289.4520214564151, "fac": 3.1090064038549086, "start": 3.2902991682553964, "weak": 0.3047941431992738}, "datetime": {"datetime": "2022-04-27 12:11:15", "elapsed": 244172.478025, "delta": 118.521738}}
{"target": 0.133333, "params": {"TK": 270.10189617923635, "fac": 3.1244898013299087, "start": 0.7995215760051266, "weak": 0.3716786354321343}, "datetime": {"datetime": "2022-04-27 12:17:07", "elapsed": 244523.911703, "delta": 351.433678}}
{"target": 0.0916667, "params": {"TK": 249.54086706488417, "fac": 3.9787743861111613, "start": 0.570072880714485, "weak": 0.3799526293928351}, "datetime": {"datetime": "2022-04-27 12:22:33", "elapsed": 244849.874993, "delta": 325.96329}}
{"target": 0.275, "params": {"TK": 269.6905594485683, "fac": 3.1614370354313523, "start": 2.4337871961540554, "weak": 0.42035153186879726}, "datetime": {"datetime": "2022-04-27 12:31:49", "elapsed": 245406.652002, "delta": 556.777009}}
{"target": 0.466667, "params": {"TK": 260.512789044435, "fac": 3.8472976005359776, "start": -2.5004698381819876, "weak": 0.49026478664816553}, "datetime": {"datetime": "2022-04-27 12:41:40", "elapsed": 245997.218019, "delta": 590.566017}}
{"target": 0.283333, "params": {"TK": 297.5063405372635, "fac": 2.6298938545078383, "start": -0.9361376122778724, "weak": 0.4453837817971822}, "datetime": {"datetime": "2022-04-27 12:49:56", "elapsed": 246493.747904, "delta": 496.529885}}
{"target": 0.258333, "params": {"TK": 244.42633139773272, "fac": 4.17979180277125, "start": 3.3129787503482033, "weak": 0.4557380947172094}, "datetime": {"datetime": "2022-04-27 13:00:38", "elapsed": 247134.885143, "delta": 641.137239}}
{"target": 0.125, "params": {"TK": 281.67813420201963, "fac": 2.6389333661798027, "start": 1.8889517566733387, "weak": 0.36051403641457724}, "datetime": {"datetime": "2022-04-27 13:05:20", "elapsed": 247417.61759, "delta": 282.732447}}
{"target": 0.316667, "params": {"TK": 261.33306083687773, "fac": 3.6098692641589127, "start": -3.156822771855925, "weak": 0.4349631248039272}, "datetime": {"datetime": "2022-04-27 13:15:15", "elapsed": 248012.615921, "delta": 594.998331}}
{"target": 0.333333, "params": {"TK": 244.86732806877973, "fac": 3.71090234989538, "start": 2.383069646398628, "weak": 0.4983451856575924}, "datetime": {"datetime": "2022-04-27 13:23:48", "elapsed": 248525.544781, "delta": 512.92886}}
{"target": 0.275, "params": {"TK": 273.4746245912387, "fac": 3.057410761368735, "start": -0.733537798370171, "weak": 0.44994069357003164}, "datetime": {"datetime": "2022-04-27 13:33:26", "elapsed": 249103.733679, "delta": 578.188898}}
{"target": 0.25, "params": {"TK": 273.87474262678586, "fac": 2.8919023571777087, "start": -0.7289113665986928, "weak": 0.44637297163582407}, "datetime": {"datetime": "2022-04-27 13:43:20", "elapsed": 249697.525571, "delta": 593.791892}}
{"target": 0.0333333, "params": {"TK": 277.9196980650565, "fac": 3.5854417981867073, "start": -3.1790119061618167, "weak": 0.3730776443091697}, "datetime": {"datetime": "2022-04-27 13:48:39", "elapsed": 250015.979255, "delta": 318.453684}}
{"target": 0.225, "params": {"TK": 259.1046688289275, "fac": 3.681761308040169, "start": 2.32123479175719, "weak": 0.5}, "datetime": {"datetime": "2022-04-27 13:56:34", "elapsed": 250491.303427, "delta": 475.324172}}
{"target": 0.0, "params": {"TK": 256.55880032792146, "fac": 3.7523912140825404, "start": 0.14938294145554387, "weak": 0.3443938988859545}, "datetime": {"datetime": "2022-04-27 13:59:25", "elapsed": 250662.715824, "delta": 171.412397}}
{"target": 0.266667, "params": {"TK": 269.77878061455044, "fac": 2.995587759357067, "start": 2.3539481058955394, "weak": 0.4150850749482752}, "datetime": {"datetime": "2022-04-27 14:08:08", "elapsed": 251184.947672, "delta": 522.231848}}
{"target": 0.441667, "params": {"TK": 263.4642611007218, "fac": 3.355593942454579, "start": -0.3731397735099016, "weak": 0.45163279714938814}, "datetime": {"datetime": "2022-04-27 14:18:57", "elapsed": 251834.22941, "delta": 649.281738}}
{"target": 0.00833333, "params": {"TK": 228.41852044987507, "fac": 4.1281158206912085, "start": -0.5034074623669715, "weak": 0.3831217502467168}, "datetime": {"datetime": "2022-04-27 14:24:48", "elapsed": 252185.066824, "delta": 350.837414}}
{"target": 0.075, "params": {"TK": 284.7275966723161, "fac": 2.8886441903068025, "start": -0.5385313750001597, "weak": 0.3473768614336871}, "datetime": {"datetime": "2022-04-27 14:28:16", "elapsed": 252393.49738, "delta": 208.430556}}
{"target": 0.316667, "params": {"TK": 260.54713855518366, "fac": 4.025049479807021, "start": -2.509134194586374, "weak": 0.4610252051176482}, "datetime": {"datetime": "2022-04-27 14:38:35", "elapsed": 253011.952516, "delta": 618.455136}}
{"target": 0.0833333, "params": {"TK": 261.5417584274399, "fac": 3.796109380472189, "start": -3.1599430071211323, "weak": 0.4015452486546291}, "datetime": {"datetime": "2022-04-27 14:46:12", "elapsed": 253468.926262, "delta": 456.973746}}
{"target": 0.216667, "params": {"TK": 273.4899431328877, "fac": 3.161043236005928, "start": -0.6301000923790321, "weak": 0.5}, "datetime": {"datetime": "2022-04-27 14:51:46", "elapsed": 253803.019548, "delta": 334.093286}}
{"target": 0.441667, "params": {"TK": 260.9423968764814, "fac": 4.011100295832185, "start": -2.6122302560547555, "weak": 0.4928265343072573}, "datetime": {"datetime": "2022-04-27 15:01:17", "elapsed": 254373.862914, "delta": 570.843366}}
{"target": 0.1, "params": {"TK": 273.5649790133513, "fac": 3.146870352352627, "start": -0.06250097188927128, "weak": 0.36890978125342994}, "datetime": {"datetime": "2022-04-27 15:06:19", "elapsed": 254676.349209, "delta": 302.486295}}
{"target": 0.275, "params": {"TK": 261.3200113229276, "fac": 3.5632159003350683, "start": -2.995052798683826, "weak": 0.42965515560978906}, "datetime": {"datetime": "2022-04-27 15:15:55", "elapsed": 255252.188184, "delta": 575.838975}}
{"target": 0.266667, "params": {"TK": 269.84656270108826, "fac": 3.2794675981638903, "start": 2.3964983107341045, "weak": 0.5}, "datetime": {"datetime": "2022-04-27 15:21:44", "elapsed": 255600.830617, "delta": 348.642433}}
{"target": 0.333333, "params": {"TK": 263.3445124423839, "fac": 3.307398269358959, "start": -0.1755193770076069, "weak": 0.4617004512411693}, "datetime": {"datetime": "2022-04-27 15:30:58", "elapsed": 256155.206153, "delta": 554.375536}}
{"target": 0.0583333, "params": {"TK": 264.84803068254206, "fac": 3.745805718219944, "start": 2.9802038194996054, "weak": 0.360213765618318}, "datetime": {"datetime": "2022-04-27 15:33:55", "elapsed": 256331.910897, "delta": 176.704744}}
{"target": 0.0, "params": {"TK": 211.77798693706734, "fac": 4.231666772442081, "start": 2.717887005607344, "weak": 0.3890461726460616}, "datetime": {"datetime": "2022-04-27 15:39:07", "elapsed": 256644.24892, "delta": 312.338023}}
{"target": 0.0, "params": {"TK": 271.53564136175163, "fac": 3.2462001307821433, "start": 1.5665444141621832, "weak": 0.31199427134896834}, "datetime": {"datetime": "2022-04-27 15:40:56", "elapsed": 256752.877903, "delta": 108.628983}}
{"target": 0.325, "params": {"TK": 286.51169833697713, "fac": 2.983457852687031, "start": 0.06997175176748449, "weak": 0.4529042451222576}, "datetime": {"datetime": "2022-04-27 15:49:06", "elapsed": 257243.37828, "delta": 490.500377}}
{"target": 0.025, "params": {"TK": 274.4282533378549, "fac": 3.3788636475705736, "start": 1.713770861723103, "weak": 0.3368459068136641}, "datetime": {"datetime": "2022-04-27 15:51:37", "elapsed": 257394.177827, "delta": 150.799547}}
{"target": 0.108333, "params": {"TK": 237.5141193934966, "fac": 4.281985030290082, "start": 2.749695370263571, "weak": 0.41508728419870516}, "datetime": {"datetime": "2022-04-27 16:00:39", "elapsed": 257936.192699, "delta": 542.014872}}
{"target": 0.0416667, "params": {"TK": 273.74348639031894, "fac": 2.9596602883840366, "start": -0.6492962211732962, "weak": 0.34092557764577736}, "datetime": {"datetime": "2022-04-27 16:04:08", "elapsed": 258145.740382, "delta": 209.547683}}
{"target": 0.291667, "params": {"TK": 263.2602115274747, "fac": 3.5088906297440987, "start": -0.19017185420492133, "weak": 0.43237230058485243}, "datetime": {"datetime": "2022-04-27 16:14:38", "elapsed": 258775.483032, "delta": 629.74265}}
{"target": 0.3, "params": {"TK": 260.49481066587197, "fac": 4.0736610495409185, "start": -2.383742036153725, "weak": 0.4739906982191561}, "datetime": {"datetime": "2022-04-27 16:25:40", "elapsed": 259437.652193, "delta": 662.169161}}
