{"target": 0.38320312500000003, "params": {"TK": 263.7069064452203, "fac": -0.7899147727006544, "start": -2.66919838411422, "weak": 0.4052119708650336}, "datetime": {"datetime": "2022-05-06 03:35:31", "elapsed": 145609.600766, "delta": 2042.664051}}
{"target": 0.61875, "params": {"TK": 263.94938282540676, "fac": -0.9755183941147949, "start": -2.555439228829078, "weak": 0.41274103767233244}, "datetime": {"datetime": "2022-05-06 04:11:33", "elapsed": 147771.673977, "delta": 2162.073211}}
{"target": 0.692578125, "params": {"TK": 263.3570381757532, "fac": -0.968280624578535, "start": -2.979778273878738, "weak": 0.39170155765324466}, "datetime": {"datetime": "2022-05-06 04:50:41", "elapsed": 150119.849188, "delta": 2348.175211}}
{"target": 0.685546875, "params": {"TK": 264.945981424424, "fac": -0.8550996003971156, "start": -0.10334959711702041, "weak": 0.3885957737208558}, "datetime": {"datetime": "2022-05-06 05:28:53", "elapsed": 152411.139244, "delta": 2291.290056}}
{"target": 0.0, "params": {"TK": 216.57944063785283, "fac": -0.4848876106418214, "start": 2.9174219838916384, "weak": 0.45401700414099}, "datetime": {"datetime": "2022-05-06 05:38:24", "elapsed": 152982.870551, "delta": 571.731307}}
{"target": 0.629296875, "params": {"TK": 265.0252928794776, "fac": -0.8197030418737514, "start": -0.1338341484666925, "weak": 0.4346991613847283}, "datetime": {"datetime": "2022-05-06 06:13:53", "elapsed": 155111.758831, "delta": 2128.88828}}
{"target": 0.30234375, "params": {"TK": 264.8536363550632, "fac": -0.8532052244958277, "start": 0.01736590492110146, "weak": 0.47429622487547407}, "datetime": {"datetime": "2022-05-06 06:41:43", "elapsed": 156781.202462, "delta": 1669.443631}}
{"target": 0.010546875, "params": {"TK": 311.0310755800847, "fac": -0.8923534516707561, "start": -1.4986615725931847, "weak": 0.4331592488809245}, "datetime": {"datetime": "2022-05-06 07:02:22", "elapsed": 158020.77854, "delta": 1239.576078}}
{"target": 0.16875, "params": {"TK": 264.9017956525949, "fac": -0.8913300355370614, "start": 0.0011981111479446582, "weak": 0.49311281062891205}, "datetime": {"datetime": "2022-05-06 07:25:53", "elapsed": 159431.552883, "delta": 1410.774343}}
{"target": 0.05625, "params": {"TK": 291.8117435836961, "fac": -0.8472488300185513, "start": 1.951815567198742, "weak": 0.4763947740871589}, "datetime": {"datetime": "2022-05-06 07:49:56", "elapsed": 160874.109312, "delta": 1442.556429}}
{"target": 0.1265625, "params": {"TK": 272.85808417320425, "fac": -0.6819304221911752, "start": 0.65232952132496, "weak": 0.3072393696137796}, "datetime": {"datetime": "2022-05-06 08:06:49", "elapsed": 161887.153872, "delta": 1013.04456}}
{"target": 0.0, "params": {"TK": 253.1337527008452, "fac": -0.5373575507694442, "start": 0.4976399182019273, "weak": 0.494389405981221}, "datetime": {"datetime": "2022-05-06 08:15:05", "elapsed": 162383.403909, "delta": 496.250037}}
{"target": 0.692578125, "params": {"TK": 263.63526317612286, "fac": -0.9507361363658887, "start": -2.702097331510041, "weak": 0.3903562778575473}, "datetime": {"datetime": "2022-05-06 08:52:25", "elapsed": 164623.962192, "delta": 2240.558283}}
{"target": 0.72421875, "params": {"TK": 264.10136048682983, "fac": -0.9298418387444943, "start": -2.4438726656290006, "weak": 0.3948206823715537}, "datetime": {"datetime": "2022-05-06 09:29:38", "elapsed": 166856.911839, "delta": 2232.949647}}
{"target": 0.0703125, "params": {"TK": 231.25160178481548, "fac": -0.9017056333305958, "start": 2.8186804849757223, "weak": 0.3911895317781869}, "datetime": {"datetime": "2022-05-06 10:06:44", "elapsed": 169082.637616, "delta": 2225.725777}}
{"target": 0.256640625, "params": {"TK": 264.0595181491392, "fac": -0.9701845581237707, "start": -2.6562241381943297, "weak": 0.34815720783926213}, "datetime": {"datetime": "2022-05-06 10:42:28", "elapsed": 171226.324599, "delta": 2143.686983}}
{"target": 0.59765625, "params": {"TK": 266.0697214902488, "fac": -0.78721935218623, "start": 3.0755594123438224, "weak": 0.3848560750761933}, "datetime": {"datetime": "2022-05-06 11:19:06", "elapsed": 173424.519624, "delta": 2198.195025}}
{"target": 0.0140625, "params": {"TK": 288.41739568494484, "fac": -0.867421173853065, "start": 3.9299900848444045, "weak": 0.4188162266322941}, "datetime": {"datetime": "2022-05-06 11:51:48", "elapsed": 175386.163426, "delta": 1961.643802}}
{"target": 0.003515625, "params": {"TK": 311.6858803759162, "fac": -0.919046396185335, "start": 3.0478743279412717, "weak": 0.4600485500381816}, "datetime": {"datetime": "2022-05-06 12:06:14", "elapsed": 176252.715082, "delta": 866.551656}}
{"target": 0.432421875, "params": {"TK": 266.04470014499964, "fac": -0.8678472321241935, "start": 2.95275797361176, "weak": 0.4047188537280059}, "datetime": {"datetime": "2022-05-06 12:45:07", "elapsed": 178585.060536, "delta": 2332.345454}}
{"target": 0.39375, "params": {"TK": 263.7981123045575, "fac": -0.991975462310408, "start": -2.809491165960389, "weak": 0.454540858547985}, "datetime": {"datetime": "2022-05-06 13:19:13", "elapsed": 180631.235386, "delta": 2046.17485}}
{"target": 0.0, "params": {"TK": 213.58105472754093, "fac": -0.5991973928326308, "start": -0.9047205082536411, "weak": 0.3587302131774631}, "datetime": {"datetime": "2022-05-06 13:31:28", "elapsed": 181366.176073, "delta": 734.940687}}
{"target": 0.05625, "params": {"TK": 265.14737953386356, "fac": -0.7733807617914725, "start": -0.13854343822831527, "weak": 0.48763008072232555}, "datetime": {"datetime": "2022-05-06 13:49:47", "elapsed": 182465.960301, "delta": 1099.784228}}
{"target": 0.49921875, "params": {"TK": 263.4875099794088, "fac": -0.9261033302783431, "start": -2.5810734666775703, "weak": 0.3654236368210739}, "datetime": {"datetime": "2022-05-06 14:24:56", "elapsed": 184574.795166, "delta": 2108.834865}}
{"target": 0.587109375, "params": {"TK": 263.72888307007406, "fac": -0.8847644934738098, "start": -2.7467676659954874, "weak": 0.37516545828528025}, "datetime": {"datetime": "2022-05-06 14:58:24", "elapsed": 186582.157922, "delta": 2007.362756}}
{"target": 0.18281250000000002, "params": {"TK": 263.67021208535897, "fac": -0.922626268025201, "start": -2.5957876182857955, "weak": 0.3233905660866292}, "datetime": {"datetime": "2022-05-06 15:22:42", "elapsed": 188040.860781, "delta": 1458.702859}}
{"target": 0.09140625000000001, "params": {"TK": 264.10602078573254, "fac": -0.9972376994669184, "start": -2.5091420302792677, "weak": 0.3100298119689147}, "datetime": {"datetime": "2022-05-06 15:44:38", "elapsed": 189356.584099, "delta": 1315.723318}}
{"target": 0.221484375, "params": {"TK": 264.1739857286221, "fac": -0.7671310913860259, "start": -2.7544441477769803, "weak": 0.4398656437998616}, "datetime": {"datetime": "2022-05-06 16:13:51", "elapsed": 191109.253885, "delta": 1752.669786}}
{"target": 0.094921875, "params": {"TK": 263.3047889954962, "fac": -0.9957815219644464, "start": -2.5949451237293344, "weak": 0.30994700239538325}, "datetime": {"datetime": "2022-05-06 16:34:49", "elapsed": 192367.547469, "delta": 1258.293584}}
{"target": 0.0, "params": {"TK": 251.1673520781015, "fac": -0.5358425768764075, "start": 0.8460617191247968, "weak": 0.3715132051305593}, "datetime": {"datetime": "2022-05-06 16:57:12", "elapsed": 193710.477472, "delta": 1342.930003}}
{"target": 0.0, "params": {"TK": 235.73429792844053, "fac": -0.7976690992253022, "start": -1.2449096312714767, "weak": 0.45566577635063454}, "datetime": {"datetime": "2022-05-06 17:19:59", "elapsed": 195077.144613, "delta": 1366.667141}}
{"target": 0.256640625, "params": {"TK": 263.5648969258894, "fac": -0.9803126384581095, "start": -2.7548711169558686, "weak": 0.3475181210461658}, "datetime": {"datetime": "2022-05-06 17:55:56", "elapsed": 197234.132766, "delta": 2156.988153}}
{"target": 0.58359375, "params": {"TK": 264.18510259688213, "fac": -0.9337003048725658, "start": -2.4247195459836712, "weak": 0.442159408429451}, "datetime": {"datetime": "2022-05-06 18:30:05", "elapsed": 199283.487548, "delta": 2049.354782}}
{"target": 0.41835937500000003, "params": {"TK": 277.50573863574317, "fac": -0.7049445777634313, "start": -3.1934250296650024, "weak": 0.39436251429303715}, "datetime": {"datetime": "2022-05-06 19:05:17", "elapsed": 201395.328474, "delta": 2111.840926}}
{"target": 0.0, "params": {"TK": 288.16235629725634, "fac": -0.4064313916515775, "start": 1.3922084949107578, "weak": 0.48577347432561313}, "datetime": {"datetime": "2022-05-06 19:14:01", "elapsed": 201919.656279, "delta": 524.327805}}
{"target": 0.4921875, "params": {"TK": 267.09367892979196, "fac": -0.8338160574158344, "start": -0.17971613783763019, "weak": 0.3668876033916465}, "datetime": {"datetime": "2022-05-06 19:52:08", "elapsed": 204206.441388, "delta": 2286.785109}}
{"target": 0.13359375, "params": {"TK": 259.03262218093533, "fac": -0.7121428071977626, "start": 2.09606258726029, "weak": 0.3676791845421792}, "datetime": {"datetime": "2022-05-06 20:27:29", "elapsed": 206327.591025, "delta": 2121.149637}}
{"target": 0.087890625, "params": {"TK": 307.8372720596433, "fac": -0.47450947672299215, "start": -1.0096906719865144, "weak": 0.35923367394298567}, "datetime": {"datetime": "2022-05-06 20:55:04", "elapsed": 207982.703112, "delta": 1655.112087}}
{"target": 0.38320312500000003, "params": {"TK": 263.35679541646476, "fac": -0.9761905920230672, "start": -2.8787419528506124, "weak": 0.36320510508426673}, "datetime": {"datetime": "2022-05-06 21:33:30", "elapsed": 210288.95925, "delta": 2306.256138}}
{"target": 0.0, "params": {"TK": 221.8679889155161, "fac": -0.757904835126756, "start": 1.301080931421513, "weak": 0.34533603744409336}, "datetime": {"datetime": "2022-05-06 21:50:20", "elapsed": 211298.47143, "delta": 1009.51218}}
{"target": 0.333984375, "params": {"TK": 264.2073543634857, "fac": -0.8798467786104067, "start": -2.448589912563368, "weak": 0.3407792580822655}, "datetime": {"datetime": "2022-05-06 22:22:27", "elapsed": 213225.389754, "delta": 1926.918324}}
{"target": 0.16875, "params": {"TK": 264.0499250563645, "fac": -0.968313246290753, "start": -2.3279540230453017, "weak": 0.4918896171297303}, "datetime": {"datetime": "2022-05-06 22:48:40", "elapsed": 214798.764704, "delta": 1573.37495}}
{"target": 0.50625, "params": {"TK": 263.44646463364063, "fac": -0.9003090065600242, "start": -3.0422546391962006, "weak": 0.45203647607991726}, "datetime": {"datetime": "2022-05-06 23:21:12", "elapsed": 216750.360226, "delta": 1951.595522}}
{"target": 0.75234375, "params": {"TK": 264.0385603867229, "fac": -0.9159381582394179, "start": -2.4816976074487362, "weak": 0.39645667638340687}, "datetime": {"datetime": "2022-05-06 23:59:01", "elapsed": 219019.3567, "delta": 2268.996474}}
{"target": 0.3796875, "params": {"TK": 273.8047698443742, "fac": -0.9074761728001894, "start": -0.5729647874700037, "weak": 0.414426595643672}, "datetime": {"datetime": "2022-05-07 00:35:38", "elapsed": 221216.627562, "delta": 2197.270862}}
{"target": 0.41835937500000003, "params": {"TK": 266.0221711194678, "fac": -0.8863217380666142, "start": 3.1038709189083393, "weak": 0.41791592579111014}, "datetime": {"datetime": "2022-05-07 01:12:02", "elapsed": 223400.31116, "delta": 2183.683598}}
{"target": 0.56953125, "params": {"TK": 238.0971965033525, "fac": -0.9563773566873596, "start": 3.818539690200142, "weak": 0.4628664453861959}, "datetime": {"datetime": "2022-05-07 01:45:53", "elapsed": 225431.687313, "delta": 2031.376153}}
{"target": 0.0, "params": {"TK": 231.55084998941706, "fac": -0.5089022395668212, "start": 2.9032781942401433, "weak": 0.4476008882727648}, "datetime": {"datetime": "2022-05-07 01:56:20", "elapsed": 226058.711465, "delta": 627.024152}}
{"target": 0.0, "params": {"TK": 240.923244976801, "fac": -0.6125457004447323, "start": -1.5119654436887515, "weak": 0.44297087975137006}, "datetime": {"datetime": "2022-05-07 02:11:02", "elapsed": 226940.896517, "delta": 882.185052}}
{"target": 0.5765625, "params": {"TK": 238.09610127129412, "fac": -0.9464861489181232, "start": 3.7146075162303354, "weak": 0.4563620979684877}, "datetime": {"datetime": "2022-05-07 02:44:54", "elapsed": 228972.325057, "delta": 2031.42854}}
{"target": 0.05625, "params": {"TK": 238.6198028574491, "fac": -0.9181553303776545, "start": 1.7034077095224882, "weak": 0.49930881212415923}, "datetime": {"datetime": "2022-05-07 03:06:38", "elapsed": 230276.188745, "delta": 1303.863688}}
{"target": 0.0, "params": {"TK": 262.695506464929, "fac": -0.5783366379780811, "start": 0.43943723779034016, "weak": 0.48544886442601065}, "datetime": {"datetime": "2022-05-07 03:16:50", "elapsed": 230888.677592, "delta": 612.488847}}
{"target": 0.6082031250000001, "params": {"TK": 263.8663534806515, "fac": -0.9130767042706996, "start": -2.7967907181270757, "weak": 0.44409942620648235}, "datetime": {"datetime": "2022-05-07 03:50:38", "elapsed": 232916.862872, "delta": 2028.18528}}
{"target": 0.193359375, "params": {"TK": 263.16170652549465, "fac": -0.982876725327307, "start": -2.8025217519717387, "weak": 0.4877859130262061}, "datetime": {"datetime": "2022-05-07 04:18:01", "elapsed": 234559.741225, "delta": 1642.878353}}
{"target": 0.5027343750000001, "params": {"TK": 263.294812141017, "fac": -0.8195993097567503, "start": -2.960283548385436, "weak": 0.41857934330198054}, "datetime": {"datetime": "2022-05-07 04:52:43", "elapsed": 236641.84244, "delta": 2082.101215}}
{"target": 0.45351562500000003, "params": {"TK": 264.8502751294199, "fac": -0.8056729567598286, "start": -0.21469072065423767, "weak": 0.3654648550977594}, "datetime": {"datetime": "2022-05-07 05:29:51", "elapsed": 238869.858966, "delta": 2228.016526}}
{"target": 0.2390625, "params": {"TK": 263.2988072953819, "fac": -0.9746664041654937, "start": -2.7059127112142587, "weak": 0.4763290452191128}, "datetime": {"datetime": "2022-05-07 05:59:19", "elapsed": 240637.259444, "delta": 1767.400478}}
{"target": 0.28828125, "params": {"TK": 266.152303721384, "fac": -0.711824664231675, "start": 3.0755031979438927, "weak": 0.34767684362825657}, "datetime": {"datetime": "2022-05-07 06:29:13", "elapsed": 242431.962906, "delta": 1794.703462}}
{"target": 0.35859375, "params": {"TK": 264.0224902262427, "fac": -0.9390931887597807, "start": -2.4822430057892113, "weak": 0.47090651502211267}, "datetime": {"datetime": "2022-05-07 06:58:48", "elapsed": 244206.140003, "delta": 1774.177097}}
{"target": 0.5625, "params": {"TK": 264.0253976707184, "fac": -0.9953642449565424, "start": -2.8749109905971286, "weak": 0.42493702219343193}, "datetime": {"datetime": "2022-05-07 07:33:26", "elapsed": 246284.187052, "delta": 2078.047049}}
{"target": 0.720703125, "params": {"TK": 263.84103527787636, "fac": -0.9010061796967105, "start": -2.718012892462422, "weak": 0.41774408260795215}, "datetime": {"datetime": "2022-05-07 08:09:04", "elapsed": 248422.861207, "delta": 2138.674155}}
{"target": 0.00703125, "params": {"TK": 297.9195497636646, "fac": -0.504252608328241, "start": 2.3287310496387192, "weak": 0.476040627980368}, "datetime": {"datetime": "2022-05-07 08:20:36", "elapsed": 249114.514423, "delta": 691.653216}}
{"target": 0.14765625000000002, "params": {"TK": 266.06423257015507, "fac": -0.932369805457808, "start": 2.9407969861416667, "weak": 0.4521302244950519}, "datetime": {"datetime": "2022-05-07 08:54:39", "elapsed": 251157.339132, "delta": 2042.824709}}
{"target": 0.16171875, "params": {"TK": 263.3058730601574, "fac": -0.8333891984426499, "start": -2.754005781028712, "weak": 0.3213706381204007}, "datetime": {"datetime": "2022-05-07 09:18:03", "elapsed": 252561.939729, "delta": 1404.600597}}
{"target": 0.7136718750000001, "params": {"TK": 263.86785626453207, "fac": -0.8858369041130641, "start": -2.67830606438935, "weak": 0.3918991557343888}, "datetime": {"datetime": "2022-05-07 09:54:54", "elapsed": 254772.47029, "delta": 2210.530561}}
{"target": 0.305859375, "params": {"TK": 264.9787106556389, "fac": -0.7597395985324086, "start": -0.055792166280305366, "weak": 0.3598537610242798}, "datetime": {"datetime": "2022-05-07 10:28:40", "elapsed": 256798.436359, "delta": 2025.966069}}
{"target": 0.30234375, "params": {"TK": 267.1157931068113, "fac": -0.8896084014845994, "start": -0.04710742560059966, "weak": 0.36205683987364357}, "datetime": {"datetime": "2022-05-07 11:01:35", "elapsed": 258773.211914, "delta": 1974.775555}}
{"target": 0.0, "params": {"TK": 217.9445687466798, "fac": -0.8676226677686558, "start": -0.8407744086840152, "weak": 0.4694628911470827}, "datetime": {"datetime": "2022-05-07 11:13:50", "elapsed": 259508.643007, "delta": 735.431093}}
{"target": 0.629296875, "params": {"TK": 264.2099387248658, "fac": -0.9420996219404338, "start": -2.6204007340327715, "weak": 0.4240378343062259}, "datetime": {"datetime": "2022-05-07 11:45:21", "elapsed": 261399.725996, "delta": 1891.082989}}
{"target": 0.0, "params": {"TK": 230.83461398227644, "fac": -0.45206653004251185, "start": 1.373011078220303, "weak": 0.41442674794058687}, "datetime": {"datetime": "2022-05-07 11:54:52", "elapsed": 261970.950108, "delta": 571.224112}}
{"target": 0.0, "params": {"TK": 301.34509244171517, "fac": -0.4168193297699444, "start": -0.1593906486428951, "weak": 0.3616707292313362}, "datetime": {"datetime": "2022-05-07 12:16:49", "elapsed": 263287.876432, "delta": 1316.926324}}
{"target": 0.26015625000000003, "params": {"TK": 272.5338540203786, "fac": -0.6396793866583277, "start": 3.5855582300848257, "weak": 0.35484392361018113}, "datetime": {"datetime": "2022-05-07 12:41:38", "elapsed": 264776.392662, "delta": 1488.51623}}
{"target": 0.080859375, "params": {"TK": 274.2843907075338, "fac": -0.9378856115329626, "start": -1.336497413525369, "weak": 0.47207710134736347}, "datetime": {"datetime": "2022-05-07 13:07:17", "elapsed": 266315.967538, "delta": 1539.574876}}
{"target": 0.028125, "params": {"TK": 273.7825845216864, "fac": -0.6093624656376424, "start": 0.8188723954397652, "weak": 0.45845541847729954}, "datetime": {"datetime": "2022-05-07 13:25:40", "elapsed": 267418.022291, "delta": 1102.054753}}
{"target": 0.1125, "params": {"TK": 264.05380692509294, "fac": -0.7589558035154766, "start": -2.782407263243213, "weak": 0.3460919155487877}, "datetime": {"datetime": "2022-05-07 13:51:25", "elapsed": 268963.741796, "delta": 1545.719505}}
{"target": 0.601171875, "params": {"TK": 264.87468318362903, "fac": -0.8692206731950136, "start": -0.1326668611864168, "weak": 0.44346442674044384}, "datetime": {"datetime": "2022-05-07 14:18:41", "elapsed": 270599.137641, "delta": 1635.395845}}
{"target": 0.010546875, "params": {"TK": 303.2151603798312, "fac": -0.9406520214172001, "start": 0.9873918564934359, "weak": 0.4132722667983191}, "datetime": {"datetime": "2022-05-07 14:33:51", "elapsed": 271509.077808, "delta": 909.940167}}
{"target": 0.0, "params": {"TK": 262.18879038376576, "fac": -0.6779394189343865, "start": -2.1731598934278757, "weak": 0.358457675436953}, "datetime": {"datetime": "2022-05-07 14:58:11", "elapsed": 272969.00498, "delta": 1459.927172}}
{"target": 0.0, "params": {"TK": 285.36631679928854, "fac": -0.4202534922478378, "start": 0.9880697162838805, "weak": 0.4697625587304808}, "datetime": {"datetime": "2022-05-07 15:05:37", "elapsed": 273415.255537, "delta": 446.250557}}
{"target": 0.0, "params": {"TK": 238.5158797084166, "fac": -0.7794834384528435, "start": 2.357125228526294, "weak": 0.34980369910606546}, "datetime": {"datetime": "2022-05-07 15:28:16", "elapsed": 274774.041716, "delta": 1358.786179}}
{"target": 0.17578125, "params": {"TK": 264.04115353349823, "fac": -0.9310272147913106, "start": -2.329335303613983, "weak": 0.32274524238988084}, "datetime": {"datetime": "2022-05-07 15:48:10", "elapsed": 275968.782991, "delta": 1194.741275}}
{"target": 0.703125, "params": {"TK": 263.3392334930283, "fac": -0.9028929089287824, "start": -3.0074991130401534, "weak": 0.42569368937024404}, "datetime": {"datetime": "2022-05-07 16:14:18", "elapsed": 277536.935499, "delta": 1568.152508}}
{"target": 0.24609375, "params": {"TK": 264.1866490339016, "fac": -0.95619442904555, "start": -2.784211733012196, "weak": 0.48008651117597667}, "datetime": {"datetime": "2022-05-07 16:35:08", "elapsed": 278786.7297, "delta": 1249.794201}}
{"target": 0.5906250000000001, "params": {"TK": 263.9579879101966, "fac": -0.9508042045050883, "start": -2.6395654041938954, "weak": 0.43487994391931606}, "datetime": {"datetime": "2022-05-07 17:01:03", "elapsed": 280341.461217, "delta": 1554.731517}}
{"target": 0.031640625, "params": {"TK": 263.4397550011215, "fac": -0.7161638086032059, "start": -2.9858355268857855, "weak": 0.44281221708436197}, "datetime": {"datetime": "2022-05-07 17:21:40", "elapsed": 281578.354593, "delta": 1236.893376}}
{"target": 0.40078125000000003, "params": {"TK": 284.2887183778419, "fac": -0.6698889561604373, "start": -3.6287804269813133, "weak": 0.41978170040272617}, "datetime": {"datetime": "2022-05-07 17:45:47", "elapsed": 283025.42337, "delta": 1447.068777}}
{"target": 0.27421875, "params": {"TK": 267.0373555920001, "fac": -0.7246430425589439, "start": -0.2715493409986882, "weak": 0.36736538394114876}, "datetime": {"datetime": "2022-05-07 18:12:05", "elapsed": 284603.676282, "delta": 1578.252912}}
{"target": 0.2671875, "params": {"TK": 264.2156382381797, "fac": -0.8675647168660978, "start": -2.439317204841273, "weak": 0.47699242325132}, "datetime": {"datetime": "2022-05-07 18:31:26", "elapsed": 285764.324649, "delta": 1160.648367}}
{"target": 0.0, "params": {"TK": 236.73978802242567, "fac": -0.8735741694865723, "start": -1.7275730226220825, "weak": 0.4238646973737562}, "datetime": {"datetime": "2022-05-07 18:55:55", "elapsed": 287233.664354, "delta": 1469.339705}}
{"target": 0.0, "params": {"TK": 249.45544098547992, "fac": -0.6803428471339337, "start": 1.1900496096977111, "weak": 0.4205733318877551}, "datetime": {"datetime": "2022-05-07 19:19:07", "elapsed": 288625.56618, "delta": 1391.901826}}
