{"target": 0.0, "params": {"TK": 219.07114899068773, "fac": 2.757930308018104, "start": 3.657440360160318, "weak": 0.3493313898224379}, "datetime": {"datetime": "2022-04-30 05:18:38", "elapsed": 478615.717042, "delta": 154.319006}}
{"target": 0.483333, "params": {"TK": 244.00386394819174, "fac": 3.99637165497093, "start": 3.04172483916737, "weak": 0.5}, "datetime": {"datetime": "2022-04-30 05:28:06", "elapsed": 479182.828596, "delta": 567.111554}}
{"target": 0.0583333, "params": {"TK": 301.276178099237, "fac": 2.8972649811766997, "start": -3.985245970829112, "weak": 0.3587664228885706}, "datetime": {"datetime": "2022-04-30 05:32:32", "elapsed": 479449.101403, "delta": 266.272807}}
{"target": 0.366667, "params": {"TK": 260.63342500570525, "fac": 3.9882364869110725, "start": -2.3750485990884482, "weak": 0.5}, "datetime": {"datetime": "2022-04-30 05:40:43", "elapsed": 479940.513164, "delta": 491.411761}}
{"target": 0.258333, "params": {"TK": 261.59052393829114, "fac": 3.393736055896781, "start": -2.7221967647222076, "weak": 0.48522774796392765}, "datetime": {"datetime": "2022-04-30 05:48:07", "elapsed": 480383.830374, "delta": 443.31721}}
{"target": 0.308333, "params": {"TK": 260.7537776537768, "fac": 3.7902639613979594, "start": -3.1830298567921753, "weak": 0.4446584792199555}, "datetime": {"datetime": "2022-04-30 05:57:41", "elapsed": 480958.316009, "delta": 574.485635}}
{"target": 0.25, "params": {"TK": 237.99965656557544, "fac": 3.776206557254161, "start": 0.8889028441304276, "weak": 0.4751962255082728}, "datetime": {"datetime": "2022-04-30 06:06:46", "elapsed": 481502.912196, "delta": 544.596187}}
{"target": 0.00833333, "params": {"TK": 283.16198538799676, "fac": 3.9312521239401965, "start": -0.26017690481169176, "weak": 0.3659394134547995}, "datetime": {"datetime": "2022-04-30 06:09:55", "elapsed": 481692.166431, "delta": 189.254235}}
{"target": 0.325, "params": {"TK": 297.38629765591975, "fac": 2.8134072086615105, "start": -0.8385061242470404, "weak": 0.4315631560337613}, "datetime": {"datetime": "2022-04-30 06:19:31", "elapsed": 482267.944689, "delta": 575.778258}}
{"target": 0.308333, "params": {"TK": 260.81238062853714, "fac": 3.96937917704638, "start": -3.18007263093131, "weak": 0.4763742504986307}, "datetime": {"datetime": "2022-04-30 06:29:42", "elapsed": 482879.094651, "delta": 611.149962}}
{"target": 0.025, "params": {"TK": 256.9549586791726, "fac": 3.058555370267137, "start": 2.431083312597086, "weak": 0.39292501688979264}, "datetime": {"datetime": "2022-04-30 06:37:10", "elapsed": 483327.153421, "delta": 448.05877}}
{"target": 0.0, "params": {"TK": 270.0929922383526, "fac": 4.327818490987848, "start": -2.0344307071195216, "weak": 0.34945317679480675}, "datetime": {"datetime": "2022-04-30 06:39:44", "elapsed": 483481.309809, "delta": 154.156388}}
{"target": 0.25, "params": {"TK": 263.70432179671513, "fac": 3.4898264274318986, "start": -0.1466521255176101, "weak": 0.49870665113421087}, "datetime": {"datetime": "2022-04-30 06:46:46", "elapsed": 483903.720729, "delta": 422.41092}}
{"target": 0.416667, "params": {"TK": 260.87098293726774, "fac": 3.9922000013754726, "start": -3.095309210268253, "weak": 0.49620877731043855}, "datetime": {"datetime": "2022-04-30 06:56:24", "elapsed": 484481.105509, "delta": 577.38478}}
{"target": 0.0, "params": {"TK": 229.8077985521102, "fac": 3.290311310767248, "start": -2.2748798901998946, "weak": 0.324416749065726}, "datetime": {"datetime": "2022-04-30 06:58:52", "elapsed": 484629.13223, "delta": 148.026721}}
{"target": 0.225, "params": {"TK": 266.8515677141694, "fac": 3.0734798398405374, "start": 1.3548081748525331, "weak": 0.4135104238087419}, "datetime": {"datetime": "2022-04-30 07:07:25", "elapsed": 485142.341312, "delta": 513.209082}}
{"target": 0.425, "params": {"TK": 245.02551874197212, "fac": 3.850961270388764, "start": 2.7230042748369163, "weak": 0.48249917834525635}, "datetime": {"datetime": "2022-04-30 07:17:25", "elapsed": 485742.658732, "delta": 600.31742}}
{"target": 0.0666667, "params": {"TK": 281.39399394727104, "fac": 3.3406780383941834, "start": -2.752662919201182, "weak": 0.35451800336479183}, "datetime": {"datetime": "2022-04-30 07:21:18", "elapsed": 485974.851241, "delta": 232.192509}}
{"target": 0.391667, "params": {"TK": 301.2006309478923, "fac": 2.749625413569097, "start": -3.779852861675696, "weak": 0.42121487608195207}, "datetime": {"datetime": "2022-04-30 07:31:30", "elapsed": 486587.095991, "delta": 612.24475}}
{"target": 0.0, "params": {"TK": 251.0651123881387, "fac": 2.6377763311477045, "start": -3.1692868359121524, "weak": 0.49624285166323845}, "datetime": {"datetime": "2022-04-30 07:35:30", "elapsed": 486827.687596, "delta": 240.591605}}
{"target": 0.0666667, "params": {"TK": 246.7294348903222, "fac": 4.05619828331837, "start": 2.014355148366337, "weak": 0.3762059035156344}, "datetime": {"datetime": "2022-04-30 07:40:13", "elapsed": 487110.48038, "delta": 282.792784}}
{"target": 0.25, "params": {"TK": 264.92795307473517, "fac": 3.3781275522132623, "start": 1.2078007076145756, "weak": 0.49847500709436166}, "datetime": {"datetime": "2022-04-30 07:46:39", "elapsed": 487496.05269, "delta": 385.57231}}
{"target": 0.1, "params": {"TK": 293.14161805680845, "fac": 2.703343623554823, "start": 1.5156283683522709, "weak": 0.3570421603465394}, "datetime": {"datetime": "2022-04-30 07:51:07", "elapsed": 487764.735159, "delta": 268.682469}}
{"target": 0.0, "params": {"TK": 239.3764102846089, "fac": 3.017562139203799, "start": -2.651871621737987, "weak": 0.3781197931688843}, "datetime": {"datetime": "2022-04-30 07:57:11", "elapsed": 488128.3499, "delta": 363.614741}}
{"target": 0.3, "params": {"TK": 261.3001359917634, "fac": 3.569890442317411, "start": -3.511934687772829, "weak": 0.4930772704326934}, "datetime": {"datetime": "2022-04-30 08:06:01", "elapsed": 488658.104225, "delta": 529.754325}}
{"target": 0.25, "params": {"TK": 301.1034300660526, "fac": 2.7464021756298385, "start": -3.740819187882617, "weak": 0.47773574994419177}, "datetime": {"datetime": "2022-04-30 08:12:33", "elapsed": 489050.048671, "delta": 391.944446}}
{"target": 0.233333, "params": {"TK": 281.41771226278024, "fac": 3.3582403156491134, "start": -2.65247839927755, "weak": 0.48434249032773835}, "datetime": {"datetime": "2022-04-30 08:20:36", "elapsed": 489533.720239, "delta": 483.671568}}
{"target": 0.4, "params": {"TK": 261.5932027802813, "fac": 3.8531555064983367, "start": -3.0264387345450015, "weak": 0.49694066551861965}, "datetime": {"datetime": "2022-04-30 08:30:09", "elapsed": 490105.831083, "delta": 572.110844}}
{"target": 0.275, "params": {"TK": 259.88863131505786, "fac": 3.1092204396805077, "start": 1.3293840749758248, "weak": 0.4345862794331673}, "datetime": {"datetime": "2022-04-30 08:40:06", "elapsed": 490703.364072, "delta": 597.532989}}
{"target": 0.358333, "params": {"TK": 260.2990248236385, "fac": 3.862714264175869, "start": -2.537142131507083, "weak": 0.4995381125871857}, "datetime": {"datetime": "2022-04-30 08:49:29", "elapsed": 491266.625231, "delta": 563.261159}}
{"target": 0.0, "params": {"TK": 292.7436983551394, "fac": 4.356678044860675, "start": -2.427943348463039, "weak": 0.4751320364482061}, "datetime": {"datetime": "2022-04-30 08:56:40", "elapsed": 491697.571645, "delta": 430.946414}}
{"target": 0.358333, "params": {"TK": 244.848962703454, "fac": 3.806856221275485, "start": 2.3094821036355153, "weak": 0.4877540553061717}, "datetime": {"datetime": "2022-04-30 09:07:42", "elapsed": 492358.88116, "delta": 661.309515}}
{"target": 0.241667, "params": {"TK": 243.88532386484508, "fac": 3.9673359342567807, "start": 2.9945483748167376, "weak": 0.43405701601216207}, "datetime": {"datetime": "2022-04-30 09:17:59", "elapsed": 492975.883509, "delta": 617.002349}}
{"target": 0.241667, "params": {"TK": 280.8732053665615, "fac": 3.2031809270525557, "start": 0.7148530332199696, "weak": 0.4241866958968}, "datetime": {"datetime": "2022-04-30 09:27:10", "elapsed": 493527.161987, "delta": 551.278478}}
{"target": 0.0833333, "params": {"TK": 301.1317670416484, "fac": 2.5992238190919412, "start": -3.7099456753878775, "weak": 0.3383749981719983}, "datetime": {"datetime": "2022-04-30 09:31:14", "elapsed": 493770.951405, "delta": 243.789418}}
{"target": 0.0333333, "params": {"TK": 292.5867437908719, "fac": 4.243787510115094, "start": 1.5688958561285045, "weak": 0.4411892715234883}, "datetime": {"datetime": "2022-04-30 09:39:28", "elapsed": 494265.28069, "delta": 494.329285}}
{"target": 0.416667, "params": {"TK": 260.6411459315216, "fac": 3.8574112715725795, "start": -2.92641310187867, "weak": 0.4815325037824003}, "datetime": {"datetime": "2022-04-30 09:49:57", "elapsed": 494893.989356, "delta": 628.708666}}
{"target": 0.15, "params": {"TK": 295.27753366709777, "fac": 2.90714702898894, "start": 1.0616021695440372, "weak": 0.4130982759373701}, "datetime": {"datetime": "2022-04-30 09:58:03", "elapsed": 495380.468495, "delta": 486.479139}}
{"target": 0.15, "params": {"TK": 297.9249407898037, "fac": 3.406270557812454, "start": -0.769982862442788, "weak": 0.4188349284097745}, "datetime": {"datetime": "2022-04-30 10:06:12", "elapsed": 495869.384409, "delta": 488.915914}}
{"target": 0.483333, "params": {"TK": 261.5704493068978, "fac": 4.125956034854548, "start": -2.7971592700835375, "weak": 0.4922024129625416}, "datetime": {"datetime": "2022-04-30 10:16:44", "elapsed": 496500.882638, "delta": 631.498229}}
{"target": 0.375, "params": {"TK": 261.25247052997776, "fac": 4.021735284481817, "start": -2.667284430037322, "weak": 0.5}, "datetime": {"datetime": "2022-04-30 10:26:31", "elapsed": 497088.330144, "delta": 587.447506}}
{"target": 0.3, "params": {"TK": 293.09461549592993, "fac": 2.7744327784219216, "start": 1.655204654962426, "weak": 0.44881988130534956}, "datetime": {"datetime": "2022-04-30 10:35:24", "elapsed": 497621.571906, "delta": 533.241762}}
{"target": 0.0916667, "params": {"TK": 276.06656686831116, "fac": 2.8806846295083424, "start": 2.2226315138858066, "weak": 0.3928477329436693}, "datetime": {"datetime": "2022-04-30 10:42:35", "elapsed": 498052.075519, "delta": 430.503613}}
{"target": 0.0416667, "params": {"TK": 246.8849350355249, "fac": 4.062085247592857, "start": 2.1078067485937204, "weak": 0.36719374187050624}, "datetime": {"datetime": "2022-04-30 10:46:29", "elapsed": 498286.19903, "delta": 234.123511}}
{"target": 0.0833333, "params": {"TK": 284.45899744592623, "fac": 2.6191561753846795, "start": -3.135413001066338, "weak": 0.4560685198091925}, "datetime": {"datetime": "2022-04-30 10:53:54", "elapsed": 498730.7839, "delta": 444.58487}}
{"target": 0.358333, "params": {"TK": 252.79480132222207, "fac": 4.000530495589129, "start": 1.837641238329601, "weak": 0.47918003727928216}, "datetime": {"datetime": "2022-04-30 11:04:21", "elapsed": 499358.283661, "delta": 627.499761}}
{"target": 0.275, "params": {"TK": 252.8744944622806, "fac": 4.026257148503529, "start": 1.8814915154441794, "weak": 0.4371407039223387}, "datetime": {"datetime": "2022-04-30 11:14:44", "elapsed": 499981.702147, "delta": 623.418486}}
{"target": 0.4, "params": {"TK": 260.48043134529036, "fac": 3.8587396979466266, "start": -2.911728806779511, "weak": 0.4661723875021818}, "datetime": {"datetime": "2022-04-30 11:25:58", "elapsed": 500654.893498, "delta": 673.191351}}
{"target": 0.416667, "params": {"TK": 261.6867527725613, "fac": 3.8725036866541567, "start": -3.07509347326398, "weak": 0.49211836161558875}, "datetime": {"datetime": "2022-04-30 11:36:15", "elapsed": 501272.051824, "delta": 617.158326}}
{"target": 0.0, "params": {"TK": 213.8106156277762, "fac": 3.3687399960885243, "start": 1.1705759153652435, "weak": 0.48214188793135243}, "datetime": {"datetime": "2022-04-30 11:43:02", "elapsed": 501679.072816, "delta": 407.020992}}
{"target": 0.075, "params": {"TK": 266.0090276786125, "fac": 3.460130971417155, "start": 1.880812196286736, "weak": 0.38408351602705526}, "datetime": {"datetime": "2022-04-30 11:49:35", "elapsed": 502072.063892, "delta": 392.991076}}
{"target": 0.0, "params": {"TK": 226.21663552779506, "fac": 3.1571199212276078, "start": 0.7281421512013253, "weak": 0.3985733769422094}, "datetime": {"datetime": "2022-04-30 11:57:10", "elapsed": 502527.556264, "delta": 455.492372}}
{"target": 0.425, "params": {"TK": 246.83376808249872, "fac": 3.962029186137066, "start": 2.077378888749687, "weak": 0.5}, "datetime": {"datetime": "2022-04-30 12:08:02", "elapsed": 503179.638565, "delta": 652.082301}}
{"target": 0.458333, "params": {"TK": 260.713554521281, "fac": 4.030902716731147, "start": -2.5717648953185126, "weak": 0.4908109625473385}, "datetime": {"datetime": "2022-04-30 12:19:33", "elapsed": 503870.5841, "delta": 690.945535}}
{"target": 0.0, "params": {"TK": 307.6995012563948, "fac": 3.373975333155623, "start": -0.6502031084784257, "weak": 0.3167885423051783}, "datetime": {"datetime": "2022-04-30 12:22:01", "elapsed": 504018.191441, "delta": 147.607341}}
{"target": 0.166667, "params": {"TK": 287.80721894327553, "fac": 2.6565137704432074, "start": 1.434014562805391, "weak": 0.39255310670283544}, "datetime": {"datetime": "2022-04-30 12:29:37", "elapsed": 504474.756574, "delta": 456.565133}}
{"target": 0.191667, "params": {"TK": 301.26831697874775, "fac": 2.7331637855458784, "start": -3.8404236778113523, "weak": 0.48139217802511336}, "datetime": {"datetime": "2022-04-30 12:36:00", "elapsed": 504857.208577, "delta": 382.452003}}
{"target": 0.258333, "params": {"TK": 273.53430170850896, "fac": 3.2783236294083467, "start": 0.10264367094061118, "weak": 0.5}, "datetime": {"datetime": "2022-04-30 12:42:52", "elapsed": 505269.393926, "delta": 412.185349}}
{"target": 0.0, "params": {"TK": 216.46866935733212, "fac": 2.5510964947816905, "start": 3.9598078161083805, "weak": 0.383209090282857}, "datetime": {"datetime": "2022-04-30 12:47:37", "elapsed": 505554.694575, "delta": 285.300649}}
{"target": 0.0583333, "params": {"TK": 262.78800712525225, "fac": 3.496152095371282, "start": 1.7632769333500002, "weak": 0.3516324223567102}, "datetime": {"datetime": "2022-04-30 12:50:39", "elapsed": 505735.852217, "delta": 181.157642}}
{"target": 0.358333, "params": {"TK": 259.0625467010691, "fac": 3.871057757567844, "start": -3.50452922820137, "weak": 0.5}, "datetime": {"datetime": "2022-04-30 13:00:09", "elapsed": 506306.494469, "delta": 570.642252}}
{"target": 0.258333, "params": {"TK": 281.40071284190384, "fac": 3.204229094325607, "start": -2.5976334125848517, "weak": 0.4925911536251575}, "datetime": {"datetime": "2022-04-30 13:07:17", "elapsed": 506733.937891, "delta": 427.443422}}
{"target": 0.0666667, "params": {"TK": 219.15910498630487, "fac": 4.298349075093794, "start": 2.495039090697327, "weak": 0.42446761198008603}, "datetime": {"datetime": "2022-04-30 13:16:41", "elapsed": 507298.549355, "delta": 564.611464}}
{"target": 0.0, "params": {"TK": 250.3269527701241, "fac": 2.6206410735974925, "start": -0.2010301186078376, "weak": 0.396528419112431}, "datetime": {"datetime": "2022-04-30 13:25:11", "elapsed": 507808.201716, "delta": 509.652361}}
{"target": 0.433333, "params": {"TK": 261.85237080226017, "fac": 3.8401627786957757, "start": -3.120263008629662, "weak": 0.45761248148040257}, "datetime": {"datetime": "2022-04-30 13:36:53", "elapsed": 508510.101148, "delta": 701.899432}}
{"target": 0.141667, "params": {"TK": 281.2831099336414, "fac": 3.3588537792503104, "start": -2.564987170404277, "weak": 0.4024258011217747}, "datetime": {"datetime": "2022-04-30 13:46:30", "elapsed": 509087.005069, "delta": 576.903921}}
{"target": 0.258333, "params": {"TK": 284.3398360919226, "fac": 2.74199034979888, "start": 0.15152259249315847, "weak": 0.4692083934762894}, "datetime": {"datetime": "2022-04-30 13:53:56", "elapsed": 509533.589241, "delta": 446.584172}}
{"target": 0.241667, "params": {"TK": 299.8974818359746, "fac": 2.577197184701459, "start": 3.7128068501654985, "weak": 0.4338436028377324}, "datetime": {"datetime": "2022-04-30 14:03:50", "elapsed": 510127.765187, "delta": 594.175946}}
{"target": 0.316667, "params": {"TK": 263.3906887083932, "fac": 3.669435240668758, "start": -0.11277424083808363, "weak": 0.49549006088895764}, "datetime": {"datetime": "2022-04-30 14:13:35", "elapsed": 510711.899694, "delta": 584.134507}}
{"target": 0.408333, "params": {"TK": 246.69863012503552, "fac": 3.857651715762077, "start": 2.1127062848025133, "weak": 0.4912060922618288}, "datetime": {"datetime": "2022-04-30 14:24:50", "elapsed": 511387.385454, "delta": 675.48576}}
{"target": 0.475, "params": {"TK": 245.0853828175031, "fac": 4.0873341345915515, "start": 2.6309482340463757, "weak": 0.5}, "datetime": {"datetime": "2022-04-30 14:36:11", "elapsed": 512068.539262, "delta": 681.153808}}
{"target": 0.275, "params": {"TK": 245.01348283848603, "fac": 4.174542049015438, "start": 2.678281651884288, "weak": 0.4731711640047557}, "datetime": {"datetime": "2022-04-30 14:48:24", "elapsed": 512801.525112, "delta": 732.98585}}
{"target": 0.341667, "params": {"TK": 260.560023677776, "fac": 3.786964171405341, "start": -2.8681028542799285, "weak": 0.5}, "datetime": {"datetime": "2022-04-30 14:57:21", "elapsed": 513338.71637, "delta": 537.191258}}
{"target": 0.391667, "params": {"TK": 261.70799211158646, "fac": 3.7820201880882705, "start": -3.251145213789683, "weak": 0.45479005818396845}, "datetime": {"datetime": "2022-04-30 15:07:37", "elapsed": 513954.232582, "delta": 615.516212}}
{"target": 0.366667, "params": {"TK": 260.41688109915236, "fac": 3.9688925185337407, "start": -2.8097949384392766, "weak": 0.46878425226225373}, "datetime": {"datetime": "2022-04-30 15:18:38", "elapsed": 514615.245905, "delta": 661.013323}}
{"target": 0.316667, "params": {"TK": 261.64335600775627, "fac": 3.5526573507169994, "start": -2.6505326275342407, "weak": 0.4889517790941103}, "datetime": {"datetime": "2022-04-30 15:28:04", "elapsed": 515180.811559, "delta": 565.565654}}
{"target": 0.2, "params": {"TK": 261.39028929241874, "fac": 3.42052105038586, "start": -3.428765369869123, "weak": 0.48724965789196506}, "datetime": {"datetime": "2022-04-30 15:37:18", "elapsed": 515735.639964, "delta": 554.828405}}
{"target": 0.116667, "params": {"TK": 281.7769608713025, "fac": 2.7700727203933355, "start": 1.806795905337091, "weak": 0.36664657647235394}, "datetime": {"datetime": "2022-04-30 15:43:54", "elapsed": 516131.527504, "delta": 395.88754}}
{"target": 0.0416667, "params": {"TK": 309.4109513659958, "fac": 3.6929133762651007, "start": -0.8642274631392839, "weak": 0.49429273701079496}, "datetime": {"datetime": "2022-04-30 15:49:31", "elapsed": 516468.018442, "delta": 336.490938}}
{"target": 0.0333333, "params": {"TK": 264.7250195543708, "fac": 4.310641206210138, "start": -0.20802154853575683, "weak": 0.3907362255893682}, "datetime": {"datetime": "2022-04-30 15:55:19", "elapsed": 516815.911381, "delta": 347.892939}}
{"target": 0.433333, "params": {"TK": 244.03448222021018, "fac": 3.9943195387566686, "start": 2.8736955731419354, "weak": 0.47363973295507295}, "datetime": {"datetime": "2022-04-30 16:07:01", "elapsed": 517518.495682, "delta": 702.584301}}
{"target": 0.35, "params": {"TK": 260.28142430181333, "fac": 3.9632042037625546, "start": -2.49706417020852, "weak": 0.4591259008435462}, "datetime": {"datetime": "2022-04-30 16:18:06", "elapsed": 518183.543239, "delta": 665.047557}}
{"target": 0.0, "params": {"TK": 251.99823672875644, "fac": 3.72124291794743, "start": 0.820468120159652, "weak": 0.33437038853130985}, "datetime": {"datetime": "2022-04-30 16:20:52", "elapsed": 518349.504853, "delta": 165.961614}}
{"target": 0.458333, "params": {"TK": 281.51510974469033, "fac": 3.185159953679523, "start": -2.949024991546689, "weak": 0.4431622578016481}, "datetime": {"datetime": "2022-04-30 16:32:06", "elapsed": 519023.105318, "delta": 673.600465}}
{"target": 0.391667, "params": {"TK": 261.4116701893332, "fac": 3.7831375420438067, "start": -3.531674667835679, "weak": 0.4938978012625789}, "datetime": {"datetime": "2022-04-30 16:41:46", "elapsed": 519603.283751, "delta": 580.178433}}
{"target": 0.0, "params": {"TK": 274.06536122549835, "fac": 3.9876700295453844, "start": 0.5383588236698413, "weak": 0.3167791972353537}, "datetime": {"datetime": "2022-04-30 16:43:41", "elapsed": 519718.763503, "delta": 115.479752}}
{"target": 0.0, "params": {"TK": 213.4079210879509, "fac": 3.9841280939190558, "start": -3.465101760842477, "weak": 0.4579790184908794}, "datetime": {"datetime": "2022-04-30 16:52:01", "elapsed": 520218.057616, "delta": 499.294113}}
{"target": 0.0, "params": {"TK": 234.72112638658297, "fac": 2.673779968536053, "start": 1.3711979770310956, "weak": 0.4165762488777289}, "datetime": {"datetime": "2022-04-30 16:59:51", "elapsed": 520688.089456, "delta": 470.03184}}
{"target": 0.0, "params": {"TK": 271.63172455188, "fac": 2.4734022717501905, "start": 3.99253279327056, "weak": 0.3064918959629954}, "datetime": {"datetime": "2022-04-30 17:02:08", "elapsed": 520825.515052, "delta": 137.425596}}
{"target": 0.391667, "params": {"TK": 260.97293116615896, "fac": 3.943178553790064, "start": -2.719374749321976, "weak": 0.4576526964505381}, "datetime": {"datetime": "2022-04-30 17:13:53", "elapsed": 521530.674622, "delta": 705.15957}}
{"target": 0.0, "params": {"TK": 215.2046500303887, "fac": 4.075879051896223, "start": -1.4918028873100608, "weak": 0.48119928203501905}, "datetime": {"datetime": "2022-04-30 17:24:17", "elapsed": 522154.011115, "delta": 623.336493}}
{"target": 0.0, "params": {"TK": 226.94865730905127, "fac": 3.844019625427457, "start": -1.7664849322156204, "weak": 0.43516380757216}, "datetime": {"datetime": "2022-04-30 17:35:06", "elapsed": 522803.22992, "delta": 649.218805}}
{"target": 0.00833333, "params": {"TK": 308.129680183473, "fac": 4.379655264560975, "start": -2.6986118324598296, "weak": 0.4944305907402029}, "datetime": {"datetime": "2022-04-30 17:40:52", "elapsed": 523149.471385, "delta": 346.241465}}
