{"target": 0.0833333, "params": {"TK": 281.2215742972114, "fac": 3.1897406546016316, "start": -2.9842219074968037, "weak": 0.382068117755568}, "datetime": {"datetime": "2022-05-01 06:03:59", "elapsed": 567735.880259, "delta": 472.265041}}
{"target": 0.366667, "params": {"TK": 281.432457700438, "fac": 3.1261744395366358, "start": -2.9917771720536352, "weak": 0.45635335785318576}, "datetime": {"datetime": "2022-05-01 06:15:14", "elapsed": 568410.949403, "delta": 675.069144}}
{"target": 0.0, "params": {"TK": 270.64461085665164, "fac": 2.4734478816833954, "start": -0.16338368327805064, "weak": 0.4586498784002708}, "datetime": {"datetime": "2022-05-01 06:22:34", "elapsed": 568850.93163, "delta": 439.982227}}
{"target": 0.416667, "params": {"TK": 301.79082089282133, "fac": 2.729148950635871, "start": -3.108784112359988, "weak": 0.4294988083396554}, "datetime": {"datetime": "2022-05-01 06:32:48", "elapsed": 569464.801501, "delta": 613.869871}}
{"target": 0.075, "params": {"TK": 243.96946157370695, "fac": 4.046817398230323, "start": 2.8114805840430632, "weak": 0.4060000731234325}, "datetime": {"datetime": "2022-05-01 06:41:16", "elapsed": 569973.271612, "delta": 508.470111}}
{"target": 0.191667, "params": {"TK": 304.61046436971463, "fac": 2.6319320069975403, "start": -1.7262535666122205, "weak": 0.4775664843140128}, "datetime": {"datetime": "2022-05-01 06:48:42", "elapsed": 570419.547624, "delta": 446.276012}}
{"target": 0.391667, "params": {"TK": 259.033265913208, "fac": 3.8173284149754356, "start": -3.5979955841286833, "weak": 0.49349035603020214}, "datetime": {"datetime": "2022-05-01 06:58:41", "elapsed": 571017.820988, "delta": 598.273364}}
{"target": 0.0, "params": {"TK": 286.65989578249605, "fac": 4.364451098018729, "start": 1.1608120462036604, "weak": 0.4649736339076776}, "datetime": {"datetime": "2022-05-01 07:06:16", "elapsed": 571473.307112, "delta": 455.486124}}
{"target": 0.233333, "params": {"TK": 281.3033273606293, "fac": 3.2483693707425543, "start": -3.08385099534964, "weak": 0.4919033359951125}, "datetime": {"datetime": "2022-05-01 07:13:51", "elapsed": 571927.997881, "delta": 454.690769}}
{"target": 0.283333, "params": {"TK": 245.49241348834994, "fac": 3.817140251821511, "start": 2.882077858265915, "weak": 0.44614521220688974}, "datetime": {"datetime": "2022-05-01 07:25:52", "elapsed": 572649.577411, "delta": 721.57953}}
{"target": 0.408333, "params": {"TK": 245.31503693352946, "fac": 3.8432929213903146, "start": 2.2713201103358713, "weak": 0.48507470666357416}, "datetime": {"datetime": "2022-05-01 07:37:02", "elapsed": 573319.29947, "delta": 669.722059}}
{"target": 0.375, "params": {"TK": 245.42449693624093, "fac": 3.8533661378327597, "start": 2.3315020527804737, "weak": 0.4960778342774399}, "datetime": {"datetime": "2022-05-01 07:46:56", "elapsed": 573913.645799, "delta": 594.346329}}
{"target": 0.45, "params": {"TK": 245.27172807121434, "fac": 3.9197948652904238, "start": 2.2131335264314664, "weak": 0.46736568140146534}, "datetime": {"datetime": "2022-05-01 07:58:12", "elapsed": 574589.611265, "delta": 675.965466}}
{"target": 0.375, "params": {"TK": 263.1795777615828, "fac": 3.861373612085756, "start": -0.17038625500506122, "weak": 0.4932905323212111}, "datetime": {"datetime": "2022-05-01 08:09:39", "elapsed": 575276.463586, "delta": 686.852321}}
{"target": 0.266667, "params": {"TK": 307.7875666886473, "fac": 2.5140746465954535, "start": -0.44406308311664766, "weak": 0.3981173818567142}, "datetime": {"datetime": "2022-05-01 08:17:15", "elapsed": 575731.841307, "delta": 455.377721}}
{"target": 0.0416667, "params": {"TK": 281.36247590416997, "fac": 3.132854265891376, "start": -2.9269973262660063, "weak": 0.3389907292229421}, "datetime": {"datetime": "2022-05-01 08:21:25", "elapsed": 575982.616514, "delta": 250.775207}}
{"target": 0.35, "params": {"TK": 263.3597216766346, "fac": 3.887347196266174, "start": 0.0208702351958463, "weak": 0.4684719452023617}, "datetime": {"datetime": "2022-05-01 08:32:04", "elapsed": 576621.413735, "delta": 638.797221}}
{"target": 0.275, "params": {"TK": 281.53157211192996, "fac": 3.192227751434065, "start": -3.0326915041089606, "weak": 0.48500632184555603}, "datetime": {"datetime": "2022-05-01 08:39:37", "elapsed": 577074.489243, "delta": 453.075508}}
{"target": 0.358333, "params": {"TK": 260.8305319767972, "fac": 3.9173566346589554, "start": -2.6948720223168596, "weak": 0.4662309798825992}, "datetime": {"datetime": "2022-05-01 08:49:55", "elapsed": 577692.436516, "delta": 617.947273}}
{"target": 0.025, "params": {"TK": 263.34858496862415, "fac": 3.7684793601366495, "start": 0.04758691117876612, "weak": 0.347961480283253}, "datetime": {"datetime": "2022-05-01 08:53:34", "elapsed": 577911.415102, "delta": 218.978586}}
{"target": 0.475, "params": {"TK": 244.0674200785795, "fac": 3.9293836757468634, "start": 3.1080266349005363, "weak": 0.49520038215568196}, "datetime": {"datetime": "2022-05-01 09:03:16", "elapsed": 578493.563311, "delta": 582.148209}}
{"target": 0.0, "params": {"TK": 214.620184506984, "fac": 3.1235844273479136, "start": -1.9259918647892968, "weak": 0.3484490805001193}, "datetime": {"datetime": "2022-05-01 09:05:51", "elapsed": 578648.160208, "delta": 154.596897}}
{"target": 0.0583333, "params": {"TK": 258.8704074238915, "fac": 3.179294332948407, "start": -2.240807306717765, "weak": 0.42244859350279274}, "datetime": {"datetime": "2022-05-01 09:15:30", "elapsed": 579227.329104, "delta": 579.168896}}
{"target": 0.325, "params": {"TK": 260.77506581626074, "fac": 4.0199419516786845, "start": -2.787714268928381, "weak": 0.4527221601653716}, "datetime": {"datetime": "2022-05-01 09:27:48", "elapsed": 579964.867386, "delta": 737.538282}}
{"target": 0.416667, "params": {"TK": 283.12420655521976, "fac": 3.349826770496586, "start": -2.615816767326459, "weak": 0.4678155145021258}, "datetime": {"datetime": "2022-05-01 09:37:43", "elapsed": 580560.044891, "delta": 595.177505}}
{"target": 0.325, "params": {"TK": 261.09442112024317, "fac": 3.542451797427735, "start": -2.6554160723894817, "weak": 0.4793123752585523}, "datetime": {"datetime": "2022-05-01 09:48:47", "elapsed": 581224.38455, "delta": 664.339659}}
{"target": 0.0, "params": {"TK": 259.75121717293246, "fac": 2.977598174672191, "start": -3.445618470227843, "weak": 0.4837121766591136}, "datetime": {"datetime": "2022-05-01 09:55:18", "elapsed": 581614.992264, "delta": 390.607714}}
{"target": 0.05, "params": {"TK": 263.40727472170045, "fac": 3.8372858051038534, "start": -0.10438775714379833, "weak": 0.3910382641679253}, "datetime": {"datetime": "2022-05-01 10:02:49", "elapsed": 582066.380832, "delta": 451.388568}}
{"target": 0.25, "params": {"TK": 268.2156780741567, "fac": 3.922913743839928, "start": -2.6903779979665483, "weak": 0.44948577969753445}, "datetime": {"datetime": "2022-05-01 10:14:00", "elapsed": 582736.926709, "delta": 670.545877}}
{"target": 0.0916667, "params": {"TK": 310.6686084751141, "fac": 3.358419181206389, "start": -1.9406452449675697, "weak": 0.44451834827085335}, "datetime": {"datetime": "2022-05-01 10:23:14", "elapsed": 583291.53854, "delta": 554.611831}}
{"target": 0.0833333, "params": {"TK": 267.800602596903, "fac": 2.918314922563542, "start": 3.8589044953317195, "weak": 0.3749429886568657}, "datetime": {"datetime": "2022-05-01 10:29:25", "elapsed": 583662.609443, "delta": 371.070903}}
{"target": 0.108333, "params": {"TK": 260.2802003992017, "fac": 3.7222520031225717, "start": -2.8075171223749074, "weak": 0.39398808946377856}, "datetime": {"datetime": "2022-05-01 10:38:04", "elapsed": 584181.280992, "delta": 518.671549}}
{"target": 0.366667, "params": {"TK": 261.79118575771554, "fac": 3.4353700046517774, "start": 2.164353967813727, "weak": 0.44806040571429273}, "datetime": {"datetime": "2022-05-01 10:48:47", "elapsed": 584824.360848, "delta": 643.079856}}
{"target": 0.308333, "params": {"TK": 255.68322755378557, "fac": 3.497133374328408, "start": 3.1505428116948577, "weak": 0.4943271612419966}, "datetime": {"datetime": "2022-05-01 10:56:41", "elapsed": 585298.754108, "delta": 474.39326}}
{"target": 0.0333333, "params": {"TK": 277.03031265898164, "fac": 3.640635033238103, "start": 1.6293576773565164, "weak": 0.37725723294169666}, "datetime": {"datetime": "2022-05-01 11:01:49", "elapsed": 585606.216675, "delta": 307.462567}}
{"target": 0.0, "params": {"TK": 298.6997254714154, "fac": 4.051668052643354, "start": 3.9863166079404113, "weak": 0.3415365150407135}, "datetime": {"datetime": "2022-05-01 11:04:26", "elapsed": 585763.383149, "delta": 157.166474}}
{"target": 0.333333, "params": {"TK": 273.6248918193111, "fac": 3.234889701522508, "start": 0.1227480997097814, "weak": 0.42865002298961735}, "datetime": {"datetime": "2022-05-01 11:14:55", "elapsed": 586392.128078, "delta": 628.744929}}
{"target": 0.216667, "params": {"TK": 273.5722844708881, "fac": 3.1535150854562186, "start": -0.26463219479823796, "weak": 0.5}, "datetime": {"datetime": "2022-05-01 11:21:57", "elapsed": 586814.658747, "delta": 422.530669}}
{"target": 0.0, "params": {"TK": 262.9653859720534, "fac": 4.102914012113165, "start": 1.1292871437517267, "weak": 0.30192297651349953}, "datetime": {"datetime": "2022-05-01 11:23:21", "elapsed": 586897.943859, "delta": 83.285112}}
{"target": 0.0, "params": {"TK": 224.67965637937135, "fac": 2.7782336276200086, "start": -2.728443026302447, "weak": 0.42010131433849285}, "datetime": {"datetime": "2022-05-01 11:29:03", "elapsed": 587239.848252, "delta": 341.904393}}
{"target": 0.25, "params": {"TK": 263.0636858170836, "fac": 3.948932409299318, "start": -0.20259205516188583, "weak": 0.4362623204091066}, "datetime": {"datetime": "2022-05-01 11:39:51", "elapsed": 587888.593881, "delta": 648.745629}}
{"target": 0.108333, "params": {"TK": 261.45958243284696, "fac": 3.8144820686631387, "start": -3.637590746509619, "weak": 0.4062949672241152}, "datetime": {"datetime": "2022-05-01 11:49:28", "elapsed": 588465.424119, "delta": 576.830238}}
{"target": 0.05, "params": {"TK": 244.63049471343805, "fac": 3.50047079970759, "start": -1.1558649148544795, "weak": 0.4234084741996165}, "datetime": {"datetime": "2022-05-01 11:58:18", "elapsed": 588995.326254, "delta": 529.902135}}
{"target": 0.358333, "params": {"TK": 260.3836164128863, "fac": 4.016082100734329, "start": -2.5664462791233076, "weak": 0.5}, "datetime": {"datetime": "2022-05-01 12:07:43", "elapsed": 589559.972585, "delta": 564.646331}}
{"target": 0.0, "params": {"TK": 259.740151425248, "fac": 3.3953340321441337, "start": 1.0803942092001488, "weak": 0.30178937480829826}, "datetime": {"datetime": "2022-05-01 12:09:18", "elapsed": 589654.828205, "delta": 94.85562}}
{"target": 0.0666667, "params": {"TK": 282.2279584236803, "fac": 3.228889088051176, "start": 3.4510159331498222, "weak": 0.33985894006120554}, "datetime": {"datetime": "2022-05-01 12:12:09", "elapsed": 589825.795383, "delta": 170.967178}}
{"target": 0.0333333, "params": {"TK": 301.7062791247072, "fac": 2.783562761898362, "start": -3.1370611792748093, "weak": 0.3237342677365972}, "datetime": {"datetime": "2022-05-01 12:15:34", "elapsed": 590031.165147, "delta": 205.369764}}
{"target": 0.116667, "params": {"TK": 245.19706216784294, "fac": 3.927904571005123, "start": 2.2746448757785807, "weak": 0.41122319544060504}, "datetime": {"datetime": "2022-05-01 12:24:56", "elapsed": 590592.886824, "delta": 561.721677}}
{"target": 0.225, "params": {"TK": 283.22545593968493, "fac": 3.4474598840503443, "start": -2.5668837882867157, "weak": 0.43440795229352963}, "datetime": {"datetime": "2022-05-01 12:36:00", "elapsed": 591256.979966, "delta": 664.093142}}
{"target": 0.0, "params": {"TK": 221.39103658017837, "fac": 3.0137077711581988, "start": 3.640608674420852, "weak": 0.4201014598953352}, "datetime": {"datetime": "2022-05-01 12:43:19", "elapsed": 591695.829412, "delta": 438.849446}}
{"target": 0.216667, "params": {"TK": 282.7053284096362, "fac": 2.9579636937064375, "start": -3.8656367317866778, "weak": 0.4821878783271297}, "datetime": {"datetime": "2022-05-01 12:50:48", "elapsed": 592144.954272, "delta": 449.12486}}
{"target": 0.0166667, "params": {"TK": 305.7298606932395, "fac": 3.875304374392413, "start": 2.1194653467211886, "weak": 0.4973740762883292}, "datetime": {"datetime": "2022-05-01 12:55:46", "elapsed": 592443.508832, "delta": 298.55456}}
{"target": 0.308333, "params": {"TK": 261.55036743944845, "fac": 4.056586250812895, "start": -2.7094846910730856, "weak": 0.44882630017496605}, "datetime": {"datetime": "2022-05-01 13:07:34", "elapsed": 593151.36309, "delta": 707.854258}}
{"target": 0.291667, "params": {"TK": 301.8731531907502, "fac": 2.5459319923096295, "start": -3.2054185637945487, "weak": 0.43115766842893577}, "datetime": {"datetime": "2022-05-01 13:17:34", "elapsed": 593751.493047, "delta": 600.129957}}
{"target": 0.0166667, "params": {"TK": 239.73865419895475, "fac": 3.5848720111615995, "start": -2.4982915024655874, "weak": 0.4712937950596152}, "datetime": {"datetime": "2022-05-01 13:27:23", "elapsed": 594340.074456, "delta": 588.581409}}
{"target": 0.25, "params": {"TK": 270.024050684888, "fac": 3.1986182139902577, "start": 2.2734995903729187, "weak": 0.5}, "datetime": {"datetime": "2022-05-01 13:34:17", "elapsed": 594754.351193, "delta": 414.276737}}
{"target": 0.0, "params": {"TK": 224.67983411319224, "fac": 3.3270173251286197, "start": -0.097433042965684, "weak": 0.34654045312615617}, "datetime": {"datetime": "2022-05-01 13:36:59", "elapsed": 594915.912679, "delta": 161.561486}}
{"target": 0.25, "params": {"TK": 264.31819056257376, "fac": 3.1849551879542934, "start": -2.0552528545549533, "weak": 0.4409277225214496}, "datetime": {"datetime": "2022-05-01 13:46:46", "elapsed": 595503.503766, "delta": 587.591087}}
{"target": 0.0666667, "params": {"TK": 269.38020108906227, "fac": 2.8174076496291702, "start": -2.6462310877569077, "weak": 0.43154721513906835}, "datetime": {"datetime": "2022-05-01 13:56:25", "elapsed": 596082.198234, "delta": 578.694468}}
{"target": 0.35, "params": {"TK": 283.19527084872266, "fac": 3.2616429957626965, "start": -2.5502855865059155, "weak": 0.4588070931749962}, "datetime": {"datetime": "2022-05-01 14:07:07", "elapsed": 596724.265927, "delta": 642.067693}}
{"target": 0.458333, "params": {"TK": 244.5946711434756, "fac": 3.9804872874852073, "start": 3.344069006220722, "weak": 0.4868682344358265}, "datetime": {"datetime": "2022-05-01 14:17:46", "elapsed": 597362.963021, "delta": 638.697094}}
{"target": 0.45, "params": {"TK": 244.1690174834793, "fac": 3.813978426009612, "start": 2.8188398408901243, "weak": 0.46576589305140453}, "datetime": {"datetime": "2022-05-01 14:29:08", "elapsed": 598045.408941, "delta": 682.44592}}
{"target": 0.0833333, "params": {"TK": 245.12445733404695, "fac": 4.214181413103441, "start": 2.5789942759074274, "weak": 0.42152854840774867}, "datetime": {"datetime": "2022-05-01 14:38:25", "elapsed": 598601.977988, "delta": 556.569047}}
{"target": 0.358333, "params": {"TK": 260.84930757496187, "fac": 4.215824000939939, "start": -2.4666301515763425, "weak": 0.5}, "datetime": {"datetime": "2022-05-01 14:49:04", "elapsed": 599240.968415, "delta": 638.990427}}
{"target": 0.408333, "params": {"TK": 252.72631691077686, "fac": 3.990691434294616, "start": 1.9388026253962154, "weak": 0.484840049240598}, "datetime": {"datetime": "2022-05-01 14:59:16", "elapsed": 599853.344822, "delta": 612.376407}}
{"target": 0.341667, "params": {"TK": 261.62936461272847, "fac": 3.6294809498770686, "start": -3.2190570761622643, "weak": 0.49294118462813913}, "datetime": {"datetime": "2022-05-01 15:07:35", "elapsed": 600352.335371, "delta": 498.990549}}
{"target": 0.1, "params": {"TK": 282.2401220455531, "fac": 3.533835259894759, "start": 0.26922097601909023, "weak": 0.40046847024577453}, "datetime": {"datetime": "2022-05-01 15:14:58", "elapsed": 600794.945535, "delta": 442.610164}}
{"target": 0.0, "params": {"TK": 248.75383970475573, "fac": 2.7883172113404697, "start": 2.5632060126180356, "weak": 0.3908883353103858}, "datetime": {"datetime": "2022-05-01 15:21:46", "elapsed": 601203.44902, "delta": 408.503485}}
{"target": 0.0166667, "params": {"TK": 251.0792911945398, "fac": 3.172810278677013, "start": -1.3447497106232937, "weak": 0.4754846952233094}, "datetime": {"datetime": "2022-05-01 15:29:26", "elapsed": 601663.00247, "delta": 459.55345}}
{"target": 0.141667, "params": {"TK": 272.46450196019146, "fac": 2.964993500230484, "start": 1.0413580982373514, "weak": 0.40099797287854033}, "datetime": {"datetime": "2022-05-01 15:36:21", "elapsed": 602078.32993, "delta": 415.32746}}
{"target": 0.433333, "params": {"TK": 244.95198594203742, "fac": 3.9159759590192476, "start": 2.6869447594064186, "weak": 0.5}, "datetime": {"datetime": "2022-05-01 15:45:39", "elapsed": 602636.12183, "delta": 557.7919}}
{"target": 0.0166667, "params": {"TK": 231.00546981141056, "fac": 3.6559450982729995, "start": 2.5476019868598865, "weak": 0.38219941871548163}, "datetime": {"datetime": "2022-05-01 15:47:57", "elapsed": 602774.265965, "delta": 138.144135}}
