{"target": 0.458333, "params": {"TK": 244.1602229977444, "fac": 4.136668488780603, "start": 3.1961727100952304, "weak": 0.49825343304877334}, "datetime": {"datetime": "2022-04-26 17:22:52", "elapsed": 176469.213711, "delta": 621.786997}}
{"target": 0.475, "params": {"TK": 261.1737147358524, "fac": 3.832835950625907, "start": -2.8056188640220343, "weak": 0.48583079615816116}, "datetime": {"datetime": "2022-04-26 17:33:00", "elapsed": 177077.002306, "delta": 607.788595}}
{"target": 0.216667, "params": {"TK": 262.58058903975956, "fac": 3.111621005768735, "start": 2.054519755685914, "weak": 0.4139481065587501}, "datetime": {"datetime": "2022-04-26 17:41:21", "elapsed": 177577.984526, "delta": 500.98222}}
{"target": 0.316667, "params": {"TK": 263.4056659102394, "fac": 3.426368509343577, "start": -0.0832438622090832, "weak": 0.43542516283124477}, "datetime": {"datetime": "2022-04-26 17:51:46", "elapsed": 178203.719697, "delta": 625.735171}}
{"target": 0.35, "params": {"TK": 245.4442434083437, "fac": 3.619740451246101, "start": 2.524951156122068, "weak": 0.47701439982585925}, "datetime": {"datetime": "2022-04-26 18:01:56", "elapsed": 178813.348235, "delta": 609.628538}}
{"target": 0.0, "params": {"TK": 247.08014056770094, "fac": 4.187609169312326, "start": 1.5237940053595098, "weak": 0.3535950631886012}, "datetime": {"datetime": "2022-04-26 18:04:50", "elapsed": 178987.132329, "delta": 173.784094}}
{"target": 0.0666667, "params": {"TK": 292.344671741815, "fac": 2.603253737951684, "start": 0.6442561332495602, "weak": 0.3327523513381392}, "datetime": {"datetime": "2022-04-26 18:07:40", "elapsed": 179157.650124, "delta": 170.517795}}
{"target": 0.425, "params": {"TK": 261.2583167453813, "fac": 3.7643601583056414, "start": -2.7380654137951463, "weak": 0.48241664740850243}, "datetime": {"datetime": "2022-04-26 18:17:53", "elapsed": 179770.039738, "delta": 612.389614}}
{"target": 0.0, "params": {"TK": 288.65556071464454, "fac": 3.3304215089504465, "start": 1.4185388915672723, "weak": 0.30916505086990526}, "datetime": {"datetime": "2022-04-26 18:19:51", "elapsed": 179888.597052, "delta": 118.557314}}
{"target": 0.358333, "params": {"TK": 261.08538434894774, "fac": 3.9185058008917784, "start": -2.7901907764236378, "weak": 0.5}, "datetime": {"datetime": "2022-04-26 18:28:48", "elapsed": 180425.458432, "delta": 536.86138}}
{"target": 0.0, "params": {"TK": 231.98360977268214, "fac": 3.7077686860825114, "start": -3.318072620210404, "weak": 0.4681747708150067}, "datetime": {"datetime": "2022-04-26 18:39:15", "elapsed": 181051.86852, "delta": 626.410088}}
{"target": 0.316667, "params": {"TK": 257.03636919943676, "fac": 3.378342927025603, "start": 2.264594347588112, "weak": 0.4883048977154913}, "datetime": {"datetime": "2022-04-26 18:46:58", "elapsed": 181515.157019, "delta": 463.288499}}
{"target": 0.0833333, "params": {"TK": 282.5515082477442, "fac": 2.9531883759659157, "start": -3.8816527037799995, "weak": 0.3873910084147371}, "datetime": {"datetime": "2022-04-26 18:54:25", "elapsed": 181962.70598, "delta": 447.548961}}
{"target": 0.075, "params": {"TK": 272.5383639388346, "fac": 3.92314906783046, "start": -2.0285391613489354, "weak": 0.36439529218563627}, "datetime": {"datetime": "2022-04-26 18:57:58", "elapsed": 182175.570581, "delta": 212.864601}}
{"target": 0.316667, "params": {"TK": 269.90159159770315, "fac": 3.197047296493606, "start": 2.3081774407977766, "weak": 0.48409887554024383}, "datetime": {"datetime": "2022-04-26 19:05:29", "elapsed": 182625.815354, "delta": 450.244773}}
{"target": 0.0, "params": {"TK": 255.90907773287833, "fac": 3.1799024915566196, "start": -2.403012709476325, "weak": 0.34566392412143193}, "datetime": {"datetime": "2022-04-26 19:08:38", "elapsed": 182815.176558, "delta": 189.361204}}
{"target": 0.0, "params": {"TK": 219.86730800238334, "fac": 3.71212852586706, "start": -1.9725028310940225, "weak": 0.414457471496626}, "datetime": {"datetime": "2022-04-26 19:16:23", "elapsed": 183280.699115, "delta": 465.522557}}
{"target": 0.0, "params": {"TK": 241.5505319852956, "fac": 4.006066340106527, "start": -0.9932451783571157, "weak": 0.3083413109928536}, "datetime": {"datetime": "2022-04-26 19:17:55", "elapsed": 183371.931054, "delta": 91.231939}}
{"target": 0.358333, "params": {"TK": 273.53218609137934, "fac": 3.2176977886463183, "start": -0.20526255614219835, "weak": 0.4587495902892893}, "datetime": {"datetime": "2022-04-26 19:27:43", "elapsed": 183960.417931, "delta": 588.486877}}
{"target": 0.358333, "params": {"TK": 261.4451316563976, "fac": 3.85369899087778, "start": -3.0926023183762377, "weak": 0.5}, "datetime": {"datetime": "2022-04-26 19:36:22", "elapsed": 184479.284757, "delta": 518.866826}}
{"target": 0.291667, "params": {"TK": 260.84260088815864, "fac": 3.938091990838511, "start": -2.3574345299490655, "weak": 0.45378549155963166}, "datetime": {"datetime": "2022-04-26 19:47:31", "elapsed": 185148.574468, "delta": 669.289711}}
{"target": 0.291667, "params": {"TK": 261.3669319445818, "fac": 3.78636039705225, "start": -3.247317434110606, "weak": 0.4362220065243756}, "datetime": {"datetime": "2022-04-26 19:58:23", "elapsed": 185800.435394, "delta": 651.860926}}
{"target": 0.025, "params": {"TK": 275.09115262414736, "fac": 3.918419843846204, "start": 2.097200029434436, "weak": 0.37715776316917926}, "datetime": {"datetime": "2022-04-26 20:03:03", "elapsed": 186080.485285, "delta": 280.049891}}
{"target": 0.466667, "params": {"TK": 244.20050021401337, "fac": 4.037027025501378, "start": 3.222865640373183, "weak": 0.5}, "datetime": {"datetime": "2022-04-26 20:13:29", "elapsed": 186706.133196, "delta": 625.647911}}
{"target": 0.0, "params": {"TK": 245.36106133479393, "fac": 3.5344008826251354, "start": 2.4390296101638276, "weak": 0.31529965501852475}, "datetime": {"datetime": "2022-04-26 20:15:48", "elapsed": 186845.17397, "delta": 139.040774}}
{"target": 0.0666667, "params": {"TK": 273.40474796387684, "fac": 3.2917194633366798, "start": 0.0457293781401118, "weak": 0.3494348828143419}, "datetime": {"datetime": "2022-04-26 20:19:10", "elapsed": 187047.590132, "delta": 202.416162}}
{"target": 0.2, "params": {"TK": 279.52462103060043, "fac": 3.477587952515695, "start": -3.460625280458216, "weak": 0.4153627407147949}, "datetime": {"datetime": "2022-04-26 20:28:18", "elapsed": 187595.091859, "delta": 547.501727}}
{"target": 0.466667, "params": {"TK": 257.06967403854634, "fac": 3.3812307077072634, "start": 2.372692293575745, "weak": 0.4514926957823413}, "datetime": {"datetime": "2022-04-26 20:39:13", "elapsed": 188249.954979, "delta": 654.86312}}
{"target": 0.283333, "params": {"TK": 257.0626496277318, "fac": 3.146509968738376, "start": 2.3248936456596185, "weak": 0.4516880939231315}, "datetime": {"datetime": "2022-04-26 20:49:35", "elapsed": 188871.804117, "delta": 621.849138}}
{"target": 0.0166667, "params": {"TK": 311.09985326955655, "fac": 3.914686249216556, "start": -0.08197240970628972, "weak": 0.463418882314216}, "datetime": {"datetime": "2022-04-26 20:56:26", "elapsed": 189283.323535, "delta": 411.519418}}
{"target": 0.025, "params": {"TK": 292.2779993607282, "fac": 4.164262688521027, "start": -3.839861364423954, "weak": 0.45865971429563157}, "datetime": {"datetime": "2022-04-26 21:05:00", "elapsed": 189797.357427, "delta": 514.033892}}
{"target": 0.00833333, "params": {"TK": 257.04874861029884, "fac": 3.4065605332642837, "start": 2.3198586296538988, "weak": 0.34660789351844257}, "datetime": {"datetime": "2022-04-26 21:08:18", "elapsed": 189995.361755, "delta": 198.004328}}
{"target": 0.00833333, "params": {"TK": 228.82438538469097, "fac": 3.6130010492588656, "start": 1.8084399747794295, "weak": 0.4047382400719205}, "datetime": {"datetime": "2022-04-26 21:16:55", "elapsed": 190512.141109, "delta": 516.779354}}
{"target": 0.308333, "params": {"TK": 261.4096250008641, "fac": 3.593907228343686, "start": -3.034701611481336, "weak": 0.49221268678123353}, "datetime": {"datetime": "2022-04-26 21:25:38", "elapsed": 191035.141163, "delta": 523.000054}}
{"target": 0.35, "params": {"TK": 281.8160474026242, "fac": 2.7461110075459514, "start": 1.7326468734520066, "weak": 0.4343609530994359}, "datetime": {"datetime": "2022-04-26 21:35:54", "elapsed": 191651.054148, "delta": 615.912985}}
{"target": 0.0, "params": {"TK": 223.80363358347498, "fac": 3.327061797598511, "start": -1.5527516946506248, "weak": 0.3623101889844646}, "datetime": {"datetime": "2022-04-26 21:39:45", "elapsed": 191882.525689, "delta": 231.471541}}
{"target": 0.325, "params": {"TK": 273.67424769348656, "fac": 2.998778665628415, "start": -0.551534983900611, "weak": 0.4432405962021079}, "datetime": {"datetime": "2022-04-26 21:49:03", "elapsed": 192440.385151, "delta": 557.859462}}
{"target": 0.0666667, "params": {"TK": 291.42179423363683, "fac": 3.830349978091384, "start": 3.293126368127891, "weak": 0.48383100280307995}, "datetime": {"datetime": "2022-04-26 21:56:00", "elapsed": 192857.701715, "delta": 417.316564}}
{"target": 0.408333, "params": {"TK": 259.0755905969688, "fac": 3.7429709995533025, "start": 2.258265305116196, "weak": 0.4783220459646853}, "datetime": {"datetime": "2022-04-26 22:05:58", "elapsed": 193455.250014, "delta": 597.548299}}
{"target": 0.35, "params": {"TK": 245.19852165503784, "fac": 3.6267985227374933, "start": 2.2967942550439817, "weak": 0.47074358703927477}, "datetime": {"datetime": "2022-04-26 22:16:15", "elapsed": 194071.927479, "delta": 616.677465}}
{"target": 0.0, "params": {"TK": 213.99782686048528, "fac": 3.2296964073665935, "start": -0.20079184859452504, "weak": 0.3545192179453795}, "datetime": {"datetime": "2022-04-26 22:18:58", "elapsed": 194235.727517, "delta": 163.800038}}
{"target": 0.35, "params": {"TK": 261.61635747981325, "fac": 3.776140603720081, "start": -3.0719566341170452, "weak": 0.49260519846483064}, "datetime": {"datetime": "2022-04-26 22:27:40", "elapsed": 194757.346573, "delta": 521.619056}}
{"target": 0.108333, "params": {"TK": 245.24130064026141, "fac": 3.6898724075446694, "start": 2.2934791090890405, "weak": 0.4107587794761284}, "datetime": {"datetime": "2022-04-26 22:35:37", "elapsed": 195234.320951, "delta": 476.974378}}
{"target": 0.191667, "params": {"TK": 296.3409918985639, "fac": 3.526702433926803, "start": -3.4795722437799155, "weak": 0.41581120534966476}, "datetime": {"datetime": "2022-04-26 22:43:08", "elapsed": 195684.98917, "delta": 450.668219}}
{"target": 0.2, "params": {"TK": 284.0799815301024, "fac": 3.0636646737545323, "start": 2.202727838801006, "weak": 0.412487525650741}, "datetime": {"datetime": "2022-04-26 22:50:20", "elapsed": 196117.746604, "delta": 432.757434}}
{"target": 0.225, "params": {"TK": 258.95980538901847, "fac": 3.6005921556297764, "start": 2.2271377086543334, "weak": 0.4280899130996214}, "datetime": {"datetime": "2022-04-26 22:57:56", "elapsed": 196572.990529, "delta": 455.243925}}
{"target": 0.366667, "params": {"TK": 273.6198196750713, "fac": 3.191017835690073, "start": -0.1887987194322056, "weak": 0.46291520774830697}, "datetime": {"datetime": "2022-04-26 23:07:03", "elapsed": 197120.354392, "delta": 547.363863}}
{"target": 0.241667, "params": {"TK": 273.7779938284779, "fac": 3.0728832591455086, "start": -0.10822311329483458, "weak": 0.41055552496001}, "datetime": {"datetime": "2022-04-26 23:15:01", "elapsed": 197598.533223, "delta": 478.178831}}
{"target": 0.0, "params": {"TK": 257.39921391826647, "fac": 3.951987061653231, "start": -1.0603033556490447, "weak": 0.306887588067014}, "datetime": {"datetime": "2022-04-26 23:16:29", "elapsed": 197686.008897, "delta": 87.475674}}
{"target": 0.0, "params": {"TK": 216.9881321871314, "fac": 4.050743211334492, "start": 3.931862579333192, "weak": 0.32279921269431905}, "datetime": {"datetime": "2022-04-26 23:18:24", "elapsed": 197801.751094, "delta": 115.742197}}
{"target": 0.0, "params": {"TK": 296.21742943849404, "fac": 4.285490142973754, "start": -2.7716732083638815, "weak": 0.30846343081922467}, "datetime": {"datetime": "2022-04-26 23:19:46", "elapsed": 197882.796825, "delta": 81.045731}}
{"target": 0.0, "params": {"TK": 244.40048915958525, "fac": 3.7563892034032818, "start": -2.203181898338861, "weak": 0.3562470841609428}, "datetime": {"datetime": "2022-04-26 23:22:57", "elapsed": 198074.689128, "delta": 191.892303}}
{"target": 0.391667, "params": {"TK": 244.05025051526226, "fac": 3.940170013771427, "start": 3.26580864053871, "weak": 0.4652054979694748}, "datetime": {"datetime": "2022-04-26 23:33:13", "elapsed": 198690.314963, "delta": 615.625835}}
{"target": 0.166667, "params": {"TK": 251.58806316522362, "fac": 3.4239981220194444, "start": 3.7163405615167227, "weak": 0.41749555909240166}, "datetime": {"datetime": "2022-04-26 23:41:39", "elapsed": 199196.298836, "delta": 505.983873}}
{"target": 0.2, "params": {"TK": 269.56154490095344, "fac": 2.9544657140080597, "start": 2.60524704449396, "weak": 0.40787101228446715}, "datetime": {"datetime": "2022-04-26 23:49:27", "elapsed": 199663.881882, "delta": 467.583046}}
{"target": 0.075, "params": {"TK": 274.24934391978036, "fac": 2.9378047928366, "start": 0.017362764544390785, "weak": 0.3592437508590209}, "datetime": {"datetime": "2022-04-26 23:53:10", "elapsed": 199887.56058, "delta": 223.678698}}
{"target": 0.25, "params": {"TK": 281.8121786815076, "fac": 2.8522748785737035, "start": 1.79462710418594, "weak": 0.4838773083148894}, "datetime": {"datetime": "2022-04-26 23:58:57", "elapsed": 200233.858388, "delta": 346.297808}}
{"target": 0.266667, "params": {"TK": 257.3354452547563, "fac": 4.04507440781023, "start": 0.7359395163852049, "weak": 0.4452080138753032}, "datetime": {"datetime": "2022-04-27 00:08:55", "elapsed": 200832.164885, "delta": 598.306497}}
{"target": 0.125, "params": {"TK": 268.94715190340287, "fac": 4.141039476799854, "start": -2.917416845679919, "weak": 0.41649749377487705}, "datetime": {"datetime": "2022-04-27 00:17:48", "elapsed": 201365.748419, "delta": 533.583534}}
{"target": 0.0, "params": {"TK": 292.4603078097341, "fac": 3.4644913742964336, "start": -3.4438397757696, "weak": 0.31202491589967185}, "datetime": {"datetime": "2022-04-27 00:19:59", "elapsed": 201496.221618, "delta": 130.473199}}
{"target": 0.275, "params": {"TK": 257.12877318311405, "fac": 3.2838212206113284, "start": 2.398706538003915, "weak": 0.42525381589971595}, "datetime": {"datetime": "2022-04-27 00:29:18", "elapsed": 202055.268279, "delta": 559.046661}}
{"target": 0.383333, "params": {"TK": 261.10066586620917, "fac": 3.7844115693241043, "start": -2.648909119439483, "weak": 0.49441073535325375}, "datetime": {"datetime": "2022-04-27 00:38:29", "elapsed": 202605.800452, "delta": 550.532173}}
{"target": 0.466667, "params": {"TK": 245.0678488957568, "fac": 3.9875741234589834, "start": 2.6388502692433145, "weak": 0.5}, "datetime": {"datetime": "2022-04-27 00:48:25", "elapsed": 203202.046751, "delta": 596.246299}}
{"target": 0.283333, "params": {"TK": 259.003148962153, "fac": 3.7672305158814208, "start": 2.3146489257665697, "weak": 0.4533537621000872}, "datetime": {"datetime": "2022-04-27 00:59:17", "elapsed": 203854.097676, "delta": 652.050925}}
{"target": 0.15, "params": {"TK": 244.87801209519176, "fac": 3.7875070669447144, "start": 2.535650468185147, "weak": 0.4232960647063077}, "datetime": {"datetime": "2022-04-27 01:08:39", "elapsed": 204416.500163, "delta": 562.402487}}
{"target": 0.316667, "params": {"TK": 281.7037870922719, "fac": 2.710072823716512, "start": 1.7510593680967244, "weak": 0.4152366375944175}, "datetime": {"datetime": "2022-04-27 01:17:23", "elapsed": 204940.553999, "delta": 524.053836}}
{"target": 0.425, "params": {"TK": 244.02733179838367, "fac": 4.056966489016549, "start": 3.242320691218395, "weak": 0.49358532478848965}, "datetime": {"datetime": "2022-04-27 01:27:48", "elapsed": 205565.24637, "delta": 624.692371}}
{"target": 0.416667, "params": {"TK": 257.01200162227366, "fac": 3.365086126066964, "start": 2.437531944997785, "weak": 0.4426070263820058}, "datetime": {"datetime": "2022-04-27 01:38:25", "elapsed": 206202.270146, "delta": 637.023776}}
{"target": 0.291667, "params": {"TK": 261.10682555488074, "fac": 4.005610356452268, "start": -2.7465232346316837, "weak": 0.43962076105066905}, "datetime": {"datetime": "2022-04-27 01:49:08", "elapsed": 206845.564345, "delta": 643.294199}}
{"target": 0.225, "params": {"TK": 262.2001235752753, "fac": 4.021092067378607, "start": -1.6999308797625483, "weak": 0.43978927903078724}, "datetime": {"datetime": "2022-04-27 01:59:46", "elapsed": 207483.556123, "delta": 637.991778}}
{"target": 0.233333, "params": {"TK": 296.14749681296075, "fac": 2.889883508586845, "start": -0.5095814826305629, "weak": 0.4168782233959299}, "datetime": {"datetime": "2022-04-27 02:08:16", "elapsed": 207992.787136, "delta": 509.231013}}
{"target": 0.416667, "params": {"TK": 245.49155528728923, "fac": 3.6372530248508506, "start": 2.4200049422228043, "weak": 0.463079980085924}, "datetime": {"datetime": "2022-04-27 02:19:00", "elapsed": 208636.988882, "delta": 644.201746}}
{"target": 0.108333, "params": {"TK": 269.83412769548056, "fac": 3.2572710365722486, "start": 2.6147644417789024, "weak": 0.39977485601863816}, "datetime": {"datetime": "2022-04-27 02:27:17", "elapsed": 209133.863142, "delta": 496.87426}}
{"target": 0.291667, "params": {"TK": 253.73848315565232, "fac": 3.66485559832934, "start": 3.8731546493713207, "weak": 0.432531069686825}, "datetime": {"datetime": "2022-04-27 02:37:04", "elapsed": 209721.308969, "delta": 587.445827}}
{"target": 0.208333, "params": {"TK": 273.64748314109056, "fac": 3.127947253484653, "start": -0.6502093462425671, "weak": 0.5}, "datetime": {"datetime": "2022-04-27 02:43:05", "elapsed": 210082.378212, "delta": 361.069243}}
{"target": 0.3, "params": {"TK": 245.19953162557573, "fac": 3.6572481353779036, "start": 2.4371423462948174, "weak": 0.5}, "datetime": {"datetime": "2022-04-27 02:51:53", "elapsed": 210610.074156, "delta": 527.695944}}
{"target": 0.0916667, "params": {"TK": 281.62652661847045, "fac": 2.862922813106032, "start": 1.6200042597420712, "weak": 0.3601609315955895}, "datetime": {"datetime": "2022-04-27 02:56:37", "elapsed": 210894.329934, "delta": 284.255778}}
{"target": 0.375, "params": {"TK": 297.42797550310536, "fac": 2.598019346797873, "start": -0.8948301086290646, "weak": 0.4258249927635873}, "datetime": {"datetime": "2022-04-27 03:06:45", "elapsed": 211502.043019, "delta": 607.713085}}
{"target": 0.291667, "params": {"TK": 263.2602378081776, "fac": 3.5697141684319704, "start": -0.12819476436150978, "weak": 0.49657948427436216}, "datetime": {"datetime": "2022-04-27 03:14:30", "elapsed": 211967.177234, "delta": 465.134215}}
{"target": 0.0666667, "params": {"TK": 261.3849752803852, "fac": 3.9186043668255257, "start": -3.111100783967168, "weak": 0.37336137509353706}, "datetime": {"datetime": "2022-04-27 03:19:26", "elapsed": 212263.422372, "delta": 296.245138}}
{"target": 0.3, "params": {"TK": 245.29652413989294, "fac": 3.5612124693439515, "start": 2.333865214225897, "weak": 0.44675912466022627}, "datetime": {"datetime": "2022-04-27 03:30:12", "elapsed": 212909.202593, "delta": 645.780221}}
{"target": 0.358333, "params": {"TK": 273.55614338079914, "fac": 3.4124926424744153, "start": 0.03729589286433921, "weak": 0.4804132079157565}, "datetime": {"datetime": "2022-04-27 03:39:04", "elapsed": 213440.973754, "delta": 531.771161}}
{"target": 0.0, "params": {"TK": 233.02364434659498, "fac": 3.2428708696092583, "start": -2.671360918873953, "weak": 0.3230318858271001}, "datetime": {"datetime": "2022-04-27 03:41:35", "elapsed": 213592.39764, "delta": 151.423886}}
{"target": 0.0, "params": {"TK": 264.81318032163756, "fac": 4.361995938112949, "start": -3.527074639397009, "weak": 0.3106789379681755}, "datetime": {"datetime": "2022-04-27 03:43:07", "elapsed": 213684.237228, "delta": 91.839588}}
{"target": 0.133333, "params": {"TK": 232.47019013931595, "fac": 4.0171917043461525, "start": 1.4874817841628722, "weak": 0.444946947789858}, "datetime": {"datetime": "2022-04-27 03:53:54", "elapsed": 214331.625025, "delta": 647.387797}}
{"target": 0.375, "params": {"TK": 273.471073003368, "fac": 3.2053984179651485, "start": -0.28890554154972925, "weak": 0.4776987243333608}, "datetime": {"datetime": "2022-04-27 04:01:42", "elapsed": 214799.16865, "delta": 467.543625}}
{"target": 0.258333, "params": {"TK": 266.95886966040536, "fac": 3.0870248634997006, "start": 1.2766060589385955, "weak": 0.4645943606143751}, "datetime": {"datetime": "2022-04-27 04:10:34", "elapsed": 215331.606402, "delta": 532.437752}}
{"target": 0.0416667, "params": {"TK": 285.84816382336805, "fac": 4.222486467946138, "start": -3.500824264431307, "weak": 0.45795662909119916}, "datetime": {"datetime": "2022-04-27 04:19:29", "elapsed": 215866.600232, "delta": 534.99383}}
{"target": 0.233333, "params": {"TK": 281.79268390537106, "fac": 2.5914035536022375, "start": 1.743112305056112, "weak": 0.4043901106922726}, "datetime": {"datetime": "2022-04-27 04:27:15", "elapsed": 216332.239685, "delta": 465.639453}}
{"target": 0.0, "params": {"TK": 227.99652076624338, "fac": 3.2281774946947746, "start": 1.3654098992614108, "weak": 0.45916220874336633}, "datetime": {"datetime": "2022-04-27 04:36:54", "elapsed": 216911.088553, "delta": 578.848868}}
{"target": 0.191667, "params": {"TK": 244.00653264167593, "fac": 3.8256774231610793, "start": 3.1739684055776856, "weak": 0.4275335275713542}, "datetime": {"datetime": "2022-04-27 04:45:54", "elapsed": 217451.394591, "delta": 540.306038}}
{"target": 0.0, "params": {"TK": 272.60870148497867, "fac": 4.204183643323647, "start": 0.14494373386742332, "weak": 0.3038956192619875}, "datetime": {"datetime": "2022-04-27 04:47:14", "elapsed": 217531.560182, "delta": 80.165591}}
{"target": 0.0333333, "params": {"TK": 259.7271506418731, "fac": 4.2075909761603105, "start": -0.46952571754186767, "weak": 0.4038246060203138}, "datetime": {"datetime": "2022-04-27 04:54:19", "elapsed": 217955.875957, "delta": 424.315775}}
