{"target": 0.358333, "params": {"TK": 245.01698092733858, "fac": 3.702540368887931, "start": 2.778879245691244, "weak": 0.4785754061675349}, "datetime": {"datetime": "2022-04-29 17:30:58", "elapsed": 436155.673311, "delta": 652.249015}}
{"target": 0.258333, "params": {"TK": 275.399708705528, "fac": 4.15003281854229, "start": -3.921638882667188, "weak": 0.4861911769253562}, "datetime": {"datetime": "2022-04-29 17:41:40", "elapsed": 436796.839164, "delta": 641.165853}}
{"target": 0.133333, "params": {"TK": 228.67695413713062, "fac": 4.11506375060582, "start": 0.5071169611341109, "weak": 0.4900309629345117}, "datetime": {"datetime": "2022-04-29 17:52:49", "elapsed": 437465.898889, "delta": 669.059725}}
{"target": 0.0833333, "params": {"TK": 280.4126163714636, "fac": 2.702696688298965, "start": 3.370465291040513, "weak": 0.3714825203380416}, "datetime": {"datetime": "2022-04-29 17:58:59", "elapsed": 437836.385231, "delta": 370.486342}}
{"target": 0.341667, "params": {"TK": 260.71171754300224, "fac": 3.7360525481677227, "start": -2.8225354690803837, "weak": 0.4677223947042367}, "datetime": {"datetime": "2022-04-29 18:10:42", "elapsed": 438539.259678, "delta": 702.874447}}
{"target": 0.358333, "params": {"TK": 260.86094326732507, "fac": 3.8516543972563393, "start": -2.891144261461065, "weak": 0.5}, "datetime": {"datetime": "2022-04-29 18:20:43", "elapsed": 439140.740614, "delta": 601.480936}}
{"target": 0.025, "params": {"TK": 258.95079507998634, "fac": 3.6609421480665176, "start": -3.5648319145978666, "weak": 0.3552433777786686}, "datetime": {"datetime": "2022-04-29 18:24:34", "elapsed": 439371.171356, "delta": 230.430742}}
{"target": 0.291667, "params": {"TK": 261.02762967343835, "fac": 4.078350154295929, "start": -2.8379366381384203, "weak": 0.4666370547504354}, "datetime": {"datetime": "2022-04-29 18:35:50", "elapsed": 440046.920503, "delta": 675.749147}}
{"target": 0.0666667, "params": {"TK": 246.90489913865042, "fac": 4.226551520843486, "start": 1.946175306849483, "weak": 0.4134404978389259}, "datetime": {"datetime": "2022-04-29 18:44:48", "elapsed": 440585.546602, "delta": 538.626099}}
{"target": 0.258333, "params": {"TK": 250.22232154964084, "fac": 4.439098072903026, "start": 0.02550560059670204, "weak": 0.4380465151590496}, "datetime": {"datetime": "2022-04-29 18:54:51", "elapsed": 441188.558301, "delta": 603.011699}}
{"target": 0.108333, "params": {"TK": 246.86294966093186, "fac": 3.959368047192741, "start": 1.8940168116092684, "weak": 0.41041769317527976}, "datetime": {"datetime": "2022-04-29 19:03:33", "elapsed": 441710.257082, "delta": 521.698781}}
{"target": 0.441667, "params": {"TK": 259.1457299006106, "fac": 3.7093243789617736, "start": 2.2164953426349268, "weak": 0.48374901336195375}, "datetime": {"datetime": "2022-04-29 19:13:44", "elapsed": 442321.580919, "delta": 611.323837}}
{"target": 0.0, "params": {"TK": 286.2115697449854, "fac": 3.95745086140529, "start": 2.0353376446640725, "weak": 0.36157356301063537}, "datetime": {"datetime": "2022-04-29 19:16:54", "elapsed": 442510.971803, "delta": 189.390884}}
{"target": 0.125, "params": {"TK": 288.8053187466762, "fac": 3.865616732850956, "start": -1.520624302086424, "weak": 0.42041082957764975}, "datetime": {"datetime": "2022-04-29 19:25:26", "elapsed": 443023.563976, "delta": 512.592173}}
{"target": 0.358333, "params": {"TK": 244.24115179262026, "fac": 3.7502728549122804, "start": 2.982753208409205, "weak": 0.5}, "datetime": {"datetime": "2022-04-29 19:34:21", "elapsed": 443558.677811, "delta": 535.113835}}
{"target": 0.0, "params": {"TK": 282.65491533135713, "fac": 4.344432736403428, "start": -0.3176251510572916, "weak": 0.39002898676863584}, "datetime": {"datetime": "2022-04-29 19:39:18", "elapsed": 443855.035276, "delta": 296.357465}}
{"target": 0.166667, "params": {"TK": 256.9254857474955, "fac": 4.20746311462212, "start": 0.4798474814240876, "weak": 0.4564428479647358}, "datetime": {"datetime": "2022-04-29 19:49:53", "elapsed": 444490.261432, "delta": 635.226156}}
{"target": 0.416667, "params": {"TK": 260.6286246094197, "fac": 3.822614766420682, "start": -2.7765310474644593, "weak": 0.48415173840939607}, "datetime": {"datetime": "2022-04-29 19:59:50", "elapsed": 445087.086955, "delta": 596.825523}}
{"target": 0.416667, "params": {"TK": 244.06928121744303, "fac": 4.037718020348932, "start": 3.1672432014164844, "weak": 0.4736276058048995}, "datetime": {"datetime": "2022-04-29 20:10:31", "elapsed": 445728.368822, "delta": 641.281867}}
{"target": 0.0, "params": {"TK": 271.5556330273398, "fac": 4.1413266472250605, "start": -3.6170436723522608, "weak": 0.3106753884283929}, "datetime": {"datetime": "2022-04-29 20:12:09", "elapsed": 445826.700395, "delta": 98.331573}}
{"target": 0.316667, "params": {"TK": 243.98298328175036, "fac": 4.11633611040796, "start": 2.9389948166668036, "weak": 0.46915825062339833}, "datetime": {"datetime": "2022-04-29 20:23:12", "elapsed": 446489.334213, "delta": 662.633818}}
{"target": 0.0, "params": {"TK": 309.15693134625604, "fac": 4.297453761197534, "start": 3.828418484855746, "weak": 0.39297461311319}, "datetime": {"datetime": "2022-04-29 20:27:37", "elapsed": 446754.300234, "delta": 264.966021}}
{"target": 0.0, "params": {"TK": 236.1153415972239, "fac": 3.189130503489592, "start": -0.2044235474333549, "weak": 0.31241795374713194}, "datetime": {"datetime": "2022-04-29 20:29:49", "elapsed": 446886.717403, "delta": 132.417169}}
{"target": 0.45, "params": {"TK": 261.2220346085003, "fac": 4.116249921307769, "start": -2.6513243052019284, "weak": 0.49104622884700366}, "datetime": {"datetime": "2022-04-29 20:40:26", "elapsed": 447522.832326, "delta": 636.114923}}
{"target": 0.283333, "params": {"TK": 260.70123986052766, "fac": 3.8014445163036044, "start": -3.0089304396853294, "weak": 0.4325148002587312}, "datetime": {"datetime": "2022-04-29 20:50:44", "elapsed": 448141.202069, "delta": 618.369743}}
{"target": 0.0, "params": {"TK": 227.062486079426, "fac": 4.156895504954261, "start": 3.761913762696749, "weak": 0.31049485934317705}, "datetime": {"datetime": "2022-04-29 20:52:28", "elapsed": 448245.546794, "delta": 104.344725}}
{"target": 0.0583333, "params": {"TK": 281.24519912438655, "fac": 3.2019182911453257, "start": -0.8075013571556582, "weak": 0.346206362833152}, "datetime": {"datetime": "2022-04-29 20:55:38", "elapsed": 448435.236902, "delta": 189.690108}}
{"target": 0.15, "params": {"TK": 283.68586631739345, "fac": 2.6092721578098645, "start": -1.5432892733529053, "weak": 0.4677802767638415}, "datetime": {"datetime": "2022-04-29 21:01:55", "elapsed": 448812.277135, "delta": 377.040233}}
{"target": 0.0, "params": {"TK": 241.22555366110535, "fac": 2.984764168426178, "start": 0.4004357373595031, "weak": 0.41409258037585184}, "datetime": {"datetime": "2022-04-29 21:10:20", "elapsed": 449317.730611, "delta": 505.453476}}
{"target": 0.291667, "params": {"TK": 261.3885171701478, "fac": 4.1281131522172245, "start": -3.1143002124590122, "weak": 0.4603878445659934}, "datetime": {"datetime": "2022-04-29 21:21:19", "elapsed": 449976.090454, "delta": 658.359843}}
{"target": 0.316667, "params": {"TK": 292.7404957473818, "fac": 2.9440212442436016, "start": -3.7849203897373602, "weak": 0.4478562660871933}, "datetime": {"datetime": "2022-04-29 21:31:03", "elapsed": 450560.483187, "delta": 584.392733}}
{"target": 0.3, "params": {"TK": 288.3182573056763, "fac": 2.618477701924239, "start": -1.5591031125027381, "weak": 0.41784075445462676}, "datetime": {"datetime": "2022-04-29 21:40:10", "elapsed": 451106.850707, "delta": 546.36752}}
{"target": 0.0, "params": {"TK": 244.1977176509562, "fac": 2.703640036624997, "start": 3.0713321016431196, "weak": 0.48336064729976885}, "datetime": {"datetime": "2022-04-29 21:46:15", "elapsed": 451472.326081, "delta": 365.475374}}
{"target": 0.0, "params": {"TK": 293.93924830645085, "fac": 4.212109962611592, "start": -0.43154036658851513, "weak": 0.42420431929021124}, "datetime": {"datetime": "2022-04-29 21:54:11", "elapsed": 451947.959401, "delta": 475.63332}}
{"target": 0.0, "params": {"TK": 301.6449188654426, "fac": 3.508245754645867, "start": -0.18493113374032077, "weak": 0.30452792888927105}, "datetime": {"datetime": "2022-04-29 21:55:58", "elapsed": 452054.777446, "delta": 106.818045}}
{"target": 0.283333, "params": {"TK": 243.8649125668952, "fac": 4.169157581783997, "start": 3.013086075323132, "weak": 0.4666820647519281}, "datetime": {"datetime": "2022-04-29 22:07:02", "elapsed": 452719.379723, "delta": 664.602277}}
{"target": 0.2, "params": {"TK": 297.4463547917162, "fac": 2.6777716040680093, "start": -0.8030778606529756, "weak": 0.48279598012588343}, "datetime": {"datetime": "2022-04-29 22:13:59", "elapsed": 453136.720391, "delta": 417.340668}}
{"target": 0.333333, "params": {"TK": 301.1941076494779, "fac": 2.8625934282520613, "start": -3.874310627332785, "weak": 0.44942908654618885}, "datetime": {"datetime": "2022-04-29 22:22:56", "elapsed": 453673.253631, "delta": 536.53324}}
{"target": 0.433333, "params": {"TK": 260.99007304832304, "fac": 3.6872357095330983, "start": -2.6810650354880403, "weak": 0.47375787157477023}, "datetime": {"datetime": "2022-04-29 22:33:22", "elapsed": 454298.839224, "delta": 625.585593}}
{"target": 0.416667, "params": {"TK": 261.638122524806, "fac": 3.5390984254770452, "start": -2.7744341472712257, "weak": 0.45554542039179136}, "datetime": {"datetime": "2022-04-29 22:43:39", "elapsed": 454916.425359, "delta": 617.586135}}
{"target": 0.0, "params": {"TK": 305.57611724797556, "fac": 3.725239465377345, "start": 3.6185110882691163, "weak": 0.33164461463020184}, "datetime": {"datetime": "2022-04-29 22:46:17", "elapsed": 455074.03835, "delta": 157.612991}}
{"target": 0.375, "params": {"TK": 273.61494162613394, "fac": 3.303572050066772, "start": 0.17973516881826246, "weak": 0.46521997930911263}, "datetime": {"datetime": "2022-04-29 22:56:24", "elapsed": 455681.492364, "delta": 607.454014}}
{"target": 0.45, "params": {"TK": 261.5877365945172, "fac": 4.06738010997464, "start": -2.8671312932328004, "weak": 0.4832459435050114}, "datetime": {"datetime": "2022-04-29 23:07:04", "elapsed": 456321.135694, "delta": 639.64333}}
{"target": 0.375, "params": {"TK": 261.27943517583594, "fac": 3.695904258987349, "start": -2.886592497322048, "weak": 0.49005108071687103}, "datetime": {"datetime": "2022-04-29 23:16:50", "elapsed": 456907.301024, "delta": 586.16533}}
{"target": 0.0, "params": {"TK": 280.80256274363677, "fac": 4.206381208972443, "start": 0.6551353866494489, "weak": 0.3104576854030616}, "datetime": {"datetime": "2022-04-29 23:18:22", "elapsed": 456999.717968, "delta": 92.416944}}
{"target": 0.0333333, "params": {"TK": 295.99845721844406, "fac": 2.5428805067109708, "start": -2.8674106309519747, "weak": 0.49218772465529204}, "datetime": {"datetime": "2022-04-29 23:22:42", "elapsed": 457259.697565, "delta": 259.979597}}
{"target": 0.291667, "params": {"TK": 260.9188159065497, "fac": 4.16426851302042, "start": -2.7499687102068515, "weak": 0.4732191582512377}, "datetime": {"datetime": "2022-04-29 23:32:45", "elapsed": 457861.773264, "delta": 602.075699}}
{"target": 0.0, "params": {"TK": 213.6114782876847, "fac": 2.919137487627455, "start": -2.454688384722764, "weak": 0.3147767652924324}, "datetime": {"datetime": "2022-04-29 23:34:38", "elapsed": 457974.810066, "delta": 113.036802}}
{"target": 0.291667, "params": {"TK": 273.4254313969838, "fac": 3.224406620551811, "start": -0.4421948268602227, "weak": 0.42220313134041076}, "datetime": {"datetime": "2022-04-29 23:43:19", "elapsed": 458496.106836, "delta": 521.29677}}
{"target": 0.233333, "params": {"TK": 309.0114298488467, "fac": 2.622022706141631, "start": -2.508460493829695, "weak": 0.4654782962123506}, "datetime": {"datetime": "2022-04-29 23:49:30", "elapsed": 458867.560074, "delta": 371.453238}}
{"target": 0.183333, "params": {"TK": 244.89997264454558, "fac": 3.829163355149137, "start": 2.785181341863896, "weak": 0.4269072058200736}, "datetime": {"datetime": "2022-04-29 23:58:36", "elapsed": 459413.510845, "delta": 545.950771}}
{"target": 0.208333, "params": {"TK": 244.8873038084145, "fac": 3.6150423214147853, "start": 2.3042830268405803, "weak": 0.43475617944861533}, "datetime": {"datetime": "2022-04-30 00:08:38", "elapsed": 460015.345922, "delta": 601.835077}}
{"target": 0.0416667, "params": {"TK": 251.59805193269415, "fac": 3.2461712975133006, "start": 1.3473621000047995, "weak": 0.39937876258072696}, "datetime": {"datetime": "2022-04-30 00:16:31", "elapsed": 460488.538866, "delta": 473.192944}}
{"target": 0.316667, "params": {"TK": 261.5405312885082, "fac": 3.500433166132544, "start": -2.8360631779396384, "weak": 0.4817286830600169}, "datetime": {"datetime": "2022-04-30 00:25:26", "elapsed": 461022.931901, "delta": 534.393035}}
{"target": 0.258333, "params": {"TK": 261.57485022514857, "fac": 4.104739375258292, "start": -2.931859163052968, "weak": 0.4659722325585084}, "datetime": {"datetime": "2022-04-30 00:36:14", "elapsed": 461671.093295, "delta": 648.161394}}
{"target": 0.416667, "params": {"TK": 261.8411243716999, "fac": 3.8235628652884692, "start": -3.025967982959476, "weak": 0.4769950523794301}, "datetime": {"datetime": "2022-04-30 00:46:00", "elapsed": 462257.004911, "delta": 585.911616}}
{"target": 0.358333, "params": {"TK": 273.62739498399395, "fac": 3.2995354555406324, "start": 0.0409792116585157, "weak": 0.4638519377557653}, "datetime": {"datetime": "2022-04-30 00:55:36", "elapsed": 462833.709992, "delta": 576.705081}}
{"target": 0.358333, "params": {"TK": 281.39879989474196, "fac": 3.2049967219854434, "start": -2.7506926324979357, "weak": 0.4600507292143582}, "datetime": {"datetime": "2022-04-30 01:05:38", "elapsed": 463435.550306, "delta": 601.840314}}
{"target": 0.316667, "params": {"TK": 273.4248745179716, "fac": 3.5177737357850027, "start": -0.11847419664677084, "weak": 0.4834359693096456}, "datetime": {"datetime": "2022-04-30 01:14:06", "elapsed": 463943.726821, "delta": 508.176515}}
{"target": 0.466667, "params": {"TK": 246.7888114120178, "fac": 4.035647723077579, "start": 2.113315952426039, "weak": 0.5}, "datetime": {"datetime": "2022-04-30 01:23:44", "elapsed": 464521.094615, "delta": 577.367794}}
{"target": 0.366667, "params": {"TK": 261.3688437635362, "fac": 3.7905467849168266, "start": -2.651462674731973, "weak": 0.47249791247658324}, "datetime": {"datetime": "2022-04-30 01:33:26", "elapsed": 465103.080979, "delta": 581.986364}}
{"target": 0.116667, "params": {"TK": 293.2983659844432, "fac": 2.805127892707579, "start": -2.5372131970373717, "weak": 0.3609268127077666}, "datetime": {"datetime": "2022-04-30 01:38:27", "elapsed": 465404.422576, "delta": 301.341597}}
{"target": 0.0333333, "params": {"TK": 258.786328693421, "fac": 2.755284670832567, "start": 3.08113750007759, "weak": 0.4584947570737634}, "datetime": {"datetime": "2022-04-30 01:46:55", "elapsed": 465912.58835, "delta": 508.165774}}
{"target": 0.183333, "params": {"TK": 270.15963384239666, "fac": 3.105148161432095, "start": 0.7150784637854001, "weak": 0.5}, "datetime": {"datetime": "2022-04-30 01:53:25", "elapsed": 466302.192905, "delta": 389.604555}}
{"target": 0.0, "params": {"TK": 246.7969332874555, "fac": 4.345375216509039, "start": -0.8109239659800229, "weak": 0.3000464135915937}, "datetime": {"datetime": "2022-04-30 01:55:05", "elapsed": 466402.707821, "delta": 100.514916}}
{"target": 0.358333, "params": {"TK": 260.8796829258735, "fac": 3.8935771104669614, "start": -2.805026217757119, "weak": 0.4993697169848301}, "datetime": {"datetime": "2022-04-30 02:03:50", "elapsed": 466926.963817, "delta": 524.255996}}
{"target": 0.0833333, "params": {"TK": 293.1187337103521, "fac": 2.6928689669608605, "start": 1.5159799116463413, "weak": 0.4960228180430767}, "datetime": {"datetime": "2022-04-30 02:08:41", "elapsed": 467218.24662, "delta": 291.282803}}
{"target": 0.0, "params": {"TK": 295.0029653517739, "fac": 3.527687137691032, "start": -1.1533977538974645, "weak": 0.3033788546505973}, "datetime": {"datetime": "2022-04-30 02:10:16", "elapsed": 467313.768959, "delta": 95.522339}}
{"target": 0.1, "params": {"TK": 290.02693193816583, "fac": 4.076680421461855, "start": -1.9583278575637637, "weak": 0.47118867254239905}, "datetime": {"datetime": "2022-04-30 02:18:06", "elapsed": 467783.532709, "delta": 469.76375}}
{"target": 0.0, "params": {"TK": 230.77312527876765, "fac": 2.768471130628817, "start": 2.6957056327043523, "weak": 0.45760332402816595}, "datetime": {"datetime": "2022-04-30 02:25:53", "elapsed": 468250.421262, "delta": 466.888553}}
{"target": 0.0, "params": {"TK": 221.42816550990287, "fac": 3.424859201796588, "start": 1.0454633817504302, "weak": 0.38565800175623843}, "datetime": {"datetime": "2022-04-30 02:32:06", "elapsed": 468622.959194, "delta": 372.537932}}
{"target": 0.0, "params": {"TK": 226.3521768117014, "fac": 3.720973790789542, "start": 1.2408312919719364, "weak": 0.3085372076880232}, "datetime": {"datetime": "2022-04-30 02:33:55", "elapsed": 468731.975507, "delta": 109.016313}}
{"target": 0.166667, "params": {"TK": 231.29578411127903, "fac": 4.257118286706287, "start": 3.3481680216082923, "weak": 0.434640056428163}, "datetime": {"datetime": "2022-04-30 02:42:55", "elapsed": 469272.558508, "delta": 540.583001}}
{"target": 0.0666667, "params": {"TK": 267.041039717041, "fac": 2.9854990662566165, "start": 1.2532917070370493, "weak": 0.39851718523126395}, "datetime": {"datetime": "2022-04-30 02:50:54", "elapsed": 469751.657336, "delta": 479.098828}}
{"target": 0.0583333, "params": {"TK": 273.6338644296638, "fac": 3.400699283410253, "start": 0.12890993056840294, "weak": 0.37628210755588587}, "datetime": {"datetime": "2022-04-30 02:57:18", "elapsed": 470134.826614, "delta": 383.169278}}
{"target": 0.0333333, "params": {"TK": 293.021436103631, "fac": 3.8162346989048928, "start": -3.763229232150115, "weak": 0.3975038136209913}, "datetime": {"datetime": "2022-04-30 03:03:31", "elapsed": 470508.100526, "delta": 373.273912}}
{"target": 0.308333, "params": {"TK": 271.1265329444051, "fac": 3.275779820511432, "start": -1.67114807910062, "weak": 0.42784983744943583}, "datetime": {"datetime": "2022-04-30 03:13:16", "elapsed": 471093.001632, "delta": 584.901106}}
{"target": 0.108333, "params": {"TK": 246.80463910722904, "fac": 4.2009106479715275, "start": 2.092283424496709, "weak": 0.42519501375730256}, "datetime": {"datetime": "2022-04-30 03:22:12", "elapsed": 471629.094673, "delta": 536.093041}}
{"target": 0.0, "params": {"TK": 309.4796109246625, "fac": 2.6429686192405204, "start": -1.3402046488688661, "weak": 0.301429371840602}, "datetime": {"datetime": "2022-04-30 03:24:43", "elapsed": 471780.088509, "delta": 150.993836}}
{"target": 0.241667, "params": {"TK": 286.492078217654, "fac": 2.90653061920005, "start": -0.04455548123494424, "weak": 0.48479002983880776}, "datetime": {"datetime": "2022-04-30 03:31:03", "elapsed": 472159.840754, "delta": 379.752245}}
{"target": 0.275, "params": {"TK": 256.99890119989624, "fac": 3.509575560077823, "start": 2.537704038799556, "weak": 0.43592049756533213}, "datetime": {"datetime": "2022-04-30 03:39:36", "elapsed": 472673.448757, "delta": 513.608003}}
{"target": 0.35, "params": {"TK": 281.38444080483146, "fac": 3.325140323146432, "start": -2.5409610904059976, "weak": 0.4567669824331038}, "datetime": {"datetime": "2022-04-30 03:48:43", "elapsed": 473220.343986, "delta": 546.895229}}
{"target": 0.458333, "params": {"TK": 261.0025319086989, "fac": 4.001320135156147, "start": -2.605373552633168, "weak": 0.490799293036224}, "datetime": {"datetime": "2022-04-30 03:57:36", "elapsed": 473753.011845, "delta": 532.667859}}
{"target": 0.4, "params": {"TK": 261.36242169080964, "fac": 3.648175491006051, "start": -3.4342739722717086, "weak": 0.4628259710754383}, "datetime": {"datetime": "2022-04-30 04:09:03", "elapsed": 474440.382534, "delta": 687.370689}}
{"target": 0.275, "params": {"TK": 261.22463726136084, "fac": 4.051680385810173, "start": -2.444864469776909, "weak": 0.4510973583678896}, "datetime": {"datetime": "2022-04-30 04:19:48", "elapsed": 475085.174551, "delta": 644.792017}}
{"target": 0.0, "params": {"TK": 246.23822534122223, "fac": 2.6172167843829284, "start": 1.1637431169558043, "weak": 0.4321128954232732}, "datetime": {"datetime": "2022-04-30 04:29:14", "elapsed": 475651.432926, "delta": 566.258375}}
{"target": 0.425, "params": {"TK": 260.6965676421765, "fac": 3.922893422144343, "start": -2.7624346593650237, "weak": 0.48503341555853297}, "datetime": {"datetime": "2022-04-30 04:39:05", "elapsed": 476241.956306, "delta": 590.52338}}
{"target": 0.1, "params": {"TK": 269.55240215105675, "fac": 2.9793728915672197, "start": 2.432686498984146, "weak": 0.3774831063902726}, "datetime": {"datetime": "2022-04-30 04:45:14", "elapsed": 476611.660847, "delta": 369.704541}}
{"target": 0.3, "params": {"TK": 261.5955576151058, "fac": 3.622828699904146, "start": -2.8077735423626224, "weak": 0.5}, "datetime": {"datetime": "2022-04-30 04:52:29", "elapsed": 477046.625113, "delta": 434.964266}}
{"target": 0.00833333, "params": {"TK": 241.94281776694112, "fac": 3.064645633517512, "start": 3.112386199830361, "weak": 0.387749731629547}, "datetime": {"datetime": "2022-04-30 04:58:50", "elapsed": 477427.467581, "delta": 380.842468}}
{"target": 0.0, "params": {"TK": 238.68332453249354, "fac": 2.6841087077645573, "start": -1.550257503032868, "weak": 0.3634955138858744}, "datetime": {"datetime": "2022-04-30 05:03:26", "elapsed": 477703.550155, "delta": 276.082574}}
{"target": 0.0, "params": {"TK": 249.15692726470638, "fac": 3.594463049808904, "start": 1.5560025360164156, "weak": 0.3476551375088446}, "datetime": {"datetime": "2022-04-30 05:06:06", "elapsed": 477863.568604, "delta": 160.018449}}
{"target": 0.208333, "params": {"TK": 231.37985062907921, "fac": 4.05606488024903, "start": 3.5853641535494996, "weak": 0.4461495827921095}, "datetime": {"datetime": "2022-04-30 05:16:04", "elapsed": 478461.398036, "delta": 597.829432}}
