{"target": 0.441667, "params": {"TK": 245.28615960734004, "fac": 3.7105384029900055, "start": 2.6098994579874724, "weak": 0.4630879337007914}, "datetime": {"datetime": "2022-04-25 08:26:04", "elapsed": 57860.817622, "delta": 509.069585}}
{"target": 0.241667, "params": {"TK": 269.9818569285983, "fac": 3.159773684628478, "start": 2.3483425484525027, "weak": 0.41465938171527356}, "datetime": {"datetime": "2022-04-25 08:32:57", "elapsed": 58274.297186, "delta": 413.479564}}
{"target": 0.291667, "params": {"TK": 261.0860953620355, "fac": 4.072082642281603, "start": -2.9084085413674288, "weak": 0.45766145758038124}, "datetime": {"datetime": "2022-04-25 08:41:57", "elapsed": 58814.188212, "delta": 539.891026}}
{"target": 0.0, "params": {"TK": 230.7541547064672, "fac": 3.3307847271479094, "start": -3.8636134412081775, "weak": 0.4236186520706529}, "datetime": {"datetime": "2022-04-25 08:49:25", "elapsed": 59262.482665, "delta": 448.294453}}
{"target": 0.0, "params": {"TK": 229.34063443698273, "fac": 3.9309615927120714, "start": 3.4715832407814196, "weak": 0.3304829042502755}, "datetime": {"datetime": "2022-04-25 08:51:26", "elapsed": 59383.285988, "delta": 120.803323}}
{"target": 0.075, "params": {"TK": 245.47226191910298, "fac": 3.7886525709547483, "start": 2.55720568591326, "weak": 0.3791393299051664}, "datetime": {"datetime": "2022-04-25 08:55:50", "elapsed": 59646.971333, "delta": 263.685345}}
{"target": 0.0, "params": {"TK": 284.3150153322223, "fac": 4.113411333490178, "start": -3.24390126374231, "weak": 0.3268650303788802}, "datetime": {"datetime": "2022-04-25 08:57:47", "elapsed": 59764.335173, "delta": 117.36384}}
{"target": 0.0, "params": {"TK": 311.22342396930196, "fac": 4.44694225265903, "start": -1.2140297533548265, "weak": 0.3973187521613628}, "datetime": {"datetime": "2022-04-25 09:02:12", "elapsed": 60029.187801, "delta": 264.852628}}
{"target": 0.291667, "params": {"TK": 261.3642838499213, "fac": 3.8926269320729263, "start": -2.7133844465588988, "weak": 0.43883239692006504}, "datetime": {"datetime": "2022-04-25 09:11:42", "elapsed": 60598.8475, "delta": 569.659699}}
{"target": 0.0, "params": {"TK": 245.32611602092885, "fac": 3.74965874390991, "start": 2.5552696864502247, "weak": 0.3447770873141327}, "datetime": {"datetime": "2022-04-25 09:14:21", "elapsed": 60758.158202, "delta": 159.310702}}
{"target": 0.266667, "params": {"TK": 273.5804889109355, "fac": 3.2704116597425354, "start": -0.9149242190378573, "weak": 0.49223051210195756}, "datetime": {"datetime": "2022-04-25 09:20:33", "elapsed": 61130.322702, "delta": 372.1645}}
{"target": 0.0333333, "params": {"TK": 278.73953348794487, "fac": 3.310248619925051, "start": 1.2314494023992815, "weak": 0.35976101854054565}, "datetime": {"datetime": "2022-04-25 09:23:46", "elapsed": 61323.359841, "delta": 193.037139}}
{"target": 0.333333, "params": {"TK": 281.3176410551793, "fac": 3.5259353204534793, "start": -0.6451472357711987, "weak": 0.47339972172143163}, "datetime": {"datetime": "2022-04-25 09:32:37", "elapsed": 61854.73657, "delta": 531.376729}}
{"target": 0.408333, "params": {"TK": 260.5571866461661, "fac": 3.873948390444524, "start": -2.434051736065201, "weak": 0.4741624941032522}, "datetime": {"datetime": "2022-04-25 09:41:58", "elapsed": 62415.470974, "delta": 560.734404}}
{"target": 0.1, "params": {"TK": 244.1864207347835, "fac": 4.038394652232979, "start": 3.1064502141268555, "weak": 0.4043539492085609}, "datetime": {"datetime": "2022-04-25 09:48:35", "elapsed": 62812.029318, "delta": 396.558344}}
{"target": 0.233333, "params": {"TK": 244.106178687904, "fac": 4.081435603453844, "start": 3.2856688826804357, "weak": 0.4343872538734588}, "datetime": {"datetime": "2022-04-25 09:57:13", "elapsed": 63330.692099, "delta": 518.662781}}
{"target": 0.0, "params": {"TK": 247.56410317983622, "fac": 3.7013491922690767, "start": -2.3431608388121505, "weak": 0.3005347577830233}, "datetime": {"datetime": "2022-04-25 09:58:31", "elapsed": 63408.563351, "delta": 77.871252}}
{"target": 0.0, "params": {"TK": 212.96475336191415, "fac": 3.364010151070351, "start": 2.202409204964395, "weak": 0.32054362406685616}, "datetime": {"datetime": "2022-04-25 10:00:37", "elapsed": 63534.02825, "delta": 125.464899}}
{"target": 0.391667, "params": {"TK": 269.73665799450646, "fac": 3.242529293706023, "start": 2.3923914543707587, "weak": 0.46718427375826455}, "datetime": {"datetime": "2022-04-25 10:09:04", "elapsed": 64040.857459, "delta": 506.829209}}
{"target": 0.375, "params": {"TK": 269.8782047785721, "fac": 3.105960238658824, "start": 2.5739323673926293, "weak": 0.43658995897490455}, "datetime": {"datetime": "2022-04-25 10:18:53", "elapsed": 64630.636837, "delta": 589.779378}}
{"target": 0.283333, "params": {"TK": 244.249720408103, "fac": 3.951321146758908, "start": 3.281655482393938, "weak": 0.4485427220846574}, "datetime": {"datetime": "2022-04-25 10:29:10", "elapsed": 65246.999476, "delta": 616.362639}}
{"target": 0.408333, "params": {"TK": 244.4782390510061, "fac": 4.0721774792153, "start": 3.4037296343067363, "weak": 0.4879704696921596}, "datetime": {"datetime": "2022-04-25 10:38:51", "elapsed": 65828.713288, "delta": 581.713812}}
{"target": 0.158333, "params": {"TK": 244.46974582465907, "fac": 3.9817980452863826, "start": 3.4478207604982103, "weak": 0.4212683313970367}, "datetime": {"datetime": "2022-04-25 10:47:03", "elapsed": 66320.202306, "delta": 491.489018}}
{"target": 0.233333, "params": {"TK": 261.24666016839006, "fac": 4.089531148727246, "start": -2.808024822108653, "weak": 0.4305655488516708}, "datetime": {"datetime": "2022-04-25 10:56:10", "elapsed": 66867.661407, "delta": 547.459101}}
{"target": 0.1, "params": {"TK": 269.9445589346655, "fac": 3.4351728458545927, "start": 2.35789821090885, "weak": 0.394897976670369}, "datetime": {"datetime": "2022-04-25 11:02:58", "elapsed": 67274.958791, "delta": 407.297384}}
{"target": 0.0, "params": {"TK": 237.3946652067929, "fac": 3.715737631756224, "start": -1.849500104006431, "weak": 0.3340761737927567}, "datetime": {"datetime": "2022-04-25 11:05:37", "elapsed": 67434.693899, "delta": 159.735108}}
{"target": 0.05, "params": {"TK": 264.8371235874711, "fac": 4.358522444985855, "start": -2.830196746517198, "weak": 0.3881964294839786}, "datetime": {"datetime": "2022-04-25 11:11:17", "elapsed": 67774.141364, "delta": 339.447465}}
{"target": 0.283333, "params": {"TK": 269.84186722886244, "fac": 3.36506823320452, "start": 2.49538861151325, "weak": 0.43893107734386405}, "datetime": {"datetime": "2022-04-25 11:21:28", "elapsed": 68385.582017, "delta": 611.440653}}
{"target": 0.3, "params": {"TK": 259.6726846309957, "fac": 4.276313318251874, "start": -0.5164447411148769, "weak": 0.4929132047521052}, "datetime": {"datetime": "2022-04-25 11:31:28", "elapsed": 68984.976377, "delta": 599.39436}}
{"target": 0.00833333, "params": {"TK": 216.93352896696135, "fac": 3.795514729272271, "start": 3.7068248355716786, "weak": 0.47191274116494664}, "datetime": {"datetime": "2022-04-25 11:41:28", "elapsed": 69585.601447, "delta": 600.62507}}
{"target": 0.183333, "params": {"TK": 284.0545778905673, "fac": 2.687410294937724, "start": -1.5231203371669437, "weak": 0.47322771552647536}, "datetime": {"datetime": "2022-04-25 11:47:22", "elapsed": 69939.022732, "delta": 353.421285}}
{"target": 0.00833333, "params": {"TK": 283.96522819883677, "fac": 3.676806709087333, "start": 3.8484642639370907, "weak": 0.38842439685394936}, "datetime": {"datetime": "2022-04-25 11:52:42", "elapsed": 70259.122305, "delta": 320.099573}}
{"target": 0.0, "params": {"TK": 212.26979994866622, "fac": 2.9570569871037327, "start": -3.6319680985015452, "weak": 0.32842081156681624}, "datetime": {"datetime": "2022-04-25 11:54:30", "elapsed": 70367.62638, "delta": 108.504075}}
{"target": 0.191667, "params": {"TK": 245.24187533194447, "fac": 3.7603556451051006, "start": 2.6077156994637294, "weak": 0.4289364614013743}, "datetime": {"datetime": "2022-04-25 12:03:28", "elapsed": 70905.123247, "delta": 537.496867}}
{"target": 0.333333, "params": {"TK": 261.2587485069658, "fac": 3.8874608714325536, "start": -2.77295475301041, "weak": 0.5}, "datetime": {"datetime": "2022-04-25 12:11:40", "elapsed": 71397.118138, "delta": 491.994891}}
{"target": 0.3, "params": {"TK": 274.36544358568085, "fac": 3.058153309774858, "start": -0.16174676435397117, "weak": 0.47274482334029366}, "datetime": {"datetime": "2022-04-25 12:18:50", "elapsed": 71827.358953, "delta": 430.240815}}
{"target": 0.0416667, "params": {"TK": 269.8913772574217, "fac": 3.171567252105608, "start": 2.4023886203225207, "weak": 0.3562739182322164}, "datetime": {"datetime": "2022-04-25 12:22:25", "elapsed": 72042.429358, "delta": 215.070405}}
{"target": 0.0, "params": {"TK": 308.8106717130909, "fac": 3.599868002781445, "start": -3.884992076477892, "weak": 0.38128671329562214}, "datetime": {"datetime": "2022-04-25 12:27:29", "elapsed": 72346.348955, "delta": 303.919597}}
{"target": 0.316667, "params": {"TK": 269.8265624972329, "fac": 3.1391422391604626, "start": 2.448500339867115, "weak": 0.48303984633122177}, "datetime": {"datetime": "2022-04-25 12:34:21", "elapsed": 72758.262096, "delta": 411.913141}}
{"target": 0.416667, "params": {"TK": 244.45838870610987, "fac": 3.9499211239328877, "start": 3.29713759887881, "weak": 0.4755435689734707}, "datetime": {"datetime": "2022-04-25 12:44:13", "elapsed": 73350.185514, "delta": 591.923418}}
{"target": 0.0, "params": {"TK": 231.77188465507442, "fac": 3.481454574552318, "start": 0.03692312314307333, "weak": 0.4304833772958774}, "datetime": {"datetime": "2022-04-25 12:53:00", "elapsed": 73877.472795, "delta": 527.287281}}
{"target": 0.158333, "params": {"TK": 259.6213169513989, "fac": 4.292256046343688, "start": -0.5937151229591118, "weak": 0.4662346933341833}, "datetime": {"datetime": "2022-04-25 13:01:32", "elapsed": 74389.645838, "delta": 512.173043}}
{"target": 0.0, "params": {"TK": 282.24332147665126, "fac": 3.5769489673922275, "start": -2.666781027059093, "weak": 0.30812696807005246}, "datetime": {"datetime": "2022-04-25 13:02:57", "elapsed": 74474.529705, "delta": 84.883867}}
{"target": 0.125, "params": {"TK": 244.23281574987908, "fac": 4.266997439385766, "start": 3.3218185400991107, "weak": 0.42769908759857045}, "datetime": {"datetime": "2022-04-25 13:09:55", "elapsed": 74892.76172, "delta": 418.232015}}
{"target": 0.2, "params": {"TK": 281.3807491834584, "fac": 3.549710115205829, "start": -0.6311586427051363, "weak": 0.48334450185570976}, "datetime": {"datetime": "2022-04-25 13:17:00", "elapsed": 75317.275531, "delta": 424.513811}}
{"target": 0.0, "params": {"TK": 310.6265199937925, "fac": 3.769769738908761, "start": -2.9711597516322055, "weak": 0.3242243002105891}, "datetime": {"datetime": "2022-04-25 13:18:53", "elapsed": 75430.217662, "delta": 112.942131}}
{"target": 0.483333, "params": {"TK": 261.29617921184456, "fac": 3.8238202162631265, "start": -2.8535751786870396, "weak": 0.47947153514388796}, "datetime": {"datetime": "2022-04-25 13:26:57", "elapsed": 75913.85278, "delta": 483.635118}}
{"target": 0.1, "params": {"TK": 261.35010389558016, "fac": 3.763873954918009, "start": -2.781014586225191, "weak": 0.3999534473503384}, "datetime": {"datetime": "2022-04-25 13:33:11", "elapsed": 76288.642425, "delta": 374.789645}}
{"target": 0.0583333, "params": {"TK": 273.4120481943503, "fac": 3.4874564079831436, "start": -0.888967899126377, "weak": 0.3963854144623359}, "datetime": {"datetime": "2022-04-25 13:40:22", "elapsed": 76719.146325, "delta": 430.5039}}
{"target": 0.45, "params": {"TK": 261.30982756438885, "fac": 3.816649499680783, "start": -2.7074099436416192, "weak": 0.4848795496815642}, "datetime": {"datetime": "2022-04-25 13:49:39", "elapsed": 77275.930868, "delta": 556.784543}}
{"target": 0.0416667, "params": {"TK": 265.48283977276986, "fac": 3.706312362319066, "start": 1.143917822630108, "weak": 0.34973249186312}, "datetime": {"datetime": "2022-04-25 13:52:24", "elapsed": 77441.010886, "delta": 165.080018}}
{"target": 0.291667, "params": {"TK": 269.74526772651916, "fac": 3.2842215260945453, "start": 2.4713294366663767, "weak": 0.48424413754541173}, "datetime": {"datetime": "2022-04-25 13:59:44", "elapsed": 77881.116107, "delta": 440.105221}}
{"target": 0.0, "params": {"TK": 283.4352785537974, "fac": 4.125685874119592, "start": 0.13917798529461933, "weak": 0.32961009549555453}, "datetime": {"datetime": "2022-04-25 14:02:33", "elapsed": 78050.414359, "delta": 169.298252}}
{"target": 0.0333333, "params": {"TK": 284.81731250289965, "fac": 3.584389589403645, "start": 0.4690323881006684, "weak": 0.3894197392187795}, "datetime": {"datetime": "2022-04-25 14:08:56", "elapsed": 78432.924523, "delta": 382.510164}}
{"target": 0.375, "params": {"TK": 273.6441064619275, "fac": 3.266947496070065, "start": -0.8955756382761173, "weak": 0.4775984719644253}, "datetime": {"datetime": "2022-04-25 14:17:35", "elapsed": 78952.392764, "delta": 519.468241}}
{"target": 0.00833333, "params": {"TK": 225.31278293581855, "fac": 3.1186464988910614, "start": -2.7568309294159894, "weak": 0.3009507140139463}, "datetime": {"datetime": "2022-04-25 14:19:43", "elapsed": 79079.839221, "delta": 127.446457}}
{"target": 0.1, "params": {"TK": 269.9714160676674, "fac": 3.059936452393035, "start": 2.499043398500567, "weak": 0.3913215324888375}, "datetime": {"datetime": "2022-04-25 14:27:09", "elapsed": 79526.371672, "delta": 446.532451}}
{"target": 0.316667, "params": {"TK": 269.7299843601149, "fac": 3.0801350138093406, "start": 2.7418473844022833, "weak": 0.47783251782062197}, "datetime": {"datetime": "2022-04-25 14:34:38", "elapsed": 79975.125023, "delta": 448.753351}}
{"target": 0.391667, "params": {"TK": 269.9430000249249, "fac": 3.2658123420480383, "start": 2.4434335769276236, "weak": 0.46856745840808767}, "datetime": {"datetime": "2022-04-25 14:43:46", "elapsed": 80523.335946, "delta": 548.210923}}
{"target": 0.425, "params": {"TK": 260.62288328593365, "fac": 3.914279300680005, "start": -2.4414618095940046, "weak": 0.47292420759575127}, "datetime": {"datetime": "2022-04-25 14:54:14", "elapsed": 81150.908218, "delta": 627.572272}}
{"target": 0.35, "params": {"TK": 228.6161172021823, "fac": 4.129621083161059, "start": 3.071832607996879, "weak": 0.4805536100208723}, "datetime": {"datetime": "2022-04-25 15:04:55", "elapsed": 81792.402836, "delta": 641.494618}}
{"target": 0.0, "params": {"TK": 221.40958839249188, "fac": 3.38157364995943, "start": -0.34253349889926454, "weak": 0.4327378112389063}, "datetime": {"datetime": "2022-04-25 15:13:58", "elapsed": 82335.192967, "delta": 542.790131}}
{"target": 0.0916667, "params": {"TK": 269.731396022159, "fac": 3.2795954537640473, "start": 2.354742016941337, "weak": 0.3944552453436706}, "datetime": {"datetime": "2022-04-25 15:21:10", "elapsed": 82766.84074, "delta": 431.647773}}
{"target": 0.00833333, "params": {"TK": 278.3031821407108, "fac": 2.8260525640839687, "start": 1.922497389759183, "weak": 0.32923979524014985}, "datetime": {"datetime": "2022-04-25 15:23:49", "elapsed": 82926.47521, "delta": 159.63447}}
{"target": 0.241667, "params": {"TK": 250.65097974206816, "fac": 3.875163281853151, "start": 1.9730660261861503, "weak": 0.43487006859773336}, "datetime": {"datetime": "2022-04-25 15:32:54", "elapsed": 83471.656302, "delta": 545.181092}}
{"target": 0.0, "params": {"TK": 226.99353490995497, "fac": 2.7799839862613087, "start": -3.1807593355526675, "weak": 0.31299758277798784}, "datetime": {"datetime": "2022-04-25 15:34:39", "elapsed": 83576.496513, "delta": 104.840211}}
{"target": 0.0916667, "params": {"TK": 260.4800387078652, "fac": 3.4092647971419483, "start": -1.9345111305851024, "weak": 0.3725321505292137}, "datetime": {"datetime": "2022-04-25 15:39:37", "elapsed": 83873.917673, "delta": 297.42116}}
{"target": 0.0, "params": {"TK": 269.7912638979829, "fac": 3.1227089287482075, "start": 2.6618752647552704, "weak": 0.3308202048728451}, "datetime": {"datetime": "2022-04-25 15:42:10", "elapsed": 84027.575369, "delta": 153.657696}}
{"target": 0.383333, "params": {"TK": 261.4143877568374, "fac": 3.7780939331521495, "start": -2.947399504894266, "weak": 0.46636041321438704}, "datetime": {"datetime": "2022-04-25 15:51:41", "elapsed": 84597.991975, "delta": 570.416606}}
{"target": 0.0, "params": {"TK": 260.68831796548193, "fac": 3.9565100887395994, "start": -2.5072459063366477, "weak": 0.34695580922227554}, "datetime": {"datetime": "2022-04-25 15:54:11", "elapsed": 84748.523117, "delta": 150.531142}}
{"target": 0.333333, "params": {"TK": 304.5275537247241, "fac": 2.702006897649436, "start": -1.6612681057555365, "weak": 0.454610062959867}, "datetime": {"datetime": "2022-04-25 16:00:50", "elapsed": 85147.658231, "delta": 399.135114}}
{"target": 0.0, "params": {"TK": 235.0651219455742, "fac": 2.698793638783953, "start": 2.248483568939716, "weak": 0.3114514868122936}, "datetime": {"datetime": "2022-04-25 16:02:56", "elapsed": 85273.036629, "delta": 125.378398}}
{"target": 0.308333, "params": {"TK": 245.1858409294975, "fac": 3.5742729026286653, "start": 2.705196679382846, "weak": 0.44338848900209904}, "datetime": {"datetime": "2022-04-25 16:13:04", "elapsed": 85880.940801, "delta": 607.904172}}
{"target": 0.0, "params": {"TK": 300.031655409724, "fac": 3.9825271090055114, "start": 3.267428264901021, "weak": 0.4480196117326137}, "datetime": {"datetime": "2022-04-25 16:20:24", "elapsed": 86321.244406, "delta": 440.303605}}
{"target": 0.0416667, "params": {"TK": 229.86420912443904, "fac": 3.6658869020328058, "start": 1.3269358872962211, "weak": 0.47503131072821825}, "datetime": {"datetime": "2022-04-25 16:30:41", "elapsed": 86938.48066, "delta": 617.236254}}
{"target": 0.233333, "params": {"TK": 254.71966848419348, "fac": 3.40604427224656, "start": 0.01540600923202895, "weak": 0.43047568293859545}, "datetime": {"datetime": "2022-04-25 16:40:37", "elapsed": 87534.231094, "delta": 595.750434}}
{"target": 0.0416667, "params": {"TK": 260.58774837728834, "fac": 3.8369631227321523, "start": -2.3371631611995616, "weak": 0.3563511934254967}, "datetime": {"datetime": "2022-04-25 16:43:55", "elapsed": 87732.312998, "delta": 198.081904}}
{"target": 0.0, "params": {"TK": 214.1543228633863, "fac": 2.8880232911091297, "start": -3.9664453363862213, "weak": 0.4333691487918891}, "datetime": {"datetime": "2022-04-25 16:48:40", "elapsed": 88017.286344, "delta": 284.973346}}
{"target": 0.1, "params": {"TK": 304.5187872021223, "fac": 2.8576290123267336, "start": -1.7888752623427102, "weak": 0.4743252614642286}, "datetime": {"datetime": "2022-04-25 16:55:03", "elapsed": 88400.137577, "delta": 382.851233}}
{"target": 0.375, "params": {"TK": 261.30742953433895, "fac": 4.034477591307132, "start": -2.835789760019158, "weak": 0.4781396779039695}, "datetime": {"datetime": "2022-04-25 17:05:47", "elapsed": 89044.108058, "delta": 643.970481}}
{"target": 0.45, "params": {"TK": 244.37690415189542, "fac": 4.169642017857995, "start": 3.471242450945879, "weak": 0.4977112172145245}, "datetime": {"datetime": "2022-04-25 17:16:08", "elapsed": 89665.627472, "delta": 621.519414}}
{"target": 0.05, "params": {"TK": 294.5858962782046, "fac": 2.892854209892794, "start": 0.474192139511854, "weak": 0.36295509439728263}, "datetime": {"datetime": "2022-04-25 17:21:04", "elapsed": 89961.700504, "delta": 296.073032}}
{"target": 0.308333, "params": {"TK": 261.4833362931135, "fac": 4.128998179199771, "start": -3.007969789889809, "weak": 0.47464873080527026}, "datetime": {"datetime": "2022-04-25 17:31:49", "elapsed": 90606.088692, "delta": 644.388188}}
{"target": 0.0666667, "params": {"TK": 298.7062053044839, "fac": 2.517417439752375, "start": -3.8930483232302917, "weak": 0.3316512603163445}, "datetime": {"datetime": "2022-04-25 17:34:44", "elapsed": 90781.400993, "delta": 175.312301}}
{"target": 0.208333, "params": {"TK": 229.06833042575312, "fac": 4.254536227808206, "start": 0.6737635299424074, "weak": 0.45876422242128434}, "datetime": {"datetime": "2022-04-25 17:45:35", "elapsed": 91432.330142, "delta": 650.929149}}
{"target": 0.0833333, "params": {"TK": 228.63261659546805, "fac": 4.098815011028174, "start": 2.9542335691996024, "weak": 0.421263418751511}, "datetime": {"datetime": "2022-04-25 17:59:57", "elapsed": 92293.926467, "delta": 861.596325}}
{"target": 0.0, "params": {"TK": 303.4850365147847, "fac": 3.6115452827306322, "start": -2.4705655677429768, "weak": 0.3474325724254732}, "datetime": {"datetime": "2022-04-25 18:02:52", "elapsed": 92469.61531, "delta": 175.688843}}
{"target": 0.333333, "params": {"TK": 269.90560089357757, "fac": 3.194378393966881, "start": 2.476926742512644, "weak": 0.48108129663268895}, "datetime": {"datetime": "2022-04-25 18:10:20", "elapsed": 92916.958719, "delta": 447.343409}}
{"target": 0.4, "params": {"TK": 245.29106839146692, "fac": 3.7363505381817013, "start": 2.8194489086410295, "weak": 0.45880500384936174}, "datetime": {"datetime": "2022-04-25 18:20:39", "elapsed": 93536.254301, "delta": 619.295582}}
{"target": 0.05, "params": {"TK": 261.41248183530354, "fac": 4.0996473298836875, "start": -2.7252225289784926, "weak": 0.3942808911391099}, "datetime": {"datetime": "2022-04-25 18:27:57", "elapsed": 93974.416397, "delta": 438.162096}}
{"target": 0.00833333, "params": {"TK": 304.46519459912275, "fac": 2.6594035400507865, "start": -1.835649271222115, "weak": 0.31834151569919694}, "datetime": {"datetime": "2022-04-25 18:30:35", "elapsed": 94132.385013, "delta": 157.968616}}
{"target": 0.325, "params": {"TK": 244.383496543713, "fac": 4.260404388685896, "start": 3.5883440307645538, "weak": 0.49070483288125666}, "datetime": {"datetime": "2022-04-25 18:41:42", "elapsed": 94799.581003, "delta": 667.19599}}
{"target": 0.166667, "params": {"TK": 228.53762053236645, "fac": 4.073320199124539, "start": 3.1673249305334954, "weak": 0.4491027449057741}, "datetime": {"datetime": "2022-04-25 18:52:55", "elapsed": 95472.632352, "delta": 673.051349}}
