{"target": 0.0, "params": {"TK": 224.34346113502443, "fac": 3.6121620066960984, "start": 3.878060471467558, "weak": 0.36529609785149486}, "datetime": {"datetime": "2022-04-24 23:19:01", "elapsed": 25037.789226, "delta": 174.724013}}
{"target": 0.0, "params": {"TK": 290.50967434620685, "fac": 3.924212742175411, "start": 1.5241423841314177, "weak": 0.33106279215246276}, "datetime": {"datetime": "2022-04-24 23:21:00", "elapsed": 25156.826635, "delta": 119.037409}}
{"target": 0.4, "params": {"TK": 273.62365900320253, "fac": 3.420161741195926, "start": -0.8318595415948344, "weak": 0.480288250122466}, "datetime": {"datetime": "2022-04-24 23:27:56", "elapsed": 25573.552691, "delta": 416.726056}}
{"target": 0.0, "params": {"TK": 250.1695157922976, "fac": 3.6577955501638604, "start": -2.9400263430230815, "weak": 0.33265675476025114}, "datetime": {"datetime": "2022-04-24 23:30:42", "elapsed": 25739.284159, "delta": 165.731468}}
{"target": 0.125, "params": {"TK": 273.7598834593672, "fac": 3.2677301059038486, "start": -0.7629725704241146, "weak": 0.39989380055709345}, "datetime": {"datetime": "2022-04-24 23:38:20", "elapsed": 26197.39425, "delta": 458.110091}}
{"target": 0.025, "params": {"TK": 273.7034006274879, "fac": 3.563460144622325, "start": -0.8620953174820079, "weak": 0.34094159376586325}, "datetime": {"datetime": "2022-04-24 23:40:39", "elapsed": 26336.434551, "delta": 139.040301}}
{"target": 0.158333, "params": {"TK": 298.6485411838166, "fac": 2.726931146245665, "start": -3.962483046373256, "weak": 0.389000735087334}, "datetime": {"datetime": "2022-04-24 23:46:27", "elapsed": 26684.389543, "delta": 347.954992}}
{"target": 0.0833333, "params": {"TK": 273.6818178139961, "fac": 3.202498124658433, "start": -0.6447363307291134, "weak": 0.358863824137533}, "datetime": {"datetime": "2022-04-24 23:49:19", "elapsed": 26856.032032, "delta": 171.642489}}
{"target": 0.216667, "params": {"TK": 304.5224321992637, "fac": 2.834376251039526, "start": -1.5863950868875012, "weak": 0.42061447939826896}, "datetime": {"datetime": "2022-04-24 23:56:24", "elapsed": 27281.581422, "delta": 425.54939}}
{"target": 0.0, "params": {"TK": 261.6626834488817, "fac": 4.005222496946622, "start": -2.90484131914224, "weak": 0.34685878891267957}, "datetime": {"datetime": "2022-04-24 23:58:39", "elapsed": 27415.996869, "delta": 134.415447}}
{"target": 0.0, "params": {"TK": 231.89882540816615, "fac": 2.499321523487388, "start": 3.606600808525622, "weak": 0.4747928698510094}, "datetime": {"datetime": "2022-04-25 00:03:16", "elapsed": 27692.850954, "delta": 276.854085}}
{"target": 0.183333, "params": {"TK": 281.2987208488308, "fac": 3.506037222099157, "start": -0.6469598052218696, "weak": 0.45551839215672035}, "datetime": {"datetime": "2022-04-25 00:12:49", "elapsed": 28266.492707, "delta": 573.641753}}
{"target": 0.366667, "params": {"TK": 245.2113320420202, "fac": 3.786121320218, "start": 2.5464042587855653, "weak": 0.4966037705208044}, "datetime": {"datetime": "2022-04-25 00:20:47", "elapsed": 28744.684581, "delta": 478.191874}}
{"target": 0.0, "params": {"TK": 267.8080680921823, "fac": 3.0216673395055285, "start": -1.2614503688673775, "weak": 0.30552772196903005}, "datetime": {"datetime": "2022-04-25 00:22:31", "elapsed": 28848.071441, "delta": 103.38686}}
{"target": 0.241667, "params": {"TK": 261.3886909085215, "fac": 4.175017866471542, "start": -2.825899422832723, "weak": 0.4695208164228163}, "datetime": {"datetime": "2022-04-25 00:31:42", "elapsed": 29399.514871, "delta": 551.44343}}
{"target": 0.0, "params": {"TK": 253.0697519594725, "fac": 4.415360706056162, "start": -0.24149917475245974, "weak": 0.33009154108376454}, "datetime": {"datetime": "2022-04-25 00:33:34", "elapsed": 29511.451116, "delta": 111.936245}}
{"target": 0.425, "params": {"TK": 244.33127841468655, "fac": 3.800228657375575, "start": 3.1049114073354858, "weak": 0.492707681287464}, "datetime": {"datetime": "2022-04-25 00:42:23", "elapsed": 30040.596094, "delta": 529.144978}}
{"target": 0.0916667, "params": {"TK": 297.0188569916519, "fac": 3.7129074230005483, "start": -2.6926452773602767, "weak": 0.49883885615914714}, "datetime": {"datetime": "2022-04-25 00:47:59", "elapsed": 30376.03849, "delta": 335.442396}}
{"target": 0.05, "params": {"TK": 265.28145095720004, "fac": 2.982118609093214, "start": -0.8463550698679709, "weak": 0.3831627481194848}, "datetime": {"datetime": "2022-04-25 00:54:05", "elapsed": 30742.525907, "delta": 366.487417}}
{"target": 0.0333333, "params": {"TK": 305.9604716093694, "fac": 3.6488974775762504, "start": -0.31836758799366205, "weak": 0.45228541394754623}, "datetime": {"datetime": "2022-04-25 01:01:29", "elapsed": 31186.099577, "delta": 443.57367}}
{"target": 0.141667, "params": {"TK": 244.5321598893695, "fac": 3.792721813637896, "start": 3.195886019159552, "weak": 0.42291674776688226}, "datetime": {"datetime": "2022-04-25 01:10:38", "elapsed": 31735.293007, "delta": 549.19343}}
{"target": 0.00833333, "params": {"TK": 291.7921896530021, "fac": 3.1453070935390235, "start": 1.993419501396409, "weak": 0.3742533207193098}, "datetime": {"datetime": "2022-04-25 01:16:10", "elapsed": 32067.762549, "delta": 332.469542}}
{"target": 0.191667, "params": {"TK": 273.57645267540477, "fac": 3.4095632141258223, "start": -0.7761037449074406, "weak": 0.41458354550338766}, "datetime": {"datetime": "2022-04-25 01:24:42", "elapsed": 32579.301558, "delta": 511.539009}}
{"target": 0.291667, "params": {"TK": 273.63216544476734, "fac": 3.3732170670409927, "start": -0.7877330036516597, "weak": 0.4863398020811024}, "datetime": {"datetime": "2022-04-25 01:32:38", "elapsed": 33055.258751, "delta": 475.957193}}
{"target": 0.0, "params": {"TK": 295.358077251301, "fac": 2.517810994100326, "start": -3.3916724152208557, "weak": 0.3070280455277392}, "datetime": {"datetime": "2022-04-25 01:35:11", "elapsed": 33207.849875, "delta": 152.591124}}
{"target": 0.175, "params": {"TK": 309.7716506653669, "fac": 2.984122468246759, "start": -0.5584993274344319, "weak": 0.4656105148221241}, "datetime": {"datetime": "2022-04-25 01:42:45", "elapsed": 33662.605249, "delta": 454.755374}}
{"target": 0.316667, "params": {"TK": 244.33972344147742, "fac": 4.00197057010363, "start": 3.3340772952532927, "weak": 0.453659075922219}, "datetime": {"datetime": "2022-04-25 01:53:05", "elapsed": 34281.987638, "delta": 619.382389}}
{"target": 0.0583333, "params": {"TK": 306.50736998514486, "fac": 2.8735759985769267, "start": 2.695649189147624, "weak": 0.3282088076668408}, "datetime": {"datetime": "2022-04-25 01:55:49", "elapsed": 34446.751886, "delta": 164.764248}}
{"target": 0.208333, "params": {"TK": 266.2177182610555, "fac": 4.343354165022871, "start": 2.107848948144129, "weak": 0.4928261813949655}, "datetime": {"datetime": "2022-04-25 02:04:15", "elapsed": 34952.726556, "delta": 505.97467}}
{"target": 0.0, "params": {"TK": 228.11642106877935, "fac": 3.532761745639427, "start": 1.3543593771784286, "weak": 0.30633776607013297}, "datetime": {"datetime": "2022-04-25 02:05:54", "elapsed": 35051.052064, "delta": 98.325508}}
{"target": 0.0, "params": {"TK": 310.13174409170983, "fac": 3.834466816853449, "start": -1.839120249260354, "weak": 0.3537684724356291}, "datetime": {"datetime": "2022-04-25 02:08:41", "elapsed": 35218.426538, "delta": 167.374474}}
{"target": 0.0, "params": {"TK": 239.82176513335645, "fac": 3.3650833552615005, "start": -1.7621587836482169, "weak": 0.38640554883735906}, "datetime": {"datetime": "2022-04-25 02:15:22", "elapsed": 35619.47645, "delta": 401.049912}}
{"target": 0.0833333, "params": {"TK": 272.8802951364225, "fac": 3.407530606395053, "start": 1.3327273811948546, "weak": 0.3917537453033465}, "datetime": {"datetime": "2022-04-25 02:22:12", "elapsed": 36028.816877, "delta": 409.340427}}
{"target": 0.133333, "params": {"TK": 245.269202974092, "fac": 3.9147443721869513, "start": 2.4826587251960115, "weak": 0.42068868790296715}, "datetime": {"datetime": "2022-04-25 02:30:12", "elapsed": 36509.239952, "delta": 480.423075}}
{"target": 0.0583333, "params": {"TK": 244.45462751984712, "fac": 3.932503289707687, "start": 3.2958138846368596, "weak": 0.3691824306190993}, "datetime": {"datetime": "2022-04-25 02:33:23", "elapsed": 36700.519932, "delta": 191.27998}}
{"target": 0.133333, "params": {"TK": 244.22946423720987, "fac": 3.897835122388945, "start": 2.9706703225030013, "weak": 0.42253064986960276}, "datetime": {"datetime": "2022-04-25 02:41:17", "elapsed": 37174.696445, "delta": 474.176513}}
{"target": 0.0, "params": {"TK": 251.3316721827009, "fac": 3.609970795086329, "start": -1.6100687356145276, "weak": 0.3308790433819746}, "datetime": {"datetime": "2022-04-25 02:43:25", "elapsed": 37302.255193, "delta": 127.558748}}
{"target": 0.225, "params": {"TK": 244.32146975183778, "fac": 3.895952819332628, "start": 3.197077793517707, "weak": 0.43446073413171976}, "datetime": {"datetime": "2022-04-25 02:51:26", "elapsed": 37783.468558, "delta": 481.213365}}
{"target": 0.316667, "params": {"TK": 261.49654468146304, "fac": 4.005531731170591, "start": -2.927382321326893, "weak": 0.46444589673773595}, "datetime": {"datetime": "2022-04-25 02:59:35", "elapsed": 38272.346167, "delta": 488.877609}}
{"target": 0.216667, "params": {"TK": 273.70582575929285, "fac": 3.5078056308897567, "start": -0.7949731369622359, "weak": 0.4522646116677286}, "datetime": {"datetime": "2022-04-25 03:08:38", "elapsed": 38815.222389, "delta": 542.876222}}
{"target": 0.0, "params": {"TK": 221.90239955248862, "fac": 3.516568127893099, "start": 0.7562799841787937, "weak": 0.34115540513411374}, "datetime": {"datetime": "2022-04-25 03:10:50", "elapsed": 38947.28824, "delta": 132.065851}}
{"target": 0.266667, "params": {"TK": 270.05330265077504, "fac": 3.2714722611471583, "start": 2.420376494783122, "weak": 0.4994648582865372}, "datetime": {"datetime": "2022-04-25 03:15:44", "elapsed": 39241.762906, "delta": 294.474666}}
{"target": 0.0, "params": {"TK": 276.4880266893094, "fac": 4.40899948178527, "start": 0.7012412032727049, "weak": 0.401203231814931}, "datetime": {"datetime": "2022-04-25 03:20:35", "elapsed": 39532.750786, "delta": 290.98788}}
{"target": 0.0, "params": {"TK": 273.76169747687254, "fac": 3.4599607605125473, "start": -1.6645286794980727, "weak": 0.329329073380651}, "datetime": {"datetime": "2022-04-25 03:22:56", "elapsed": 39673.509662, "delta": 140.758876}}
{"target": 0.0333333, "params": {"TK": 280.3627424701175, "fac": 3.4310637509074717, "start": 2.3554837862982616, "weak": 0.36198299619248786}, "datetime": {"datetime": "2022-04-25 03:25:54", "elapsed": 39851.055126, "delta": 177.545464}}
{"target": 0.4, "params": {"TK": 261.47118073967164, "fac": 4.132041164890627, "start": -2.8318261364767716, "weak": 0.49515799207121364}, "datetime": {"datetime": "2022-04-25 03:34:04", "elapsed": 40341.389174, "delta": 490.334048}}
{"target": 0.0, "params": {"TK": 214.1432315660453, "fac": 3.6134853553110435, "start": -1.8123041310333825, "weak": 0.4572166819836978}, "datetime": {"datetime": "2022-04-25 03:40:04", "elapsed": 40701.358791, "delta": 359.969617}}
{"target": 0.0, "params": {"TK": 273.5990806572944, "fac": 3.272142628645865, "start": -0.7918285880125859, "weak": 0.3287134292157639}, "datetime": {"datetime": "2022-04-25 03:42:14", "elapsed": 40831.543728, "delta": 130.184937}}
{"target": 0.333333, "params": {"TK": 273.5065440936576, "fac": 3.513974519923784, "start": -0.9172921466638213, "weak": 0.4815805334944942}, "datetime": {"datetime": "2022-04-25 03:50:46", "elapsed": 41343.536957, "delta": 511.993229}}
{"target": 0.0833333, "params": {"TK": 283.53574672172766, "fac": 2.606795141241592, "start": -3.1740944433049343, "weak": 0.4711825121602568}, "datetime": {"datetime": "2022-04-25 03:57:00", "elapsed": 41717.566439, "delta": 374.029482}}
{"target": 0.0416667, "params": {"TK": 259.71490964426215, "fac": 2.9298749260525314, "start": 0.6947047995617153, "weak": 0.46187185662363006}, "datetime": {"datetime": "2022-04-25 04:05:15", "elapsed": 42212.384096, "delta": 494.817657}}
{"target": 0.308333, "params": {"TK": 244.22490758258178, "fac": 4.122352413835344, "start": 3.292052298511651, "weak": 0.45645101640346775}, "datetime": {"datetime": "2022-04-25 04:15:15", "elapsed": 42812.013787, "delta": 599.629691}}
{"target": 0.441667, "params": {"TK": 244.41999896303432, "fac": 4.035135695256737, "start": 3.3835212126830507, "weak": 0.4965549618733333}, "datetime": {"datetime": "2022-04-25 04:25:03", "elapsed": 43400.179038, "delta": 588.165251}}
{"target": 0.075, "params": {"TK": 244.2626566183495, "fac": 3.9963816529150504, "start": 3.592139256171821, "weak": 0.40377326260433577}, "datetime": {"datetime": "2022-04-25 04:31:20", "elapsed": 43777.342443, "delta": 377.163405}}
{"target": 0.05, "params": {"TK": 256.0046807279396, "fac": 3.9603937374814837, "start": 2.1583269819341364, "weak": 0.383126774143491}, "datetime": {"datetime": "2022-04-25 04:35:46", "elapsed": 44043.570484, "delta": 266.228041}}
{"target": 0.45, "params": {"TK": 244.36952065784766, "fac": 4.089459071907589, "start": 3.3641361205788516, "weak": 0.5}, "datetime": {"datetime": "2022-04-25 04:43:58", "elapsed": 44535.581047, "delta": 492.010563}}
{"target": 0.0416667, "params": {"TK": 260.26393949901706, "fac": 3.985359437834422, "start": 0.8291068243086359, "weak": 0.35594796758231273}, "datetime": {"datetime": "2022-04-25 04:46:27", "elapsed": 44684.296409, "delta": 148.715362}}
{"target": 0.025, "params": {"TK": 306.79053358520054, "fac": 3.145371974903191, "start": 0.10803582156741331, "weak": 0.3477711971143271}, "datetime": {"datetime": "2022-04-25 04:48:55", "elapsed": 44832.306605, "delta": 148.010196}}
{"target": 0.075, "params": {"TK": 251.22177281294796, "fac": 3.5148621025521947, "start": -1.6875129963989188, "weak": 0.3978864790693746}, "datetime": {"datetime": "2022-04-25 04:55:23", "elapsed": 45220.205135, "delta": 387.89853}}
{"target": 0.408333, "params": {"TK": 244.1810508152636, "fac": 3.9076735644094094, "start": 3.1925466122468196, "weak": 0.48094931339202995}, "datetime": {"datetime": "2022-04-25 05:04:03", "elapsed": 45740.441507, "delta": 520.236372}}
{"target": 0.108333, "params": {"TK": 244.39068831206112, "fac": 3.5959502464209514, "start": 3.031711595117091, "weak": 0.4124884237412734}, "datetime": {"datetime": "2022-04-25 05:11:33", "elapsed": 46189.794626, "delta": 449.353119}}
{"target": 0.133333, "params": {"TK": 297.15800569997515, "fac": 2.530596754997435, "start": -3.4452977567210112, "weak": 0.38957098238669746}, "datetime": {"datetime": "2022-04-25 05:17:51", "elapsed": 46568.273581, "delta": 378.478955}}
{"target": 0.391667, "params": {"TK": 261.3192745839198, "fac": 4.088609749195619, "start": -2.8580590562299495, "weak": 0.4936901525960062}, "datetime": {"datetime": "2022-04-25 05:26:31", "elapsed": 47088.179169, "delta": 519.905588}}
{"target": 0.0, "params": {"TK": 222.40155101881896, "fac": 2.82619618281081, "start": -1.9158847541160426, "weak": 0.48668928102137987}, "datetime": {"datetime": "2022-04-25 05:29:47", "elapsed": 47284.766325, "delta": 196.587156}}
{"target": 0.0, "params": {"TK": 278.3559918721353, "fac": 4.449276285587542, "start": 0.05270828095137414, "weak": 0.4222531233466118}, "datetime": {"datetime": "2022-04-25 05:36:01", "elapsed": 47658.134098, "delta": 373.367773}}
{"target": 0.25, "params": {"TK": 298.6708571519984, "fac": 2.6224003849662942, "start": -3.7948790797592533, "weak": 0.44164980152753797}, "datetime": {"datetime": "2022-04-25 05:43:02", "elapsed": 48078.875779, "delta": 420.741681}}
{"target": 0.233333, "params": {"TK": 273.58070360351763, "fac": 3.410189665034844, "start": -0.9184810610310091, "weak": 0.5}, "datetime": {"datetime": "2022-04-25 05:48:09", "elapsed": 48386.487926, "delta": 307.612147}}
{"target": 0.0, "params": {"TK": 234.58678124995086, "fac": 4.358015888353821, "start": 1.710161589508525, "weak": 0.30273650298464216}, "datetime": {"datetime": "2022-04-25 05:49:12", "elapsed": 48449.114507, "delta": 62.626581}}
{"target": 0.133333, "params": {"TK": 281.25629295186843, "fac": 3.623744406257171, "start": -0.7394596822415507, "weak": 0.448762717017597}, "datetime": {"datetime": "2022-04-25 05:56:57", "elapsed": 48914.138114, "delta": 465.023607}}
{"target": 0.0, "params": {"TK": 213.41141998092752, "fac": 3.63018476474032, "start": 0.6086829601511532, "weak": 0.4712455813837484}, "datetime": {"datetime": "2022-04-25 06:03:21", "elapsed": 49298.289207, "delta": 384.151093}}
{"target": 0.366667, "params": {"TK": 269.9647272894796, "fac": 3.2795513456140117, "start": 2.355877762650428, "weak": 0.47165249058281256}, "datetime": {"datetime": "2022-04-25 06:10:09", "elapsed": 49705.892982, "delta": 407.603775}}
{"target": 0.075, "params": {"TK": 239.80873903099098, "fac": 4.247712239313578, "start": -3.2164235865115263, "weak": 0.39491762708092315}, "datetime": {"datetime": "2022-04-25 06:15:38", "elapsed": 50034.997171, "delta": 329.104189}}
{"target": 0.05, "params": {"TK": 274.6594358341818, "fac": 4.013524525381607, "start": -0.0741077809569397, "weak": 0.3644257741772443}, "datetime": {"datetime": "2022-04-25 06:18:17", "elapsed": 50194.35012, "delta": 159.352949}}
{"target": 0.0666667, "params": {"TK": 261.48209140856267, "fac": 4.226840694499079, "start": -2.9254445567314997, "weak": 0.3693181136592819}, "datetime": {"datetime": "2022-04-25 06:21:30", "elapsed": 50387.247682, "delta": 192.897562}}
{"target": 0.0, "params": {"TK": 229.65978576831031, "fac": 3.826810280710789, "start": -3.6316469771039888, "weak": 0.3733601407194735}, "datetime": {"datetime": "2022-04-25 06:25:43", "elapsed": 50640.382622, "delta": 253.13494}}
{"target": 0.0916667, "params": {"TK": 244.2469387111579, "fac": 3.855707350376651, "start": 3.3026969202290744, "weak": 0.39240451891358896}, "datetime": {"datetime": "2022-04-25 06:30:39", "elapsed": 50936.633456, "delta": 296.250834}}
{"target": 0.316667, "params": {"TK": 244.35756093342647, "fac": 3.9985551078088135, "start": 3.281123735002197, "weak": 0.4525897019497851}, "datetime": {"datetime": "2022-04-25 06:38:51", "elapsed": 51427.809824, "delta": 491.176368}}
{"target": 0.191667, "params": {"TK": 278.9005491911766, "fac": 3.3602107777803347, "start": 1.2050127993883786, "weak": 0.4474677040237724}, "datetime": {"datetime": "2022-04-25 06:46:47", "elapsed": 51904.050148, "delta": 476.240324}}
{"target": 0.175, "params": {"TK": 267.26762099339044, "fac": 3.369560678651505, "start": -2.09778959899094, "weak": 0.41236993821581314}, "datetime": {"datetime": "2022-04-25 06:53:16", "elapsed": 52293.686354, "delta": 389.636206}}
{"target": 0.35, "params": {"TK": 261.2574005913704, "fac": 3.803023691254578, "start": -2.8650572460972565, "weak": 0.45323408483121963}, "datetime": {"datetime": "2022-04-25 07:01:20", "elapsed": 52777.566222, "delta": 483.879868}}
{"target": 0.0583333, "params": {"TK": 244.25032374097603, "fac": 4.038169093128223, "start": 3.4119102347701986, "weak": 0.40699619483393323}, "datetime": {"datetime": "2022-04-25 07:07:09", "elapsed": 53126.734508, "delta": 349.168286}}
{"target": 0.0, "params": {"TK": 261.11611113300455, "fac": 3.806562226826512, "start": -2.8455002385841874, "weak": 0.31071002466901554}, "datetime": {"datetime": "2022-04-25 07:08:37", "elapsed": 53214.650659, "delta": 87.916151}}
{"target": 0.0, "params": {"TK": 301.1404796189862, "fac": 3.11135907111088, "start": -1.3050288991832222, "weak": 0.3193130941851991}, "datetime": {"datetime": "2022-04-25 07:10:33", "elapsed": 53330.729355, "delta": 116.078696}}
{"target": 0.0833333, "params": {"TK": 261.4432021195405, "fac": 4.012730403581275, "start": -2.903993745081377, "weak": 0.40842392638338765}, "datetime": {"datetime": "2022-04-25 07:17:04", "elapsed": 53721.411315, "delta": 390.68196}}
{"target": 0.333333, "params": {"TK": 244.23514619709792, "fac": 3.993108719393719, "start": 3.3304212946610887, "weak": 0.4588897783759974}, "datetime": {"datetime": "2022-04-25 07:25:23", "elapsed": 54220.765021, "delta": 499.353706}}
{"target": 0.225, "params": {"TK": 228.74514402523846, "fac": 4.279132240577342, "start": 3.1602824782217347, "weak": 0.44813431458855674}, "datetime": {"datetime": "2022-04-25 07:33:29", "elapsed": 54706.549135, "delta": 485.784114}}
{"target": 0.341667, "params": {"TK": 304.6180852155655, "fac": 2.708280664489861, "start": -1.6514715135442195, "weak": 0.42744172412578896}, "datetime": {"datetime": "2022-04-25 07:40:56", "elapsed": 55152.826027, "delta": 446.276892}}
{"target": 0.216667, "params": {"TK": 304.4513222111117, "fac": 2.6669386510970767, "start": -1.5307550848265983, "weak": 0.4706829758828096}, "datetime": {"datetime": "2022-04-25 07:45:43", "elapsed": 55440.481907, "delta": 287.65588}}
{"target": 0.233333, "params": {"TK": 269.93397701483246, "fac": 3.4126034893719606, "start": 2.4843033062611495, "weak": 0.41430949347241214}, "datetime": {"datetime": "2022-04-25 07:52:02", "elapsed": 55819.263366, "delta": 378.781459}}
{"target": 0.441667, "params": {"TK": 261.24220090827623, "fac": 3.8652889266879953, "start": -2.6795155880072157, "weak": 0.4902402313011477}, "datetime": {"datetime": "2022-04-25 07:59:24", "elapsed": 56261.509597, "delta": 442.246231}}
{"target": 0.0, "params": {"TK": 229.75638005935437, "fac": 2.9775499093530615, "start": 3.6641592301087718, "weak": 0.4365260341006236}, "datetime": {"datetime": "2022-04-25 08:08:01", "elapsed": 56778.274053, "delta": 516.764456}}
{"target": 0.35, "params": {"TK": 269.9628374081411, "fac": 3.145922436635656, "start": 2.373966518575717, "weak": 0.4749511653275257}, "datetime": {"datetime": "2022-04-25 08:14:45", "elapsed": 57182.425411, "delta": 404.151358}}
{"target": 0.0583333, "params": {"TK": 304.85120301461285, "fac": 2.7443382631371414, "start": -1.6085347331524575, "weak": 0.3515598458426275}, "datetime": {"datetime": "2022-04-25 08:17:34", "elapsed": 57351.748037, "delta": 169.322626}}
