{"target": 0.13359375, "params": {"TK": 254.40934235911956, "fac": -0.778656649045802, "start": -0.6181876003188425, "weak": 0.4407994193824628}, "datetime": {"datetime": "2022-05-10 08:10:07", "elapsed": 507685.106362, "delta": 1295.775528}}
{"target": 0.0, "params": {"TK": 244.19234185526892, "fac": -0.4693625583807598, "start": -0.526814315607707, "weak": 0.4682690672886133}, "datetime": {"datetime": "2022-05-10 08:16:26", "elapsed": 508064.772646, "delta": 379.666284}}
{"target": 0.0, "params": {"TK": 239.90311878770723, "fac": -0.6351982634597905, "start": -2.6790961406589364, "weak": 0.30856947618408753}, "datetime": {"datetime": "2022-05-10 08:23:19", "elapsed": 508477.459443, "delta": 412.686797}}
{"target": 0.6890625, "params": {"TK": 263.8728378785341, "fac": -0.9560131267449353, "start": -2.4958802358983805, "weak": 0.4007909551701161}, "datetime": {"datetime": "2022-05-10 08:49:54", "elapsed": 510072.939826, "delta": 1595.480383}}
{"target": 0.762890625, "params": {"TK": 258.61269015306965, "fac": -0.9657722870426291, "start": -3.329951340655663, "weak": 0.4114807028582095}, "datetime": {"datetime": "2022-05-10 09:15:33", "elapsed": 511611.433788, "delta": 1538.493962}}
{"target": 0.45351562500000003, "params": {"TK": 263.87514491525104, "fac": -0.8441477279234861, "start": -3.054986701536232, "weak": 0.37477232851971304}, "datetime": {"datetime": "2022-05-10 09:41:44", "elapsed": 513182.432072, "delta": 1570.998284}}
{"target": 0.0, "params": {"TK": 244.21488108338292, "fac": -0.6149392472226489, "start": 2.114393579146012, "weak": 0.40541001782334346}, "datetime": {"datetime": "2022-05-10 10:02:44", "elapsed": 514442.534272, "delta": 1260.1022}}
{"target": 0.18984375, "params": {"TK": 260.39485115968716, "fac": -0.8294137583520454, "start": -2.6875990541893247, "weak": 0.46692020850860205}, "datetime": {"datetime": "2022-05-10 10:21:03", "elapsed": 515541.976712, "delta": 1099.44244}}
{"target": 0.031640625, "params": {"TK": 298.5968057781306, "fac": -0.9277905626832093, "start": 3.786790874539234, "weak": 0.47214886980108056}, "datetime": {"datetime": "2022-05-10 10:32:53", "elapsed": 516251.476153, "delta": 709.499441}}
{"target": 0.144140625, "params": {"TK": 258.40111565766375, "fac": -0.974331319166635, "start": -3.38347756637425, "weak": 0.4995507228948994}, "datetime": {"datetime": "2022-05-10 10:48:59", "elapsed": 517217.753892, "delta": 966.277739}}
{"target": 0.16171875, "params": {"TK": 263.15257410711047, "fac": -0.9140020664147868, "start": -2.965586018949418, "weak": 0.3095073687558143}, "datetime": {"datetime": "2022-05-10 11:03:37", "elapsed": 518095.078553, "delta": 877.324661}}
{"target": 0.439453125, "params": {"TK": 266.8734767798349, "fac": -0.8438201519209411, "start": 0.6637572094971519, "weak": 0.36665709826218623}, "datetime": {"datetime": "2022-05-10 11:29:59", "elapsed": 519677.653468, "delta": 1582.574915}}
{"target": 0.6257812500000001, "params": {"TK": 264.3531086424089, "fac": -0.9039709134972255, "start": -2.750498764232309, "weak": 0.4391649783975171}, "datetime": {"datetime": "2022-05-10 11:53:27", "elapsed": 521085.680687, "delta": 1408.027219}}
{"target": 0.05625, "params": {"TK": 295.33478850244956, "fac": -0.47513829128447393, "start": 3.49687593039401, "weak": 0.3411964649994733}, "datetime": {"datetime": "2022-05-10 12:08:36", "elapsed": 521994.900443, "delta": 909.219756}}
{"target": 0.16171875, "params": {"TK": 305.66893321401307, "fac": -0.5523038404304546, "start": -1.6011274088904814, "weak": 0.30856304609341667}, "datetime": {"datetime": "2022-05-10 12:19:59", "elapsed": 522677.712829, "delta": 682.812386}}
{"target": 0.36562500000000003, "params": {"TK": 263.7703720761766, "fac": -0.9400655869568834, "start": -3.2294454476541894, "weak": 0.4727040459499567}, "datetime": {"datetime": "2022-05-10 12:40:19", "elapsed": 523897.876869, "delta": 1220.16404}}
{"target": 0.43593750000000003, "params": {"TK": 267.6410059631364, "fac": -0.7960840624985576, "start": 3.675967900785608, "weak": 0.37442420650925823}, "datetime": {"datetime": "2022-05-10 13:06:35", "elapsed": 525473.758094, "delta": 1575.881225}}
{"target": 0.341015625, "params": {"TK": 263.8762795522327, "fac": -0.8953462340683428, "start": -3.1265727999995923, "weak": 0.47097399184914646}, "datetime": {"datetime": "2022-05-10 13:25:56", "elapsed": 526634.068668, "delta": 1160.310574}}
{"target": 0.0, "params": {"TK": 223.31590606470192, "fac": -0.7502492073447438, "start": 2.7814476270773296, "weak": 0.4209504078647617}, "datetime": {"datetime": "2022-05-10 13:43:11", "elapsed": 527669.385385, "delta": 1035.316717}}
{"target": 0.52734375, "params": {"TK": 264.30467475577916, "fac": -0.8732275191518728, "start": -2.8394107896978458, "weak": 0.3701282035273985}, "datetime": {"datetime": "2022-05-10 14:09:40", "elapsed": 529258.077093, "delta": 1588.691708}}
{"target": 0.791015625, "params": {"TK": 238.34597947039163, "fac": -1.0, "start": 3.751143533153529, "weak": 0.416582589951666}, "datetime": {"datetime": "2022-05-10 14:35:40", "elapsed": 530818.4311, "delta": 1560.354007}}
{"target": 0.05625, "params": {"TK": 287.15709520369194, "fac": -0.5058162606651753, "start": 3.059456586810686, "weak": 0.3602663154327313}, "datetime": {"datetime": "2022-05-10 14:55:12", "elapsed": 531990.951428, "delta": 1172.520328}}
{"target": 0.481640625, "params": {"TK": 263.76378083438505, "fac": -0.9542558777311824, "start": -3.004015535682603, "weak": 0.4518334380345959}, "datetime": {"datetime": "2022-05-10 15:18:24", "elapsed": 533382.042224, "delta": 1391.090796}}
{"target": 0.755859375, "params": {"TK": 264.4236989961791, "fac": -0.9091192976650982, "start": -2.806274509271251, "weak": 0.4000619819892725}, "datetime": {"datetime": "2022-05-10 15:44:17", "elapsed": 534935.680932, "delta": 1553.638708}}
