{"target": 0.0, "params": {"TK": 225.6051846987125, "fac": 2.8716267966956637, "start": -1.6673489867943196, "weak": 0.4766924966834095}, "datetime": {"datetime": "2022-04-28 03:48:15", "elapsed": 300391.843026, "delta": 295.750679}}
{"target": 0.05, "params": {"TK": 235.70806005551722, "fac": 4.246861147507062, "start": -0.08021383828243778, "weak": 0.38510006542414077}, "datetime": {"datetime": "2022-04-28 03:53:43", "elapsed": 300720.554639, "delta": 328.711613}}
{"target": 0.433333, "params": {"TK": 245.05269758230702, "fac": 3.9583538896152684, "start": 2.654933330455213, "weak": 0.4904319232665642}, "datetime": {"datetime": "2022-04-28 04:04:16", "elapsed": 301352.867501, "delta": 632.312862}}
{"target": 0.0, "params": {"TK": 285.5505775003371, "fac": 3.273879600029418, "start": 3.043547812501493, "weak": 0.3241644733779216}, "datetime": {"datetime": "2022-04-28 04:06:47", "elapsed": 301504.541543, "delta": 151.674042}}
{"target": 0.366667, "params": {"TK": 273.3213007577323, "fac": 3.327234947605446, "start": -0.24092122955657924, "weak": 0.4631564066700313}, "datetime": {"datetime": "2022-04-28 04:17:26", "elapsed": 302143.722036, "delta": 639.180493}}
{"target": 0.45, "params": {"TK": 261.06992272625115, "fac": 4.023721288212954, "start": -2.7235459035100478, "weak": 0.4831828432245959}, "datetime": {"datetime": "2022-04-28 04:28:26", "elapsed": 302803.078349, "delta": 659.356313}}
{"target": 0.333333, "params": {"TK": 261.4133210121866, "fac": 3.873606101631955, "start": -3.2136621519344386, "weak": 0.5}, "datetime": {"datetime": "2022-04-28 04:37:52", "elapsed": 303369.043637, "delta": 565.965288}}
{"target": 0.291667, "params": {"TK": 290.92002185717206, "fac": 2.6834540717100293, "start": 1.08431514608883, "weak": 0.45069939470220566}, "datetime": {"datetime": "2022-04-28 04:46:53", "elapsed": 303910.501737, "delta": 541.4581}}
{"target": 0.05, "params": {"TK": 267.09471586872434, "fac": 3.040678719961058, "start": -1.295171266126233, "weak": 0.3788372104422824}, "datetime": {"datetime": "2022-04-28 04:54:06", "elapsed": 304343.364106, "delta": 432.862369}}
{"target": 0.0916667, "params": {"TK": 261.49498848445455, "fac": 3.542018787395212, "start": -3.1870345878736295, "weak": 0.36730624490364744}, "datetime": {"datetime": "2022-04-28 04:59:28", "elapsed": 304664.854056, "delta": 321.48995}}
{"target": 0.166667, "params": {"TK": 256.784274894279, "fac": 4.046666385272426, "start": 3.74765015435033, "weak": 0.4539338083717551}, "datetime": {"datetime": "2022-04-28 05:10:14", "elapsed": 305311.127045, "delta": 646.272989}}
{"target": 0.075, "params": {"TK": 297.5985704170339, "fac": 2.6708678358290054, "start": -0.9725889948289081, "weak": 0.3443535307969694}, "datetime": {"datetime": "2022-04-28 05:14:07", "elapsed": 305544.479813, "delta": 233.352768}}
{"target": 0.25, "params": {"TK": 265.63133143196126, "fac": 3.394866811642446, "start": 1.1735372885684123, "weak": 0.42123490654782947}, "datetime": {"datetime": "2022-04-28 05:23:47", "elapsed": 306124.523009, "delta": 580.043196}}
{"target": 0.258333, "params": {"TK": 260.78599747996117, "fac": 4.001977553759759, "start": -2.358770054747331, "weak": 0.42989939420345513}, "datetime": {"datetime": "2022-04-28 05:34:04", "elapsed": 306741.412891, "delta": 616.889882}}
{"target": 0.383333, "params": {"TK": 244.37073619480415, "fac": 3.7468659212628177, "start": 3.0046709727179284, "weak": 0.4913038805051496}, "datetime": {"datetime": "2022-04-28 05:44:08", "elapsed": 307344.985963, "delta": 603.573072}}
{"target": 0.375, "params": {"TK": 273.4140527978757, "fac": 3.3460678536395108, "start": -0.030432163529853895, "weak": 0.4797358785369751}, "datetime": {"datetime": "2022-04-28 05:53:17", "elapsed": 307893.950905, "delta": 548.964942}}
{"target": 0.0583333, "params": {"TK": 271.02664022645604, "fac": 3.3392556773327957, "start": -1.1327206905144092, "weak": 0.3545430580257147}, "datetime": {"datetime": "2022-04-28 05:57:10", "elapsed": 308126.805706, "delta": 232.854801}}
{"target": 0.233333, "params": {"TK": 261.11597919383627, "fac": 4.239151330206715, "start": -2.7989470452604266, "weak": 0.46049316771082804}, "datetime": {"datetime": "2022-04-28 06:08:41", "elapsed": 308818.215083, "delta": 691.409377}}
{"target": 0.0, "params": {"TK": 258.63775403291913, "fac": 4.427198144530417, "start": -3.055849823662961, "weak": 0.3073352151396855}, "datetime": {"datetime": "2022-04-28 06:10:09", "elapsed": 308905.792794, "delta": 87.577711}}
{"target": 0.475, "params": {"TK": 261.55915742687813, "fac": 3.679411904428604, "start": -2.854772103162266, "weak": 0.45473693351616246}, "datetime": {"datetime": "2022-04-28 06:21:17", "elapsed": 309574.223408, "delta": 668.430614}}
{"target": 0.0, "params": {"TK": 220.3138578549902, "fac": 3.324226713104925, "start": -0.990160341348508, "weak": 0.4454271212825689}, "datetime": {"datetime": "2022-04-28 06:30:09", "elapsed": 310106.257332, "delta": 532.033924}}
{"target": 0.0, "params": {"TK": 272.4388366545415, "fac": 4.294133454794555, "start": 1.0818540868216528, "weak": 0.30924280709536267}, "datetime": {"datetime": "2022-04-28 06:31:37", "elapsed": 310194.183429, "delta": 87.926097}}
{"target": 0.0, "params": {"TK": 218.4133249662936, "fac": 3.2621215147938636, "start": 2.9980771660681995, "weak": 0.4745849100590923}, "datetime": {"datetime": "2022-04-28 06:40:12", "elapsed": 310708.955325, "delta": 514.771896}}
{"target": 0.216667, "params": {"TK": 297.5021208586058, "fac": 2.728147078296095, "start": -0.8871608241365898, "weak": 0.48482079289067503}, "datetime": {"datetime": "2022-04-28 06:46:16", "elapsed": 311073.193731, "delta": 364.238406}}
{"target": 0.0666667, "params": {"TK": 273.3559967621416, "fac": 3.109074274413161, "start": -0.10317274760343054, "weak": 0.3465154215529388}, "datetime": {"datetime": "2022-04-28 06:49:27", "elapsed": 311264.686391, "delta": 191.49266}}
{"target": 0.316667, "params": {"TK": 263.4863034071426, "fac": 3.53196892054179, "start": -0.36675874056941105, "weak": 0.4929923751458451}, "datetime": {"datetime": "2022-04-28 06:57:40", "elapsed": 311757.351883, "delta": 492.665492}}
{"target": 0.0, "params": {"TK": 217.44948330686748, "fac": 3.886640946332824, "start": -0.5227887013595938, "weak": 0.3753198040272736}, "datetime": {"datetime": "2022-04-28 07:02:33", "elapsed": 312050.008483, "delta": 292.6566}}
{"target": 0.15, "params": {"TK": 245.5262749626878, "fac": 3.6140068905001073, "start": 2.468540724319901, "weak": 0.424454580451017}, "datetime": {"datetime": "2022-04-28 07:11:49", "elapsed": 312606.234866, "delta": 556.226383}}
{"target": 0.0, "params": {"TK": 284.28171057017687, "fac": 4.021760509456493, "start": 1.5802116522918723, "weak": 0.39144160685489526}, "datetime": {"datetime": "2022-04-28 07:17:36", "elapsed": 312953.562982, "delta": 347.328116}}
{"target": 0.0, "params": {"TK": 231.1527040876486, "fac": 2.4780652209903584, "start": 2.289105159473934, "weak": 0.3036249161745707}, "datetime": {"datetime": "2022-04-28 07:19:49", "elapsed": 313086.633721, "delta": 133.070739}}
{"target": 0.0, "params": {"TK": 257.04359104773687, "fac": 3.5242481319565924, "start": 1.0240030507695836, "weak": 0.3015781583553371}, "datetime": {"datetime": "2022-04-28 07:21:23", "elapsed": 313179.837904, "delta": 93.204183}}
{"target": 0.0333333, "params": {"TK": 276.68150745684363, "fac": 3.8066873376905024, "start": 2.2103217829447406, "weak": 0.3737883882356674}, "datetime": {"datetime": "2022-04-28 07:25:50", "elapsed": 313446.780899, "delta": 266.942995}}
{"target": 0.0916667, "params": {"TK": 297.39158079045825, "fac": 2.667392574397207, "start": -0.8841788609656804, "weak": 0.37042873391681397}, "datetime": {"datetime": "2022-04-28 07:32:35", "elapsed": 313852.010921, "delta": 405.230022}}
{"target": 0.3, "params": {"TK": 275.7783004055954, "fac": 3.10562840920957, "start": -2.8656144001236195, "weak": 0.45207941954386355}, "datetime": {"datetime": "2022-04-28 07:42:54", "elapsed": 314471.457362, "delta": 619.446441}}
{"target": 0.0, "params": {"TK": 260.23267318296945, "fac": 2.5907911662417287, "start": 1.8151629993339977, "weak": 0.3781686122394355}, "datetime": {"datetime": "2022-04-28 07:49:30", "elapsed": 314866.831455, "delta": 395.374093}}
{"target": 0.475, "params": {"TK": 261.6880429291115, "fac": 3.851712345459613, "start": -3.195182254128425, "weak": 0.484831816459648}, "datetime": {"datetime": "2022-04-28 07:59:51", "elapsed": 315488.322634, "delta": 621.491179}}
{"target": 0.0, "params": {"TK": 261.52841986390996, "fac": 3.6296563560812327, "start": -2.9270915031558866, "weak": 0.34592993322526017}, "datetime": {"datetime": "2022-04-28 08:03:07", "elapsed": 315684.535438, "delta": 196.212804}}
{"target": 0.0, "params": {"TK": 233.32313914364602, "fac": 2.7222781450084987, "start": -2.729330884907453, "weak": 0.3064409689751735}, "datetime": {"datetime": "2022-04-28 08:05:20", "elapsed": 315817.743454, "delta": 133.208016}}
{"target": 0.283333, "params": {"TK": 261.1084390134568, "fac": 4.068645670684396, "start": -2.608750443179833, "weak": 0.466412140277762}, "datetime": {"datetime": "2022-04-28 08:16:44", "elapsed": 316500.885212, "delta": 683.141758}}
{"target": 0.15, "params": {"TK": 261.7712791377686, "fac": 3.769548132496781, "start": -3.2178615885780406, "weak": 0.41775344143127296}, "datetime": {"datetime": "2022-04-28 08:26:10", "elapsed": 317066.777556, "delta": 565.892344}}
{"target": 0.325, "params": {"TK": 245.2414469438654, "fac": 3.6874044559624464, "start": 2.7600677582768562, "weak": 0.5}, "datetime": {"datetime": "2022-04-28 08:34:55", "elapsed": 317592.362358, "delta": 525.584802}}
{"target": 0.266667, "params": {"TK": 260.57684864788644, "fac": 3.888368395778568, "start": -2.5327973359411926, "weak": 0.42947613229931103}, "datetime": {"datetime": "2022-04-28 08:44:28", "elapsed": 318164.778611, "delta": 572.416253}}
{"target": 0.375, "params": {"TK": 273.3609433813176, "fac": 3.251989057183485, "start": -0.22505616575312803, "weak": 0.4631501080857101}, "datetime": {"datetime": "2022-04-28 08:54:19", "elapsed": 318756.059867, "delta": 591.281256}}
{"target": 0.1, "params": {"TK": 230.53641681671928, "fac": 4.1316420758789425, "start": 3.2208782961702065, "weak": 0.41545387020956914}, "datetime": {"datetime": "2022-04-28 09:02:49", "elapsed": 319266.695589, "delta": 510.635722}}
{"target": 0.0, "params": {"TK": 216.39088237244394, "fac": 3.3313857106356477, "start": -3.5176495452988323, "weak": 0.3830795947754033}, "datetime": {"datetime": "2022-04-28 09:08:04", "elapsed": 319581.632071, "delta": 314.936482}}
{"target": 0.0, "params": {"TK": 228.43509887812485, "fac": 3.4461773725072624, "start": 2.060744884290541, "weak": 0.4401029261804683}, "datetime": {"datetime": "2022-04-28 09:18:36", "elapsed": 320213.347506, "delta": 631.715435}}
{"target": 0.108333, "params": {"TK": 244.44791876562522, "fac": 3.7858134620353603, "start": 2.9025919611256876, "weak": 0.4031143351880085}, "datetime": {"datetime": "2022-04-28 09:26:34", "elapsed": 320691.169897, "delta": 477.822391}}
{"target": 0.00833333, "params": {"TK": 242.03893901069227, "fac": 3.421633196250747, "start": -2.1278013827481024, "weak": 0.40635184731651075}, "datetime": {"datetime": "2022-04-28 09:35:12", "elapsed": 321208.837358, "delta": 517.667461}}
{"target": 0.0, "params": {"TK": 262.9890227164295, "fac": 3.316774248860165, "start": -0.2835416178252679, "weak": 0.3005448657618376}, "datetime": {"datetime": "2022-04-28 09:36:50", "elapsed": 321307.197752, "delta": 98.360394}}
{"target": 0.0, "params": {"TK": 255.38782566279372, "fac": 3.5269882468812326, "start": 0.8991477098123735, "weak": 0.3142556695599873}, "datetime": {"datetime": "2022-04-28 09:38:50", "elapsed": 321427.256303, "delta": 120.058551}}
{"target": 0.0916667, "params": {"TK": 244.22381734843037, "fac": 3.593549343272907, "start": 2.951258898817307, "weak": 0.3810250848662621}, "datetime": {"datetime": "2022-04-28 09:44:53", "elapsed": 321789.775226, "delta": 362.518923}}
{"target": 0.325, "params": {"TK": 269.92850288365156, "fac": 3.3164207921334907, "start": 2.5178118886870893, "weak": 0.4616295766040265}, "datetime": {"datetime": "2022-04-28 09:54:59", "elapsed": 322395.908868, "delta": 606.133642}}
{"target": 0.266667, "params": {"TK": 281.7961426118638, "fac": 2.6802633868002523, "start": 1.7908322242599661, "weak": 0.4701303776185508}, "datetime": {"datetime": "2022-04-28 10:01:48", "elapsed": 322805.440007, "delta": 409.531139}}
{"target": 0.0, "params": {"TK": 236.07294079491064, "fac": 2.605439123714547, "start": 0.2955895770067585, "weak": 0.45453709556160343}, "datetime": {"datetime": "2022-04-28 10:08:17", "elapsed": 323194.231761, "delta": 388.791754}}
{"target": 0.0, "params": {"TK": 261.0119255310154, "fac": 4.155330376710783, "start": -2.6442647056145807, "weak": 0.33711796988137516}, "datetime": {"datetime": "2022-04-28 10:11:07", "elapsed": 323364.164622, "delta": 169.932861}}
{"target": 0.391667, "params": {"TK": 261.6766899081889, "fac": 3.7948564519219046, "start": -3.273486782865123, "weak": 0.48436639618307964}, "datetime": {"datetime": "2022-04-28 10:20:47", "elapsed": 323943.955409, "delta": 579.790787}}
{"target": 0.291667, "params": {"TK": 261.494780611059, "fac": 3.7155610054249055, "start": -2.9942791495993477, "weak": 0.4362757967888953}, "datetime": {"datetime": "2022-04-28 10:31:17", "elapsed": 324574.559489, "delta": 630.60408}}
{"target": 0.416667, "params": {"TK": 231.24653113054836, "fac": 4.052965718092972, "start": 3.6809577143756007, "weak": 0.46861579316958013}, "datetime": {"datetime": "2022-04-28 10:41:41", "elapsed": 325197.792267, "delta": 623.232778}}
{"target": 0.375, "params": {"TK": 261.1226840311697, "fac": 3.7249755629550627, "start": -2.7250171336245357, "weak": 0.4516488880401982}, "datetime": {"datetime": "2022-04-28 10:52:02", "elapsed": 325818.864492, "delta": 621.072225}}
{"target": 0.35, "params": {"TK": 245.4734907272339, "fac": 3.728167782151106, "start": 2.393192953638743, "weak": 0.5}, "datetime": {"datetime": "2022-04-28 11:00:43", "elapsed": 326340.309822, "delta": 521.44533}}
{"target": 0.233333, "params": {"TK": 262.5752547401162, "fac": 3.986977839407026, "start": 0.11103492642761914, "weak": 0.43057523296081035}, "datetime": {"datetime": "2022-04-28 11:09:54", "elapsed": 326891.761449, "delta": 551.451627}}
{"target": 0.2, "params": {"TK": 251.26754622414995, "fac": 3.6460410453557537, "start": -1.7000251078236608, "weak": 0.5}, "datetime": {"datetime": "2022-04-28 11:17:48", "elapsed": 327365.197679, "delta": 473.43623}}
{"target": 0.4, "params": {"TK": 261.69071781727314, "fac": 3.790149530019856, "start": -2.9536872001167396, "weak": 0.4595768104733934}, "datetime": {"datetime": "2022-04-28 11:28:24", "elapsed": 328001.428664, "delta": 636.230985}}
{"target": 0.25, "params": {"TK": 257.2684436362159, "fac": 3.4887998427901277, "start": 1.788085155601662, "weak": 0.42540612609088924}, "datetime": {"datetime": "2022-04-28 11:37:25", "elapsed": 328542.467436, "delta": 541.038772}}
{"target": 0.0, "params": {"TK": 271.227850311484, "fac": 2.5134821954927897, "start": 3.2037261431582733, "weak": 0.3091388167390083}, "datetime": {"datetime": "2022-04-28 11:39:41", "elapsed": 328678.12297, "delta": 135.655534}}
{"target": 0.341667, "params": {"TK": 292.7226482288934, "fac": 2.989638419079208, "start": -3.810113294867879, "weak": 0.4449284610108044}, "datetime": {"datetime": "2022-04-28 11:49:09", "elapsed": 329246.288946, "delta": 568.165976}}
{"target": 0.366667, "params": {"TK": 273.3390208704872, "fac": 3.1587624159040626, "start": -0.36599148022671724, "weak": 0.4312147043668185}, "datetime": {"datetime": "2022-04-28 11:59:08", "elapsed": 329845.133961, "delta": 598.845015}}
{"target": 0.158333, "params": {"TK": 297.33040723806835, "fac": 2.635251693911833, "start": -0.8728821151464263, "weak": 0.486053084665085}, "datetime": {"datetime": "2022-04-28 12:04:50", "elapsed": 330187.289566, "delta": 342.155605}}
{"target": 0.0333333, "params": {"TK": 261.56860101271155, "fac": 4.137870961684503, "start": 3.867061071188556, "weak": 0.3855450959154057}, "datetime": {"datetime": "2022-04-28 12:09:51", "elapsed": 330488.247384, "delta": 300.957818}}
{"target": 0.216667, "params": {"TK": 269.71073374745254, "fac": 3.066521261911065, "start": 2.507308307592605, "weak": 0.4947226144865432}, "datetime": {"datetime": "2022-04-28 12:15:56", "elapsed": 330852.955623, "delta": 364.708239}}
{"target": 0.208333, "params": {"TK": 266.9696461414772, "fac": 3.073922889140738, "start": 1.3072154059226628, "weak": 0.49352252435076177}, "datetime": {"datetime": "2022-04-28 12:22:06", "elapsed": 331222.885044, "delta": 369.929421}}
{"target": 0.0, "params": {"TK": 228.244739925642, "fac": 3.224083349519093, "start": -1.9734733295623634, "weak": 0.34237399834326937}, "datetime": {"datetime": "2022-04-28 12:24:44", "elapsed": 331381.204411, "delta": 158.319367}}
{"target": 0.116667, "params": {"TK": 273.3001510103008, "fac": 3.327908065470109, "start": -0.33360424457694826, "weak": 0.3993524353215254}, "datetime": {"datetime": "2022-04-28 12:33:05", "elapsed": 331882.337343, "delta": 501.132932}}
{"target": 0.3, "params": {"TK": 273.3361860128008, "fac": 3.371400924453816, "start": -0.18431945324126442, "weak": 0.48578576739826423}, "datetime": {"datetime": "2022-04-28 12:40:46", "elapsed": 332342.839954, "delta": 460.502611}}
{"target": 0.025, "params": {"TK": 251.3073419082052, "fac": 2.9986128183735197, "start": 1.8287509788673386, "weak": 0.36654387243023495}, "datetime": {"datetime": "2022-04-28 12:45:47", "elapsed": 332643.949572, "delta": 301.109618}}
{"target": 0.466667, "params": {"TK": 244.40334976646756, "fac": 4.185721800976824, "start": 3.463115751373409, "weak": 0.4985250329204688}, "datetime": {"datetime": "2022-04-28 12:55:33", "elapsed": 333230.35217, "delta": 586.402598}}
{"target": 0.383333, "params": {"TK": 245.34589073678012, "fac": 3.8097087670967102, "start": 2.7895558510764804, "weak": 0.4801863926858354}, "datetime": {"datetime": "2022-04-28 13:05:22", "elapsed": 333819.015094, "delta": 588.662924}}
{"target": 0.425, "params": {"TK": 261.60091482813056, "fac": 3.76557360853005, "start": -2.978111102952112, "weak": 0.46184107525611207}, "datetime": {"datetime": "2022-04-28 13:15:46", "elapsed": 334443.22612, "delta": 624.211026}}
{"target": 0.00833333, "params": {"TK": 259.1418811634643, "fac": 3.454094478542803, "start": 2.140080033199859, "weak": 0.34514740435987085}, "datetime": {"datetime": "2022-04-28 13:18:56", "elapsed": 334633.712986, "delta": 190.486866}}
{"target": 0.158333, "params": {"TK": 282.7391657643554, "fac": 2.8073429736728235, "start": -3.8462399370796385, "weak": 0.44894765012522075}, "datetime": {"datetime": "2022-04-28 13:27:28", "elapsed": 335145.469002, "delta": 511.756016}}
{"target": 0.316667, "params": {"TK": 245.30290443235813, "fac": 3.658137455489731, "start": 2.935617417805334, "weak": 0.4996864013480683}, "datetime": {"datetime": "2022-04-28 13:35:18", "elapsed": 335614.861538, "delta": 469.392536}}
{"target": 0.308333, "params": {"TK": 257.05676816375643, "fac": 3.1210186423157205, "start": 2.3400126674314734, "weak": 0.4410427359469997}, "datetime": {"datetime": "2022-04-28 13:46:21", "elapsed": 336278.007327, "delta": 663.145789}}
{"target": 0.0583333, "params": {"TK": 271.0822940632015, "fac": 3.462898271052551, "start": -1.6326046105630283, "weak": 0.3504198882130741}, "datetime": {"datetime": "2022-04-28 13:49:31", "elapsed": 336468.225031, "delta": 190.217704}}
{"target": 0.0833333, "params": {"TK": 270.51379791791425, "fac": 2.7088714136854453, "start": 1.2026435292007571, "weak": 0.40057344211108015}, "datetime": {"datetime": "2022-04-28 13:57:12", "elapsed": 336928.901353, "delta": 460.676322}}
{"target": 0.0, "params": {"TK": 290.87714884184646, "fac": 4.22193016101895, "start": 2.197444291774656, "weak": 0.3466259958036337}, "datetime": {"datetime": "2022-04-28 14:00:04", "elapsed": 337101.709479, "delta": 172.808126}}
{"target": 0.416667, "params": {"TK": 231.41469952157138, "fac": 4.068332406512236, "start": 3.562745133153695, "weak": 0.4779828788799172}, "datetime": {"datetime": "2022-04-28 14:11:46", "elapsed": 337803.085884, "delta": 701.376405}}
{"target": 0.0, "params": {"TK": 262.955369949786, "fac": 2.56309539019317, "start": -3.463510895473198, "weak": 0.3161603765866072}, "datetime": {"datetime": "2022-04-28 14:14:36", "elapsed": 337973.228361, "delta": 170.142477}}
{"target": 0.383333, "params": {"TK": 263.2375521055392, "fac": 3.438497971884143, "start": -0.28530821842174525, "weak": 0.4701999526274583}, "datetime": {"datetime": "2022-04-28 14:25:51", "elapsed": 338647.963739, "delta": 674.735378}}
{"target": 0.0333333, "params": {"TK": 275.18652700839164, "fac": 3.8988484148191653, "start": 2.049452269078346, "weak": 0.3750231666898491}, "datetime": {"datetime": "2022-04-28 14:30:05", "elapsed": 338902.609363, "delta": 254.645624}}
{"target": 0.258333, "params": {"TK": 273.6469660434165, "fac": 3.29837761696451, "start": -0.5905511949016877, "weak": 0.5}, "datetime": {"datetime": "2022-04-28 14:36:25", "elapsed": 339281.899133, "delta": 379.28977}}
{"target": 0.0666667, "params": {"TK": 261.71110452104756, "fac": 3.742987959213142, "start": -2.7397302495369393, "weak": 0.3663747360660905}, "datetime": {"datetime": "2022-04-28 14:40:12", "elapsed": 339508.806247, "delta": 226.907114}}
{"target": 0.0, "params": {"TK": 214.07938893349515, "fac": 2.9077826933291266, "start": 2.961840937442333, "weak": 0.48802412296813247}, "datetime": {"datetime": "2022-04-28 14:44:12", "elapsed": 339749.247477, "delta": 240.44123}}
{"target": 0.125, "params": {"TK": 285.49993784749506, "fac": 3.513972174608237, "start": 0.9756364827135897, "weak": 0.42116263505170404}, "datetime": {"datetime": "2022-04-28 14:52:02", "elapsed": 340219.22324, "delta": 469.975763}}
