{"target": 0.675, "params": {"TK": 263.9333849257015, "fac": -0.8480406515731116, "start": -2.3037731896454536, "weak": 0.40848582888616647}, "datetime": {"datetime": "2022-05-09 01:13:10", "elapsed": 396268.074344, "delta": 1484.434318}}
{"target": 0.017578125, "params": {"TK": 270.86968575937857, "fac": -0.9256929166871102, "start": 1.3630149667713196, "weak": 0.31901116056778195}, "datetime": {"datetime": "2022-05-09 01:28:29", "elapsed": 397187.621889, "delta": 919.547545}}
{"target": 0.249609375, "params": {"TK": 247.66090308770072, "fac": -0.8760175136058684, "start": 1.74081896034542, "weak": 0.4766579165355913}, "datetime": {"datetime": "2022-05-09 01:47:24", "elapsed": 398322.033618, "delta": 1134.411729}}
{"target": 0.43593750000000003, "params": {"TK": 263.87843463279364, "fac": -0.8586099996403751, "start": -2.342295511109275, "weak": 0.35703379986580125}, "datetime": {"datetime": "2022-05-09 02:12:49", "elapsed": 399847.997526, "delta": 1525.963908}}
{"target": 0.24609375, "params": {"TK": 266.7788242042461, "fac": -0.8351773811069744, "start": 0.639028856537303, "weak": 0.47780918488629354}, "datetime": {"datetime": "2022-05-09 02:30:50", "elapsed": 400928.905394, "delta": 1080.907868}}
{"target": 0.36562500000000003, "params": {"TK": 258.50336861441656, "fac": -0.8568078942407813, "start": -3.4627400196400693, "weak": 0.4410003934180142}, "datetime": {"datetime": "2022-05-09 02:53:26", "elapsed": 402284.086028, "delta": 1355.180634}}
{"target": 0.71015625, "params": {"TK": 258.56331799453324, "fac": -0.9684313269055131, "start": -3.4555740348557364, "weak": 0.3869529337623613}, "datetime": {"datetime": "2022-05-09 03:20:12", "elapsed": 403890.267399, "delta": 1606.181371}}
{"target": 0.7171875, "params": {"TK": 263.34789576941466, "fac": -0.8873009259030089, "start": -2.98275404734573, "weak": 0.4094057181430879}, "datetime": {"datetime": "2022-05-09 03:45:14", "elapsed": 405392.012296, "delta": 1501.744897}}
{"target": 0.010546875, "params": {"TK": 300.56016514717, "fac": -0.7883139842037827, "start": 3.05673785743672, "weak": 0.38002344878959315}, "datetime": {"datetime": "2022-05-09 04:07:29", "elapsed": 406727.068376, "delta": 1335.05608}}
{"target": 0.038671875, "params": {"TK": 304.31537565640133, "fac": -0.7600544293051266, "start": 3.135359276946393, "weak": 0.44460117187541526}, "datetime": {"datetime": "2022-05-09 04:27:42", "elapsed": 407940.056337, "delta": 1212.987961}}
{"target": 0.0, "params": {"TK": 229.8752286244597, "fac": -0.8650521177034495, "start": -2.922284115462409, "weak": 0.34625174428020994}, "datetime": {"datetime": "2022-05-09 04:43:38", "elapsed": 408896.970643, "delta": 956.914306}}
{"target": 0.140625, "params": {"TK": 247.68963248969686, "fac": -1.0, "start": 1.7088065815428728, "weak": 0.31955551061148985}, "datetime": {"datetime": "2022-05-09 05:00:55", "elapsed": 409933.238845, "delta": 1036.268202}}
{"target": 0.59765625, "params": {"TK": 263.9505097383555, "fac": -0.9164874157039858, "start": -2.37183210031331, "weak": 0.44583684939067614}, "datetime": {"datetime": "2022-05-09 05:24:12", "elapsed": 411330.943688, "delta": 1397.704843}}
{"target": 0.5906250000000001, "params": {"TK": 263.88527104162733, "fac": -0.9394808475078629, "start": -2.751127150075594, "weak": 0.3791230457532172}, "datetime": {"datetime": "2022-05-09 05:50:52", "elapsed": 412930.931609, "delta": 1599.987921}}
{"target": 0.341015625, "params": {"TK": 263.9399850651587, "fac": -0.7767413593759962, "start": -2.1573051926895426, "weak": 0.39835668008624125}, "datetime": {"datetime": "2022-05-09 06:15:36", "elapsed": 414414.081683, "delta": 1483.150074}}
{"target": 0.5906250000000001, "params": {"TK": 247.6597640744396, "fac": -1.0, "start": 1.741688506780817, "weak": 0.44982291066646285}, "datetime": {"datetime": "2022-05-09 06:39:35", "elapsed": 415853.94126, "delta": 1439.859577}}
{"target": 0.0, "params": {"TK": 246.13457369000568, "fac": -0.5265981583757511, "start": -2.5238388684520814, "weak": 0.42586153331086074}, "datetime": {"datetime": "2022-05-09 06:47:47", "elapsed": 416345.579502, "delta": 491.638242}}
{"target": 0.40078125000000003, "params": {"TK": 263.4693092303203, "fac": -0.8367895212020544, "start": -3.077393332416028, "weak": 0.44579774180894755}, "datetime": {"datetime": "2022-05-09 07:09:55", "elapsed": 417673.704123, "delta": 1328.124621}}
{"target": 0.73828125, "params": {"TK": 263.3892854324896, "fac": -0.9389524481213608, "start": -2.5875241318650337, "weak": 0.4096438539687858}, "datetime": {"datetime": "2022-05-09 07:35:26", "elapsed": 419204.277336, "delta": 1530.573213}}
{"target": 0.31640625, "params": {"TK": 266.8407282072414, "fac": -0.7147709043930704, "start": 0.7051528080588856, "weak": 0.44282944193864554}, "datetime": {"datetime": "2022-05-09 07:55:56", "elapsed": 420434.454605, "delta": 1230.177269}}
{"target": 0.523828125, "params": {"TK": 264.2133444990278, "fac": -0.9741913593430254, "start": -2.5231512843761834, "weak": 0.43639023276218275}, "datetime": {"datetime": "2022-05-09 08:20:24", "elapsed": 421902.462848, "delta": 1468.008243}}
{"target": 0.720703125, "params": {"TK": 263.57891520737576, "fac": -0.9271622975783297, "start": -2.6173351839425623, "weak": 0.3901010308140993}, "datetime": {"datetime": "2022-05-09 08:47:14", "elapsed": 423512.488463, "delta": 1610.025615}}
{"target": 0.615234375, "params": {"TK": 247.64508924462976, "fac": -0.9557502215046546, "start": 1.6814385353347117, "weak": 0.380652183622645}, "datetime": {"datetime": "2022-05-09 09:14:00", "elapsed": 425118.355593, "delta": 1605.86713}}
{"target": 0.010546875, "params": {"TK": 296.98141487544467, "fac": -0.821408339506729, "start": 0.397207792459108, "weak": 0.4241742795720143}, "datetime": {"datetime": "2022-05-09 09:36:20", "elapsed": 426458.299492, "delta": 1339.943899}}
{"target": 0.27421875, "params": {"TK": 305.04827832806603, "fac": -0.519398353692473, "start": -1.845834091102506, "weak": 0.4216205459414696}, "datetime": {"datetime": "2022-05-09 09:55:23", "elapsed": 427601.744394, "delta": 1143.444902}}
{"target": 0.734765625, "params": {"TK": 238.2970736756455, "fac": -0.9830012410147662, "start": 3.6874636599771478, "weak": 0.4173275052177772}, "datetime": {"datetime": "2022-05-09 10:21:17", "elapsed": 429155.609376, "delta": 1553.864982}}
{"target": 0.003515625, "params": {"TK": 297.75474570150885, "fac": -0.9844514391401479, "start": 1.6029381973182355, "weak": 0.32931989629905634}, "datetime": {"datetime": "2022-05-09 10:29:41", "elapsed": 429659.701142, "delta": 504.091766}}
{"target": 0.601171875, "params": {"TK": 263.834815446224, "fac": -0.8441462025097745, "start": -2.9228647759782342, "weak": 0.42259417116209297}, "datetime": {"datetime": "2022-05-09 10:53:28", "elapsed": 431086.500192, "delta": 1426.79905}}
{"target": 0.242578125, "params": {"TK": 283.96746462758506, "fac": -0.6238177473384294, "start": -1.6162684166427868, "weak": 0.37403805100376847}, "datetime": {"datetime": "2022-05-09 11:17:31", "elapsed": 432529.819147, "delta": 1443.318955}}
{"target": 0.72421875, "params": {"TK": 263.87962676804125, "fac": -0.9155707884558876, "start": -3.0172947315778424, "weak": 0.39004268533831354}, "datetime": {"datetime": "2022-05-09 11:43:49", "elapsed": 434107.189142, "delta": 1577.369995}}
{"target": 0.0, "params": {"TK": 253.2343702898354, "fac": -0.5961583471125839, "start": 2.5809033732206643, "weak": 0.30750582751851063}, "datetime": {"datetime": "2022-05-09 11:53:46", "elapsed": 434704.516295, "delta": 597.327153}}
{"target": 0.3375, "params": {"TK": 238.43086672458165, "fac": -0.8663846255535843, "start": 3.7377827164931468, "weak": 0.43355807534628643}, "datetime": {"datetime": "2022-05-09 12:17:28", "elapsed": 436126.111434, "delta": 1421.595139}}
{"target": 0.0, "params": {"TK": 221.98350226747866, "fac": -0.9614742939728083, "start": -3.5883043386020876, "weak": 0.4054892907943737}, "datetime": {"datetime": "2022-05-09 12:32:26", "elapsed": 437024.660181, "delta": 898.548747}}
{"target": 0.003515625, "params": {"TK": 293.63716858365063, "fac": -0.964077025197062, "start": 2.250943620914698, "weak": 0.43929709595123956}, "datetime": {"datetime": "2022-05-09 12:46:55", "elapsed": 437893.775189, "delta": 869.115008}}
{"target": 0.727734375, "params": {"TK": 265.0252875079697, "fac": -0.8661768701429903, "start": -0.15966913490802082, "weak": 0.40062377833164037}, "datetime": {"datetime": "2022-05-09 13:12:42", "elapsed": 439440.581037, "delta": 1546.805848}}
{"target": 0.460546875, "params": {"TK": 263.8903881998569, "fac": -0.8662334983796199, "start": -3.088877808470661, "weak": 0.36524618700378947}, "datetime": {"datetime": "2022-05-09 13:38:57", "elapsed": 441015.857894, "delta": 1575.276857}}
{"target": 0.10898437500000001, "params": {"TK": 264.9472765423624, "fac": -0.9870004286249661, "start": -0.20265263878375617, "weak": 0.49438031886998607}, "datetime": {"datetime": "2022-05-09 13:57:24", "elapsed": 442122.994473, "delta": 1107.136579}}
{"target": 0.7171875, "params": {"TK": 266.9298399139198, "fac": -0.8286593149830532, "start": 0.6994207629529479, "weak": 0.4143342193614252}, "datetime": {"datetime": "2022-05-09 14:22:02", "elapsed": 443600.246363, "delta": 1477.25189}}
{"target": 0.052734375, "params": {"TK": 260.9423708680048, "fac": -0.6558765126764552, "start": 1.8760079187866356, "weak": 0.4349665160911624}, "datetime": {"datetime": "2022-05-09 14:42:10", "elapsed": 444808.113923, "delta": 1207.86756}}
{"target": 0.685546875, "params": {"TK": 290.844792363602, "fac": -0.6129192950854554, "start": 1.9782397329937051, "weak": 0.4055544352422761}, "datetime": {"datetime": "2022-05-09 15:05:35", "elapsed": 446213.366789, "delta": 1405.252866}}
{"target": 0.3234375, "params": {"TK": 263.59217865147457, "fac": -0.9771316147752398, "start": -2.5568309582676276, "weak": 0.46210579571048405}, "datetime": {"datetime": "2022-05-09 15:28:12", "elapsed": 447570.156659, "delta": 1356.78987}}
{"target": 0.63984375, "params": {"TK": 263.21607386452905, "fac": -0.8563433224334565, "start": -3.107287221754487, "weak": 0.41230577916828254}, "datetime": {"datetime": "2022-05-09 15:52:40", "elapsed": 449038.521804, "delta": 1468.365145}}
{"target": 0.00703125, "params": {"TK": 304.5171158927409, "fac": -0.4998900817703358, "start": 0.0893071833147685, "weak": 0.47531082015679604}, "datetime": {"datetime": "2022-05-09 16:00:17", "elapsed": 449495.989538, "delta": 457.467734}}
{"target": 0.61875, "params": {"TK": 263.7607107309771, "fac": -0.8823966769519851, "start": -2.7742612531796285, "weak": 0.4389475044688433}, "datetime": {"datetime": "2022-05-09 16:23:30", "elapsed": 450888.430185, "delta": 1392.440647}}
{"target": 0.10898437500000001, "params": {"TK": 241.93077263957414, "fac": -0.866454330007286, "start": 3.4136756218855817, "weak": 0.3042314769033242}, "datetime": {"datetime": "2022-05-09 16:35:59", "elapsed": 451637.707951, "delta": 749.277766}}
{"target": 0.045703125000000004, "params": {"TK": 301.1734802333581, "fac": -0.48230828285884164, "start": 0.24230257985853498, "weak": 0.337151304599121}, "datetime": {"datetime": "2022-05-09 16:50:28", "elapsed": 452506.303259, "delta": 868.595308}}
{"target": 0.791015625, "params": {"TK": 258.5648138684794, "fac": -0.9883691955889455, "start": -3.4411134602924767, "weak": 0.4062218392748951}, "datetime": {"datetime": "2022-05-09 17:16:25", "elapsed": 454063.449845, "delta": 1557.146586}}
{"target": 0.10898437500000001, "params": {"TK": 304.2987813465793, "fac": -0.6209673433756138, "start": -1.164938404579054, "weak": 0.46873464108751406}, "datetime": {"datetime": "2022-05-09 17:29:12", "elapsed": 454830.84412, "delta": 767.394275}}
{"target": 0.78046875, "params": {"TK": 258.5767673946242, "fac": -0.9802819097044141, "start": -3.360184600793363, "weak": 0.3973341001582281}, "datetime": {"datetime": "2022-05-09 17:55:36", "elapsed": 456414.261339, "delta": 1583.417219}}
{"target": 0.43593750000000003, "params": {"TK": 247.8007410214409, "fac": -0.868666954230428, "start": 1.6747156079731784, "weak": 0.3842115105945653}, "datetime": {"datetime": "2022-05-09 18:22:00", "elapsed": 457998.1123, "delta": 1583.850961}}
{"target": 0.530859375, "params": {"TK": 238.2248749087269, "fac": -1.0, "start": 3.736714270159606, "weak": 0.4709684816109688}, "datetime": {"datetime": "2022-05-09 18:44:48", "elapsed": 459366.228395, "delta": 1368.116095}}
{"target": 0.73828125, "params": {"TK": 258.39499767449723, "fac": -0.981159798512489, "start": -3.344245615667644, "weak": 0.4234282448970778}, "datetime": {"datetime": "2022-05-09 19:09:48", "elapsed": 460866.336498, "delta": 1500.108103}}
{"target": 0.305859375, "params": {"TK": 268.40917274864546, "fac": -0.9473770704918532, "start": -2.378520319348385, "weak": 0.3671469090065722}, "datetime": {"datetime": "2022-05-09 19:36:26", "elapsed": 462464.530156, "delta": 1598.193658}}
{"target": 0.116015625, "params": {"TK": 254.42497341852066, "fac": -0.7461245772297792, "start": 1.300049147595285, "weak": 0.4473074047704624}, "datetime": {"datetime": "2022-05-09 19:56:40", "elapsed": 463678.327779, "delta": 1213.797623}}
{"target": 0.50625, "params": {"TK": 266.9866819090405, "fac": -0.8457134954598322, "start": 0.5765325941273254, "weak": 0.44735241962586636}, "datetime": {"datetime": "2022-05-09 20:19:31", "elapsed": 465049.866854, "delta": 1371.539075}}
{"target": 0.09140625000000001, "params": {"TK": 275.8865059860782, "fac": -0.6622821630786505, "start": -0.4432271843667914, "weak": 0.46242414254671105}, "datetime": {"datetime": "2022-05-09 20:34:57", "elapsed": 465975.08899, "delta": 925.222136}}
{"target": 0.460546875, "params": {"TK": 258.509917370677, "fac": -0.9031630612778279, "start": -3.2677742041880276, "weak": 0.4535931983862368}, "datetime": {"datetime": "2022-05-09 20:57:16", "elapsed": 467314.482373, "delta": 1339.393383}}
{"target": 0.0, "params": {"TK": 232.31870515138579, "fac": -0.5910553877542838, "start": 3.8136861069670944, "weak": 0.32048371246816587}, "datetime": {"datetime": "2022-05-09 21:05:19", "elapsed": 467797.087597, "delta": 482.605224}}
{"target": 0.0, "params": {"TK": 219.9174677657075, "fac": -0.4140488296996562, "start": -2.631674191963741, "weak": 0.4970978139837904}, "datetime": {"datetime": "2022-05-09 21:10:38", "elapsed": 468116.638517, "delta": 319.55092}}
{"target": 0.34453125, "params": {"TK": 263.8406082996476, "fac": -0.8808445190564296, "start": -2.952141110409978, "weak": 0.34152483014759477}, "datetime": {"datetime": "2022-05-09 21:32:44", "elapsed": 469442.1334, "delta": 1325.494883}}
{"target": 0.432421875, "params": {"TK": 263.51102024598003, "fac": -0.887867062565849, "start": -2.5898206935044037, "weak": 0.460637183674979}, "datetime": {"datetime": "2022-05-09 21:54:05", "elapsed": 470723.296001, "delta": 1281.162601}}
{"target": 0.116015625, "params": {"TK": 263.9184154295205, "fac": -0.73902676023228, "start": -2.997846077719137, "weak": 0.43583465190084336}, "datetime": {"datetime": "2022-05-09 22:15:14", "elapsed": 471992.91644, "delta": 1269.620439}}
{"target": 0.0, "params": {"TK": 214.97885961280792, "fac": -0.8117644464300511, "start": 3.082126215960045, "weak": 0.3100355834553966}, "datetime": {"datetime": "2022-05-09 22:23:11", "elapsed": 472469.281265, "delta": 476.364825}}
{"target": 0.671484375, "params": {"TK": 263.79434267129324, "fac": -0.9448988340453689, "start": -3.076833640911386, "weak": 0.43271368899220586}, "datetime": {"datetime": "2022-05-09 22:47:18", "elapsed": 473916.144971, "delta": 1446.863706}}
{"target": 0.26015625000000003, "params": {"TK": 258.30528627130974, "fac": -0.8241322460673484, "start": -3.2741545131714878, "weak": 0.4028151581322769}, "datetime": {"datetime": "2022-05-09 23:11:52", "elapsed": 475390.951136, "delta": 1474.806165}}
{"target": 0.629296875, "params": {"TK": 300.09280866542946, "fac": -0.5907552081285488, "start": 0.567475997400682, "weak": 0.4085236031258665}, "datetime": {"datetime": "2022-05-09 23:34:57", "elapsed": 476775.790718, "delta": 1384.839582}}
{"target": 0.650390625, "params": {"TK": 238.20816951456231, "fac": -0.9467885275478504, "start": 3.767210586819152, "weak": 0.43527508650860636}, "datetime": {"datetime": "2022-05-09 23:59:22", "elapsed": 478240.800572, "delta": 1465.009854}}
{"target": 0.376171875, "params": {"TK": 263.49002075715975, "fac": -0.9218930820353028, "start": -2.643172140779126, "weak": 0.35294688889905557}, "datetime": {"datetime": "2022-05-10 00:24:44", "elapsed": 479762.34829, "delta": 1521.547718}}
{"target": 0.06328125, "params": {"TK": 300.10476846470783, "fac": -0.726345850197973, "start": 0.653796076585448, "weak": 0.3584168226894519}, "datetime": {"datetime": "2022-05-10 00:48:24", "elapsed": 481182.906639, "delta": 1420.558349}}
{"target": 0.003515625, "params": {"TK": 280.4067986468533, "fac": -0.957316706316882, "start": 3.3354835491658097, "weak": 0.4527230669188337}, "datetime": {"datetime": "2022-05-10 01:06:54", "elapsed": 482292.95409, "delta": 1110.047451}}
{"target": 0.284765625, "params": {"TK": 290.82829541479697, "fac": -0.6096849099381452, "start": 2.019464599287679, "weak": 0.34289730319707035}, "datetime": {"datetime": "2022-05-10 01:25:37", "elapsed": 483415.416289, "delta": 1122.462199}}
{"target": 0.7488281250000001, "params": {"TK": 258.29407860044967, "fac": -0.9753564458480568, "start": -3.3564440705213716, "weak": 0.41567600669189303}, "datetime": {"datetime": "2022-05-10 01:51:08", "elapsed": 484946.436699, "delta": 1531.02041}}
{"target": 0.0, "params": {"TK": 213.27547872339034, "fac": -0.8489071463507377, "start": -2.6144334085453043, "weak": 0.3432864982480219}, "datetime": {"datetime": "2022-05-10 01:59:47", "elapsed": 485465.679717, "delta": 519.243018}}
{"target": 0.11953125, "params": {"TK": 264.4864621494987, "fac": -0.8978183418611362, "start": 0.803571535271109, "weak": 0.32791704021970713}, "datetime": {"datetime": "2022-05-10 02:18:30", "elapsed": 486588.006995, "delta": 1122.327278}}
{"target": 0.558984375, "params": {"TK": 264.9518908368591, "fac": -0.8294801966816946, "start": -0.18138501013305408, "weak": 0.44360230714934046}, "datetime": {"datetime": "2022-05-10 02:41:16", "elapsed": 487954.719145, "delta": 1366.71215}}
{"target": 0.193359375, "params": {"TK": 263.8282472213014, "fac": -0.9541778440372285, "start": -3.0940774478210233, "weak": 0.3263675900672145}, "datetime": {"datetime": "2022-05-10 03:00:57", "elapsed": 489135.943272, "delta": 1181.224127}}
{"target": 0.48515625, "params": {"TK": 305.51047922183375, "fac": -0.558467396157122, "start": 2.3082820068645447, "weak": 0.37500585429813765}, "datetime": {"datetime": "2022-05-10 03:24:24", "elapsed": 490542.652006, "delta": 1406.708734}}
{"target": 0.16171875, "params": {"TK": 238.29167164552697, "fac": -0.9262458311808955, "start": 3.627073144047487, "weak": 0.4981955984280948}, "datetime": {"datetime": "2022-05-10 03:41:17", "elapsed": 491555.355802, "delta": 1012.703796}}
{"target": 0.37265625, "params": {"TK": 290.9870379945003, "fac": -0.6204065063790337, "start": 2.033498913201324, "weak": 0.4451845094400749}, "datetime": {"datetime": "2022-05-10 03:59:47", "elapsed": 492665.537363, "delta": 1110.181561}}
{"target": 0.0, "params": {"TK": 267.1463516216839, "fac": -0.5379377214364434, "start": 1.1026190500360658, "weak": 0.3301375839114596}, "datetime": {"datetime": "2022-05-10 04:13:13", "elapsed": 493471.039842, "delta": 805.502479}}
{"target": 0.0, "params": {"TK": 226.92122918718954, "fac": -0.6241923272727111, "start": -3.7281617373566514, "weak": 0.3467407158216646}, "datetime": {"datetime": "2022-05-10 04:21:21", "elapsed": 493959.299538, "delta": 488.259696}}
{"target": 0.5027343750000001, "params": {"TK": 248.22837292826898, "fac": -0.962522058466673, "start": -1.456097954088591, "weak": 0.378153276538352}, "datetime": {"datetime": "2022-05-10 04:48:03", "elapsed": 495561.70575, "delta": 1602.406212}}
{"target": 0.0, "params": {"TK": 243.73183170815713, "fac": -0.7992783424059379, "start": 0.47447219836777066, "weak": 0.4584068464447005}, "datetime": {"datetime": "2022-05-10 05:06:44", "elapsed": 496682.478474, "delta": 1120.772724}}
{"target": 0.39375, "params": {"TK": 266.9109616411171, "fac": -0.7572510902336367, "start": 0.592312961176054, "weak": 0.4526125874674885}, "datetime": {"datetime": "2022-05-10 05:26:38", "elapsed": 497876.624619, "delta": 1194.146145}}
{"target": 0.26015625000000003, "params": {"TK": 263.7252776406711, "fac": -0.8003370015333362, "start": -3.0528514113285077, "weak": 0.3651803421597233}, "datetime": {"datetime": "2022-05-10 05:52:19", "elapsed": 499417.207401, "delta": 1540.582782}}
{"target": 0.017578125, "params": {"TK": 220.42261919380968, "fac": -0.9684120343599517, "start": 3.4873347145713964, "weak": 0.3509105815522569}, "datetime": {"datetime": "2022-05-10 06:14:34", "elapsed": 500752.449641, "delta": 1335.24224}}
{"target": 0.622265625, "params": {"TK": 264.039359755491, "fac": -0.8333661311719677, "start": -2.4735362934465295, "weak": 0.4090477843619167}, "datetime": {"datetime": "2022-05-10 06:39:09", "elapsed": 502227.980766, "delta": 1475.531125}}
{"target": 0.587109375, "params": {"TK": 258.5593562420923, "fac": -0.9576566677231632, "start": -3.332173028497925, "weak": 0.37117528218239065}, "datetime": {"datetime": "2022-05-10 07:05:42", "elapsed": 503820.51987, "delta": 1592.539104}}
{"target": 0.390234375, "params": {"TK": 266.9647342672986, "fac": -0.8307707562891168, "start": 0.6508440313858657, "weak": 0.46511031771782696}, "datetime": {"datetime": "2022-05-10 07:25:26", "elapsed": 505004.284548, "delta": 1183.764678}}
{"target": 0.54140625, "params": {"TK": 263.3430866241422, "fac": -0.9485495827811053, "start": -2.987747777844489, "weak": 0.45196843023273403}, "datetime": {"datetime": "2022-05-10 07:48:31", "elapsed": 506389.330834, "delta": 1385.046286}}
