{"target": 0.0, "params": {"TK": 225.62214620468936, "fac": -0.6041278562913608, "start": -0.31539033400513805, "weak": 0.4950215674553909}, "datetime": {"datetime": "2022-05-04 11:08:41", "elapsed": 0.0, "delta": 0.0}}
{"target": 0.03515625, "params": {"TK": 266.260628384437, "fac": -0.9858115705204633, "start": 3.2306116519774895, "weak": 0.4149480894488185}, "datetime": {"datetime": "2022-05-04 11:46:06", "elapsed": 2244.583316, "delta": 2244.583316}}
{"target": 0.0, "params": {"TK": 228.5400823121952, "fac": -0.5257800938101602, "start": 1.9817647049671177, "weak": 0.3226393217055648}, "datetime": {"datetime": "2022-05-04 11:55:30", "elapsed": 2808.155899, "delta": 563.572583}}
{"target": 0.0, "params": {"TK": 230.07920736415437, "fac": -0.9542176538005597, "start": -2.571837810720597, "weak": 0.3450402875472592}, "datetime": {"datetime": "2022-05-04 12:25:26", "elapsed": 4604.059124, "delta": 1795.903225}}
{"target": 0.10898437500000001, "params": {"TK": 292.87573316052953, "fac": -0.793957257508292, "start": 0.09481363136926468, "weak": 0.4188953700729258}, "datetime": {"datetime": "2022-05-04 13:01:11", "elapsed": 6749.305265, "delta": 2145.246141}}
{"target": 0.0, "params": {"TK": 282.18091053614984, "fac": -0.46529584477857866, "start": -1.3049788956275625, "weak": 0.3949892677708576}, "datetime": {"datetime": "2022-05-04 13:32:02", "elapsed": 8600.563078, "delta": 1851.257813}}
{"target": 0.61875, "params": {"TK": 263.38526543075994, "fac": -0.9148246518577243, "start": -2.8038773016468266, "weak": 0.4416116971601126}, "datetime": {"datetime": "2022-05-04 14:06:19", "elapsed": 10657.349172, "delta": 2056.786094}}
{"target": 0.0, "params": {"TK": 260.2595468711634, "fac": -0.5946416677611314, "start": 0.0027607008484817896, "weak": 0.4829567956644276}, "datetime": {"datetime": "2022-05-04 14:17:06", "elapsed": 11304.883136, "delta": 647.533964}}
{"target": 0.084375, "params": {"TK": 304.57196645899006, "fac": -0.750485493058056, "start": -2.9810992955981517, "weak": 0.44826373254381235}, "datetime": {"datetime": "2022-05-04 14:47:35", "elapsed": 13133.903729, "delta": 1829.020593}}
{"target": 0.0, "params": {"TK": 297.22411917216, "fac": -0.501188421707885, "start": -2.2956916042405417, "weak": 0.4402480732567212}, "datetime": {"datetime": "2022-05-04 15:09:19", "elapsed": 14437.766114, "delta": 1303.862385}}
{"target": 0.038671875, "params": {"TK": 290.2807556008044, "fac": -0.9398241455502802, "start": 3.8823720897802056, "weak": 0.49962780720090527}, "datetime": {"datetime": "2022-05-04 15:27:06", "elapsed": 15504.738651, "delta": 1066.972537}}
{"target": 0.0, "params": {"TK": 247.5797528995631, "fac": -0.6142757180218972, "start": 2.886563400244598, "weak": 0.48225526089253645}, "datetime": {"datetime": "2022-05-04 15:39:34", "elapsed": 16252.024664, "delta": 747.286013}}
{"target": 0.137109375, "params": {"TK": 265.1226297441264, "fac": -0.9047649011534155, "start": -0.21256056451364191, "weak": 0.3250384167974666}, "datetime": {"datetime": "2022-05-04 16:06:14", "elapsed": 17852.535377, "delta": 1600.510713}}
{"target": 0.0, "params": {"TK": 297.22415122937036, "fac": -0.8389841164578695, "start": -1.8000798818653951, "weak": 0.3467595955336808}, "datetime": {"datetime": "2022-05-04 16:35:53", "elapsed": 19631.414184, "delta": 1778.878807}}
{"target": 0.0, "params": {"TK": 236.5462767308272, "fac": -0.5259466154146579, "start": 0.7335696010950361, "weak": 0.4529484179590363}, "datetime": {"datetime": "2022-05-04 16:46:10", "elapsed": 20248.040927, "delta": 616.626743}}
{"target": 0.0, "params": {"TK": 214.70955505606258, "fac": -0.8954022394520316, "start": -0.02139594335723416, "weak": 0.4428447656949918}, "datetime": {"datetime": "2022-05-04 17:03:53", "elapsed": 21311.333791, "delta": 1063.292864}}
{"target": 0.0, "params": {"TK": 248.02254303638875, "fac": -0.7549353414905019, "start": -2.4247977753104406, "weak": 0.32777962487693746}, "datetime": {"datetime": "2022-05-04 17:27:00", "elapsed": 22698.334254, "delta": 1387.000463}}
{"target": 0.13359375, "params": {"TK": 258.0350239887045, "fac": -0.9385808256250807, "start": -3.2824649764920153, "weak": 0.4974960754555389}, "datetime": {"datetime": "2022-05-04 17:50:01", "elapsed": 24079.614962, "delta": 1381.280708}}
{"target": 0.003515625, "params": {"TK": 291.7159382362333, "fac": -0.9626243450514842, "start": 3.2070363873314314, "weak": 0.3522901735492057}, "datetime": {"datetime": "2022-05-04 18:05:30", "elapsed": 25008.499945, "delta": 928.884983}}
{"target": 0.0, "params": {"TK": 222.9876365648052, "fac": -0.8821052476905451, "start": -3.7374686301769664, "weak": 0.3782365456146069}, "datetime": {"datetime": "2022-05-04 18:25:53", "elapsed": 26231.749454, "delta": 1223.249509}}
{"target": 0.0, "params": {"TK": 228.00709963699762, "fac": -0.48896650215901183, "start": -0.18042203631556664, "weak": 0.43643295989736597}, "datetime": {"datetime": "2022-05-04 18:36:41", "elapsed": 26879.675029, "delta": 647.925575}}
{"target": 0.0, "params": {"TK": 230.78979563896365, "fac": -0.5176299730158083, "start": 2.978549690854849, "weak": 0.4389313699237848}, "datetime": {"datetime": "2022-05-04 18:47:56", "elapsed": 27554.914902, "delta": 675.239873}}
{"target": 0.21796875000000002, "params": {"TK": 297.307656665481, "fac": -0.5764136143153179, "start": -3.5097433849326833, "weak": 0.3605790798871475}, "datetime": {"datetime": "2022-05-04 19:19:46", "elapsed": 29464.051448, "delta": 1909.136546}}
{"target": 0.0, "params": {"TK": 214.54038146094547, "fac": -0.6723681541914334, "start": 3.7875747241402955, "weak": 0.48197664703319965}, "datetime": {"datetime": "2022-05-04 19:29:31", "elapsed": 30049.31883, "delta": 585.267382}}
{"target": 0.0, "params": {"TK": 282.4991276697042, "fac": -0.4455898542144623, "start": 0.8203592572879552, "weak": 0.37092183257540606}, "datetime": {"datetime": "2022-05-04 19:58:36", "elapsed": 31794.510489, "delta": 1745.191659}}
{"target": 0.0, "params": {"TK": 255.08476328141023, "fac": -0.6250871400594331, "start": 1.578316430912225, "weak": 0.44704940260804815}, "datetime": {"datetime": "2022-05-04 20:22:47", "elapsed": 33245.951983, "delta": 1451.441494}}
{"target": 0.0, "params": {"TK": 224.1367805206946, "fac": -0.4338909691915467, "start": -3.0186124724752252, "weak": 0.39651698348853975}, "datetime": {"datetime": "2022-05-04 20:33:52", "elapsed": 33910.366486, "delta": 664.414503}}
{"target": 0.0, "params": {"TK": 218.17534780512347, "fac": -0.5554013741041034, "start": -0.5524198770403972, "weak": 0.32251564829921325}, "datetime": {"datetime": "2022-05-04 20:42:53", "elapsed": 34451.087094, "delta": 540.720608}}
{"target": 0.0, "params": {"TK": 284.82056740542635, "fac": -0.4388895124331833, "start": 2.5191276471417012, "weak": 0.329399782655171}, "datetime": {"datetime": "2022-05-04 21:00:57", "elapsed": 35535.061964, "delta": 1083.97487}}
{"target": 0.0, "params": {"TK": 300.84473116588646, "fac": -0.7603088650733243, "start": 2.822243844873431, "weak": 0.3162544538664552}, "datetime": {"datetime": "2022-05-04 21:17:15", "elapsed": 36513.447248, "delta": 978.385284}}
{"target": 0.6609375000000001, "params": {"TK": 263.9409506400704, "fac": -0.9550598674528625, "start": -2.743346198226603, "weak": 0.41719334563628835}, "datetime": {"datetime": "2022-05-04 21:53:56", "elapsed": 38714.983294, "delta": 2201.536046}}
{"target": 0.0, "params": {"TK": 263.8992453068028, "fac": -0.6788756452536563, "start": -3.6002553622368403, "weak": 0.33292829842500826}, "datetime": {"datetime": "2022-05-04 22:18:10", "elapsed": 40168.7993, "delta": 1453.816006}}
{"target": 0.0, "params": {"TK": 263.63541344589333, "fac": -0.5616208382311106, "start": -2.6455864880096067, "weak": 0.33163620520509557}, "datetime": {"datetime": "2022-05-04 22:37:31", "elapsed": 41329.513923, "delta": 1160.714623}}
{"target": 0.05625, "params": {"TK": 292.7835425383468, "fac": -0.7869331495420433, "start": -2.0638735217420656, "weak": 0.49467107301383945}, "datetime": {"datetime": "2022-05-04 22:55:15", "elapsed": 42393.075984, "delta": 1063.562061}}
{"target": 0.066796875, "params": {"TK": 299.91172127138293, "fac": -0.469884676408192, "start": 2.5216864908734644, "weak": 0.30942025976606735}, "datetime": {"datetime": "2022-05-04 23:09:37", "elapsed": 43255.48842, "delta": 862.412436}}
{"target": 0.63984375, "params": {"TK": 263.83865727958624, "fac": -0.9346847554433008, "start": -2.691696219900801, "weak": 0.4394516400194527}, "datetime": {"datetime": "2022-05-04 23:44:07", "elapsed": 45325.187721, "delta": 2069.699301}}
{"target": 0.664453125, "params": {"TK": 263.5097141072351, "fac": -0.8719559343725494, "start": -2.709201065962797, "weak": 0.422332925139372}, "datetime": {"datetime": "2022-05-05 00:18:45", "elapsed": 47403.019782, "delta": 2077.832061}}
{"target": 0.0, "params": {"TK": 234.45987764119033, "fac": -0.6513015466857544, "start": 3.2619000948973227, "weak": 0.31579919820494723}, "datetime": {"datetime": "2022-05-05 00:32:43", "elapsed": 48241.41926, "delta": 838.399478}}
{"target": 0.72421875, "params": {"TK": 265.0765753484724, "fac": -0.8171612567658544, "start": -0.15794407513793374, "weak": 0.4011812796227001}, "datetime": {"datetime": "2022-05-05 01:09:13", "elapsed": 50431.419473, "delta": 2190.000213}}
{"target": 0.038671875, "params": {"TK": 263.4998783822777, "fac": -0.7238258116284373, "start": -2.745201582900595, "weak": 0.3210257395347149}, "datetime": {"datetime": "2022-05-05 01:30:11", "elapsed": 51689.263793, "delta": 1257.84432}}
{"target": 0.0, "params": {"TK": 228.0166509448753, "fac": -0.8495134113535909, "start": -2.935483205345964, "weak": 0.3108132459610612}, "datetime": {"datetime": "2022-05-05 01:43:21", "elapsed": 52479.410346, "delta": 790.146553}}
{"target": 0.66796875, "params": {"TK": 263.36528449548314, "fac": -0.8847250097311006, "start": -2.673043916138277, "weak": 0.42983376038776516}, "datetime": {"datetime": "2022-05-05 02:17:35", "elapsed": 54533.908681, "delta": 2054.498335}}
{"target": 0.6046875, "params": {"TK": 265.02984463952754, "fac": -0.8955746966612154, "start": -0.14189973136405065, "weak": 0.39063462343437233}, "datetime": {"datetime": "2022-05-05 02:56:38", "elapsed": 56876.323441, "delta": 2342.41476}}
{"target": 0.474609375, "params": {"TK": 263.71720766645046, "fac": -0.8358692557392984, "start": -2.656573919105349, "weak": 0.44178477898668256}, "datetime": {"datetime": "2022-05-05 03:30:19", "elapsed": 58897.343431, "delta": 2021.01999}}
{"target": 0.671484375, "params": {"TK": 263.95447374873515, "fac": -0.8593158800235996, "start": -2.6786265467734527, "weak": 0.422057118446917}, "datetime": {"datetime": "2022-05-05 04:05:43", "elapsed": 61021.016287, "delta": 2123.672856}}
{"target": 0.2390625, "params": {"TK": 265.1957313382267, "fac": -0.8876007925253875, "start": 0.06093594868009067, "weak": 0.4771991043563446}, "datetime": {"datetime": "2022-05-05 04:33:31", "elapsed": 62689.320669, "delta": 1668.304382}}
{"target": 0.0140625, "params": {"TK": 305.7714783945824, "fac": -0.8399985785438766, "start": 3.295306339967122, "weak": 0.3996200010936001}, "datetime": {"datetime": "2022-05-05 04:57:36", "elapsed": 64134.95423, "delta": 1445.633561}}
{"target": 0.31640625, "params": {"TK": 263.808430626769, "fac": -0.8118333349225091, "start": -2.6376467953781075, "weak": 0.36270144121126396}, "datetime": {"datetime": "2022-05-05 05:34:14", "elapsed": 66332.124704, "delta": 2197.170474}}
{"target": 0.0703125, "params": {"TK": 300.2206853870732, "fac": -0.4489711739982497, "start": 3.7961713217644713, "weak": 0.37468418076164084}, "datetime": {"datetime": "2022-05-05 06:05:11", "elapsed": 68189.786648, "delta": 1857.661944}}
{"target": 0.0, "params": {"TK": 223.14978224249836, "fac": -0.8858587026517792, "start": 3.6375405236612117, "weak": 0.4600113916099213}, "datetime": {"datetime": "2022-05-05 06:34:49", "elapsed": 69967.048805, "delta": 1777.262157}}
{"target": 0.0, "params": {"TK": 226.71089512146074, "fac": -0.9974308034585496, "start": -3.8736755048039626, "weak": 0.34402147757842055}, "datetime": {"datetime": "2022-05-05 07:00:11", "elapsed": 71489.865477, "delta": 1522.816672}}
{"target": 0.0, "params": {"TK": 243.66422446623343, "fac": -0.5911752886707677, "start": 0.9064050825821619, "weak": 0.3837463337134474}, "datetime": {"datetime": "2022-05-05 07:26:42", "elapsed": 73080.037461, "delta": 1590.171984}}
{"target": 0.0, "params": {"TK": 265.0246493721215, "fac": -0.6287282098496032, "start": -0.14790275987527313, "weak": 0.35856484528902827}, "datetime": {"datetime": "2022-05-05 07:58:05", "elapsed": 74963.718802, "delta": 1883.681341}}
{"target": 0.5027343750000001, "params": {"TK": 263.89433832262466, "fac": -0.8664586053844473, "start": -2.7904429309919294, "weak": 0.36945419234180193}, "datetime": {"datetime": "2022-05-05 08:37:44", "elapsed": 77342.806893, "delta": 2379.088091}}
{"target": 0.17578125, "params": {"TK": 263.5990881121322, "fac": -0.8537082868585859, "start": -2.7022988589262313, "weak": 0.48184303694327574}, "datetime": {"datetime": "2022-05-05 09:03:27", "elapsed": 78885.233033, "delta": 1542.42614}}
{"target": 0.54140625, "params": {"TK": 258.6812048437498, "fac": -0.8869343550920161, "start": -3.5207600598110558, "weak": 0.4103733042305767}, "datetime": {"datetime": "2022-05-05 09:40:26", "elapsed": 81104.198876, "delta": 2218.965843}}
{"target": 0.24609375, "params": {"TK": 263.4973258193113, "fac": -0.8327159898520627, "start": -2.5420693295176617, "weak": 0.33286507992807074}, "datetime": {"datetime": "2022-05-05 10:08:52", "elapsed": 82810.538874, "delta": 1706.339998}}
{"target": 0.0, "params": {"TK": 236.58752795127464, "fac": -0.5501313314756316, "start": 0.19861447997110648, "weak": 0.4331891897270016}, "datetime": {"datetime": "2022-05-05 10:20:48", "elapsed": 83526.103788, "delta": 715.564914}}
{"target": 0.0, "params": {"TK": 216.19078151044852, "fac": -0.6434184401708835, "start": -1.6657168791173191, "weak": 0.41698986802770033}, "datetime": {"datetime": "2022-05-05 10:31:48", "elapsed": 84186.584742, "delta": 660.480954}}
{"target": 0.084375, "params": {"TK": 258.68096885809183, "fac": -0.8056479804913999, "start": -3.6758739992793963, "weak": 0.3580164379701828}, "datetime": {"datetime": "2022-05-05 11:06:48", "elapsed": 86286.186149, "delta": 2099.601407}}
{"target": 0.68203125, "params": {"TK": 263.34450371242906, "fac": -0.9747410824926145, "start": -2.765966570202683, "weak": 0.39516169617218205}, "datetime": {"datetime": "2022-05-05 11:46:07", "elapsed": 88645.291094, "delta": 2359.104945}}
{"target": 0.0, "params": {"TK": 247.4237582398182, "fac": -0.5938662863938924, "start": 0.7449024062922494, "weak": 0.40830704538538243}, "datetime": {"datetime": "2022-05-05 12:14:20", "elapsed": 90338.493559, "delta": 1693.202465}}
{"target": 0.0, "params": {"TK": 260.7645112562785, "fac": -0.5482589040890187, "start": 3.3493736807731915, "weak": 0.36643181503452193}, "datetime": {"datetime": "2022-05-05 12:46:45", "elapsed": 92283.856968, "delta": 1945.363409}}
{"target": 0.27421875, "params": {"TK": 263.1875470694274, "fac": -0.8623396577325599, "start": -2.5931725127855074, "weak": 0.47316582584252015}, "datetime": {"datetime": "2022-05-05 13:14:50", "elapsed": 93968.099179, "delta": 1684.242211}}
{"target": 0.7488281250000001, "params": {"TK": 263.70528204452273, "fac": -0.9073957983530011, "start": -2.6459462219257937, "weak": 0.3943957933714912}, "datetime": {"datetime": "2022-05-05 13:55:03", "elapsed": 96381.533447, "delta": 2413.434268}}
{"target": 0.0, "params": {"TK": 249.9299556593506, "fac": -0.6966308188757977, "start": -1.9751022700329344, "weak": 0.43801700200695426}, "datetime": {"datetime": "2022-05-05 14:21:04", "elapsed": 97942.926172, "delta": 1561.392725}}
{"target": 0.0, "params": {"TK": 253.83493165949028, "fac": -0.407336990715116, "start": 2.8949762341040683, "weak": 0.3515413398827835}, "datetime": {"datetime": "2022-05-05 14:35:10", "elapsed": 98788.139619, "delta": 845.213447}}
{"target": 0.0, "params": {"TK": 261.20100847678384, "fac": -0.5353231212477229, "start": -3.8614426270502955, "weak": 0.396798916740436}, "datetime": {"datetime": "2022-05-05 14:59:26", "elapsed": 100244.055969, "delta": 1455.91635}}
{"target": 0.06328125, "params": {"TK": 278.28737888918664, "fac": -0.9766273553865051, "start": -2.6350694946140836, "weak": 0.4553783664208504}, "datetime": {"datetime": "2022-05-05 15:32:09", "elapsed": 102207.004812, "delta": 1962.948843}}
{"target": 0.72421875, "params": {"TK": 263.2922932024979, "fac": -0.9469023117628921, "start": -2.9300217839005986, "weak": 0.39222432889286457}, "datetime": {"datetime": "2022-05-05 16:10:54", "elapsed": 104532.449296, "delta": 2325.444484}}
{"target": 0.734765625, "params": {"TK": 263.4882918995818, "fac": -0.9084533773349651, "start": -2.654187732043347, "weak": 0.39364344905128834}, "datetime": {"datetime": "2022-05-05 16:48:44", "elapsed": 106802.651667, "delta": 2270.202371}}
{"target": 0.7453125, "params": {"TK": 264.1340160805828, "fac": -0.9261212278473467, "start": -2.822986916304828, "weak": 0.39487060351066955}, "datetime": {"datetime": "2022-05-05 17:27:03", "elapsed": 109101.937204, "delta": 2299.285537}}
{"target": 0.0, "params": {"TK": 239.79800226600034, "fac": -0.6379699320800927, "start": 2.85177988646406, "weak": 0.43291864063113267}, "datetime": {"datetime": "2022-05-05 17:52:41", "elapsed": 110639.186707, "delta": 1537.249503}}
{"target": 0.0, "params": {"TK": 231.85574243351954, "fac": -0.6050759466468116, "start": 1.7553927851372473, "weak": 0.44517452095231036}, "datetime": {"datetime": "2022-05-05 18:06:20", "elapsed": 111458.483376, "delta": 819.296669}}
{"target": 0.481640625, "params": {"TK": 263.27982987962037, "fac": -0.9373560819553461, "start": -3.0093395517300197, "weak": 0.3606768413762761}, "datetime": {"datetime": "2022-05-05 18:44:35", "elapsed": 113753.397614, "delta": 2294.914238}}
{"target": 0.45703125, "params": {"TK": 284.2174959660323, "fac": -0.6811764772110404, "start": -3.7137569974900417, "weak": 0.381467978567508}, "datetime": {"datetime": "2022-05-05 19:21:03", "elapsed": 115941.450202, "delta": 2188.052588}}
{"target": 0.41835937500000003, "params": {"TK": 264.0180605996651, "fac": -0.8133251635724467, "start": -2.7833872749802167, "weak": 0.383085280401549}, "datetime": {"datetime": "2022-05-05 20:00:22", "elapsed": 118300.356619, "delta": 2358.906417}}
{"target": 0.28125, "params": {"TK": 263.67242440566275, "fac": -0.9849208533240694, "start": -2.3948333651589593, "weak": 0.3576001965183216}, "datetime": {"datetime": "2022-05-05 20:40:08", "elapsed": 120686.988566, "delta": 2386.631947}}
{"target": 0.010546875, "params": {"TK": 279.69887413730635, "fac": -0.9833062494120064, "start": 3.4962697543646, "weak": 0.4626318032700193}, "datetime": {"datetime": "2022-05-05 21:03:50", "elapsed": 122108.058584, "delta": 1421.070018}}
{"target": 0.720703125, "params": {"TK": 263.9377982068708, "fac": -0.9199197288576516, "start": -2.4530302270850344, "weak": 0.42537020398887954}, "datetime": {"datetime": "2022-05-05 21:40:00", "elapsed": 124278.215813, "delta": 2170.157229}}
{"target": 0.140625, "params": {"TK": 264.1281672323719, "fac": -0.9091213338225077, "start": -2.8754969759922107, "weak": 0.49728224013620603}, "datetime": {"datetime": "2022-05-05 22:01:58", "elapsed": 125596.018714, "delta": 1317.802901}}
{"target": 0.10898437500000001, "params": {"TK": 276.6730334637508, "fac": -0.6357981499771905, "start": -1.546914300495117, "weak": 0.37948191228513506}, "datetime": {"datetime": "2022-05-05 22:38:00", "elapsed": 127758.275086, "delta": 2162.256372}}
{"target": 0.28125, "params": {"TK": 264.1346545963318, "fac": -0.930748515584653, "start": -2.8374762747674174, "weak": 0.3348687083891581}, "datetime": {"datetime": "2022-05-05 23:09:20", "elapsed": 129638.973708, "delta": 1880.698622}}
{"target": 0.087890625, "params": {"TK": 288.54660236331233, "fac": -0.8610200412016855, "start": -2.438016266322018, "weak": 0.4686268953491365}, "datetime": {"datetime": "2022-05-05 23:38:13", "elapsed": 131371.429783, "delta": 1732.456075}}
{"target": 0.116015625, "params": {"TK": 260.4535091275632, "fac": -0.9501490954097627, "start": -1.9897636838296737, "weak": 0.30048689202227175}, "datetime": {"datetime": "2022-05-05 23:57:56", "elapsed": 132554.943163, "delta": 1183.51338}}
{"target": 0.028125, "params": {"TK": 298.13796061070013, "fac": -0.8926792299827969, "start": -1.9512019079393363, "weak": 0.44892061469316225}, "datetime": {"datetime": "2022-05-06 00:26:53", "elapsed": 134291.706169, "delta": 1736.763006}}
{"target": 0.0, "params": {"TK": 227.45556199875745, "fac": -0.7413080876667284, "start": 1.1725565075203948, "weak": 0.3497486589010595}, "datetime": {"datetime": "2022-05-06 00:48:03", "elapsed": 135561.750576, "delta": 1270.044407}}
{"target": 0.298828125, "params": {"TK": 259.3276416362818, "fac": -0.911206810851599, "start": 3.9292210212215473, "weak": 0.3814307221717328}, "datetime": {"datetime": "2022-05-06 01:27:45", "elapsed": 137943.07638, "delta": 2381.325804}}
{"target": 0.65390625, "params": {"TK": 264.064559002806, "fac": -0.9337419500170199, "start": -2.5514916505549916, "weak": 0.4230483735307387}, "datetime": {"datetime": "2022-05-06 02:04:08", "elapsed": 140126.622786, "delta": 2183.546406}}
{"target": 0.221484375, "params": {"TK": 263.82502059966106, "fac": -0.967093832229284, "start": -2.5277334656780504, "weak": 0.4836679900388332}, "datetime": {"datetime": "2022-05-06 02:32:11", "elapsed": 141809.284299, "delta": 1682.661513}}
{"target": 0.38671875, "params": {"TK": 264.0559266748178, "fac": -0.8632300700756954, "start": -2.6118682707755063, "weak": 0.4635007002055027}, "datetime": {"datetime": "2022-05-06 03:01:28", "elapsed": 143566.936715, "delta": 1757.652416}}
