{"target": 0.108333, "params": {"TK": 228.66433007504781, "fac": 4.1737897625194185, "start": 3.1424553822388184, "weak": 0.42471118345974246}, "datetime": {"datetime": "2022-04-25 19:01:57", "elapsed": 96013.830937, "delta": 541.198585}}
{"target": 0.0, "params": {"TK": 277.1315221002087, "fac": 4.11641570420884, "start": 2.727708806890263, "weak": 0.3050674946684583}, "datetime": {"datetime": "2022-04-25 19:03:18", "elapsed": 96095.291926, "delta": 81.460989}}
{"target": 0.0, "params": {"TK": 215.11507171398077, "fac": 4.176685606927117, "start": 0.19338557869776274, "weak": 0.4169168042832298}, "datetime": {"datetime": "2022-04-25 19:12:10", "elapsed": 96627.69363, "delta": 532.401704}}
{"target": 0.0, "params": {"TK": 294.1959759042984, "fac": 3.4729776687162683, "start": -2.873303051474573, "weak": 0.3209325253323644}, "datetime": {"datetime": "2022-04-25 19:14:36", "elapsed": 96773.224165, "delta": 145.530535}}
{"target": 0.075, "params": {"TK": 255.33665210506305, "fac": 3.8163521730865746, "start": -2.404755763071358, "weak": 0.37977951217123845}, "datetime": {"datetime": "2022-04-25 19:20:16", "elapsed": 97113.362792, "delta": 340.138627}}
{"target": 0.241667, "params": {"TK": 261.3319510443209, "fac": 4.140151637997017, "start": -2.91149283288326, "weak": 0.43459961290373905}, "datetime": {"datetime": "2022-04-25 19:30:35", "elapsed": 97732.453471, "delta": 619.090679}}
{"target": 0.0, "params": {"TK": 218.703943515849, "fac": 3.4671800778966806, "start": 2.2593190573687725, "weak": 0.3281147633255289}, "datetime": {"datetime": "2022-04-25 19:33:03", "elapsed": 97880.757953, "delta": 148.304482}}
{"target": 0.0, "params": {"TK": 222.5245727293273, "fac": 3.1535653958488523, "start": 2.6379307197442383, "weak": 0.3266197848207455}, "datetime": {"datetime": "2022-04-25 19:35:39", "elapsed": 98036.29279, "delta": 155.534837}}
{"target": 0.0666667, "params": {"TK": 257.3343809596386, "fac": 3.659143990603332, "start": 0.11359008198110576, "weak": 0.3729338208161554}, "datetime": {"datetime": "2022-04-25 19:40:51", "elapsed": 98347.864492, "delta": 311.571702}}
{"target": 0.416667, "params": {"TK": 257.14420774989696, "fac": 3.5449918603857613, "start": 2.6076359287821873, "weak": 0.45339487423367025}, "datetime": {"datetime": "2022-04-25 19:51:45", "elapsed": 99002.469502, "delta": 654.60501}}
{"target": 0.0166667, "params": {"TK": 311.1782892243193, "fac": 4.171245960989625, "start": -0.3624325532389454, "weak": 0.45746870425494796}, "datetime": {"datetime": "2022-04-25 19:59:02", "elapsed": 99439.443637, "delta": 436.974135}}
{"target": 0.05, "params": {"TK": 261.9811905409398, "fac": 2.8364614183662527, "start": 0.9068976719770712, "weak": 0.45710529265528876}, "datetime": {"datetime": "2022-04-25 20:08:18", "elapsed": 99995.655721, "delta": 556.212084}}
{"target": 0.0, "params": {"TK": 274.3181080326698, "fac": 3.1700101092635915, "start": 0.8263522299269903, "weak": 0.31879906675938785}, "datetime": {"datetime": "2022-04-25 20:10:53", "elapsed": 100150.496958, "delta": 154.841237}}
{"target": 0.391667, "params": {"TK": 261.44269021017436, "fac": 4.081691411401387, "start": -2.9078938318358363, "weak": 0.5}, "datetime": {"datetime": "2022-04-25 20:21:04", "elapsed": 100760.832244, "delta": 610.335286}}
{"target": 0.0583333, "params": {"TK": 304.549623439472, "fac": 2.5822504032843954, "start": 1.2292612688779085, "weak": 0.49328378269761386}, "datetime": {"datetime": "2022-04-25 20:25:34", "elapsed": 101030.912107, "delta": 270.079863}}
{"target": 0.266667, "params": {"TK": 277.56700573291533, "fac": 3.504017898459505, "start": -1.278730074947089, "weak": 0.4109659149607524}, "datetime": {"datetime": "2022-04-25 20:34:39", "elapsed": 101576.20353, "delta": 545.291423}}
{"target": 0.416667, "params": {"TK": 244.49493275801635, "fac": 4.108995271936643, "start": 3.311621865531211, "weak": 0.49602527112296496}, "datetime": {"datetime": "2022-04-25 20:45:43", "elapsed": 102239.807549, "delta": 663.604019}}
{"target": 0.375, "params": {"TK": 261.33979966048224, "fac": 3.996871750071973, "start": -2.9560011735127354, "weak": 0.47312598243544884}, "datetime": {"datetime": "2022-04-25 20:57:09", "elapsed": 102925.800124, "delta": 685.992575}}
{"target": 0.233333, "params": {"TK": 288.84413461855837, "fac": 2.5478556831519823, "start": 0.9774929532805832, "weak": 0.46084550975752614}, "datetime": {"datetime": "2022-04-25 21:04:38", "elapsed": 103375.056504, "delta": 449.25638}}
{"target": 0.0, "params": {"TK": 226.0911362788826, "fac": 3.3726202922565474, "start": -1.7784899267792165, "weak": 0.3343726513140889}, "datetime": {"datetime": "2022-04-25 21:07:24", "elapsed": 103541.102667, "delta": 166.046163}}
{"target": 0.0, "params": {"TK": 216.47453511670727, "fac": 2.9020077071796297, "start": -3.4832377720932364, "weak": 0.4117174715031835}, "datetime": {"datetime": "2022-04-25 21:12:39", "elapsed": 103856.69927, "delta": 315.596603}}
{"target": 0.191667, "params": {"TK": 245.0421264568066, "fac": 3.5907800524991846, "start": 2.7056801580891934, "weak": 0.4328318611990001}, "datetime": {"datetime": "2022-04-25 21:23:18", "elapsed": 104494.853222, "delta": 638.153952}}
{"target": 0.208333, "params": {"TK": 304.08188225558644, "fac": 2.5508963839150534, "start": 2.4543216224054545, "weak": 0.46280608399923445}, "datetime": {"datetime": "2022-04-25 21:30:07", "elapsed": 104903.994389, "delta": 409.141167}}
{"target": 0.341667, "params": {"TK": 273.4727849780066, "fac": 3.220577727530111, "start": -0.5202634351040709, "weak": 0.46919277864312625}, "datetime": {"datetime": "2022-04-25 21:39:34", "elapsed": 105471.411098, "delta": 567.416709}}
{"target": 0.0, "params": {"TK": 241.9622601316586, "fac": 4.398757892081173, "start": -1.5408511846703572, "weak": 0.362351617032305}, "datetime": {"datetime": "2022-04-25 21:42:54", "elapsed": 105671.043183, "delta": 199.632085}}
{"target": 0.45, "params": {"TK": 261.1306712280856, "fac": 3.9983825383852873, "start": -2.7249535934895217, "weak": 0.493083386120011}, "datetime": {"datetime": "2022-04-25 21:53:23", "elapsed": 106299.797149, "delta": 628.753966}}
{"target": 0.333333, "params": {"TK": 260.7314493978913, "fac": 3.8824175135789285, "start": -2.342353312051709, "weak": 0.4749917446808536}, "datetime": {"datetime": "2022-04-25 22:04:33", "elapsed": 106970.481898, "delta": 670.684749}}
{"target": 0.1, "params": {"TK": 273.6265560320332, "fac": 3.2164197408005215, "start": -0.904799071540551, "weak": 0.3981892930760168}, "datetime": {"datetime": "2022-04-25 22:13:06", "elapsed": 107482.88947, "delta": 512.407572}}
{"target": 0.0, "params": {"TK": 244.40471481134355, "fac": 4.149928207165655, "start": 3.513358331647744, "weak": 0.31184310872409515}, "datetime": {"datetime": "2022-04-25 22:14:40", "elapsed": 107577.640835, "delta": 94.751365}}
{"target": 0.0333333, "params": {"TK": 283.1186734843702, "fac": 3.893905915407254, "start": -0.25754647811462483, "weak": 0.3527438956152363}, "datetime": {"datetime": "2022-04-25 22:17:51", "elapsed": 107768.004402, "delta": 190.363567}}
{"target": 0.3, "params": {"TK": 245.2991267894466, "fac": 3.567197998529733, "start": 2.486835156811421, "weak": 0.44102842483631355}, "datetime": {"datetime": "2022-04-25 22:28:45", "elapsed": 108422.451725, "delta": 654.447323}}
{"target": 0.425, "params": {"TK": 261.1597700266906, "fac": 3.8198869636456125, "start": -2.612982605700302, "weak": 0.4698870472861708}, "datetime": {"datetime": "2022-04-25 22:39:32", "elapsed": 109069.237758, "delta": 646.786033}}
{"target": 0.291667, "params": {"TK": 244.65110525683622, "fac": 4.107313058358296, "start": 3.4055021487309753, "weak": 0.46844583806103657}, "datetime": {"datetime": "2022-04-25 22:49:58", "elapsed": 109694.984993, "delta": 625.747235}}
{"target": 0.108333, "params": {"TK": 244.4998971589088, "fac": 4.040062165525661, "start": 3.2010562667232634, "weak": 0.4204566806709226}, "datetime": {"datetime": "2022-04-25 22:58:51", "elapsed": 110228.757802, "delta": 533.772809}}
{"target": 0.4, "params": {"TK": 257.03416789070474, "fac": 3.535229327494733, "start": 2.4886138404267886, "weak": 0.47843979129083225}, "datetime": {"datetime": "2022-04-25 23:08:53", "elapsed": 110830.688893, "delta": 601.931091}}
{"target": 0.0, "params": {"TK": 257.12516117963355, "fac": 3.6152409026634915, "start": 2.6001703148485955, "weak": 0.3371380451778506}, "datetime": {"datetime": "2022-04-25 23:11:46", "elapsed": 111003.459151, "delta": 172.770258}}
{"target": 0.275, "params": {"TK": 269.8685770893301, "fac": 3.238582169349301, "start": 2.7154313280099434, "weak": 0.48557088719714137}, "datetime": {"datetime": "2022-04-25 23:19:34", "elapsed": 111471.193733, "delta": 467.734582}}
{"target": 0.0, "params": {"TK": 233.1272651297931, "fac": 3.5208958685086458, "start": -3.278648026330761, "weak": 0.34362365830442604}, "datetime": {"datetime": "2022-04-25 23:22:27", "elapsed": 111644.399754, "delta": 173.206021}}
{"target": 0.075, "params": {"TK": 268.6083296452819, "fac": 3.398444531915792, "start": 1.4149921804260126, "weak": 0.3840216578506396}, "datetime": {"datetime": "2022-04-25 23:29:03", "elapsed": 112040.146531, "delta": 395.746777}}
{"target": 0.00833333, "params": {"TK": 241.01247927819406, "fac": 3.0796055268410183, "start": 2.9807980592744068, "weak": 0.4413061950351627}, "datetime": {"datetime": "2022-04-25 23:39:35", "elapsed": 112672.078532, "delta": 631.932001}}
{"target": 0.108333, "params": {"TK": 310.4719755537317, "fac": 3.358638172859484, "start": -3.968964032026194, "weak": 0.3957096263999548}, "datetime": {"datetime": "2022-04-25 23:47:27", "elapsed": 113144.347613, "delta": 472.269081}}
{"target": 0.308333, "params": {"TK": 245.25800791029647, "fac": 3.6443901418655904, "start": 2.603599584960462, "weak": 0.5}, "datetime": {"datetime": "2022-04-25 23:55:46", "elapsed": 113642.949956, "delta": 498.602343}}
{"target": 0.341667, "params": {"TK": 245.42318593704675, "fac": 3.707147093963945, "start": 2.4928998584704214, "weak": 0.4852253537927122}, "datetime": {"datetime": "2022-04-26 00:05:52", "elapsed": 114248.952944, "delta": 606.002988}}
{"target": 0.391667, "params": {"TK": 273.5770119706508, "fac": 3.0925018448721646, "start": -0.6250165107384529, "weak": 0.4398742582247819}, "datetime": {"datetime": "2022-04-26 00:16:29", "elapsed": 114886.473263, "delta": 637.520319}}
{"target": 0.05, "params": {"TK": 304.5883407428237, "fac": 2.6433771256905976, "start": -1.572188424905625, "weak": 0.34327806590491733}, "datetime": {"datetime": "2022-04-26 00:19:57", "elapsed": 115094.227223, "delta": 207.75396}}
{"target": 0.35, "params": {"TK": 244.24365238550288, "fac": 3.8115208773413483, "start": 3.1530910698072168, "weak": 0.5}, "datetime": {"datetime": "2022-04-26 00:29:07", "elapsed": 115644.223971, "delta": 549.996748}}
{"target": 0.0, "params": {"TK": 214.68864707662675, "fac": 3.1989183193575537, "start": -0.5706951813937415, "weak": 0.3045504955923009}, "datetime": {"datetime": "2022-04-26 00:31:12", "elapsed": 115769.133995, "delta": 124.910024}}
{"target": 0.416667, "params": {"TK": 263.2801164572192, "fac": 3.460644055107725, "start": -0.2218363458695114, "weak": 0.4563215704317387}, "datetime": {"datetime": "2022-04-26 00:41:37", "elapsed": 116394.512168, "delta": 625.378173}}
{"target": 0.0916667, "params": {"TK": 261.26380128230915, "fac": 3.768942221078931, "start": -2.6143567183781338, "weak": 0.3866407110945244}, "datetime": {"datetime": "2022-04-26 00:48:26", "elapsed": 116803.424539, "delta": 408.912371}}
{"target": 0.325, "params": {"TK": 260.9987294521964, "fac": 3.8769926929170153, "start": -2.6083306107000555, "weak": 0.448698153965324}, "datetime": {"datetime": "2022-04-26 00:59:30", "elapsed": 117467.5343, "delta": 664.109761}}
{"target": 0.0833333, "params": {"TK": 279.7330197173225, "fac": 3.980000662431907, "start": 3.919355480707539, "weak": 0.49399703186638555}, "datetime": {"datetime": "2022-04-26 01:07:43", "elapsed": 117960.20896, "delta": 492.67466}}
{"target": 0.35, "params": {"TK": 273.6146626787624, "fac": 3.196231327102666, "start": -0.550343826116122, "weak": 0.46626733954512134}, "datetime": {"datetime": "2022-04-26 01:17:03", "elapsed": 118520.410895, "delta": 560.201935}}
{"target": 0.333333, "params": {"TK": 261.35304226556684, "fac": 3.872342206600281, "start": -2.9076184633244577, "weak": 0.5}, "datetime": {"datetime": "2022-04-26 01:26:04", "elapsed": 119061.629332, "delta": 541.218437}}
{"target": 0.233333, "params": {"TK": 257.0057628794964, "fac": 3.5048673423653436, "start": 2.5594005625425975, "weak": 0.42305261252955884}, "datetime": {"datetime": "2022-04-26 01:35:29", "elapsed": 119626.549521, "delta": 564.920189}}
{"target": 0.333333, "params": {"TK": 257.0890077124355, "fac": 3.6451652096671774, "start": 2.5676710408215833, "weak": 0.47580402421441526}, "datetime": {"datetime": "2022-04-26 01:46:22", "elapsed": 120278.968755, "delta": 652.419234}}
{"target": 0.0833333, "params": {"TK": 285.7119570788323, "fac": 2.5634837884753767, "start": -3.5657796926711365, "weak": 0.4448637267587552}, "datetime": {"datetime": "2022-04-26 01:55:06", "elapsed": 120803.207065, "delta": 524.23831}}
{"target": 0.0166667, "params": {"TK": 229.15814934393276, "fac": 3.881384123819495, "start": 0.4278656297660177, "weak": 0.420200147111331}, "datetime": {"datetime": "2022-04-26 02:04:27", "elapsed": 121364.705537, "delta": 561.498472}}
{"target": 0.0, "params": {"TK": 239.02890634429937, "fac": 2.8027734050781925, "start": -3.132868650787435, "weak": 0.3461952839551853}, "datetime": {"datetime": "2022-04-26 02:07:23", "elapsed": 121540.226347, "delta": 175.52081}}
{"target": 0.05, "params": {"TK": 261.0730869749983, "fac": 3.8466243739063075, "start": -2.501694524714405, "weak": 0.3757807255032791}, "datetime": {"datetime": "2022-04-26 02:12:43", "elapsed": 121860.341201, "delta": 320.114854}}
{"target": 0.15, "params": {"TK": 244.19058769265396, "fac": 3.8821462412255525, "start": 3.147919254747367, "weak": 0.421284198598951}, "datetime": {"datetime": "2022-04-26 02:21:54", "elapsed": 122411.409175, "delta": 551.067974}}
{"target": 0.258333, "params": {"TK": 273.5152146018959, "fac": 3.221943445689616, "start": -0.5820671312708185, "weak": 0.41815508651385425}, "datetime": {"datetime": "2022-04-26 02:31:03", "elapsed": 122960.152891, "delta": 548.743716}}
{"target": 0.0, "params": {"TK": 245.3116871348794, "fac": 3.5841697504086403, "start": 2.682667625224526, "weak": 0.3403190877090991}, "datetime": {"datetime": "2022-04-26 02:34:06", "elapsed": 123142.81606, "delta": 182.663169}}
{"target": 0.375, "params": {"TK": 273.3208378516228, "fac": 3.293482185538667, "start": -0.4913185255020194, "weak": 0.4704579843140868}, "datetime": {"datetime": "2022-04-26 02:43:24", "elapsed": 123700.95796, "delta": 558.1419}}
{"target": 0.025, "params": {"TK": 261.09870575434553, "fac": 3.9085666967365063, "start": -2.6083555724063014, "weak": 0.3541922757418284}, "datetime": {"datetime": "2022-04-26 02:46:40", "elapsed": 123897.130334, "delta": 196.172374}}
{"target": 0.383333, "params": {"TK": 273.3424584947228, "fac": 3.3788145607501967, "start": -0.5192311804654199, "weak": 0.44642830356179536}, "datetime": {"datetime": "2022-04-26 02:57:17", "elapsed": 124534.51325, "delta": 637.382916}}
{"target": 0.0, "params": {"TK": 231.11545498068776, "fac": 2.7276794057231566, "start": -2.336578048088832, "weak": 0.4603930918566901}, "datetime": {"datetime": "2022-04-26 03:02:39", "elapsed": 124856.752046, "delta": 322.238796}}
{"target": 0.0, "params": {"TK": 273.2844897368609, "fac": 3.170415257357962, "start": -0.5256290805691837, "weak": 0.32658221367823453}, "datetime": {"datetime": "2022-04-26 03:05:26", "elapsed": 125023.738838, "delta": 166.986792}}
{"target": 0.275, "params": {"TK": 273.41217426403546, "fac": 3.3266032722326524, "start": -0.5073930794176654, "weak": 0.5}, "datetime": {"datetime": "2022-04-26 03:11:58", "elapsed": 125415.519542, "delta": 391.780704}}
{"target": 0.0583333, "params": {"TK": 277.79659708067487, "fac": 2.927388503381821, "start": 0.6705574675373533, "weak": 0.3467517865096283}, "datetime": {"datetime": "2022-04-26 03:15:19", "elapsed": 125615.770602, "delta": 200.25106}}
{"target": 0.258333, "params": {"TK": 257.1224007918281, "fac": 3.5385426426179367, "start": 2.5345433629317364, "weak": 0.5}, "datetime": {"datetime": "2022-04-26 03:23:04", "elapsed": 126081.719475, "delta": 465.948873}}
{"target": 0.341667, "params": {"TK": 269.98196167434645, "fac": 3.210854544229596, "start": 2.529349107173455, "weak": 0.45852521353635245}, "datetime": {"datetime": "2022-04-26 03:33:13", "elapsed": 126690.331554, "delta": 608.612079}}
{"target": 0.0, "params": {"TK": 273.70693179642006, "fac": 2.8329583106898486, "start": -3.2994874983133347, "weak": 0.32239917559564213}, "datetime": {"datetime": "2022-04-26 03:35:58", "elapsed": 126855.118629, "delta": 164.787075}}
{"target": 0.325, "params": {"TK": 257.0598984413758, "fac": 3.6174391092489433, "start": 2.5142801687676037, "weak": 0.4642217197509489}, "datetime": {"datetime": "2022-04-26 03:46:37", "elapsed": 127494.120227, "delta": 639.001598}}
{"target": 0.183333, "params": {"TK": 273.3713034601326, "fac": 3.4518091941017772, "start": -0.5831129961672605, "weak": 0.416935352178486}, "datetime": {"datetime": "2022-04-26 03:55:33", "elapsed": 128030.247691, "delta": 536.127464}}
{"target": 0.05, "params": {"TK": 302.96879430754274, "fac": 3.5310384193760376, "start": 1.8896657514821928, "weak": 0.4505788356077671}, "datetime": {"datetime": "2022-04-26 04:03:37", "elapsed": 128514.203617, "delta": 483.955926}}
{"target": 0.0, "params": {"TK": 228.83724729459496, "fac": 3.0817073142191314, "start": -1.969518617229137, "weak": 0.45446863889674627}, "datetime": {"datetime": "2022-04-26 04:11:49", "elapsed": 129006.628294, "delta": 492.424677}}
{"target": 0.116667, "params": {"TK": 266.7459192404858, "fac": 4.41647997018683, "start": 2.429221035547412, "weak": 0.49314472433897194}, "datetime": {"datetime": "2022-04-26 04:20:15", "elapsed": 129512.330621, "delta": 505.702327}}
{"target": 0.366667, "params": {"TK": 261.1474333834041, "fac": 3.959846073808566, "start": -2.879853838899172, "weak": 0.4754772530380358}, "datetime": {"datetime": "2022-04-26 04:31:24", "elapsed": 130181.760696, "delta": 669.430075}}
{"target": 0.0, "params": {"TK": 214.43573959847072, "fac": 2.9702699089829308, "start": -0.5576429325442502, "weak": 0.3179342305925288}, "datetime": {"datetime": "2022-04-26 04:33:43", "elapsed": 130320.582627, "delta": 138.821931}}
{"target": 0.0, "params": {"TK": 215.46914773537839, "fac": 3.8320916333873374, "start": 2.442007689128907, "weak": 0.35041589729181155}, "datetime": {"datetime": "2022-04-26 04:36:37", "elapsed": 130494.227958, "delta": 173.645331}}
{"target": 0.0, "params": {"TK": 257.06747041147366, "fac": 2.718535625342729, "start": 1.517426040121249, "weak": 0.4700550086681923}, "datetime": {"datetime": "2022-04-26 04:44:10", "elapsed": 130947.163384, "delta": 452.935426}}
{"target": 0.333333, "params": {"TK": 261.2417885710341, "fac": 4.026034829221148, "start": -2.912689102864239, "weak": 0.5}, "datetime": {"datetime": "2022-04-26 04:54:24", "elapsed": 131561.694657, "delta": 614.531273}}
{"target": 0.0583333, "params": {"TK": 263.1620702560716, "fac": 3.4799946286749295, "start": -0.3427317415857436, "weak": 0.3748120024077204}, "datetime": {"datetime": "2022-04-26 05:00:30", "elapsed": 131927.483101, "delta": 365.788444}}
{"target": 0.325, "params": {"TK": 257.0558874086556, "fac": 3.4641256316778457, "start": 2.373297348894111, "weak": 0.4934721691453606}, "datetime": {"datetime": "2022-04-26 05:08:56", "elapsed": 132433.539504, "delta": 506.056403}}
{"target": 0.0, "params": {"TK": 249.46468754886857, "fac": 2.6291449698069, "start": -3.327145840328617, "weak": 0.38112514837351696}, "datetime": {"datetime": "2022-04-26 05:16:04", "elapsed": 132861.021803, "delta": 427.482299}}
{"target": 0.05, "params": {"TK": 309.01672707850275, "fac": 2.670041832153421, "start": -2.688638632461177, "weak": 0.34415652670545144}, "datetime": {"datetime": "2022-04-26 05:19:48", "elapsed": 133084.787843, "delta": 223.76604}}
{"target": 0.35, "params": {"TK": 274.25946321983633, "fac": 3.0305751646765793, "start": -0.15475574689445112, "weak": 0.42818281037289724}, "datetime": {"datetime": "2022-04-26 05:30:36", "elapsed": 133733.528232, "delta": 648.740389}}
{"target": 0.208333, "params": {"TK": 280.62431247763425, "fac": 3.599036208496885, "start": 3.543408174553994, "weak": 0.41877942142973024}, "datetime": {"datetime": "2022-04-26 05:39:30", "elapsed": 134267.244269, "delta": 533.716037}}
{"target": 0.0916667, "params": {"TK": 255.32852867551833, "fac": 3.326672021675826, "start": 3.0250261186542833, "weak": 0.3693977433995621}, "datetime": {"datetime": "2022-04-26 05:44:36", "elapsed": 134573.562444, "delta": 306.318175}}
{"target": 0.391667, "params": {"TK": 261.3791568676238, "fac": 3.92380006274471, "start": -2.732398121697792, "weak": 0.49923794205521455}, "datetime": {"datetime": "2022-04-26 05:54:12", "elapsed": 135148.890488, "delta": 575.328044}}
{"target": 0.4, "params": {"TK": 273.52989034234116, "fac": 3.2911154515422987, "start": 0.006203184276664331, "weak": 0.452864303800062}, "datetime": {"datetime": "2022-04-26 06:04:47", "elapsed": 135784.193215, "delta": 635.302727}}
{"target": 0.025, "params": {"TK": 281.7307986178997, "fac": 2.5834604557990213, "start": -1.1954521117642267, "weak": 0.329783219379651}, "datetime": {"datetime": "2022-04-26 06:07:49", "elapsed": 135966.449678, "delta": 182.256463}}
{"target": 0.4, "params": {"TK": 245.12767868250882, "fac": 3.9235868366754243, "start": 2.5823939467626635, "weak": 0.4925648514940549}, "datetime": {"datetime": "2022-04-26 06:18:30", "elapsed": 136607.269475, "delta": 640.819797}}
