{"target": 0.0916667, "params": {"TK": 257.95184546049774, "fac": 3.335758968650463, "start": 0.07348427420366388, "weak": 0.37510746865985656}, "datetime": {"datetime": "2022-04-27 16:32:07", "elapsed": 259824.710643, "delta": 387.05845}}
{"target": 0.125, "params": {"TK": 266.08052267483447, "fac": 3.142813306545965, "start": -3.79368871526452, "weak": 0.4543755100902426}, "datetime": {"datetime": "2022-04-27 16:43:03", "elapsed": 260480.085082, "delta": 655.374439}}
{"target": 0.0, "params": {"TK": 260.9068134443363, "fac": 2.5794287237806506, "start": 3.183947664250491, "weak": 0.30900977212569525}, "datetime": {"datetime": "2022-04-27 16:45:54", "elapsed": 260651.702832, "delta": 171.61775}}
{"target": 0.208333, "params": {"TK": 300.88957486448777, "fac": 2.609907506063555, "start": -1.1076118852996943, "weak": 0.3963699173969246}, "datetime": {"datetime": "2022-04-27 16:54:33", "elapsed": 261170.500449, "delta": 518.797617}}
{"target": 0.00833333, "params": {"TK": 269.70670202392773, "fac": 4.272617133117075, "start": 1.2630504165473573, "weak": 0.38395062311987577}, "datetime": {"datetime": "2022-04-27 16:59:32", "elapsed": 261468.773223, "delta": 298.272774}}
{"target": 0.0, "params": {"TK": 242.25816626861365, "fac": 2.8968202267508345, "start": -2.045446673976409, "weak": 0.4224745692653513}, "datetime": {"datetime": "2022-04-27 17:09:01", "elapsed": 262037.97672, "delta": 569.203497}}
{"target": 0.0, "params": {"TK": 238.18058288131135, "fac": 3.0896654617523245, "start": 3.713551613674631, "weak": 0.320649263911544}, "datetime": {"datetime": "2022-04-27 17:11:28", "elapsed": 262185.73659, "delta": 147.75987}}
{"target": 0.0416667, "params": {"TK": 276.9399499815696, "fac": 3.0303594147893556, "start": 1.6000340088099696, "weak": 0.33697855429407}, "datetime": {"datetime": "2022-04-27 17:14:22", "elapsed": 262358.82291, "delta": 173.08632}}
{"target": 0.0833333, "params": {"TK": 286.5608760516006, "fac": 2.975767661714565, "start": 0.12081253239466161, "weak": 0.3682035312881143}, "datetime": {"datetime": "2022-04-27 17:20:04", "elapsed": 262700.87565, "delta": 342.05274}}
{"target": 0.383333, "params": {"TK": 297.4057883129908, "fac": 2.701352425324682, "start": -0.8649521127235706, "weak": 0.42309984492618263}, "datetime": {"datetime": "2022-04-27 17:29:52", "elapsed": 263289.187001, "delta": 588.311351}}
{"target": 0.316667, "params": {"TK": 270.2765062833444, "fac": 3.0962822389256273, "start": 0.7970604690619867, "weak": 0.47601799926763333}, "datetime": {"datetime": "2022-04-27 17:37:52", "elapsed": 263768.813484, "delta": 479.626483}}
{"target": 0.0, "params": {"TK": 268.82859576863206, "fac": 4.345190099406166, "start": 0.8855349060278268, "weak": 0.30330181531001416}, "datetime": {"datetime": "2022-04-27 17:39:10", "elapsed": 263847.379116, "delta": 78.565632}}
{"target": 0.183333, "params": {"TK": 260.4443741239914, "fac": 3.7617575675446324, "start": -2.446594705278753, "weak": 0.4136029494714412}, "datetime": {"datetime": "2022-04-27 17:48:09", "elapsed": 264386.519642, "delta": 539.140526}}
{"target": 0.0916667, "params": {"TK": 256.8887199229356, "fac": 3.336874286807615, "start": 2.501983841522047, "weak": 0.3718117218993965}, "datetime": {"datetime": "2022-04-27 17:53:36", "elapsed": 264712.902043, "delta": 326.382401}}
{"target": 0.25, "params": {"TK": 263.63869379812155, "fac": 3.3492961030583928, "start": -0.4219607890498942, "weak": 0.4957363698678835}, "datetime": {"datetime": "2022-04-27 18:00:49", "elapsed": 265146.743713, "delta": 433.84167}}
{"target": 0.025, "params": {"TK": 221.91493756772329, "fac": 3.9512324448440266, "start": 3.706672800468131, "weak": 0.44120059088419017}, "datetime": {"datetime": "2022-04-27 18:11:37", "elapsed": 265793.94657, "delta": 647.202857}}
{"target": 0.0, "params": {"TK": 243.08772914822964, "fac": 2.6535110754592877, "start": -0.8898412196643868, "weak": 0.359022275856089}, "datetime": {"datetime": "2022-04-27 18:16:38", "elapsed": 266094.895087, "delta": 300.948517}}
{"target": 0.0, "params": {"TK": 256.8980652445144, "fac": 3.450134295256505, "start": -0.47916231965691836, "weak": 0.3429133068179521}, "datetime": {"datetime": "2022-04-27 18:19:44", "elapsed": 266280.921013, "delta": 186.025926}}
{"target": 0.0, "params": {"TK": 271.17242165587584, "fac": 4.014678530800694, "start": -3.0789035181603364, "weak": 0.30281058361327934}, "datetime": {"datetime": "2022-04-27 18:21:12", "elapsed": 266369.033179, "delta": 88.112166}}
{"target": 0.383333, "params": {"TK": 244.32005017610078, "fac": 3.7751724133037703, "start": 2.921801618824923, "weak": 0.47300659180392096}, "datetime": {"datetime": "2022-04-27 18:32:32", "elapsed": 267048.923276, "delta": 679.890097}}
{"target": 0.0, "params": {"TK": 270.2401588717569, "fac": 3.073093308844266, "start": 0.6484385352804694, "weak": 0.30759357413389005}, "datetime": {"datetime": "2022-04-27 18:34:50", "elapsed": 267187.170809, "delta": 138.247533}}
{"target": 0.0583333, "params": {"TK": 284.3135554015199, "fac": 3.1102811735431595, "start": 2.9570679778593973, "weak": 0.3476318294001109}, "datetime": {"datetime": "2022-04-27 18:38:09", "elapsed": 267385.797938, "delta": 198.627129}}
{"target": 0.25, "params": {"TK": 269.5739643731004, "fac": 3.057876202974275, "start": 2.243502379710323, "weak": 0.48941379582962746}, "datetime": {"datetime": "2022-04-27 18:44:53", "elapsed": 267789.883847, "delta": 404.085909}}
{"target": 0.0916667, "params": {"TK": 263.5222164633659, "fac": 3.396881521379763, "start": -0.3344841796310183, "weak": 0.39059807793584495}, "datetime": {"datetime": "2022-04-27 18:52:26", "elapsed": 268243.390542, "delta": 453.506695}}
{"target": 0.0833333, "params": {"TK": 245.03443228432317, "fac": 3.470604996948838, "start": 2.263416858309512, "weak": 0.3846563828294536}, "datetime": {"datetime": "2022-04-27 18:59:06", "elapsed": 268642.979653, "delta": 399.589111}}
{"target": 0.366667, "params": {"TK": 261.1292324496756, "fac": 3.9066401429058777, "start": -2.6474860559578812, "weak": 0.5}, "datetime": {"datetime": "2022-04-27 19:07:53", "elapsed": 269170.144561, "delta": 527.164908}}
{"target": 0.25, "params": {"TK": 270.21925842607595, "fac": 3.2095804362500866, "start": 0.7725223465289865, "weak": 0.5}, "datetime": {"datetime": "2022-04-27 19:14:08", "elapsed": 269545.358559, "delta": 375.213998}}
{"target": 0.0, "params": {"TK": 212.7746266553423, "fac": 3.5127260387914747, "start": 3.8617897744615917, "weak": 0.4644022002681294}, "datetime": {"datetime": "2022-04-27 19:24:18", "elapsed": 270154.791141, "delta": 609.432582}}
{"target": 0.0, "params": {"TK": 234.34108835615325, "fac": 3.115807156424819, "start": 1.496424565374257, "weak": 0.4625954931162439}, "datetime": {"datetime": "2022-04-27 19:33:45", "elapsed": 270722.12858, "delta": 567.337439}}
{"target": 0.0, "params": {"TK": 244.20966356310763, "fac": 3.5861519021695205, "start": 0.6418769225314822, "weak": 0.3433957100295834}, "datetime": {"datetime": "2022-04-27 19:36:46", "elapsed": 270903.381748, "delta": 181.253168}}
{"target": 0.316667, "params": {"TK": 244.30656358384817, "fac": 4.061223573207019, "start": 3.2267178284231104, "weak": 0.484905494602195}, "datetime": {"datetime": "2022-04-27 19:47:47", "elapsed": 271564.342244, "delta": 660.960496}}
{"target": 0.308333, "params": {"TK": 273.6603957511713, "fac": 3.067011260377455, "start": -0.2309942961868252, "weak": 0.4757378992759048}, "datetime": {"datetime": "2022-04-27 19:55:52", "elapsed": 272049.657673, "delta": 485.315429}}
{"target": 0.0, "params": {"TK": 303.3058389128486, "fac": 3.133242965868459, "start": -2.096675241192221, "weak": 0.3204975372842165}, "datetime": {"datetime": "2022-04-27 19:58:27", "elapsed": 272204.680318, "delta": 155.022645}}
{"target": 0.0, "params": {"TK": 290.01509626594304, "fac": 2.960383392270521, "start": -0.7643856154057476, "weak": 0.30598322009763823}, "datetime": {"datetime": "2022-04-27 20:00:37", "elapsed": 272333.899207, "delta": 129.218889}}
{"target": 0.158333, "params": {"TK": 251.3382382227831, "fac": 3.5879860260896943, "start": -1.7433925836080215, "weak": 0.43007900519096776}, "datetime": {"datetime": "2022-04-27 20:10:46", "elapsed": 272943.765589, "delta": 609.866382}}
{"target": 0.0666667, "params": {"TK": 280.0358011749528, "fac": 4.328692378238694, "start": -1.2950040928070923, "weak": 0.4976222910796231}, "datetime": {"datetime": "2022-04-27 20:19:05", "elapsed": 273442.400669, "delta": 498.63508}}
{"target": 0.4, "params": {"TK": 260.3818088415759, "fac": 4.0285815984317175, "start": -2.3748974708818382, "weak": 0.4865795243760155}, "datetime": {"datetime": "2022-04-27 20:29:59", "elapsed": 274095.944185, "delta": 653.543516}}
{"target": 0.408333, "params": {"TK": 261.4694187633986, "fac": 3.7752248791729306, "start": -2.8849621403925436, "weak": 0.46776297989725796}, "datetime": {"datetime": "2022-04-27 20:41:07", "elapsed": 274763.95746, "delta": 668.013275}}
{"target": 0.0, "params": {"TK": 298.35524553849007, "fac": 3.4435514140139754, "start": 3.7199833828723072, "weak": 0.35424006620692894}, "datetime": {"datetime": "2022-04-27 20:44:22", "elapsed": 274958.95186, "delta": 194.9944}}
{"target": 0.0, "params": {"TK": 260.53688864414244, "fac": 3.691351529439438, "start": -2.5606176490746186, "weak": 0.30395705456294575}, "datetime": {"datetime": "2022-04-27 20:46:10", "elapsed": 275067.101348, "delta": 108.149488}}
{"target": 0.316667, "params": {"TK": 260.7801524421254, "fac": 4.06557484668911, "start": -2.3444492490053763, "weak": 0.47116958974220136}, "datetime": {"datetime": "2022-04-27 20:57:21", "elapsed": 275738.3262, "delta": 671.224852}}
{"target": 0.0833333, "params": {"TK": 245.62655659113628, "fac": 3.7079323641826862, "start": 2.3843532422460445, "weak": 0.37835620802208847}, "datetime": {"datetime": "2022-04-27 21:02:58", "elapsed": 276074.864815, "delta": 336.538615}}
{"target": 0.0, "params": {"TK": 220.45582062831565, "fac": 2.94183916930045, "start": 2.195038499562725, "weak": 0.4213548077442361}, "datetime": {"datetime": "2022-04-27 21:10:21", "elapsed": 276518.171161, "delta": 443.306346}}
{"target": 0.25, "params": {"TK": 263.3291266098404, "fac": 3.312899247576326, "start": -0.4848341685119184, "weak": 0.4949287389258368}, "datetime": {"datetime": "2022-04-27 21:18:01", "elapsed": 276978.042344, "delta": 459.871183}}
{"target": 0.35, "params": {"TK": 261.36381505599724, "fac": 3.7228380731414124, "start": -3.048027432516802, "weak": 0.4988200303995266}, "datetime": {"datetime": "2022-04-27 21:26:38", "elapsed": 277495.687759, "delta": 517.645415}}
{"target": 0.3, "params": {"TK": 263.27821671738536, "fac": 3.402854531029707, "start": -0.1449749060350519, "weak": 0.4931023561073396}, "datetime": {"datetime": "2022-04-27 21:34:29", "elapsed": 277966.606216, "delta": 470.918457}}
{"target": 0.483333, "params": {"TK": 245.00399417484675, "fac": 4.0165684876579, "start": 2.6636762423803932, "weak": 0.5}, "datetime": {"datetime": "2022-04-27 21:44:36", "elapsed": 278573.603827, "delta": 606.997611}}
{"target": 0.35, "params": {"TK": 259.16904534573587, "fac": 3.8102576876287246, "start": 2.2263491564585234, "weak": 0.4764469004555503}, "datetime": {"datetime": "2022-04-27 21:55:21", "elapsed": 279217.953319, "delta": 644.349492}}
{"target": 0.025, "params": {"TK": 310.08668538305494, "fac": 2.9191916706860574, "start": -0.25747961879075465, "weak": 0.479678808000475}, "datetime": {"datetime": "2022-04-27 22:01:40", "elapsed": 279597.352036, "delta": 379.398717}}
{"target": 0.0, "params": {"TK": 219.35691267503879, "fac": 4.2538018255163745, "start": -3.671987029101973, "weak": 0.3249941317360683}, "datetime": {"datetime": "2022-04-27 22:04:15", "elapsed": 279752.492159, "delta": 155.140123}}
{"target": 0.158333, "params": {"TK": 288.8492440795229, "fac": 3.491382749574437, "start": 2.0815244676558757, "weak": 0.4105670902960929}, "datetime": {"datetime": "2022-04-27 22:12:50", "elapsed": 280266.842657, "delta": 514.350498}}
{"target": 0.0, "params": {"TK": 231.12935458721668, "fac": 3.5829073307914623, "start": -2.701307348742742, "weak": 0.46942974637564483}, "datetime": {"datetime": "2022-04-27 22:23:28", "elapsed": 280905.354964, "delta": 638.512307}}
{"target": 0.05, "params": {"TK": 260.2857724712289, "fac": 4.035222760565924, "start": -2.378818523942286, "weak": 0.3839142201003486}, "datetime": {"datetime": "2022-04-27 22:29:51", "elapsed": 281287.806949, "delta": 382.451985}}
{"target": 0.0333333, "params": {"TK": 273.73184493579396, "fac": 3.6177226727587017, "start": 1.985800741388985, "weak": 0.3403811161675291}, "datetime": {"datetime": "2022-04-27 22:33:13", "elapsed": 281490.656707, "delta": 202.849758}}
{"target": 0.291667, "params": {"TK": 273.45723465960845, "fac": 3.3903626442100627, "start": -0.17342034638267112, "weak": 0.4370265855364357}, "datetime": {"datetime": "2022-04-27 22:44:10", "elapsed": 282146.922043, "delta": 656.265336}}
{"target": 0.4, "params": {"TK": 244.22294990708264, "fac": 3.688982057656321, "start": 2.85526110706677, "weak": 0.47815289005749}, "datetime": {"datetime": "2022-04-27 22:55:03", "elapsed": 282799.929184, "delta": 653.007141}}
{"target": 0.291667, "params": {"TK": 245.08257136227869, "fac": 3.6434314345056196, "start": 2.3422720198203058, "weak": 0.5}, "datetime": {"datetime": "2022-04-27 23:04:03", "elapsed": 283340.226916, "delta": 540.297732}}
{"target": 0.05, "params": {"TK": 260.4474239801569, "fac": 3.9741697136669156, "start": -2.3760211617704226, "weak": 0.37973996137068283}, "datetime": {"datetime": "2022-04-27 23:10:00", "elapsed": 283697.253401, "delta": 357.026485}}
{"target": 0.233333, "params": {"TK": 263.4382859374936, "fac": 3.3050414615630164, "start": -0.3426792382115913, "weak": 0.5}, "datetime": {"datetime": "2022-04-27 23:16:48", "elapsed": 284105.033428, "delta": 407.780027}}
{"target": 0.0, "params": {"TK": 263.0620656877698, "fac": 3.7554043230253793, "start": -3.7520888537958905, "weak": 0.3230063154771902}, "datetime": {"datetime": "2022-04-27 23:19:41", "elapsed": 284278.410385, "delta": 173.376957}}
{"target": 0.125, "params": {"TK": 272.86612027538956, "fac": 3.023431957603693, "start": -0.00847006321568422, "weak": 0.40163818579808563}, "datetime": {"datetime": "2022-04-27 23:28:41", "elapsed": 284818.381436, "delta": 539.971051}}
{"target": 0.025, "params": {"TK": 232.8742898856624, "fac": 3.9097798096332026, "start": -1.7340255207557744, "weak": 0.3932895761875001}, "datetime": {"datetime": "2022-04-27 23:36:31", "elapsed": 285288.585356, "delta": 470.20392}}
{"target": 0.316667, "params": {"TK": 271.07096961944796, "fac": 3.3530822928966497, "start": -1.5826109244600115, "weak": 0.43073942651229374}, "datetime": {"datetime": "2022-04-27 23:47:08", "elapsed": 285925.114064, "delta": 636.528708}}
{"target": 0.433333, "params": {"TK": 260.91134284293764, "fac": 4.146954271578273, "start": -2.527282373367104, "weak": 0.48814256149929147}, "datetime": {"datetime": "2022-04-27 23:58:08", "elapsed": 286585.365005, "delta": 660.250941}}
{"target": 0.075, "params": {"TK": 278.55081182315064, "fac": 2.980148247454202, "start": -1.2248609143229787, "weak": 0.3930169467158992}, "datetime": {"datetime": "2022-04-28 00:06:16", "elapsed": 287073.481735, "delta": 488.11673}}
{"target": 0.391667, "params": {"TK": 261.08011121795823, "fac": 4.163071703546801, "start": -2.7266886721124273, "weak": 0.4936443179256197}, "datetime": {"datetime": "2022-04-28 00:17:07", "elapsed": 287724.08955, "delta": 650.607815}}
{"target": 0.0, "params": {"TK": 231.3250269826301, "fac": 3.4904469767871844, "start": 1.1110346828099527, "weak": 0.49868221049532485}, "datetime": {"datetime": "2022-04-28 00:24:52", "elapsed": 288189.167824, "delta": 465.078274}}
{"target": 0.391667, "params": {"TK": 261.415038118816, "fac": 3.963249066364037, "start": -2.9777219436180324, "weak": 0.49944186822090003}, "datetime": {"datetime": "2022-04-28 00:34:40", "elapsed": 288777.554285, "delta": 588.386461}}
{"target": 0.0, "params": {"TK": 288.8704557715922, "fac": 4.4350040233150585, "start": 3.021133284925474, "weak": 0.4020636605833294}, "datetime": {"datetime": "2022-04-28 00:40:40", "elapsed": 289137.357672, "delta": 359.803387}}
{"target": 0.35, "params": {"TK": 261.5637056505675, "fac": 3.655397411156893, "start": -3.0737627928696654, "weak": 0.4676126928822567}, "datetime": {"datetime": "2022-04-28 00:51:47", "elapsed": 289804.322312, "delta": 666.96464}}
{"target": 0.0, "params": {"TK": 294.68775487954775, "fac": 3.1283701691548553, "start": -2.5323525575225574, "weak": 0.3208931440486153}, "datetime": {"datetime": "2022-04-28 00:54:21", "elapsed": 289957.889969, "delta": 153.567657}}
{"target": 0.116667, "params": {"TK": 244.2975152379214, "fac": 3.720986430924098, "start": 2.7845358503397613, "weak": 0.39149635676128475}, "datetime": {"datetime": "2022-04-28 01:01:28", "elapsed": 290385.555378, "delta": 427.665409}}
{"target": 0.166667, "params": {"TK": 282.77062714619274, "fac": 3.534845998039768, "start": 0.7764153625020462, "weak": 0.4610781993286524}, "datetime": {"datetime": "2022-04-28 01:11:53", "elapsed": 291009.956045, "delta": 624.400667}}
{"target": 0.383333, "params": {"TK": 261.4281857689299, "fac": 3.815958163135364, "start": -2.835378712336267, "weak": 0.4945442192543155}, "datetime": {"datetime": "2022-04-28 01:21:20", "elapsed": 291577.580763, "delta": 567.624718}}
{"target": 0.233333, "params": {"TK": 273.11516432918074, "fac": 3.5637336913256155, "start": -2.2065272037550976, "weak": 0.4951998200095731}, "datetime": {"datetime": "2022-04-28 01:29:18", "elapsed": 292055.346378, "delta": 477.765615}}
{"target": 0.00833333, "params": {"TK": 306.73187637154723, "fac": 4.397604242731125, "start": 2.805881632897602, "weak": 0.49114855392690393}, "datetime": {"datetime": "2022-04-28 01:34:50", "elapsed": 292387.416986, "delta": 332.070608}}
{"target": 0.358333, "params": {"TK": 261.0935094200288, "fac": 3.7220005517178034, "start": -2.553137761090862, "weak": 0.4980155157878671}, "datetime": {"datetime": "2022-04-28 01:43:36", "elapsed": 292913.584476, "delta": 526.16749}}
{"target": 0.0, "params": {"TK": 253.27772493958904, "fac": 2.9131376330844514, "start": -1.9168362735134652, "weak": 0.326641065733135}, "datetime": {"datetime": "2022-04-28 01:46:34", "elapsed": 293091.606295, "delta": 178.021819}}
{"target": 0.0, "params": {"TK": 267.6377704560913, "fac": 3.439849513415301, "start": 3.013179546947568, "weak": 0.31115672380167236}, "datetime": {"datetime": "2022-04-28 01:48:37", "elapsed": 293214.68331, "delta": 123.077015}}
{"target": 0.0, "params": {"TK": 240.9950807826616, "fac": 3.4800007273622002, "start": -2.040196140715423, "weak": 0.30302784434170366}, "datetime": {"datetime": "2022-04-28 01:50:31", "elapsed": 293328.138608, "delta": 113.455298}}
{"target": 0.308333, "params": {"TK": 263.28430992477786, "fac": 3.3328741866542666, "start": -0.39143061867263107, "weak": 0.4837245562849095}, "datetime": {"datetime": "2022-04-28 01:59:02", "elapsed": 293838.818997, "delta": 510.680389}}
{"target": 0.408333, "params": {"TK": 260.4389425213748, "fac": 3.8031380117395566, "start": -2.513213813597873, "weak": 0.47800914217034307}, "datetime": {"datetime": "2022-04-28 02:09:45", "elapsed": 294481.946876, "delta": 643.127879}}
{"target": 0.216667, "params": {"TK": 259.16761684077244, "fac": 3.776185906361955, "start": 2.3765198332299535, "weak": 0.44067732612120036}, "datetime": {"datetime": "2022-04-28 02:20:27", "elapsed": 295124.506481, "delta": 642.559605}}
{"target": 0.0, "params": {"TK": 272.90355739000825, "fac": 2.590737051491442, "start": -0.9825084899187315, "weak": 0.48783775355780473}, "datetime": {"datetime": "2022-04-28 02:25:55", "elapsed": 295452.456861, "delta": 327.95038}}
{"target": 0.0166667, "params": {"TK": 217.69056014990952, "fac": 4.215233777816266, "start": 3.4759326823679366, "weak": 0.39409355886810965}, "datetime": {"datetime": "2022-04-28 02:32:14", "elapsed": 295830.944085, "delta": 378.487224}}
{"target": 0.0, "params": {"TK": 219.3842059393027, "fac": 3.075931513151511, "start": -0.1800489423326539, "weak": 0.4291737499661489}, "datetime": {"datetime": "2022-04-28 02:39:47", "elapsed": 296284.056098, "delta": 453.112013}}
{"target": 0.0833333, "params": {"TK": 243.96929995210306, "fac": 3.963560215937685, "start": 3.2484923160295702, "weak": 0.3984921185904182}, "datetime": {"datetime": "2022-04-28 02:47:03", "elapsed": 296719.965597, "delta": 435.909499}}
{"target": 0.0583333, "params": {"TK": 268.3785020066972, "fac": 2.69769466617802, "start": 0.688791966495895, "weak": 0.4311163675383973}, "datetime": {"datetime": "2022-04-28 02:57:22", "elapsed": 297339.678467, "delta": 619.71287}}
{"target": 0.2, "params": {"TK": 244.12002857318902, "fac": 3.6019880618341515, "start": 2.7306754012437784, "weak": 0.4322512617349279}, "datetime": {"datetime": "2022-04-28 03:07:26", "elapsed": 297943.089153, "delta": 603.410686}}
{"target": 0.366667, "params": {"TK": 256.99031394564986, "fac": 3.3889619239836772, "start": 2.3670126027942473, "weak": 0.4674503924495885}, "datetime": {"datetime": "2022-04-28 03:18:05", "elapsed": 298582.090719, "delta": 639.001566}}
{"target": 0.0666667, "params": {"TK": 256.90379333177094, "fac": 3.6914933266316705, "start": 2.4500310402826635, "weak": 0.3988503562048518}, "datetime": {"datetime": "2022-04-28 03:26:00", "elapsed": 299057.468044, "delta": 475.377325}}
{"target": 0.15, "params": {"TK": 308.87117305938784, "fac": 3.016942997931457, "start": -1.276784286553717, "weak": 0.46670029773406196}, "datetime": {"datetime": "2022-04-28 03:34:04", "elapsed": 299540.968368, "delta": 483.500324}}
{"target": 0.25, "params": {"TK": 303.04966341228834, "fac": 2.9804748086174087, "start": -0.7021491400564823, "weak": 0.45585429040433767}, "datetime": {"datetime": "2022-04-28 03:43:19", "elapsed": 300096.092347, "delta": 555.123979}}
