{"target": 0.408333, "params": {"TK": 261.07447711856895, "fac": 4.085224621614841, "start": -2.7021603071566256, "weak": 0.4897587479491238}, "datetime": {"datetime": "2022-04-29 04:02:04", "elapsed": 387621.060851, "delta": 693.660235}}
{"target": 0.391667, "params": {"TK": 263.5713279297578, "fac": 3.505735154682848, "start": -0.0737861228915122, "weak": 0.45596502539552414}, "datetime": {"datetime": "2022-04-29 04:13:30", "elapsed": 388307.568104, "delta": 686.507253}}
{"target": 0.125, "params": {"TK": 273.8092213593289, "fac": 3.0069365130792045, "start": -0.8265767352916044, "weak": 0.5}, "datetime": {"datetime": "2022-04-29 04:19:46", "elapsed": 388683.178626, "delta": 375.610522}}
{"target": 0.208333, "params": {"TK": 225.3376774434486, "fac": 4.386150962243206, "start": 0.9331278889536039, "weak": 0.46444568709685385}, "datetime": {"datetime": "2022-04-29 04:31:45", "elapsed": 389402.354486, "delta": 719.17586}}
{"target": 0.0916667, "params": {"TK": 242.47984041726227, "fac": 3.9016342267043163, "start": -0.023394825510393957, "weak": 0.425380263262172}, "datetime": {"datetime": "2022-04-29 04:41:58", "elapsed": 390015.06699, "delta": 612.712504}}
{"target": 0.308333, "params": {"TK": 273.3942479031892, "fac": 3.556660571738464, "start": -0.020226202338399446, "weak": 0.47087000343826946}, "datetime": {"datetime": "2022-04-29 04:53:08", "elapsed": 390684.887616, "delta": 669.820626}}
{"target": 0.0, "params": {"TK": 263.5658646827819, "fac": 3.4370855590448404, "start": 0.02209124374663407, "weak": 0.32905502881489673}, "datetime": {"datetime": "2022-04-29 04:56:12", "elapsed": 390869.285846, "delta": 184.39823}}
{"target": 0.0, "params": {"TK": 233.03456859612453, "fac": 2.8718048902032134, "start": -3.865248559701386, "weak": 0.4417279399707422}, "datetime": {"datetime": "2022-04-29 05:03:30", "elapsed": 391307.141547, "delta": 437.855701}}
{"target": 0.0666667, "params": {"TK": 247.01933966318535, "fac": 3.916518352138171, "start": -3.666171033893913, "weak": 0.41116185799208116}, "datetime": {"datetime": "2022-04-29 05:13:45", "elapsed": 391922.590547, "delta": 615.449}}
{"target": 0.00833333, "params": {"TK": 305.73479058082364, "fac": 4.154119631791431, "start": 0.3098434066278637, "weak": 0.4701524895440509}, "datetime": {"datetime": "2022-04-29 05:20:29", "elapsed": 392325.975902, "delta": 403.385355}}
{"target": 0.466667, "params": {"TK": 260.87381241166287, "fac": 3.953049354805228, "start": -3.184749446683899, "weak": 0.49253364719571596}, "datetime": {"datetime": "2022-04-29 05:31:10", "elapsed": 392967.323061, "delta": 641.347159}}
{"target": 0.416667, "params": {"TK": 260.74598449174033, "fac": 3.8959543172086315, "start": -3.2619785560179864, "weak": 0.49548658360503456}, "datetime": {"datetime": "2022-04-29 05:41:38", "elapsed": 393595.580354, "delta": 628.257293}}
{"target": 0.325, "params": {"TK": 263.4911298840777, "fac": 3.3317212238945793, "start": -0.494681854838503, "weak": 0.48059618895829814}, "datetime": {"datetime": "2022-04-29 05:51:01", "elapsed": 394158.063638, "delta": 562.483284}}
{"target": 0.05, "params": {"TK": 247.58686644204175, "fac": 4.058384372469321, "start": 2.3059720013574676, "weak": 0.3959760622998594}, "datetime": {"datetime": "2022-04-29 05:58:05", "elapsed": 394582.144792, "delta": 424.081154}}
{"target": 0.191667, "params": {"TK": 271.99108393426775, "fac": 2.7730824642231, "start": -0.4463556121374834, "weak": 0.43072894925070915}, "datetime": {"datetime": "2022-04-29 06:08:31", "elapsed": 395207.996189, "delta": 625.851397}}
{"target": 0.0, "params": {"TK": 248.22394670021322, "fac": 2.767450441993388, "start": 0.9273650672496281, "weak": 0.45421455439934955}, "datetime": {"datetime": "2022-04-29 06:17:47", "elapsed": 395763.861066, "delta": 555.864877}}
{"target": 0.075, "params": {"TK": 282.45691335228287, "fac": 2.781183909021582, "start": -1.4682322419889156, "weak": 0.37491625572076875}, "datetime": {"datetime": "2022-04-29 06:24:55", "elapsed": 396192.664066, "delta": 428.803}}
{"target": 0.375, "params": {"TK": 281.4327047629662, "fac": 3.3207380971416027, "start": -2.781588246744377, "weak": 0.4524164908348609}, "datetime": {"datetime": "2022-04-29 06:35:36", "elapsed": 396833.258075, "delta": 640.594009}}
{"target": 0.291667, "params": {"TK": 269.68469421639276, "fac": 3.188896487336448, "start": 2.8537455768228375, "weak": 0.48346907335149814}, "datetime": {"datetime": "2022-04-29 06:43:53", "elapsed": 397330.097383, "delta": 496.839308}}
{"target": 0.1, "params": {"TK": 260.9335838407266, "fac": 4.014710528778767, "start": -3.0996896482485097, "weak": 0.4056949223454378}, "datetime": {"datetime": "2022-04-29 06:52:40", "elapsed": 397857.582886, "delta": 527.485503}}
{"target": 0.341667, "params": {"TK": 260.86212506768646, "fac": 3.8708127323470065, "start": -3.134671347143183, "weak": 0.5}, "datetime": {"datetime": "2022-04-29 07:02:14", "elapsed": 398431.383384, "delta": 573.800498}}
{"target": 0.35, "params": {"TK": 260.8829112123663, "fac": 3.8888078231339853, "start": -3.2638010349182056, "weak": 0.5}, "datetime": {"datetime": "2022-04-29 07:11:50", "elapsed": 399007.091048, "delta": 575.707664}}
{"target": 0.025, "params": {"TK": 267.3611387394231, "fac": 2.7832854271749783, "start": 3.5418481664905093, "weak": 0.3371961965670678}, "datetime": {"datetime": "2022-04-29 07:15:00", "elapsed": 399196.779006, "delta": 189.687958}}
{"target": 0.0333333, "params": {"TK": 302.4074574545301, "fac": 2.9900001609728797, "start": -0.12509348700995915, "weak": 0.345493738042839}, "datetime": {"datetime": "2022-04-29 07:18:24", "elapsed": 399400.992109, "delta": 204.213103}}
{"target": 0.0583333, "params": {"TK": 280.06903230238584, "fac": 2.6125678931674314, "start": 1.5358034477750477, "weak": 0.3737068983459143}, "datetime": {"datetime": "2022-04-29 07:25:12", "elapsed": 399808.922104, "delta": 407.929995}}
{"target": 0.241667, "params": {"TK": 273.29086650256653, "fac": 3.1591025621078237, "start": -0.26387196124575585, "weak": 0.4932197305373494}, "datetime": {"datetime": "2022-04-29 07:32:19", "elapsed": 400236.760312, "delta": 427.838208}}
{"target": 0.216667, "params": {"TK": 246.92127019116623, "fac": 3.9299614356029324, "start": -3.479134173549611, "weak": 0.5}, "datetime": {"datetime": "2022-04-29 07:42:29", "elapsed": 400846.148573, "delta": 609.388261}}
{"target": 0.225, "params": {"TK": 244.1830727444245, "fac": 4.206407112042289, "start": 3.068622620742036, "weak": 0.46083107576239385}, "datetime": {"datetime": "2022-04-29 07:54:16", "elapsed": 401553.162637, "delta": 707.014064}}
{"target": 0.158333, "params": {"TK": 260.8455864803243, "fac": 3.8651152519484, "start": -3.3607059616095807, "weak": 0.4145752129529492}, "datetime": {"datetime": "2022-04-29 08:04:18", "elapsed": 402154.927839, "delta": 601.765202}}
{"target": 0.2, "params": {"TK": 281.43795075242326, "fac": 3.4094522004679897, "start": -2.8508074985917666, "weak": 0.4302020142827815}, "datetime": {"datetime": "2022-04-29 08:15:41", "elapsed": 402838.714608, "delta": 683.786769}}
{"target": 0.0, "params": {"TK": 286.7971437364562, "fac": 2.6311425309717396, "start": 1.0081268083640902, "weak": 0.3078204857041235}, "datetime": {"datetime": "2022-04-29 08:18:14", "elapsed": 402991.359443, "delta": 152.644835}}
{"target": 0.00833333, "params": {"TK": 255.07082160459382, "fac": 3.157066703837182, "start": -1.6485643525034606, "weak": 0.3509284305144865}, "datetime": {"datetime": "2022-04-29 08:22:02", "elapsed": 403219.048584, "delta": 227.689141}}
{"target": 0.0, "params": {"TK": 231.49131203539065, "fac": 3.1377165095468946, "start": -1.0289604602742992, "weak": 0.4968402418174589}, "datetime": {"datetime": "2022-04-29 08:28:26", "elapsed": 403603.305331, "delta": 384.256747}}
{"target": 0.1, "params": {"TK": 227.1098725493651, "fac": 4.439050040554634, "start": -0.49657370436598836, "weak": 0.42329611690062696}, "datetime": {"datetime": "2022-04-29 08:38:00", "elapsed": 404177.183786, "delta": 573.878455}}
{"target": 0.141667, "params": {"TK": 248.12137485286536, "fac": 3.634941163187268, "start": -2.156088775743351, "weak": 0.448067515401428}, "datetime": {"datetime": "2022-04-29 08:49:19", "elapsed": 404856.535556, "delta": 679.35177}}
{"target": 0.433333, "params": {"TK": 244.95594178073182, "fac": 3.744060374987744, "start": 2.321159186137132, "weak": 0.4643238119570582}, "datetime": {"datetime": "2022-04-29 09:00:41", "elapsed": 405538.26028, "delta": 681.724724}}
{"target": 0.0, "params": {"TK": 236.14220756754116, "fac": 3.642760557399081, "start": -2.401509335254527, "weak": 0.35301974311085577}, "datetime": {"datetime": "2022-04-29 09:04:11", "elapsed": 405748.647737, "delta": 210.387457}}
{"target": 0.0, "params": {"TK": 273.4747096268542, "fac": 3.033533050659317, "start": -1.252332820582045, "weak": 0.3321321059705396}, "datetime": {"datetime": "2022-04-29 09:07:16", "elapsed": 405933.205078, "delta": 184.557341}}
{"target": 0.475, "params": {"TK": 243.98911107248264, "fac": 4.070051707546066, "start": 3.0939989239404113, "weak": 0.49735867108192433}, "datetime": {"datetime": "2022-04-29 09:18:16", "elapsed": 406593.194522, "delta": 659.989444}}
{"target": 0.241667, "params": {"TK": 260.63760473112717, "fac": 3.9605112763265917, "start": -3.0983277382590275, "weak": 0.4261972963304028}, "datetime": {"datetime": "2022-04-29 09:28:54", "elapsed": 407230.919947, "delta": 637.725425}}
{"target": 0.433333, "params": {"TK": 260.7735057226097, "fac": 3.895118822157521, "start": -2.9057158808248005, "weak": 0.4853725364239392}, "datetime": {"datetime": "2022-04-29 09:40:04", "elapsed": 407900.901647, "delta": 669.9817}}
{"target": 0.4, "params": {"TK": 261.4738624556889, "fac": 3.6352986870885173, "start": -3.3443556420609717, "weak": 0.46424476927074176}, "datetime": {"datetime": "2022-04-29 09:51:53", "elapsed": 408610.624013, "delta": 709.722366}}
{"target": 0.0, "params": {"TK": 214.03558495807965, "fac": 2.946076787706967, "start": 0.15998329190376648, "weak": 0.3992833966739068}, "datetime": {"datetime": "2022-04-29 09:57:27", "elapsed": 408944.298198, "delta": 333.674185}}
{"target": 0.0, "params": {"TK": 271.13090562217934, "fac": 2.909986121307723, "start": -1.2523443615800103, "weak": 0.32471030322359046}, "datetime": {"datetime": "2022-04-29 10:00:19", "elapsed": 409116.088072, "delta": 171.789874}}
{"target": 0.116667, "params": {"TK": 260.7869746824142, "fac": 3.9618616905337074, "start": -2.9270289017720357, "weak": 0.41257224206796866}, "datetime": {"datetime": "2022-04-29 10:09:49", "elapsed": 409686.249629, "delta": 570.161557}}
{"target": 0.333333, "params": {"TK": 263.5116264598219, "fac": 3.312337719213118, "start": -0.17305305614080346, "weak": 0.4611814817533232}, "datetime": {"datetime": "2022-04-29 10:21:08", "elapsed": 410365.304262, "delta": 679.054633}}
{"target": 0.333333, "params": {"TK": 231.3810409907425, "fac": 4.052500790064807, "start": 3.6672622072340584, "weak": 0.5}, "datetime": {"datetime": "2022-04-29 10:32:01", "elapsed": 411018.64023, "delta": 653.335968}}
{"target": 0.358333, "params": {"TK": 261.04068999403137, "fac": 3.649222790671253, "start": -2.5863839664164843, "weak": 0.43968752237110914}, "datetime": {"datetime": "2022-04-29 10:43:25", "elapsed": 411701.911507, "delta": 683.271277}}
{"target": 0.0, "params": {"TK": 260.64825628029877, "fac": 3.902041517418351, "start": -3.32647326971537, "weak": 0.32812627220197604}, "datetime": {"datetime": "2022-04-29 10:46:18", "elapsed": 411875.401315, "delta": 173.489808}}
{"target": 0.0, "params": {"TK": 252.07371898710068, "fac": 2.5955914901215458, "start": -0.33160534264497876, "weak": 0.4006040453168063}, "datetime": {"datetime": "2022-04-29 10:54:26", "elapsed": 412363.330273, "delta": 487.928958}}
{"target": 0.00833333, "params": {"TK": 261.61896394848253, "fac": 3.681495110367276, "start": -3.419129423585228, "weak": 0.3495461623439695}, "datetime": {"datetime": "2022-04-29 10:58:02", "elapsed": 412579.711213, "delta": 216.38094}}
{"target": 0.0, "params": {"TK": 220.5395464499046, "fac": 3.7989357900909817, "start": -1.2079626243104684, "weak": 0.48247611977090143}, "datetime": {"datetime": "2022-04-29 11:08:20", "elapsed": 413196.860397, "delta": 617.149184}}
{"target": 0.0583333, "params": {"TK": 281.7521682501867, "fac": 2.730622827942502, "start": 1.6700101644058314, "weak": 0.5}, "datetime": {"datetime": "2022-04-29 11:13:49", "elapsed": 413526.041861, "delta": 329.181464}}
{"target": 0.366667, "params": {"TK": 259.19876070473504, "fac": 3.699697162353532, "start": 2.1226926279976253, "weak": 0.4885939804424153}, "datetime": {"datetime": "2022-04-29 11:24:22", "elapsed": 414158.843809, "delta": 632.801948}}
{"target": 0.116667, "params": {"TK": 231.50296558382774, "fac": 4.1037744909356615, "start": 3.800798586079554, "weak": 0.4071805150647489}, "datetime": {"datetime": "2022-04-29 11:33:14", "elapsed": 414691.01942, "delta": 532.175611}}
{"target": 0.141667, "params": {"TK": 269.6916419765504, "fac": 2.8133900436490644, "start": 2.5373815208016977, "weak": 0.4875329106831338}, "datetime": {"datetime": "2022-04-29 11:39:53", "elapsed": 415089.934271, "delta": 398.914851}}
{"target": 0.0333333, "params": {"TK": 273.3956990952745, "fac": 3.4768037499929916, "start": 0.05231173835812353, "weak": 0.38819411311207724}, "datetime": {"datetime": "2022-04-29 11:47:33", "elapsed": 415549.77776, "delta": 459.843489}}
{"target": 0.375, "params": {"TK": 261.7456422599974, "fac": 3.9293267470706006, "start": -3.237301686652816, "weak": 0.4556623471336333}, "datetime": {"datetime": "2022-04-29 11:59:21", "elapsed": 416258.560362, "delta": 708.782602}}
{"target": 0.0166667, "params": {"TK": 274.8052575794609, "fac": 2.4988108953159287, "start": 0.41932213345522484, "weak": 0.3632336078519502}, "datetime": {"datetime": "2022-04-29 12:05:14", "elapsed": 416611.518431, "delta": 352.958069}}
{"target": 0.4, "params": {"TK": 263.4011562200844, "fac": 3.4279471869766844, "start": -0.39660765034263606, "weak": 0.47899315396393266}, "datetime": {"datetime": "2022-04-29 12:15:28", "elapsed": 417225.363337, "delta": 613.844906}}
{"target": 0.0666667, "params": {"TK": 292.0721227465218, "fac": 2.8219226916585844, "start": 2.329262285195915, "weak": 0.3745749830776071}, "datetime": {"datetime": "2022-04-29 12:22:20", "elapsed": 417637.687178, "delta": 412.323841}}
{"target": 0.375, "params": {"TK": 260.63223372097076, "fac": 3.8296661747573086, "start": -2.4626167057176884, "weak": 0.5}, "datetime": {"datetime": "2022-04-29 12:32:04", "elapsed": 418221.467017, "delta": 583.779839}}
{"target": 0.333333, "params": {"TK": 260.7616332724762, "fac": 3.8758986787667813, "start": -2.826938719282259, "weak": 0.4467076012328943}, "datetime": {"datetime": "2022-04-29 12:43:47", "elapsed": 418924.103343, "delta": 702.636326}}
{"target": 0.308333, "params": {"TK": 231.3988900902927, "fac": 4.083395117012401, "start": 3.404500255439161, "weak": 0.49245824697129986}, "datetime": {"datetime": "2022-04-29 12:55:01", "elapsed": 419598.17308, "delta": 674.069737}}
{"target": 0.391667, "params": {"TK": 231.28530818001673, "fac": 4.157326226900533, "start": 3.467730839618625, "weak": 0.4882797983163864}, "datetime": {"datetime": "2022-04-29 13:06:33", "elapsed": 420290.34909, "delta": 692.17601}}
{"target": 0.258333, "params": {"TK": 278.5872885132887, "fac": 2.6889012131819143, "start": -0.026832406778424023, "weak": 0.4146357566009901}, "datetime": {"datetime": "2022-04-29 13:15:35", "elapsed": 420831.975691, "delta": 541.626601}}
{"target": 0.341667, "params": {"TK": 228.52574161510404, "fac": 4.20149424195653, "start": 3.0117603232482866, "weak": 0.49569121877604844}, "datetime": {"datetime": "2022-04-29 13:27:02", "elapsed": 421519.02474, "delta": 687.049049}}
{"target": 0.383333, "params": {"TK": 261.63365023262367, "fac": 3.874164437871305, "start": -3.2449003252334343, "weak": 0.4689940999462767}, "datetime": {"datetime": "2022-04-29 13:38:38", "elapsed": 422215.082005, "delta": 696.057265}}
{"target": 0.408333, "params": {"TK": 244.15967985977198, "fac": 3.780424079863139, "start": 2.887044781141922, "weak": 0.4782046591984237}, "datetime": {"datetime": "2022-04-29 13:50:14", "elapsed": 422911.601979, "delta": 696.519974}}
{"target": 0.075, "params": {"TK": 269.7277389877911, "fac": 3.033315108810635, "start": 2.472337810369245, "weak": 0.3867004206432397}, "datetime": {"datetime": "2022-04-29 13:58:15", "elapsed": 423392.466122, "delta": 480.864143}}
{"target": 0.3, "params": {"TK": 261.4969725242298, "fac": 3.6901108403832055, "start": -2.768260590074213, "weak": 0.44429919467000106}, "datetime": {"datetime": "2022-04-29 14:09:44", "elapsed": 424081.648213, "delta": 689.182091}}
{"target": 0.0, "params": {"TK": 251.230991090464, "fac": 2.4549850667436166, "start": -0.2178236499141768, "weak": 0.3323130536544365}, "datetime": {"datetime": "2022-04-29 14:12:48", "elapsed": 424265.26547, "delta": 183.617257}}
{"target": 0.0166667, "params": {"TK": 289.1249830242421, "fac": 4.252457753562712, "start": -1.3378275969809872, "weak": 0.4690206797095542}, "datetime": {"datetime": "2022-04-29 14:20:33", "elapsed": 424729.970172, "delta": 464.704702}}
{"target": 0.5, "params": {"TK": 246.84134406521872, "fac": 4.0381866105459405, "start": 2.049147490318078, "weak": 0.48696949118340294}, "datetime": {"datetime": "2022-04-29 14:31:29", "elapsed": 425386.49174, "delta": 656.521568}}
{"target": 0.266667, "params": {"TK": 260.2762753505547, "fac": 4.013069230442025, "start": -2.504983859005101, "weak": 0.4406014609127877}, "datetime": {"datetime": "2022-04-29 14:43:11", "elapsed": 426088.478642, "delta": 701.986902}}
{"target": 0.333333, "params": {"TK": 260.5026755208267, "fac": 3.7641052565215247, "start": -2.6562476015311303, "weak": 0.49885518873200607}, "datetime": {"datetime": "2022-04-29 14:52:34", "elapsed": 426650.885632, "delta": 562.40699}}
{"target": 0.366667, "params": {"TK": 246.8854693604299, "fac": 3.983040580228941, "start": 2.1682379423641347, "weak": 0.45764941658534986}, "datetime": {"datetime": "2022-04-29 15:04:09", "elapsed": 427346.299824, "delta": 695.414192}}
{"target": 0.0, "params": {"TK": 233.91277197377144, "fac": 2.552618871996355, "start": 1.6810544398348437, "weak": 0.3342623139277642}, "datetime": {"datetime": "2022-04-29 15:06:48", "elapsed": 427505.768876, "delta": 159.469052}}
{"target": 0.0333333, "params": {"TK": 306.6256374223433, "fac": 3.6714096600653523, "start": 3.4167996116160575, "weak": 0.4045141304728846}, "datetime": {"datetime": "2022-04-29 15:14:19", "elapsed": 427956.509952, "delta": 450.741076}}
{"target": 0.391667, "params": {"TK": 261.67044217553945, "fac": 3.6696276674989843, "start": -2.9862781177930513, "weak": 0.48229068484609794}, "datetime": {"datetime": "2022-04-29 15:24:57", "elapsed": 428594.127874, "delta": 637.617922}}
{"target": 0.0, "params": {"TK": 253.66088245195164, "fac": 3.030540753649926, "start": -2.2768240940415234, "weak": 0.31347173775351356}, "datetime": {"datetime": "2022-04-29 15:27:33", "elapsed": 428749.791084, "delta": 155.66321}}
{"target": 0.341667, "params": {"TK": 258.94705277477925, "fac": 3.8254026236642757, "start": -3.522803134151672, "weak": 0.5}, "datetime": {"datetime": "2022-04-29 15:37:05", "elapsed": 429322.084892, "delta": 572.293808}}
{"target": 0.308333, "params": {"TK": 260.97829078536347, "fac": 3.730452005894527, "start": -3.1053232622829663, "weak": 0.44363110218406854}, "datetime": {"datetime": "2022-04-29 15:48:17", "elapsed": 429993.774898, "delta": 671.690006}}
{"target": 0.416667, "params": {"TK": 261.44577239151977, "fac": 3.725171334832355, "start": -3.151343707305948, "weak": 0.465616697973824}, "datetime": {"datetime": "2022-04-29 16:00:08", "elapsed": 430705.26661, "delta": 711.491712}}
{"target": 0.333333, "params": {"TK": 261.59432569317715, "fac": 3.736589989158109, "start": -2.8843940399696777, "weak": 0.5}, "datetime": {"datetime": "2022-04-29 16:09:20", "elapsed": 431257.059242, "delta": 551.792632}}
{"target": 0.133333, "params": {"TK": 261.0285858086991, "fac": 3.778347489999639, "start": -3.2026001219544584, "weak": 0.4069868453745808}, "datetime": {"datetime": "2022-04-29 16:18:52", "elapsed": 431828.814417, "delta": 571.755175}}
{"target": 0.0, "params": {"TK": 301.2000348907966, "fac": 4.272807365571812, "start": 1.2849561987742097, "weak": 0.4634754727671766}, "datetime": {"datetime": "2022-04-29 16:26:22", "elapsed": 432279.228737, "delta": 450.41432}}
{"target": 0.208333, "params": {"TK": 269.58471910622865, "fac": 2.881090411724376, "start": 2.3347116006221196, "weak": 0.4636356732961654}, "datetime": {"datetime": "2022-04-29 16:36:00", "elapsed": 432857.467182, "delta": 578.238445}}
{"target": 0.341667, "params": {"TK": 243.94815962200434, "fac": 4.057632025941609, "start": 3.1564030065885254, "weak": 0.46886188694492115}, "datetime": {"datetime": "2022-04-29 16:47:48", "elapsed": 433565.511356, "delta": 708.044174}}
{"target": 0.166667, "params": {"TK": 294.2185599423747, "fac": 3.6021089062178273, "start": -0.8267483962660638, "weak": 0.4792834624324757}, "datetime": {"datetime": "2022-04-29 16:57:02", "elapsed": 434119.16215, "delta": 553.650794}}
{"target": 0.0916667, "params": {"TK": 245.02905943673778, "fac": 3.7199076650727383, "start": 2.2565410178736496, "weak": 0.3765496151707084}, "datetime": {"datetime": "2022-04-29 17:03:00", "elapsed": 434476.909159, "delta": 357.747009}}
{"target": 0.158333, "params": {"TK": 273.6470048759047, "fac": 3.0803987828145813, "start": -0.44668298660571043, "weak": 0.5}, "datetime": {"datetime": "2022-04-29 17:09:19", "elapsed": 434855.953705, "delta": 379.044546}}
{"target": 0.025, "params": {"TK": 252.11749163990063, "fac": 3.168663699668327, "start": -2.0404966183838296, "weak": 0.4399370376553255}, "datetime": {"datetime": "2022-04-29 17:20:06", "elapsed": 435503.424296, "delta": 647.470591}}
