{"target": 0.116667, "params": {"TK": 274.4790206369933, "fac": 2.9462738325214524, "start": -0.17366899082424503, "weak": 0.4979026345932778}, "datetime": {"datetime": "2022-04-26 06:24:24", "elapsed": 136960.8955, "delta": 353.626025}}
{"target": 0.133333, "params": {"TK": 273.5264713711102, "fac": 2.924653894461316, "start": -0.5551840267689983, "weak": 0.4025951507494375}, "datetime": {"datetime": "2022-04-26 06:32:43", "elapsed": 137460.738577, "delta": 499.843077}}
{"target": 0.0, "params": {"TK": 211.75512003612704, "fac": 3.421806177801094, "start": -2.751972049730166, "weak": 0.31212259426795347}, "datetime": {"datetime": "2022-04-26 06:34:55", "elapsed": 137592.594881, "delta": 131.856304}}
{"target": 0.00833333, "params": {"TK": 282.9272090362701, "fac": 3.8906869293445068, "start": -1.0728351400578333, "weak": 0.3851197339897761}, "datetime": {"datetime": "2022-04-26 06:40:35", "elapsed": 137932.433102, "delta": 339.838221}}
{"target": 0.0916667, "params": {"TK": 261.2696268268873, "fac": 3.9274715752776492, "start": -2.905979832572986, "weak": 0.3884452652405925}, "datetime": {"datetime": "2022-04-26 06:47:24", "elapsed": 138341.427915, "delta": 408.994813}}
{"target": 0.25, "params": {"TK": 248.678856909493, "fac": 4.122617647635594, "start": -1.8726802824963489, "weak": 0.4390857223516854}, "datetime": {"datetime": "2022-04-26 06:57:48", "elapsed": 138965.53664, "delta": 624.108725}}
{"target": 0.45, "params": {"TK": 263.35917457580956, "fac": 3.3688831282373592, "start": -0.14870074485339124, "weak": 0.45001012760765524}, "datetime": {"datetime": "2022-04-26 07:08:06", "elapsed": 139583.626007, "delta": 618.089367}}
{"target": 0.125, "params": {"TK": 245.21625562763495, "fac": 3.788474767594935, "start": 2.7263485646156083, "weak": 0.4095199466349677}, "datetime": {"datetime": "2022-04-26 07:16:30", "elapsed": 140087.609625, "delta": 503.983618}}
{"target": 0.0916667, "params": {"TK": 245.23989781938195, "fac": 3.7463953165213364, "start": 2.8630691107715442, "weak": 0.38014196965746877}, "datetime": {"datetime": "2022-04-26 07:21:57", "elapsed": 140414.10195, "delta": 326.492325}}
{"target": 0.1, "params": {"TK": 239.7722494169529, "fac": 3.8272787096109897, "start": 3.9605875787957956, "weak": 0.41922427972657184}, "datetime": {"datetime": "2022-04-26 07:30:53", "elapsed": 140950.134782, "delta": 536.032832}}
{"target": 0.191667, "params": {"TK": 269.87398306904595, "fac": 3.2602605277422514, "start": 2.6037972103751406, "weak": 0.41600629378713877}, "datetime": {"datetime": "2022-04-26 07:39:25", "elapsed": 141462.057228, "delta": 511.922446}}
{"target": 0.358333, "params": {"TK": 261.15417293440913, "fac": 3.8803614304236644, "start": -2.739229759413921, "weak": 0.45267571570525156}, "datetime": {"datetime": "2022-04-26 07:49:58", "elapsed": 142094.914244, "delta": 632.857016}}
{"target": 0.0, "params": {"TK": 231.2203817651033, "fac": 3.1742015433139406, "start": 0.9696315782375526, "weak": 0.36981611857184027}, "datetime": {"datetime": "2022-04-26 07:55:08", "elapsed": 142405.250267, "delta": 310.336023}}
{"target": 0.0, "params": {"TK": 212.40145933350698, "fac": 2.912653971732328, "start": 3.536379792874232, "weak": 0.3483646402728075}, "datetime": {"datetime": "2022-04-26 07:57:25", "elapsed": 142542.568818, "delta": 137.318551}}
{"target": 0.0666667, "params": {"TK": 260.85890480390486, "fac": 3.786794385561535, "start": -2.575661686655436, "weak": 0.3828161927415712}, "datetime": {"datetime": "2022-04-26 08:03:23", "elapsed": 142899.802904, "delta": 357.234086}}
{"target": 0.391667, "params": {"TK": 244.99243649431324, "fac": 3.973871955061444, "start": 2.6508033597376652, "weak": 0.4593403653174779}, "datetime": {"datetime": "2022-04-26 08:13:55", "elapsed": 143532.049238, "delta": 632.246334}}
{"target": 0.075, "params": {"TK": 257.1197199358287, "fac": 3.4451917068641618, "start": 2.6816659650394383, "weak": 0.3657457682226483}, "datetime": {"datetime": "2022-04-26 08:18:16", "elapsed": 143793.603547, "delta": 261.554309}}
{"target": 0.0, "params": {"TK": 251.97345249937388, "fac": 3.0453784113964812, "start": -2.3921105961997915, "weak": 0.4433327664195844}, "datetime": {"datetime": "2022-04-26 08:28:04", "elapsed": 144381.718158, "delta": 588.114611}}
{"target": 0.408333, "params": {"TK": 261.44123816308644, "fac": 4.009843840124076, "start": -2.994812016756837, "weak": 0.5}, "datetime": {"datetime": "2022-04-26 08:36:50", "elapsed": 144907.479113, "delta": 525.760955}}
{"target": 0.408333, "params": {"TK": 245.03067306231318, "fac": 3.8979141073000125, "start": 2.596015686713105, "weak": 0.5}, "datetime": {"datetime": "2022-04-26 08:45:42", "elapsed": 145438.818703, "delta": 531.33959}}
{"target": 0.0916667, "params": {"TK": 253.24625354265046, "fac": 3.9223154522669303, "start": -2.818452636829395, "weak": 0.3780604846676462}, "datetime": {"datetime": "2022-04-26 08:50:53", "elapsed": 145750.243696, "delta": 311.424993}}
{"target": 0.4, "params": {"TK": 244.1466564036008, "fac": 3.9482401041932595, "start": 3.262860577298995, "weak": 0.4866368670338377}, "datetime": {"datetime": "2022-04-26 09:00:46", "elapsed": 146343.073076, "delta": 592.82938}}
{"target": 0.00833333, "params": {"TK": 306.3092150088259, "fac": 2.822459650324233, "start": 3.796255946025961, "weak": 0.36421580023276584}, "datetime": {"datetime": "2022-04-26 09:05:09", "elapsed": 146606.715906, "delta": 263.64283}}
{"target": 0.333333, "params": {"TK": 244.6490979252115, "fac": 4.125712537110504, "start": 3.5522254419153967, "weak": 0.48034779634505786}, "datetime": {"datetime": "2022-04-26 09:15:05", "elapsed": 147202.062989, "delta": 595.347083}}
{"target": 0.0333333, "params": {"TK": 284.0536225585651, "fac": 3.754848654666868, "start": -0.0482614435909845, "weak": 0.3605852071616268}, "datetime": {"datetime": "2022-04-26 09:18:15", "elapsed": 147392.387186, "delta": 190.324197}}
{"target": 0.383333, "params": {"TK": 273.6282296235028, "fac": 3.22687065154644, "start": -0.25067468783350044, "weak": 0.46451725633392593}, "datetime": {"datetime": "2022-04-26 09:27:08", "elapsed": 147925.316324, "delta": 532.929138}}
{"target": 0.0166667, "params": {"TK": 287.9336026927758, "fac": 4.002981366112287, "start": 3.0730164788828933, "weak": 0.46768662750280954}, "datetime": {"datetime": "2022-04-26 09:33:31", "elapsed": 148307.941559, "delta": 382.625235}}
{"target": 0.0833333, "params": {"TK": 273.54565653315944, "fac": 3.175434899475787, "start": -0.4162638080303571, "weak": 0.3627712992717176}, "datetime": {"datetime": "2022-04-26 09:37:30", "elapsed": 148547.010205, "delta": 239.068646}}
{"target": 0.0, "params": {"TK": 309.83057593295484, "fac": 4.289400435675893, "start": -1.4481916910706971, "weak": 0.3414750449282846}, "datetime": {"datetime": "2022-04-26 09:39:49", "elapsed": 148686.622959, "delta": 139.612754}}
{"target": 0.0, "params": {"TK": 263.2202283255201, "fac": 3.3094888441915042, "start": -0.13358900741577084, "weak": 0.33147559417464895}, "datetime": {"datetime": "2022-04-26 09:42:13", "elapsed": 148830.523688, "delta": 143.900729}}
{"target": 0.0, "params": {"TK": 228.59041356428943, "fac": 3.884506755083466, "start": -3.3424859118511288, "weak": 0.4364999221587348}, "datetime": {"datetime": "2022-04-26 09:51:45", "elapsed": 149402.264038, "delta": 571.74035}}
{"target": 0.391667, "params": {"TK": 269.7250852468594, "fac": 2.9672470732802196, "start": 2.586054173070603, "weak": 0.43419523244017943}, "datetime": {"datetime": "2022-04-26 10:01:29", "elapsed": 149986.203927, "delta": 583.939889}}
{"target": 0.358333, "params": {"TK": 282.6375237375869, "fac": 2.8877019207479453, "start": -3.832570253234141, "weak": 0.4367852537072193}, "datetime": {"datetime": "2022-04-26 10:11:14", "elapsed": 150570.938484, "delta": 584.734557}}
{"target": 0.383333, "params": {"TK": 244.43624851604912, "fac": 4.175122249900244, "start": 3.390450090803807, "weak": 0.5}, "datetime": {"datetime": "2022-04-26 10:20:49", "elapsed": 151145.883904, "delta": 574.94542}}
{"target": 0.433333, "params": {"TK": 261.40541334939485, "fac": 3.832985291853751, "start": -2.8123607336312793, "weak": 0.4834491791108473}, "datetime": {"datetime": "2022-04-26 10:30:44", "elapsed": 151741.757538, "delta": 595.873634}}
{"target": 0.0583333, "params": {"TK": 270.05013202385726, "fac": 3.2657873400031674, "start": 2.7055060503316843, "weak": 0.3862439055231702}, "datetime": {"datetime": "2022-04-26 10:37:32", "elapsed": 152149.456423, "delta": 407.698885}}
{"target": 0.0, "params": {"TK": 297.3036431575042, "fac": 4.349223408195153, "start": 2.9186461007639792, "weak": 0.3470777477138121}, "datetime": {"datetime": "2022-04-26 10:40:08", "elapsed": 152304.871629, "delta": 155.415206}}
{"target": 0.0666667, "params": {"TK": 274.2175058780155, "fac": 3.0973851092658933, "start": -0.1926602533226074, "weak": 0.3522959855550364}, "datetime": {"datetime": "2022-04-26 10:43:32", "elapsed": 152509.399584, "delta": 204.527955}}
{"target": 0.0833333, "params": {"TK": 244.98703719666983, "fac": 3.9712798836802796, "start": 2.605718029022702, "weak": 0.389481294899387}, "datetime": {"datetime": "2022-04-26 10:49:36", "elapsed": 152872.797243, "delta": 363.397659}}
{"target": 0.2, "params": {"TK": 292.0126624992158, "fac": 2.4536217406348357, "start": -2.1137443542154744, "weak": 0.4108673529071628}, "datetime": {"datetime": "2022-04-26 10:57:40", "elapsed": 153356.862185, "delta": 484.064942}}
{"target": 0.0666667, "params": {"TK": 282.6337922718773, "fac": 2.9010623656951613, "start": -3.725429256772345, "weak": 0.3423693633139357}, "datetime": {"datetime": "2022-04-26 11:00:42", "elapsed": 153539.326468, "delta": 182.464283}}
{"target": 0.0666667, "params": {"TK": 244.6212602983381, "fac": 4.127886536253606, "start": 3.6383726823917852, "weak": 0.37735494168631856}, "datetime": {"datetime": "2022-04-26 11:04:35", "elapsed": 153771.846839, "delta": 232.520371}}
{"target": 0.0166667, "params": {"TK": 250.7508726603408, "fac": 3.1528577355832716, "start": -0.27028409321459, "weak": 0.46814133821190784}, "datetime": {"datetime": "2022-04-26 11:13:18", "elapsed": 154295.750375, "delta": 523.903536}}
{"target": 0.0, "params": {"TK": 250.87504648306134, "fac": 2.5277889204998045, "start": 0.8396337038797013, "weak": 0.35976529276910296}, "datetime": {"datetime": "2022-04-26 11:18:25", "elapsed": 154602.673665, "delta": 306.92329}}
{"target": 0.0, "params": {"TK": 230.99915559849197, "fac": 3.699233009309933, "start": -1.89873182826594, "weak": 0.4620684309639526}, "datetime": {"datetime": "2022-04-26 11:29:19", "elapsed": 155256.381512, "delta": 653.707847}}
{"target": 0.341667, "params": {"TK": 245.067457467349, "fac": 3.7576784315429803, "start": 2.5439621697217296, "weak": 0.4450723511869737}, "datetime": {"datetime": "2022-04-26 11:41:39", "elapsed": 155996.127846, "delta": 739.746334}}
{"target": 0.0, "params": {"TK": 214.21277760846058, "fac": 2.7350569955147694, "start": -0.6984902934903783, "weak": 0.4420602416686664}, "datetime": {"datetime": "2022-04-26 11:46:12", "elapsed": 156269.193546, "delta": 273.0657}}
{"target": 0.3, "params": {"TK": 261.0805570203862, "fac": 3.985432659336739, "start": -2.7075927434855043, "weak": 0.43664186834964325}, "datetime": {"datetime": "2022-04-26 11:56:46", "elapsed": 156903.334301, "delta": 634.140755}}
{"target": 0.0333333, "params": {"TK": 269.3176557346893, "fac": 3.9157411636865476, "start": 0.48938670414478835, "weak": 0.3856120328142256}, "datetime": {"datetime": "2022-04-26 12:02:17", "elapsed": 157234.125949, "delta": 330.791648}}
{"target": 0.0, "params": {"TK": 243.77869962353037, "fac": 3.091547661112519, "start": -0.37558545861314485, "weak": 0.33149799020046694}, "datetime": {"datetime": "2022-04-26 12:04:58", "elapsed": 157395.436802, "delta": 161.310853}}
{"target": 0.258333, "params": {"TK": 269.86829796201494, "fac": 2.8969956672472357, "start": 2.7757504625556804, "weak": 0.4575029523253067}, "datetime": {"datetime": "2022-04-26 12:13:37", "elapsed": 157914.169983, "delta": 518.733181}}
{"target": 0.175, "params": {"TK": 304.39930327128064, "fac": 2.7413303386095365, "start": -1.6528285600267845, "weak": 0.4892023773438187}, "datetime": {"datetime": "2022-04-26 12:19:03", "elapsed": 158240.170448, "delta": 326.000465}}
{"target": 0.383333, "params": {"TK": 261.37536837528717, "fac": 3.7584411623992438, "start": -3.111467318369545, "weak": 0.4769359005310893}, "datetime": {"datetime": "2022-04-26 12:29:23", "elapsed": 158860.756825, "delta": 620.586377}}
{"target": 0.358333, "params": {"TK": 245.01591008127463, "fac": 3.9835281414783044, "start": 2.7099338353971314, "weak": 0.4586081902972293}, "datetime": {"datetime": "2022-04-26 12:39:40", "elapsed": 159477.6569, "delta": 616.900075}}
{"target": 0.0, "params": {"TK": 267.98416900030884, "fac": 2.5872093378826513, "start": 0.722634096215824, "weak": 0.3138646077547578}, "datetime": {"datetime": "2022-04-26 12:42:11", "elapsed": 159628.182567, "delta": 150.525667}}
{"target": 0.35, "params": {"TK": 245.32854217627604, "fac": 3.718590826241895, "start": 2.694512666014756, "weak": 0.5}, "datetime": {"datetime": "2022-04-26 12:50:51", "elapsed": 160147.835778, "delta": 519.653211}}
{"target": 0.0, "params": {"TK": 219.145400718978, "fac": 3.9955702745881228, "start": -3.4111231834320757, "weak": 0.4403785812736304}, "datetime": {"datetime": "2022-04-26 13:00:34", "elapsed": 160730.789279, "delta": 582.953501}}
{"target": 0.0, "params": {"TK": 267.4315583781778, "fac": 2.5363878515825027, "start": -3.984739025366518, "weak": 0.30612355285235243}, "datetime": {"datetime": "2022-04-26 13:03:04", "elapsed": 160881.482316, "delta": 150.693037}}
{"target": 0.108333, "params": {"TK": 304.6555033806368, "fac": 2.7573611710899963, "start": -1.6138698944128391, "weak": 0.49569698854322164}, "datetime": {"datetime": "2022-04-26 13:08:06", "elapsed": 161182.785622, "delta": 301.303306}}
{"target": 0.133333, "params": {"TK": 257.0874183569583, "fac": 3.5980000662502425, "start": 2.2977844612666853, "weak": 0.4109802385368583}, "datetime": {"datetime": "2022-04-26 13:17:09", "elapsed": 161726.142551, "delta": 543.356929}}
{"target": 0.358333, "params": {"TK": 261.5642582524159, "fac": 3.914616766172763, "start": -2.81870626190422, "weak": 0.49696617029726764}, "datetime": {"datetime": "2022-04-26 13:26:57", "elapsed": 162314.729282, "delta": 588.586731}}
{"target": 0.316667, "params": {"TK": 273.7752726819436, "fac": 3.247922219053499, "start": -0.16292465016905044, "weak": 0.48189971970275947}, "datetime": {"datetime": "2022-04-26 13:34:57", "elapsed": 162794.444023, "delta": 479.714741}}
{"target": 0.2, "params": {"TK": 244.52653085164263, "fac": 4.292427091469729, "start": 3.567574453293073, "weak": 0.4744204584150251}, "datetime": {"datetime": "2022-04-26 13:45:51", "elapsed": 163448.641819, "delta": 654.197796}}
{"target": 0.25, "params": {"TK": 293.1117944654525, "fac": 2.7048832322309098, "start": 1.5201273852351456, "weak": 0.46876678578870024}, "datetime": {"datetime": "2022-04-26 13:52:46", "elapsed": 163862.885112, "delta": 414.243293}}
{"target": 0.191667, "params": {"TK": 269.79943491477945, "fac": 3.040593384367638, "start": 2.602952535185198, "weak": 0.5}, "datetime": {"datetime": "2022-04-26 13:58:36", "elapsed": 164213.099467, "delta": 350.214355}}
{"target": 0.225, "params": {"TK": 244.61212640172587, "fac": 4.262835668078068, "start": 3.4111719314613023, "weak": 0.45604202311097874}, "datetime": {"datetime": "2022-04-26 14:10:02", "elapsed": 164899.310266, "delta": 686.210799}}
{"target": 0.4, "params": {"TK": 245.34035934303648, "fac": 3.639592412622521, "start": 2.444895167030271, "weak": 0.4692233167503771}, "datetime": {"datetime": "2022-04-26 14:21:03", "elapsed": 165560.660854, "delta": 661.350588}}
{"target": 0.433333, "params": {"TK": 263.51340103190125, "fac": 3.441080644976451, "start": -0.24107719122341464, "weak": 0.4598546379532307}, "datetime": {"datetime": "2022-04-26 14:31:45", "elapsed": 166201.870868, "delta": 641.210014}}
{"target": 0.3, "params": {"TK": 273.7365419501134, "fac": 3.028585832987086, "start": -0.7219709057786083, "weak": 0.45346174247897086}, "datetime": {"datetime": "2022-04-26 14:42:00", "elapsed": 166817.373855, "delta": 615.502987}}
{"target": 0.45, "params": {"TK": 244.3588684100964, "fac": 3.8121334606221833, "start": 3.0456905137975943, "weak": 0.4682417424878391}, "datetime": {"datetime": "2022-04-26 14:52:50", "elapsed": 167466.824036, "delta": 649.450181}}
{"target": 0.0, "params": {"TK": 216.24918071486456, "fac": 3.509660380697441, "start": -0.30870513505596, "weak": 0.4546372725297472}, "datetime": {"datetime": "2022-04-26 15:01:41", "elapsed": 167998.633605, "delta": 531.809569}}
{"target": 0.0, "params": {"TK": 230.2611952118865, "fac": 2.5871372300827775, "start": -3.8755487255658307, "weak": 0.35370595803878896}, "datetime": {"datetime": "2022-04-26 15:05:32", "elapsed": 168229.409576, "delta": 230.775971}}
{"target": 0.0, "params": {"TK": 268.5559879205008, "fac": 3.4900095213907365, "start": 2.092593431180113, "weak": 0.305003470302613}, "datetime": {"datetime": "2022-04-26 15:07:28", "elapsed": 168345.665184, "delta": 116.255608}}
{"target": 0.0333333, "params": {"TK": 272.3138093516319, "fac": 3.630140323724309, "start": -1.2232725322173232, "weak": 0.36624751409452366}, "datetime": {"datetime": "2022-04-26 15:11:49", "elapsed": 168605.912354, "delta": 260.24717}}
{"target": 0.141667, "params": {"TK": 290.57713141411404, "fac": 3.8200829814690316, "start": -2.157308502008191, "weak": 0.40860938373422584}, "datetime": {"datetime": "2022-04-26 15:19:53", "elapsed": 169090.623456, "delta": 484.711102}}
{"target": 0.1, "params": {"TK": 261.1992038407966, "fac": 3.7601933724016403, "start": -3.207593769466957, "weak": 0.40765353189829256}, "datetime": {"datetime": "2022-04-26 15:29:11", "elapsed": 169648.154146, "delta": 557.53069}}
{"target": 0.0, "params": {"TK": 244.80778162558298, "fac": 3.3209171547698935, "start": 0.23325124250496376, "weak": 0.31128092775259025}, "datetime": {"datetime": "2022-04-26 15:31:25", "elapsed": 169782.555363, "delta": 134.401217}}
{"target": 0.0, "params": {"TK": 250.97132713587433, "fac": 2.8930095945915832, "start": 2.053891761000987, "weak": 0.4650379839931623}, "datetime": {"datetime": "2022-04-26 15:40:02", "elapsed": 170299.57219, "delta": 517.016827}}
{"target": 0.283333, "params": {"TK": 263.5664722799405, "fac": 3.4740123739761017, "start": -0.22876186349053373, "weak": 0.4273250011233777}, "datetime": {"datetime": "2022-04-26 15:49:26", "elapsed": 170863.666897, "delta": 564.094707}}
{"target": 0.216667, "params": {"TK": 273.656355031839, "fac": 3.2909407980527083, "start": -0.09826297362058334, "weak": 0.49358037508055375}, "datetime": {"datetime": "2022-04-26 15:56:02", "elapsed": 171259.71385, "delta": 396.046953}}
{"target": 0.3, "params": {"TK": 273.25096050508483, "fac": 3.3028911587131375, "start": -0.6084043107517134, "weak": 0.42856037639642747}, "datetime": {"datetime": "2022-04-26 16:05:28", "elapsed": 171825.045664, "delta": 565.331814}}
{"target": 0.258333, "params": {"TK": 257.14128707282777, "fac": 3.5799507140788345, "start": 2.6693981392136683, "weak": 0.5}, "datetime": {"datetime": "2022-04-26 16:13:14", "elapsed": 172291.075487, "delta": 466.029823}}
{"target": 0.0, "params": {"TK": 308.25358301699555, "fac": 2.746031903471547, "start": 0.8260780529521474, "weak": 0.31572974076041405}, "datetime": {"datetime": "2022-04-26 16:15:45", "elapsed": 172442.050959, "delta": 150.975472}}
{"target": 0.0833333, "params": {"TK": 250.0039600664838, "fac": 4.109851257468528, "start": -1.1873468149530293, "weak": 0.3795177343657884}, "datetime": {"datetime": "2022-04-26 16:20:59", "elapsed": 172756.443376, "delta": 314.392417}}
{"target": 0.0, "params": {"TK": 249.4015874359124, "fac": 2.808181121050171, "start": 1.0206711578862855, "weak": 0.31235060994822406}, "datetime": {"datetime": "2022-04-26 16:23:21", "elapsed": 172898.091302, "delta": 141.647926}}
{"target": 0.0, "params": {"TK": 310.73056778000705, "fac": 3.6624680479293117, "start": -0.5612071497811408, "weak": 0.36269015990082787}, "datetime": {"datetime": "2022-04-26 16:26:30", "elapsed": 173087.041776, "delta": 188.950474}}
{"target": 0.358333, "params": {"TK": 245.32008149067016, "fac": 3.6754461334863358, "start": 2.5742903144940152, "weak": 0.47431255122415306}, "datetime": {"datetime": "2022-04-26 16:37:09", "elapsed": 173725.799841, "delta": 638.758065}}
{"target": 0.166667, "params": {"TK": 271.2771022899428, "fac": 3.0232750284075207, "start": -0.9561075092570377, "weak": 0.4915592914710446}, "datetime": {"datetime": "2022-04-26 16:43:09", "elapsed": 174085.778368, "delta": 359.978527}}
{"target": 0.0, "params": {"TK": 263.35082388767194, "fac": 3.4041895658218824, "start": -0.21635483019707724, "weak": 0.3308249911259228}, "datetime": {"datetime": "2022-04-26 16:45:49", "elapsed": 174245.95711, "delta": 160.178742}}
{"target": 0.116667, "params": {"TK": 269.85498570082103, "fac": 2.907086555677136, "start": 2.564106022352317, "weak": 0.3668814518783119}, "datetime": {"datetime": "2022-04-26 16:51:01", "elapsed": 174558.512692, "delta": 312.555582}}
{"target": 0.225, "params": {"TK": 273.67346855353946, "fac": 3.4096756735536786, "start": -0.8854958638494219, "weak": 0.4096557274762543}, "datetime": {"datetime": "2022-04-26 16:59:23", "elapsed": 175060.220472, "delta": 501.70778}}
{"target": 0.416667, "params": {"TK": 261.48772614150465, "fac": 3.878039364961495, "start": -3.1955894601981534, "weak": 0.4699479602620117}, "datetime": {"datetime": "2022-04-26 17:10:00", "elapsed": 175696.89466, "delta": 636.674188}}
{"target": 0.0, "params": {"TK": 273.42187095987504, "fac": 3.6315710929391933, "start": -3.686608632832205, "weak": 0.32375339573870293}, "datetime": {"datetime": "2022-04-26 17:12:30", "elapsed": 175847.426714, "delta": 150.532054}}
