{"target": 0.375, "params": {"TK": 260.9069566837961, "fac": 4.196567139637735, "start": -2.368830648247928, "weak": 0.491488199748478}, "datetime": {"datetime": "2022-04-30 17:51:41", "elapsed": 523797.884801, "delta": 648.413416}}
{"target": 0.466667, "params": {"TK": 244.06539663669753, "fac": 4.060907372207618, "start": 3.027901717495237, "weak": 0.5}, "datetime": {"datetime": "2022-04-30 18:02:09", "elapsed": 524426.579682, "delta": 628.694881}}
{"target": 0.0916667, "params": {"TK": 261.599198088095, "fac": 3.479760598848629, "start": -2.748303378297811, "weak": 0.3673075265348122}, "datetime": {"datetime": "2022-04-30 18:07:47", "elapsed": 524763.899703, "delta": 337.320021}}
{"target": 0.308333, "params": {"TK": 273.4375767980144, "fac": 3.38465569224775, "start": -0.26950198161935734, "weak": 0.4509727196159583}, "datetime": {"datetime": "2022-04-30 18:18:56", "elapsed": 525433.402558, "delta": 669.502855}}
{"target": 0.0, "params": {"TK": 280.4745294560499, "fac": 4.309459596214486, "start": 1.1472765145384445, "weak": 0.40941812647740117}, "datetime": {"datetime": "2022-04-30 18:25:11", "elapsed": 525807.988435, "delta": 374.585877}}
{"target": 0.45, "params": {"TK": 261.49876252980346, "fac": 4.055821537866637, "start": -2.72052483416679, "weak": 0.4963284032295725}, "datetime": {"datetime": "2022-04-30 18:35:10", "elapsed": 526407.409599, "delta": 599.421164}}
{"target": 0.0, "params": {"TK": 215.34298544047556, "fac": 3.7854540672994457, "start": -2.299956718440203, "weak": 0.48555298289813337}, "datetime": {"datetime": "2022-04-30 18:41:42", "elapsed": 526798.99687, "delta": 391.587271}}
{"target": 0.408333, "params": {"TK": 261.35616801335595, "fac": 3.7599488315161285, "start": -3.418996023061169, "weak": 0.4515781450293851}, "datetime": {"datetime": "2022-04-30 18:51:33", "elapsed": 527390.580782, "delta": 591.583912}}
{"target": 0.183333, "params": {"TK": 261.4523834332449, "fac": 3.8595785223766144, "start": -3.3533215547770707, "weak": 0.41685987552933007}, "datetime": {"datetime": "2022-04-30 19:00:05", "elapsed": 527901.902664, "delta": 511.321882}}
{"target": 0.0333333, "params": {"TK": 287.17636703769307, "fac": 3.806263139522849, "start": -2.9592107684577087, "weak": 0.3588708847011825}, "datetime": {"datetime": "2022-04-30 19:02:51", "elapsed": 528067.911352, "delta": 166.008688}}
{"target": 0.383333, "params": {"TK": 261.752737998535, "fac": 3.6253959536961546, "start": -2.7718654515210783, "weak": 0.4870762552607619}, "datetime": {"datetime": "2022-04-30 19:10:47", "elapsed": 528543.895371, "delta": 475.984019}}
{"target": 0.4, "params": {"TK": 261.4804472098194, "fac": 3.9111546775866106, "start": -2.786921927218529, "weak": 0.46538504385597235}, "datetime": {"datetime": "2022-04-30 19:20:12", "elapsed": 529109.745796, "delta": 565.850425}}
{"target": 0.0, "params": {"TK": 304.9185020386904, "fac": 2.938119971557717, "start": 3.9692628320354375, "weak": 0.3165128948875826}, "datetime": {"datetime": "2022-04-30 19:22:15", "elapsed": 529232.412759, "delta": 122.666963}}
{"target": 0.075, "params": {"TK": 296.73593574813424, "fac": 2.8240861908553216, "start": -2.6830224610299025, "weak": 0.3849733465481958}, "datetime": {"datetime": "2022-04-30 19:28:24", "elapsed": 529601.281384, "delta": 368.868625}}
{"target": 0.366667, "params": {"TK": 261.6407897864119, "fac": 4.149677029392656, "start": -2.8061832754410148, "weak": 0.4910997629274051}, "datetime": {"datetime": "2022-04-30 19:38:32", "elapsed": 530209.705185, "delta": 608.423801}}
{"target": 0.0, "params": {"TK": 247.32607388627753, "fac": 3.144972824941729, "start": -0.896733098551505, "weak": 0.34044109141500023}, "datetime": {"datetime": "2022-04-30 19:41:01", "elapsed": 530358.678176, "delta": 148.972991}}
{"target": 0.258333, "params": {"TK": 259.0240220093698, "fac": 3.924895799079911, "start": -3.5509756752414843, "weak": 0.43551085247348575}, "datetime": {"datetime": "2022-04-30 19:51:14", "elapsed": 530970.780955, "delta": 612.102779}}
{"target": 0.0, "params": {"TK": 218.816796882651, "fac": 3.910519878112658, "start": 1.6916123269745382, "weak": 0.40634065877282544}, "datetime": {"datetime": "2022-04-30 19:58:50", "elapsed": 531427.488111, "delta": 456.707156}}
{"target": 0.383333, "params": {"TK": 231.22123781692954, "fac": 4.119727934222345, "start": 3.701128580852566, "weak": 0.4886913409788278}, "datetime": {"datetime": "2022-04-30 20:10:07", "elapsed": 532103.824681, "delta": 676.33657}}
{"target": 0.0666667, "params": {"TK": 228.82834962480757, "fac": 4.140243484117855, "start": 1.6099683703969898, "weak": 0.4239485226860821}, "datetime": {"datetime": "2022-04-30 20:19:25", "elapsed": 532662.656124, "delta": 558.831443}}
{"target": 0.0166667, "params": {"TK": 302.8435174931739, "fac": 3.2263334424535826, "start": 2.276392713868516, "weak": 0.33507194910962207}, "datetime": {"datetime": "2022-04-30 20:22:38", "elapsed": 532855.440352, "delta": 192.784228}}
{"target": 0.283333, "params": {"TK": 281.44363434458785, "fac": 3.283492551779365, "start": -2.9530642062340444, "weak": 0.42999720343592185}, "datetime": {"datetime": "2022-04-30 20:34:05", "elapsed": 533542.379017, "delta": 686.938665}}
{"target": 0.15, "params": {"TK": 281.56156619366544, "fac": 3.1040611274699152, "start": -2.8127074669696377, "weak": 0.40114901773980927}, "datetime": {"datetime": "2022-04-30 20:43:35", "elapsed": 534112.661992, "delta": 570.282975}}
{"target": 0.366667, "params": {"TK": 281.31147070855286, "fac": 3.1707397383277023, "start": -2.9682924666687382, "weak": 0.4744986016517697}, "datetime": {"datetime": "2022-04-30 20:52:37", "elapsed": 534654.164396, "delta": 541.502404}}
{"target": 0.0916667, "params": {"TK": 290.8907629232031, "fac": 2.4655403691493856, "start": -2.4330646592274556, "weak": 0.4719447609845011}, "datetime": {"datetime": "2022-04-30 20:58:42", "elapsed": 535019.38227, "delta": 365.217874}}
{"target": 0.358333, "params": {"TK": 260.33016943994335, "fac": 3.9241598046462594, "start": -2.6681578051800656, "weak": 0.46691154465572693}, "datetime": {"datetime": "2022-04-30 21:10:19", "elapsed": 535716.506492, "delta": 697.124222}}
{"target": 0.116667, "params": {"TK": 246.74222320620416, "fac": 3.9779327881301096, "start": 2.3270690220379304, "weak": 0.41898685396147406}, "datetime": {"datetime": "2022-04-30 21:20:11", "elapsed": 536308.687102, "delta": 592.18061}}
{"target": 0.0, "params": {"TK": 310.6958463608305, "fac": 4.393760139422113, "start": 0.4429045378866192, "weak": 0.39244952169592584}, "datetime": {"datetime": "2022-04-30 21:24:52", "elapsed": 536589.33983, "delta": 280.652728}}
{"target": 0.283333, "params": {"TK": 259.66727369352395, "fac": 4.397797435930388, "start": -0.44364006950642154, "weak": 0.5}, "datetime": {"datetime": "2022-04-30 21:36:19", "elapsed": 537276.470331, "delta": 687.130501}}
{"target": 0.00833333, "params": {"TK": 285.32229621422397, "fac": 4.165442725235724, "start": -2.7705120369218053, "weak": 0.4018739040631331}, "datetime": {"datetime": "2022-04-30 21:42:53", "elapsed": 537670.187319, "delta": 393.716988}}
{"target": 0.0, "params": {"TK": 229.06416945323886, "fac": 3.055969935932625, "start": 1.895841594704871, "weak": 0.42371119791951684}, "datetime": {"datetime": "2022-04-30 21:52:15", "elapsed": 538232.3186, "delta": 562.131281}}
{"target": 0.0416667, "params": {"TK": 261.208486549537, "fac": 3.714800539439639, "start": -3.535060243051502, "weak": 0.35751296005506555}, "datetime": {"datetime": "2022-04-30 21:57:00", "elapsed": 538517.648599, "delta": 285.329999}}
{"target": 0.408333, "params": {"TK": 261.78956132467346, "fac": 3.9145630014668615, "start": -3.186425712750494, "weak": 0.47140605616306064}, "datetime": {"datetime": "2022-04-30 22:08:48", "elapsed": 539225.661382, "delta": 708.012783}}
{"target": 0.391667, "params": {"TK": 260.36020344913965, "fac": 3.7475985885740055, "start": -2.791971908643104, "weak": 0.48823553893820193}, "datetime": {"datetime": "2022-04-30 22:19:03", "elapsed": 539840.011839, "delta": 614.350457}}
{"target": 0.0, "params": {"TK": 299.64320512137385, "fac": 3.239318905794369, "start": 2.5679457968911636, "weak": 0.35588534778351616}, "datetime": {"datetime": "2022-04-30 22:22:27", "elapsed": 540044.716278, "delta": 204.704439}}
{"target": 0.183333, "params": {"TK": 286.42011691999323, "fac": 3.050541611674752, "start": 0.03745161891688859, "weak": 0.5}, "datetime": {"datetime": "2022-04-30 22:28:49", "elapsed": 540426.733445, "delta": 382.017167}}
{"target": 0.233333, "params": {"TK": 301.2182907086884, "fac": 2.962827461245455, "start": -3.7895405730296323, "weak": 0.41536255541326417}, "datetime": {"datetime": "2022-04-30 22:38:42", "elapsed": 541018.879844, "delta": 592.146399}}
{"target": 0.225, "params": {"TK": 244.06349841947033, "fac": 3.7251789786419893, "start": 2.8683389454457062, "weak": 0.4306986794567145}, "datetime": {"datetime": "2022-04-30 22:48:57", "elapsed": 541634.612702, "delta": 615.732858}}
{"target": 0.333333, "params": {"TK": 245.26199980714506, "fac": 3.661359780589187, "start": 2.759377218935273, "weak": 0.49670482265722327}, "datetime": {"datetime": "2022-04-30 22:56:56", "elapsed": 542113.604688, "delta": 478.991986}}
{"target": 0.025, "params": {"TK": 243.7737355284977, "fac": 3.334473943834883, "start": -0.019644484119902828, "weak": 0.4991910231983851}, "datetime": {"datetime": "2022-04-30 23:03:07", "elapsed": 542484.007903, "delta": 370.403215}}
{"target": 0.0583333, "params": {"TK": 263.42160569942763, "fac": 3.7210845306480316, "start": -0.3375979196614525, "weak": 0.3561053588898409}, "datetime": {"datetime": "2022-04-30 23:06:48", "elapsed": 542705.53861, "delta": 221.530707}}
{"target": 0.408333, "params": {"TK": 261.29361925480924, "fac": 3.8425490368204835, "start": -3.5676915102067994, "weak": 0.4760054660184878}, "datetime": {"datetime": "2022-04-30 23:18:01", "elapsed": 543378.220302, "delta": 672.681692}}
{"target": 0.0, "params": {"TK": 240.25310944222795, "fac": 3.449572123679503, "start": -2.528695786208795, "weak": 0.3348280252500416}, "datetime": {"datetime": "2022-04-30 23:20:56", "elapsed": 543553.161854, "delta": 174.941552}}
{"target": 0.25, "params": {"TK": 243.9514930693872, "fac": 4.171773214735978, "start": 3.1780901886623134, "weak": 0.44826443098995394}, "datetime": {"datetime": "2022-04-30 23:32:41", "elapsed": 544258.221952, "delta": 705.060098}}
{"target": 0.483333, "params": {"TK": 260.5137465845922, "fac": 3.9608839546629633, "start": -2.8419068945433406, "weak": 0.49415342603359536}, "datetime": {"datetime": "2022-04-30 23:42:39", "elapsed": 544856.125246, "delta": 597.903294}}
{"target": 0.0, "params": {"TK": 225.92733055836075, "fac": 2.792773636868657, "start": 2.9154304283454744, "weak": 0.4621005744495365}, "datetime": {"datetime": "2022-04-30 23:49:15", "elapsed": 545252.132659, "delta": 396.007413}}
{"target": 0.266667, "params": {"TK": 260.97867854879473, "fac": 4.312052730077196, "start": -2.5403821085139695, "weak": 0.4885460817907854}, "datetime": {"datetime": "2022-04-30 23:59:59", "elapsed": 545896.174566, "delta": 644.041907}}
{"target": 0.15, "params": {"TK": 273.9738291805699, "fac": 3.811104567670481, "start": 3.328350429644802, "weak": 0.43414552403462603}, "datetime": {"datetime": "2022-05-01 00:08:30", "elapsed": 546407.593638, "delta": 511.419072}}
{"target": 0.191667, "params": {"TK": 261.82002676730355, "fac": 3.978851353850284, "start": -3.119037696009345, "weak": 0.42027451280519496}, "datetime": {"datetime": "2022-05-01 00:18:39", "elapsed": 547016.330794, "delta": 608.737156}}
{"target": 0.291667, "params": {"TK": 260.5297213429435, "fac": 3.9299730002898015, "start": -2.792537800152118, "weak": 0.4387321910252051}, "datetime": {"datetime": "2022-05-01 00:29:33", "elapsed": 547670.555612, "delta": 654.224818}}
{"target": 0.0, "params": {"TK": 303.5938184924141, "fac": 4.191433214294649, "start": 1.075077933459573, "weak": 0.35586680312990393}, "datetime": {"datetime": "2022-05-01 00:32:44", "elapsed": 547861.637449, "delta": 191.081837}}
{"target": 0.0, "params": {"TK": 225.26901579625442, "fac": 2.8092216266104755, "start": 0.42202777724383456, "weak": 0.4886716227479036}, "datetime": {"datetime": "2022-05-01 00:37:31", "elapsed": 548148.761675, "delta": 287.124226}}
{"target": 0.383333, "params": {"TK": 260.5539956312552, "fac": 3.9620046295470375, "start": -2.928581194360888, "weak": 0.5}, "datetime": {"datetime": "2022-05-01 00:46:54", "elapsed": 548711.706598, "delta": 562.944923}}
{"target": 0.0, "params": {"TK": 229.96855898652768, "fac": 3.8316803624894282, "start": 1.9887570416503193, "weak": 0.32263605935213924}, "datetime": {"datetime": "2022-05-01 00:49:09", "elapsed": 548846.502718, "delta": 134.79612}}
{"target": 0.0666667, "params": {"TK": 242.50706533928636, "fac": 3.3028551529051944, "start": 3.214594537113781, "weak": 0.4967889813365918}, "datetime": {"datetime": "2022-05-01 00:55:42", "elapsed": 549239.762862, "delta": 393.260144}}
{"target": 0.0, "params": {"TK": 282.96150693191805, "fac": 3.150096787022247, "start": -2.438591356849055, "weak": 0.3203974255939609}, "datetime": {"datetime": "2022-05-01 00:58:00", "elapsed": 549377.749736, "delta": 137.986874}}
{"target": 0.366667, "params": {"TK": 281.3215970830197, "fac": 3.152366078715906, "start": -3.156718305224416, "weak": 0.4598790640579934}, "datetime": {"datetime": "2022-05-01 01:07:51", "elapsed": 549968.412198, "delta": 590.662462}}
{"target": 0.0166667, "params": {"TK": 234.3147880743438, "fac": 3.478944407028586, "start": 1.8825169857749282, "weak": 0.4286989448185795}, "datetime": {"datetime": "2022-05-01 01:17:44", "elapsed": 550561.539869, "delta": 593.127671}}
{"target": 0.0833333, "params": {"TK": 273.53334757909954, "fac": 3.211228476658527, "start": -0.7666047877802029, "weak": 0.397264103052554}, "datetime": {"datetime": "2022-05-01 01:25:56", "elapsed": 551053.331689, "delta": 491.79182}}
{"target": 0.075, "params": {"TK": 261.01692126245007, "fac": 3.686585880920563, "start": -2.7657778208187596, "weak": 0.3708325522067164}, "datetime": {"datetime": "2022-05-01 01:31:57", "elapsed": 551414.653135, "delta": 361.321446}}
{"target": 0.316667, "params": {"TK": 261.3739047687844, "fac": 3.564087288381483, "start": -3.404570765262126, "weak": 0.49099978275246436}, "datetime": {"datetime": "2022-05-01 01:41:48", "elapsed": 552005.06712, "delta": 590.413985}}
{"target": 0.166667, "params": {"TK": 270.25786240588997, "fac": 3.1322374755565203, "start": 0.8630966997006873, "weak": 0.4052275646031904}, "datetime": {"datetime": "2022-05-01 01:51:05", "elapsed": 552562.569038, "delta": 557.501918}}
{"target": 0.358333, "params": {"TK": 281.3168343589523, "fac": 3.0418166180944084, "start": -2.8925243920845, "weak": 0.4249861305483971}, "datetime": {"datetime": "2022-05-01 02:01:54", "elapsed": 553211.615118, "delta": 649.04608}}
{"target": 0.0166667, "params": {"TK": 252.39135293859206, "fac": 3.0218652646216753, "start": 1.2725101757500816, "weak": 0.3825196833047551}, "datetime": {"datetime": "2022-05-01 02:08:43", "elapsed": 553620.568959, "delta": 408.953841}}
{"target": 0.441667, "params": {"TK": 263.327910234585, "fac": 3.7098474214467823, "start": -0.1956392264637543, "weak": 0.48268894927716033}, "datetime": {"datetime": "2022-05-01 02:19:54", "elapsed": 554290.938228, "delta": 670.369269}}
{"target": 0.0166667, "params": {"TK": 231.08340057348408, "fac": 3.576362303905248, "start": 1.9383626328545818, "weak": 0.4767604323583554}, "datetime": {"datetime": "2022-05-01 02:30:07", "elapsed": 554904.062292, "delta": 613.124064}}
{"target": 0.0, "params": {"TK": 253.67881922370714, "fac": 2.8674514678998317, "start": 0.683142402773032, "weak": 0.45913856301187383}, "datetime": {"datetime": "2022-05-01 02:38:52", "elapsed": 555429.133414, "delta": 525.071122}}
{"target": 0.266667, "params": {"TK": 261.2431328623744, "fac": 4.281418775809273, "start": -2.615638134192916, "weak": 0.484801869483348}, "datetime": {"datetime": "2022-05-01 02:49:14", "elapsed": 556050.886358, "delta": 621.752944}}
{"target": 0.391667, "params": {"TK": 261.21568129584864, "fac": 3.9456349299876305, "start": -3.535961092795465, "weak": 0.4682350959200746}, "datetime": {"datetime": "2022-05-01 03:00:16", "elapsed": 556713.378995, "delta": 662.492637}}
{"target": 0.4, "params": {"TK": 245.36362184095498, "fac": 3.7696957893797673, "start": 2.866160091230104, "weak": 0.49491819048335506}, "datetime": {"datetime": "2022-05-01 03:09:37", "elapsed": 557273.855907, "delta": 560.476912}}
{"target": 0.275, "params": {"TK": 260.58512542615495, "fac": 4.063575931216363, "start": -2.6577939189396522, "weak": 0.43789369256638455}, "datetime": {"datetime": "2022-05-01 03:20:53", "elapsed": 557949.781225, "delta": 675.925318}}
{"target": 0.15, "params": {"TK": 269.6715724056883, "fac": 2.984076143840293, "start": 2.381897043484582, "weak": 0.5}, "datetime": {"datetime": "2022-05-01 03:27:04", "elapsed": 558321.125604, "delta": 371.344379}}
{"target": 0.3, "params": {"TK": 263.20759444452284, "fac": 3.7027975655729586, "start": -0.071182331328286, "weak": 0.4984147768720859}, "datetime": {"datetime": "2022-05-01 03:35:49", "elapsed": 558846.376511, "delta": 525.250907}}
{"target": 0.391667, "params": {"TK": 244.44817465593175, "fac": 4.154340161825034, "start": 3.5116292241939515, "weak": 0.4951208543992004}, "datetime": {"datetime": "2022-05-01 03:46:57", "elapsed": 559514.570511, "delta": 668.194}}
{"target": 0.116667, "params": {"TK": 224.89955698482262, "fac": 4.321923900351866, "start": 0.025204276047354313, "weak": 0.4997929856630251}, "datetime": {"datetime": "2022-05-01 03:56:36", "elapsed": 560092.836819, "delta": 578.266308}}
{"target": 0.0, "params": {"TK": 293.42642934510366, "fac": 2.8318995161310454, "start": 3.5409500297913183, "weak": 0.30739472761814757}, "datetime": {"datetime": "2022-05-01 03:58:33", "elapsed": 560210.537075, "delta": 117.700256}}
{"target": 0.441667, "params": {"TK": 261.5426755652898, "fac": 4.0138502480653955, "start": -2.6791934546071605, "weak": 0.490831005837427}, "datetime": {"datetime": "2022-05-01 04:09:01", "elapsed": 560837.932452, "delta": 627.395377}}
{"target": 0.0166667, "params": {"TK": 307.3514894487529, "fac": 3.9871303356162286, "start": -1.1755753842269812, "weak": 0.47930535026719234}, "datetime": {"datetime": "2022-05-01 04:15:28", "elapsed": 561225.554744, "delta": 387.622292}}
{"target": 0.0, "params": {"TK": 242.28117104249569, "fac": 2.784411864517403, "start": 1.6015551935423709, "weak": 0.3398319023508508}, "datetime": {"datetime": "2022-05-01 04:18:15", "elapsed": 561392.392734, "delta": 166.83799}}
{"target": 0.308333, "params": {"TK": 293.42459628409586, "fac": 2.7697220047762974, "start": 0.021582610252635526, "weak": 0.4535916945634409}, "datetime": {"datetime": "2022-05-01 04:26:00", "elapsed": 561856.92244, "delta": 464.529706}}
{"target": 0.35, "params": {"TK": 260.7171744127801, "fac": 3.7392587885409023, "start": -2.6715850331800075, "weak": 0.4944635128605285}, "datetime": {"datetime": "2022-05-01 04:33:48", "elapsed": 562325.410865, "delta": 468.488425}}
{"target": 0.4, "params": {"TK": 260.6498376049965, "fac": 4.016049123564895, "start": -2.4676545421205978, "weak": 0.4808408916001293}, "datetime": {"datetime": "2022-05-01 04:42:55", "elapsed": 562872.089355, "delta": 546.67849}}
{"target": 0.266667, "params": {"TK": 263.2735579708598, "fac": 3.645886490323686, "start": -0.25366022095047647, "weak": 0.5}, "datetime": {"datetime": "2022-05-01 04:50:21", "elapsed": 563317.856236, "delta": 445.766881}}
{"target": 0.233333, "params": {"TK": 281.4575540630832, "fac": 3.2961844360664374, "start": -2.8517480054252298, "weak": 0.49838710949452575}, "datetime": {"datetime": "2022-05-01 04:56:07", "elapsed": 563664.114657, "delta": 346.258421}}
{"target": 0.291667, "params": {"TK": 261.7647748457479, "fac": 3.5470077719217734, "start": -2.8127987851115837, "weak": 0.49458617794342036}, "datetime": {"datetime": "2022-05-01 05:03:06", "elapsed": 564083.163443, "delta": 419.048786}}
{"target": 0.0, "params": {"TK": 221.6058850224649, "fac": 3.023361460138837, "start": -1.0654267372476758, "weak": 0.388572737875635}, "datetime": {"datetime": "2022-05-01 05:07:44", "elapsed": 564361.582795, "delta": 278.419352}}
{"target": 0.25, "params": {"TK": 273.54101075297825, "fac": 3.177658737050721, "start": -0.6941821931692314, "weak": 0.49507672765786437}, "datetime": {"datetime": "2022-05-01 05:13:26", "elapsed": 564703.765398, "delta": 342.182603}}
{"target": 0.116667, "params": {"TK": 260.5669529418765, "fac": 3.680153596640955, "start": -2.783343963280754, "weak": 0.4116146764366402}, "datetime": {"datetime": "2022-05-01 05:21:22", "elapsed": 565179.616679, "delta": 475.851281}}
{"target": 0.308333, "params": {"TK": 296.68621765744354, "fac": 2.4886597091231657, "start": 3.2203482942995665, "weak": 0.4273340590991678}, "datetime": {"datetime": "2022-05-01 05:29:09", "elapsed": 565646.506406, "delta": 466.889727}}
{"target": 0.45, "params": {"TK": 244.1270985378486, "fac": 3.94920879853845, "start": 2.829589542613924, "weak": 0.4839081781183846}, "datetime": {"datetime": "2022-05-01 05:40:31", "elapsed": 566328.314937, "delta": 681.808531}}
{"target": 0.141667, "params": {"TK": 291.0110438680411, "fac": 3.5271986781191256, "start": -1.0163496871712576, "weak": 0.43512296916055915}, "datetime": {"datetime": "2022-05-01 05:50:36", "elapsed": 566932.8196, "delta": 604.504663}}
{"target": 0.025, "params": {"TK": 301.11668878657804, "fac": 2.815163400926599, "start": -3.851612685705982, "weak": 0.3233737970455406}, "datetime": {"datetime": "2022-05-01 05:54:40", "elapsed": 567176.970213, "delta": 244.150613}}
{"target": 0.0, "params": {"TK": 215.85398677335422, "fac": 3.9894074141447993, "start": 2.1810826712991886, "weak": 0.3038471848327008}, "datetime": {"datetime": "2022-05-01 05:56:06", "elapsed": 567263.615218, "delta": 86.645005}}
