{"target": 0.13007812500000002, "params": {"TK": 238.0305515346256, "fac": -0.8504432277438287, "start": 3.866070499648356, "weak": 0.3544545326733334}, "datetime": {"datetime": "2022-05-07 19:43:12", "elapsed": 290070.666326, "delta": 1445.100146}}
{"target": 0.263671875, "params": {"TK": 264.7936355687923, "fac": -0.8732219395999685, "start": -0.06737808426484193, "weak": 0.34094711537959715}, "datetime": {"datetime": "2022-05-07 20:05:45", "elapsed": 291423.695161, "delta": 1353.028835}}
{"target": 0.66796875, "params": {"TK": 248.1576940694945, "fac": -0.9872012855528927, "start": -1.313767396890075, "weak": 0.39968299123321893}, "datetime": {"datetime": "2022-05-07 20:33:31", "elapsed": 293089.210006, "delta": 1665.514845}}
{"target": 0.151171875, "params": {"TK": 264.0396539767486, "fac": -0.9958759501074592, "start": -2.7480516039284097, "weak": 0.4966155868522554}, "datetime": {"datetime": "2022-05-07 20:52:15", "elapsed": 294213.356463, "delta": 1124.146457}}
{"target": 0.101953125, "params": {"TK": 263.9323156891852, "fac": -0.7798583387912191, "start": -2.6845659411096108, "weak": 0.4684584302679207}, "datetime": {"datetime": "2022-05-07 21:09:58", "elapsed": 295276.036915, "delta": 1062.680452}}
{"target": 0.16523437500000002, "params": {"TK": 266.099428865418, "fac": -0.7899639497162846, "start": 2.959411026843597, "weak": 0.32345729834789133}, "datetime": {"datetime": "2022-05-07 21:26:13", "elapsed": 296251.393118, "delta": 975.356203}}
{"target": 0.137109375, "params": {"TK": 248.30786572619957, "fac": -0.9047229233710624, "start": -1.2721091786642438, "weak": 0.3226317322476079}, "datetime": {"datetime": "2022-05-07 21:43:42", "elapsed": 297300.726831, "delta": 1049.333713}}
{"target": 0.61171875, "params": {"TK": 264.2084963126366, "fac": -0.8779692636915531, "start": -2.663897433086211, "weak": 0.37926782730138775}, "datetime": {"datetime": "2022-05-07 22:11:32", "elapsed": 298970.043926, "delta": 1669.317095}}
{"target": 0.7312500000000001, "params": {"TK": 263.8752240128201, "fac": -0.8749011826215247, "start": -2.4135503499371627, "weak": 0.4011290980670698}, "datetime": {"datetime": "2022-05-07 22:38:24", "elapsed": 300582.266701, "delta": 1612.222775}}
{"target": 0.68203125, "params": {"TK": 263.8682570937192, "fac": -0.9325839572789729, "start": -2.3846691786576226, "weak": 0.3885834200808004}, "datetime": {"datetime": "2022-05-07 23:06:11", "elapsed": 302249.109721, "delta": 1666.84302}}
{"target": 0.09140625000000001, "params": {"TK": 263.35681546680235, "fac": -0.8134356499449303, "start": -2.652529388710171, "weak": 0.4808646580154478}, "datetime": {"datetime": "2022-05-07 23:22:32", "elapsed": 303230.857393, "delta": 981.747672}}
{"target": 0.003515625, "params": {"TK": 298.97406066757173, "fac": -0.904367419719387, "start": -0.6464501432382681, "weak": 0.3157646235749251}, "datetime": {"datetime": "2022-05-07 23:31:39", "elapsed": 303777.38577, "delta": 546.528377}}
{"target": 0.038671875, "params": {"TK": 265.1519604605901, "fac": -0.9302396136504424, "start": 1.6096233556980053, "weak": 0.3361966086855162}, "datetime": {"datetime": "2022-05-07 23:52:59", "elapsed": 305057.975157, "delta": 1280.589387}}
{"target": 0.0, "params": {"TK": 234.53754319699016, "fac": -0.7378753664470887, "start": -3.8393413949909245, "weak": 0.39326176423185427}, "datetime": {"datetime": "2022-05-08 00:07:08", "elapsed": 305906.56357, "delta": 848.588413}}
{"target": 0.080859375, "params": {"TK": 252.02238028649225, "fac": -0.8578102577405351, "start": -2.7109592435858776, "weak": 0.33536307390582143}, "datetime": {"datetime": "2022-05-08 00:27:41", "elapsed": 307139.024928, "delta": 1232.461358}}
{"target": 0.42890625, "params": {"TK": 263.8020533286937, "fac": -0.8950186673024256, "start": -2.6807511241098965, "weak": 0.46082192258654686}, "datetime": {"datetime": "2022-05-08 00:48:58", "elapsed": 308416.461266, "delta": 1277.436338}}
{"target": 0.6609375000000001, "params": {"TK": 263.84627595152466, "fac": -0.8445736833370036, "start": -2.3686067901863916, "weak": 0.4125409299933239}, "datetime": {"datetime": "2022-05-08 01:13:30", "elapsed": 309888.835626, "delta": 1472.37436}}
{"target": 0.421875, "params": {"TK": 265.0259332748671, "fac": -0.7791836205872247, "start": -0.2218382531593459, "weak": 0.3701860876851084}, "datetime": {"datetime": "2022-05-08 01:39:24", "elapsed": 311442.535218, "delta": 1553.699592}}
{"target": 0.40078125000000003, "params": {"TK": 263.35020375502023, "fac": -0.890934798221346, "start": -2.6922279929562185, "weak": 0.35113152889837895}, "datetime": {"datetime": "2022-05-08 02:03:38", "elapsed": 312896.586336, "delta": 1454.051118}}
{"target": 0.094921875, "params": {"TK": 263.880751127528, "fac": -0.8343232302252386, "start": -2.40522892999864, "weak": 0.48637894152103145}, "datetime": {"datetime": "2022-05-08 02:18:37", "elapsed": 313795.512919, "delta": 898.926583}}
{"target": 0.7839843750000001, "params": {"TK": 238.2735038695053, "fac": -0.9981480336359531, "start": 3.792253061540258, "weak": 0.42039442251943937}, "datetime": {"datetime": "2022-05-08 02:44:26", "elapsed": 315344.422272, "delta": 1548.909353}}
{"target": 0.31640625, "params": {"TK": 238.17684816630373, "fac": -0.8604735026150023, "start": 3.8846114151984708, "weak": 0.42784709188733355}, "datetime": {"datetime": "2022-05-08 03:08:22", "elapsed": 316780.375136, "delta": 1435.952864}}
{"target": 0.566015625, "params": {"TK": 248.22214598708803, "fac": -0.9846285984762717, "start": -1.3717905872718053, "weak": 0.45821915811568487}, "datetime": {"datetime": "2022-05-08 03:31:20", "elapsed": 318158.680787, "delta": 1378.305651}}
{"target": 0.28125, "params": {"TK": 272.25096057509097, "fac": -0.8709416854077798, "start": 0.9374068602232395, "weak": 0.3770339141601877}, "datetime": {"datetime": "2022-05-08 03:57:45", "elapsed": 319743.447341, "delta": 1584.766554}}
{"target": 0.07382812500000001, "params": {"TK": 236.75775150192473, "fac": -0.877807977478721, "start": 1.1218220459263728, "weak": 0.4155143156874938}, "datetime": {"datetime": "2022-05-08 04:22:11", "elapsed": 321209.933207, "delta": 1466.485866}}
{"target": 0.530859375, "params": {"TK": 264.91109405636024, "fac": -0.8423700034130274, "start": -0.09068590894268436, "weak": 0.3713566334208094}, "datetime": {"datetime": "2022-05-08 04:48:27", "elapsed": 322785.655578, "delta": 1575.722371}}
{"target": 0.193359375, "params": {"TK": 238.25761153813554, "fac": -0.8864934974156009, "start": 3.7636503893799143, "weak": 0.3447802229553238}, "datetime": {"datetime": "2022-05-08 05:09:56", "elapsed": 324074.475898, "delta": 1288.82032}}
{"target": 0.03515625, "params": {"TK": 301.6457764411051, "fac": -0.9839523593385734, "start": -1.6480296635988552, "weak": 0.47205438420477097}, "datetime": {"datetime": "2022-05-08 05:22:02", "elapsed": 324800.380236, "delta": 725.904338}}
{"target": 0.7488281250000001, "params": {"TK": 263.80930556964415, "fac": -0.9240347775476521, "start": -2.797472600178576, "weak": 0.3963870633140544}, "datetime": {"datetime": "2022-05-08 05:48:03", "elapsed": 326361.753054, "delta": 1561.372818}}
{"target": 0.0, "params": {"TK": 216.14817967146354, "fac": -0.5068671143178567, "start": 2.959726616826659, "weak": 0.3118310192016639}, "datetime": {"datetime": "2022-05-08 05:53:36", "elapsed": 326694.664708, "delta": 332.911654}}
{"target": 0.45, "params": {"TK": 264.364799051139, "fac": -0.8842446801100817, "start": -2.661904409756655, "weak": 0.35778399227240826}, "datetime": {"datetime": "2022-05-08 06:19:11", "elapsed": 328229.018098, "delta": 1534.35339}}
{"target": 0.6785156250000001, "params": {"TK": 264.1543766486013, "fac": -0.8776115428577903, "start": -2.7753615763302717, "weak": 0.38916323586225565}, "datetime": {"datetime": "2022-05-08 06:45:08", "elapsed": 329786.50761, "delta": 1557.489512}}
{"target": 0.39375, "params": {"TK": 263.8746850333951, "fac": -0.919792237144803, "start": -2.2669333209710167, "weak": 0.35639898144877263}, "datetime": {"datetime": "2022-05-08 07:10:47", "elapsed": 331325.2409, "delta": 1538.73329}}
{"target": 0.144140625, "params": {"TK": 292.3694403474948, "fac": -0.5942504176348118, "start": -1.5591435844890436, "weak": 0.4531666201864508}, "datetime": {"datetime": "2022-05-08 07:26:09", "elapsed": 332247.118738, "delta": 921.877838}}
{"target": 0.6785156250000001, "params": {"TK": 258.56822388482396, "fac": -0.9551247794675031, "start": -3.454153863837149, "weak": 0.43405402527926196}, "datetime": {"datetime": "2022-05-08 07:50:08", "elapsed": 333686.110567, "delta": 1438.991829}}
{"target": 0.755859375, "params": {"TK": 263.9464742029758, "fac": -0.8864826977586254, "start": -2.3386974235964955, "weak": 0.40583943766563535}, "datetime": {"datetime": "2022-05-08 08:15:31", "elapsed": 335209.705416, "delta": 1523.594849}}
{"target": 0.5730468750000001, "params": {"TK": 265.9918690285635, "fac": -0.7709087695550371, "start": 3.0399192973369527, "weak": 0.4396975376555564}, "datetime": {"datetime": "2022-05-08 08:38:27", "elapsed": 336585.287688, "delta": 1375.582272}}
{"target": 0.411328125, "params": {"TK": 263.92087473807976, "fac": -0.7913081944975123, "start": -2.366713967731312, "weak": 0.3993949701637853}, "datetime": {"datetime": "2022-05-08 09:03:14", "elapsed": 338072.68292, "delta": 1487.395232}}
{"target": 0.3515625, "params": {"TK": 278.4788793668406, "fac": -0.6181347381300946, "start": 1.3527093334818323, "weak": 0.39092380595758225}, "datetime": {"datetime": "2022-05-08 09:27:04", "elapsed": 339502.339274, "delta": 1429.656354}}
{"target": 0.5203125000000001, "params": {"TK": 265.9384717291434, "fac": -0.7372276150311621, "start": 3.1176230739120543, "weak": 0.44399647594433544}, "datetime": {"datetime": "2022-05-08 09:48:33", "elapsed": 340791.888437, "delta": 1289.549163}}
{"target": 0.3796875, "params": {"TK": 238.18302909059838, "fac": -0.9890166476238414, "start": 3.887311826201536, "weak": 0.35825198203880854}, "datetime": {"datetime": "2022-05-08 10:14:05", "elapsed": 342323.48506, "delta": 1531.596623}}
{"target": 0.727734375, "params": {"TK": 263.8522144102559, "fac": -0.9061576850408445, "start": -2.516065745929887, "weak": 0.3919742676383456}, "datetime": {"datetime": "2022-05-08 10:40:20", "elapsed": 343898.566923, "delta": 1575.081863}}
{"target": 0.298828125, "params": {"TK": 238.05596798868692, "fac": -0.9411167221918617, "start": 3.665133304782282, "weak": 0.3487663515021322}, "datetime": {"datetime": "2022-05-08 11:03:17", "elapsed": 345275.992717, "delta": 1377.425794}}
{"target": 0.0, "params": {"TK": 213.58325502997468, "fac": -0.783042868444319, "start": 0.002973100504957138, "weak": 0.47472383404969243}, "datetime": {"datetime": "2022-05-08 11:10:01", "elapsed": 345679.56857, "delta": 403.575853}}
{"target": 0.39375, "params": {"TK": 267.09420317460695, "fac": -0.9320882094559482, "start": -0.2502451233188179, "weak": 0.4356935646968487}, "datetime": {"datetime": "2022-05-08 11:34:07", "elapsed": 347125.345308, "delta": 1445.776738}}
{"target": 0.31289062500000003, "params": {"TK": 238.3550389511753, "fac": -0.9684392852080468, "start": 3.9183400273261775, "weak": 0.34771021323578866}, "datetime": {"datetime": "2022-05-08 11:57:05", "elapsed": 348503.552773, "delta": 1378.207465}}
{"target": 0.00703125, "params": {"TK": 258.6857257369495, "fac": -0.7877835409032973, "start": -3.414537304432616, "weak": 0.48536670330938847}, "datetime": {"datetime": "2022-05-08 12:09:25", "elapsed": 349243.575846, "delta": 740.023073}}
{"target": 0.017578125, "params": {"TK": 266.1270348196538, "fac": -0.7046875884921878, "start": 3.2227791849741383, "weak": 0.4953840926800697}, "datetime": {"datetime": "2022-05-08 12:19:35", "elapsed": 349853.78711, "delta": 610.211264}}
{"target": 0.326953125, "params": {"TK": 263.7632508657968, "fac": -0.8542997771027994, "start": -2.8050210330942393, "weak": 0.46673651310455955}, "datetime": {"datetime": "2022-05-08 12:38:38", "elapsed": 350996.943816, "delta": 1143.156706}}
{"target": 0.0, "params": {"TK": 282.27837030989343, "fac": -0.5531988477648617, "start": -0.6552331127690678, "weak": 0.43592068212176593}, "datetime": {"datetime": "2022-05-08 12:56:17", "elapsed": 352055.555006, "delta": 1058.61119}}
{"target": 0.636328125, "params": {"TK": 258.63888843400497, "fac": -0.9160864251211924, "start": -3.431061177043583, "weak": 0.42892144472422267}, "datetime": {"datetime": "2022-05-08 13:20:19", "elapsed": 353497.780636, "delta": 1442.22563}}
{"target": 0.0, "params": {"TK": 292.6374138378258, "fac": -0.5305723184231698, "start": -3.3822278384602162, "weak": 0.44006782538698835}, "datetime": {"datetime": "2022-05-08 13:35:58", "elapsed": 354436.791466, "delta": 939.01083}}
{"target": 0.61875, "params": {"TK": 263.1800713623753, "fac": -0.9771405631528763, "start": -2.9441548502339483, "weak": 0.385901323129633}, "datetime": {"datetime": "2022-05-08 14:02:50", "elapsed": 356048.008483, "delta": 1611.217017}}
{"target": 0.0, "params": {"TK": 216.98908921514715, "fac": -0.9234292899376921, "start": 2.601573622963407, "weak": 0.41777897389793966}, "datetime": {"datetime": "2022-05-08 14:25:47", "elapsed": 357425.667663, "delta": 1377.65918}}
{"target": 0.0, "params": {"TK": 228.75681527109612, "fac": -0.4691485056781797, "start": -0.16563551866244985, "weak": 0.4605586436663659}, "datetime": {"datetime": "2022-05-08 14:32:02", "elapsed": 357800.868562, "delta": 375.200899}}
{"target": 0.291796875, "params": {"TK": 264.29745376853384, "fac": -0.9966039310535925, "start": -2.5940561102051234, "weak": 0.36483553469271707}, "datetime": {"datetime": "2022-05-08 14:58:34", "elapsed": 359392.805913, "delta": 1591.937351}}
{"target": 0.0, "params": {"TK": 220.5701225821716, "fac": -0.41018609786504234, "start": 2.1316323186284425, "weak": 0.358797769951991}, "datetime": {"datetime": "2022-05-08 15:06:20", "elapsed": 359858.731232, "delta": 465.925319}}
{"target": 0.446484375, "params": {"TK": 238.26674382600396, "fac": -0.9899198775987438, "start": 3.8963393954831638, "weak": 0.47862850016824277}, "datetime": {"datetime": "2022-05-08 15:28:24", "elapsed": 361182.980101, "delta": 1324.248869}}
{"target": 0.0, "params": {"TK": 221.69467156873935, "fac": -0.40958954450784024, "start": -2.388420342627785, "weak": 0.4311968750331605}, "datetime": {"datetime": "2022-05-08 15:34:58", "elapsed": 361576.993134, "delta": 394.013033}}
{"target": 0.0, "params": {"TK": 220.88450573589665, "fac": -0.4938191326347191, "start": -0.6305021904106107, "weak": 0.4637052106586975}, "datetime": {"datetime": "2022-05-08 15:41:05", "elapsed": 361943.348373, "delta": 366.355239}}
{"target": 0.0, "params": {"TK": 221.80077252246798, "fac": -0.7616109520914607, "start": 2.6921726780457256, "weak": 0.43132222358695993}, "datetime": {"datetime": "2022-05-08 15:57:23", "elapsed": 362921.93364, "delta": 978.585267}}
{"target": 0.172265625, "params": {"TK": 263.87799553550536, "fac": -0.9648780030983926, "start": -2.578273700298709, "weak": 0.32679112096482826}, "datetime": {"datetime": "2022-05-08 16:17:22", "elapsed": 364120.588488, "delta": 1198.654848}}
{"target": 0.587109375, "params": {"TK": 263.2861421304505, "fac": -0.8455996876723648, "start": -3.1066227927483467, "weak": 0.41083381859752455}, "datetime": {"datetime": "2022-05-08 16:41:54", "elapsed": 365592.028964, "delta": 1471.440476}}
{"target": 0.0, "params": {"TK": 219.98035126715502, "fac": -0.8307029031066608, "start": -3.04103747961412, "weak": 0.3157960605687786}, "datetime": {"datetime": "2022-05-08 16:49:13", "elapsed": 366031.772771, "delta": 439.743807}}
{"target": 0.27421875, "params": {"TK": 265.9715647698699, "fac": -0.786703445607991, "start": 3.083992848787013, "weak": 0.3444174595858132}, "datetime": {"datetime": "2022-05-08 17:10:04", "elapsed": 367282.341039, "delta": 1250.568268}}
{"target": 0.0984375, "params": {"TK": 301.78719816298593, "fac": -0.5088367901692745, "start": -2.57185744859912, "weak": 0.4117495263111033}, "datetime": {"datetime": "2022-05-08 17:30:30", "elapsed": 368508.600006, "delta": 1226.258967}}
{"target": 0.28125, "params": {"TK": 263.87638648044975, "fac": -0.8187705905732343, "start": -2.488013682558151, "weak": 0.3404164866084314}, "datetime": {"datetime": "2022-05-08 17:51:25", "elapsed": 369763.788079, "delta": 1255.188073}}
{"target": 0.21796875000000002, "params": {"TK": 259.34311929308063, "fac": -0.8123231743426451, "start": -1.3681084833131116, "weak": 0.3425812705469155}, "datetime": {"datetime": "2022-05-08 18:12:37", "elapsed": 371035.659327, "delta": 1271.871248}}
{"target": 0.703125, "params": {"TK": 266.82305034036045, "fac": -0.8282853796106076, "start": 0.7211744070795971, "weak": 0.4218822132521133}, "datetime": {"datetime": "2022-05-08 18:36:41", "elapsed": 372479.708454, "delta": 1444.049127}}
{"target": 0.61875, "params": {"TK": 258.48259264517407, "fac": -0.924418484087633, "start": -3.3648631456380693, "weak": 0.44047574803332}, "datetime": {"datetime": "2022-05-08 19:00:00", "elapsed": 373878.023867, "delta": 1398.315413}}
{"target": 0.7312500000000001, "params": {"TK": 264.2784282346508, "fac": -0.939489619976599, "start": -2.7181541172762946, "weak": 0.40627507046831046}, "datetime": {"datetime": "2022-05-08 19:25:49", "elapsed": 375427.108746, "delta": 1549.084879}}
{"target": 0.024609375, "params": {"TK": 273.7728002503468, "fac": -0.6338776839940967, "start": -2.6004902909012726, "weak": 0.401300198390404}, "datetime": {"datetime": "2022-05-08 19:48:50", "elapsed": 376808.742908, "delta": 1381.634162}}
{"target": 0.10898437500000001, "params": {"TK": 248.177254968387, "fac": -0.940065482051505, "start": -1.2777060902226447, "weak": 0.4956070234798764}, "datetime": {"datetime": "2022-05-08 20:04:53", "elapsed": 377771.629537, "delta": 962.886629}}
{"target": 0.225, "params": {"TK": 263.1185508682776, "fac": -0.9563221702976927, "start": -2.967319587655422, "weak": 0.49194565149022756}, "datetime": {"datetime": "2022-05-08 20:22:29", "elapsed": 378827.294603, "delta": 1055.665066}}
{"target": 0.00703125, "params": {"TK": 294.1707545607299, "fac": -0.9995751459413266, "start": 3.566034791738713, "weak": 0.4420249442939028}, "datetime": {"datetime": "2022-05-08 20:33:22", "elapsed": 379480.889319, "delta": 653.594716}}
{"target": 0.0, "params": {"TK": 228.17892929973635, "fac": -0.46145160164806553, "start": 2.0475362989274046, "weak": 0.41398397730530545}, "datetime": {"datetime": "2022-05-08 20:41:11", "elapsed": 379949.571138, "delta": 468.681819}}
{"target": 0.5765625, "params": {"TK": 266.9031747669689, "fac": -0.829514975353195, "start": 0.7280162055285881, "weak": 0.44152853474695575}, "datetime": {"datetime": "2022-05-08 21:04:14", "elapsed": 381332.264959, "delta": 1382.693821}}
{"target": 0.530859375, "params": {"TK": 264.1828565149837, "fac": -0.9652727102643492, "start": -2.7005109025575447, "weak": 0.37751062474296526}, "datetime": {"datetime": "2022-05-08 21:31:01", "elapsed": 382939.45129, "delta": 1607.186331}}
{"target": 0.16171875, "params": {"TK": 266.9460377293151, "fac": -0.8113906107198642, "start": 0.7817291871888434, "weak": 0.31464340849844313}, "datetime": {"datetime": "2022-05-08 21:44:58", "elapsed": 383776.31361, "delta": 836.86232}}
{"target": 0.151171875, "params": {"TK": 263.3492783568449, "fac": -0.9099055111219958, "start": -3.10354736812162, "weak": 0.4932728395790519}, "datetime": {"datetime": "2022-05-08 22:00:45", "elapsed": 384723.92266, "delta": 947.60905}}
{"target": 0.0, "params": {"TK": 264.81276448428366, "fac": -0.6050857139558625, "start": 0.9084984928154558, "weak": 0.3150707059745844}, "datetime": {"datetime": "2022-05-08 22:13:08", "elapsed": 385466.596727, "delta": 742.674067}}
{"target": 0.0, "params": {"TK": 234.4973446555218, "fac": -0.5618307779936315, "start": -2.322879560679601, "weak": 0.3775692425669034}, "datetime": {"datetime": "2022-05-08 22:22:15", "elapsed": 386013.826359, "delta": 547.229632}}
{"target": 0.221484375, "params": {"TK": 263.452151853828, "fac": -0.9217294369734396, "start": -2.818066708275837, "weak": 0.4867788097955943}, "datetime": {"datetime": "2022-05-08 22:39:50", "elapsed": 387068.149785, "delta": 1054.323426}}
{"target": 0.61171875, "params": {"TK": 263.96795722896195, "fac": -0.83296752602473, "start": -2.2328358126351358, "weak": 0.4274977145439991}, "datetime": {"datetime": "2022-05-08 23:03:15", "elapsed": 388473.959981, "delta": 1405.810196}}
{"target": 0.0140625, "params": {"TK": 303.0129959504505, "fac": -0.47763696648780296, "start": -3.0289759787804034, "weak": 0.30120209741484083}, "datetime": {"datetime": "2022-05-08 23:11:50", "elapsed": 388988.12878, "delta": 514.168799}}
{"target": 0.031640625, "params": {"TK": 249.98208733193908, "fac": -0.7109690609008519, "start": 3.787960169533007, "weak": 0.30473676486523205}, "datetime": {"datetime": "2022-05-08 23:22:24", "elapsed": 389622.218835, "delta": 634.090055}}
{"target": 0.703125, "params": {"TK": 247.6764237335648, "fac": -0.9645471882932487, "start": 1.7235247932425448, "weak": 0.3917965055204078}, "datetime": {"datetime": "2022-05-08 23:49:09", "elapsed": 391227.725812, "delta": 1605.506977}}
{"target": 0.0984375, "params": {"TK": 266.79759300733036, "fac": -0.9891102690044987, "start": 0.715548001262186, "weak": 0.45893270845496226}, "datetime": {"datetime": "2022-05-09 00:12:01", "elapsed": 392599.19869, "delta": 1371.472878}}
{"target": 0.0, "params": {"TK": 238.42757612811727, "fac": -0.5479139440305094, "start": 1.2800023742616062, "weak": 0.3800426921053622}, "datetime": {"datetime": "2022-05-09 00:24:18", "elapsed": 393336.978751, "delta": 737.780061}}
{"target": 0.3234375, "params": {"TK": 281.89149152657365, "fac": -0.8485936050413918, "start": -0.966535762836096, "weak": 0.42535997082121896}, "datetime": {"datetime": "2022-05-09 00:48:25", "elapsed": 394783.640026, "delta": 1446.661275}}
