{"target": 0.0, "params": {"TK": 240.03175468174229, "fac": 3.6704414542676274, "start": -2.867096171134582, "weak": 0.3615624961443104}, "datetime": {"datetime": "2022-04-28 14:55:26", "elapsed": 340423.386072, "delta": 204.162832}}
{"target": 0.116667, "params": {"TK": 245.49088188348918, "fac": 3.8345908680192116, "start": 2.2706780110423113, "weak": 0.39983000869853563}, "datetime": {"datetime": "2022-04-28 15:02:15", "elapsed": 340832.588192, "delta": 409.20212}}
{"target": 0.416667, "params": {"TK": 261.1973999861673, "fac": 3.8416607313831372, "start": -2.70855639722732, "weak": 0.48703471887083827}, "datetime": {"datetime": "2022-04-28 15:11:54", "elapsed": 341410.995189, "delta": 578.406997}}
{"target": 0.325, "params": {"TK": 231.50534377429796, "fac": 4.1253423056602045, "start": 3.6828085059018107, "weak": 0.4651147976182884}, "datetime": {"datetime": "2022-04-28 15:23:00", "elapsed": 342077.739438, "delta": 666.744249}}
{"target": 0.208333, "params": {"TK": 276.23944704761476, "fac": 3.8939466348985174, "start": -1.9037603433524461, "weak": 0.44111348436940717}, "datetime": {"datetime": "2022-04-28 15:33:16", "elapsed": 342692.81584, "delta": 615.076402}}
{"target": 0.308333, "params": {"TK": 273.51183561340054, "fac": 3.540354938478407, "start": -0.01937165683666553, "weak": 0.48603637041120124}, "datetime": {"datetime": "2022-04-28 15:41:21", "elapsed": 343177.926963, "delta": 485.111123}}
{"target": 0.183333, "params": {"TK": 251.38321362368154, "fac": 3.512292470523582, "start": -1.6575166163831518, "weak": 0.5}, "datetime": {"datetime": "2022-04-28 15:47:41", "elapsed": 343558.690461, "delta": 380.763498}}
{"target": 0.4, "params": {"TK": 273.46294357467934, "fac": 3.4698872530665206, "start": -0.06387129621770704, "weak": 0.4723169052013211}, "datetime": {"datetime": "2022-04-28 15:55:56", "elapsed": 344053.238129, "delta": 494.547668}}
{"target": 0.2, "params": {"TK": 251.24699002124913, "fac": 3.5697516088509653, "start": -1.8836563245832032, "weak": 0.5}, "datetime": {"datetime": "2022-04-28 16:03:43", "elapsed": 344519.780364, "delta": 466.542235}}
{"target": 0.35, "params": {"TK": 269.6673411353974, "fac": 2.884843430638335, "start": 2.5084048386883424, "weak": 0.4272426789664028}, "datetime": {"datetime": "2022-04-28 16:13:28", "elapsed": 345105.101897, "delta": 585.321533}}
{"target": 0.0, "params": {"TK": 213.07926068738183, "fac": 3.8022229385039163, "start": 2.771608450534412, "weak": 0.3652731007976361}, "datetime": {"datetime": "2022-04-28 16:16:59", "elapsed": 345316.259046, "delta": 211.157149}}
{"target": 0.0166667, "params": {"TK": 278.609516066566, "fac": 2.5021710885043076, "start": -1.9082968678078727, "weak": 0.3657925969313963}, "datetime": {"datetime": "2022-04-28 16:22:40", "elapsed": 345656.826441, "delta": 340.567395}}
{"target": 0.45, "params": {"TK": 260.91516074661274, "fac": 3.9804907717205795, "start": -3.0300536606504727, "weak": 0.490218452802483}, "datetime": {"datetime": "2022-04-28 16:32:32", "elapsed": 346249.255876, "delta": 592.429435}}
{"target": 0.208333, "params": {"TK": 244.85029425213634, "fac": 3.6408475852151287, "start": 2.460179506319105, "weak": 0.4303910865903372}, "datetime": {"datetime": "2022-04-28 16:42:19", "elapsed": 346836.534071, "delta": 587.278195}}
{"target": 0.275, "params": {"TK": 261.72748090379974, "fac": 3.5873833059142353, "start": -2.931506086726251, "weak": 0.49970128227213934}, "datetime": {"datetime": "2022-04-28 16:50:22", "elapsed": 347319.411223, "delta": 482.877152}}
{"target": 0.0, "params": {"TK": 231.12496950611404, "fac": 2.4581673388385816, "start": -2.445392337396762, "weak": 0.412028143388653}, "datetime": {"datetime": "2022-04-28 16:55:31", "elapsed": 347627.996172, "delta": 308.584949}}
{"target": 0.0, "params": {"TK": 296.4052134616117, "fac": 4.0099010733777565, "start": 2.2552878300569033, "weak": 0.44679927810510267}, "datetime": {"datetime": "2022-04-28 17:03:20", "elapsed": 348097.492581, "delta": 469.496409}}
{"target": 0.3, "params": {"TK": 261.63263711997564, "fac": 3.951225813876563, "start": -3.321986774803225, "weak": 0.44880032778286183}, "datetime": {"datetime": "2022-04-28 17:14:40", "elapsed": 348777.02074, "delta": 679.528159}}
{"target": 0.233333, "params": {"TK": 245.1792122467282, "fac": 3.52909854743684, "start": 2.3138401312766588, "weak": 0.4927354938671973}, "datetime": {"datetime": "2022-04-28 17:22:52", "elapsed": 349268.773278, "delta": 491.752538}}
{"target": 0.00833333, "params": {"TK": 249.75546735820427, "fac": 3.5303726464305045, "start": -3.304265815996982, "weak": 0.36261766958486097}, "datetime": {"datetime": "2022-04-28 17:26:47", "elapsed": 349504.428767, "delta": 235.655489}}
{"target": 0.0, "params": {"TK": 247.6547513217909, "fac": 2.7033035055827215, "start": -2.5158612154877638, "weak": 0.47982935137363086}, "datetime": {"datetime": "2022-04-28 17:32:21", "elapsed": 349837.891236, "delta": 333.462469}}
{"target": 0.408333, "params": {"TK": 261.6187466272852, "fac": 3.7276339759518793, "start": -2.772358757515314, "weak": 0.48665470238779157}, "datetime": {"datetime": "2022-04-28 17:41:35", "elapsed": 350392.055918, "delta": 554.164682}}
{"target": 0.158333, "params": {"TK": 260.8161333624053, "fac": 4.144718808258631, "start": -2.612264245756518, "weak": 0.41956081587654487}, "datetime": {"datetime": "2022-04-28 17:50:50", "elapsed": 350947.207085, "delta": 555.151167}}
{"target": 0.1, "params": {"TK": 231.2617457410414, "fac": 3.958380175119294, "start": 3.571979232520638, "weak": 0.42914233367428967}, "datetime": {"datetime": "2022-04-28 18:01:04", "elapsed": 351560.776905, "delta": 613.56982}}
{"target": 0.35, "params": {"TK": 261.4715667203214, "fac": 3.647730569393672, "start": -2.9272592568327793, "weak": 0.4820069489611434}, "datetime": {"datetime": "2022-04-28 18:11:52", "elapsed": 352209.680785, "delta": 648.90388}}
{"target": 0.25, "params": {"TK": 268.64600419291014, "fac": 3.3666442474584404, "start": -2.149387315939153, "weak": 0.499263332964347}, "datetime": {"datetime": "2022-04-28 18:18:54", "elapsed": 352631.257019, "delta": 421.576234}}
{"target": 0.116667, "params": {"TK": 231.5873004963578, "fac": 4.1693551850695165, "start": 3.5986721014825678, "weak": 0.4093744635800754}, "datetime": {"datetime": "2022-04-28 18:27:54", "elapsed": 353171.589152, "delta": 540.332133}}
{"target": 0.375, "params": {"TK": 260.3725294824462, "fac": 3.92246915466296, "start": -2.5268817136487502, "weak": 0.45658156540093664}, "datetime": {"datetime": "2022-04-28 18:39:06", "elapsed": 353843.304745, "delta": 671.715593}}
{"target": 0.0, "params": {"TK": 246.8271129046795, "fac": 4.018580615589732, "start": 0.6391516711906391, "weak": 0.30918147038679555}, "datetime": {"datetime": "2022-04-28 18:41:11", "elapsed": 353968.57208, "delta": 125.267335}}
{"target": 0.025, "params": {"TK": 261.0382881408984, "fac": 4.099265204940256, "start": -3.0640719743598472, "weak": 0.35682935665599336}, "datetime": {"datetime": "2022-04-28 18:45:04", "elapsed": 354201.476608, "delta": 232.904528}}
{"target": 0.0, "params": {"TK": 244.1699884278311, "fac": 3.0344148879277917, "start": 2.1143045965842813, "weak": 0.4570292251142303}, "datetime": {"datetime": "2022-04-28 18:55:27", "elapsed": 354824.764503, "delta": 623.287895}}
{"target": 0.25, "params": {"TK": 260.81554188464986, "fac": 4.085150454729555, "start": -2.4561882586447163, "weak": 0.43142471786393555}, "datetime": {"datetime": "2022-04-28 19:06:17", "elapsed": 355474.031094, "delta": 649.266591}}
{"target": 0.241667, "params": {"TK": 303.9430469879076, "fac": 2.6440933074852966, "start": 3.09393518559183, "weak": 0.44667810702746635}, "datetime": {"datetime": "2022-04-28 19:14:46", "elapsed": 355983.424163, "delta": 509.393069}}
{"target": 0.408333, "params": {"TK": 261.5008999535461, "fac": 3.7283661491950837, "start": -3.3024211744919967, "weak": 0.4646899475719193}, "datetime": {"datetime": "2022-04-28 19:25:52", "elapsed": 356649.580942, "delta": 666.156779}}
{"target": 0.075, "params": {"TK": 231.38516442447005, "fac": 4.175837181087978, "start": 3.670047719082035, "weak": 0.39811626728398963}, "datetime": {"datetime": "2022-04-28 19:32:29", "elapsed": 357046.540859, "delta": 396.959917}}
{"target": 0.0, "params": {"TK": 292.78406308008323, "fac": 2.9015578420027914, "start": -3.796423509531656, "weak": 0.32018373514467713}, "datetime": {"datetime": "2022-04-28 19:35:10", "elapsed": 357207.743913, "delta": 161.203054}}
{"target": 0.358333, "params": {"TK": 231.3504468323517, "fac": 4.0776564636099435, "start": 3.7877046350038004, "weak": 0.46790645114420715}, "datetime": {"datetime": "2022-04-28 19:45:52", "elapsed": 357849.498301, "delta": 641.754388}}
{"target": 0.425, "params": {"TK": 273.4763769629334, "fac": 3.2729540118921654, "start": -0.35876578299447015, "weak": 0.4488586523394781}, "datetime": {"datetime": "2022-04-28 19:56:12", "elapsed": 358469.561824, "delta": 620.063523}}
{"target": 0.0, "params": {"TK": 239.75662952171322, "fac": 3.72027789778138, "start": 3.5124187312713584, "weak": 0.3026993349829753}, "datetime": {"datetime": "2022-04-28 19:57:28", "elapsed": 358544.794072, "delta": 75.232248}}
{"target": 0.291667, "params": {"TK": 245.36873810478863, "fac": 3.553028913135458, "start": 2.8814137639503725, "weak": 0.44162151663680516}, "datetime": {"datetime": "2022-04-28 20:07:12", "elapsed": 359128.838152, "delta": 584.04408}}
{"target": 0.325, "params": {"TK": 297.4440116134246, "fac": 2.737729233048873, "start": -0.9450395847914077, "weak": 0.44310590347696}, "datetime": {"datetime": "2022-04-28 20:17:15", "elapsed": 359732.187065, "delta": 603.348913}}
{"target": 0.441667, "params": {"TK": 260.96449133351825, "fac": 3.976407537579065, "start": -2.7794859412904067, "weak": 0.4776210525176501}, "datetime": {"datetime": "2022-04-28 20:29:19", "elapsed": 360456.62133, "delta": 724.434265}}
{"target": 0.358333, "params": {"TK": 273.66617240244244, "fac": 3.2072480443614224, "start": -0.6654011630643293, "weak": 0.4757475076940426}, "datetime": {"datetime": "2022-04-28 20:38:19", "elapsed": 360996.684359, "delta": 540.063029}}
{"target": 0.458333, "params": {"TK": 260.2813484010857, "fac": 4.006792177349064, "start": -2.5642291875918826, "weak": 0.49736610289009914}, "datetime": {"datetime": "2022-04-28 20:48:24", "elapsed": 361601.21279, "delta": 604.528431}}
{"target": 0.166667, "params": {"TK": 278.2011609549466, "fac": 3.606393314364092, "start": -1.0274732581598425, "weak": 0.4924533518966418}, "datetime": {"datetime": "2022-04-28 20:56:29", "elapsed": 362086.368897, "delta": 485.156107}}
{"target": 0.275, "params": {"TK": 248.97660357728606, "fac": 4.300960980551287, "start": -0.3310667723586924, "weak": 0.4694492277310178}, "datetime": {"datetime": "2022-04-28 21:07:05", "elapsed": 362722.482131, "delta": 636.113234}}
{"target": 0.0666667, "params": {"TK": 291.51567110699574, "fac": 2.7678428827847066, "start": -3.030666237600183, "weak": 0.3346934848923241}, "datetime": {"datetime": "2022-04-28 21:10:17", "elapsed": 362914.468767, "delta": 191.986636}}
{"target": 0.0, "params": {"TK": 290.7376961301452, "fac": 3.773797356981694, "start": 2.8878770472590123, "weak": 0.3767354720428325}, "datetime": {"datetime": "2022-04-28 21:14:42", "elapsed": 363179.345633, "delta": 264.876866}}
{"target": 0.0333333, "params": {"TK": 273.56420216780765, "fac": 3.610434179703705, "start": -0.1610801079432438, "weak": 0.3779816005689719}, "datetime": {"datetime": "2022-04-28 21:20:42", "elapsed": 363538.793849, "delta": 359.448216}}
{"target": 0.383333, "params": {"TK": 231.15635627249202, "fac": 4.031227165320836, "start": 3.730585318007261, "weak": 0.4748683553584365}, "datetime": {"datetime": "2022-04-28 21:32:16", "elapsed": 364233.077536, "delta": 694.283687}}
{"target": 0.0, "params": {"TK": 310.7113645595899, "fac": 3.781365309712374, "start": -2.287863404018548, "weak": 0.37860507702684754}, "datetime": {"datetime": "2022-04-28 21:37:16", "elapsed": 364533.481157, "delta": 300.403621}}
{"target": 0.258333, "params": {"TK": 260.99260585013633, "fac": 3.889973957780966, "start": -2.993310735137878, "weak": 0.44310668939233705}, "datetime": {"datetime": "2022-04-28 21:48:42", "elapsed": 365218.884417, "delta": 685.40326}}
{"target": 0.0, "params": {"TK": 226.24875168473184, "fac": 2.4955290316530157, "start": 2.2991122901623298, "weak": 0.4096451932943542}, "datetime": {"datetime": "2022-04-28 21:54:36", "elapsed": 365573.122337, "delta": 354.23792}}
{"target": 0.0916667, "params": {"TK": 290.16993609859645, "fac": 3.5889560436154664, "start": 2.354122814922216, "weak": 0.40828986172779363}, "datetime": {"datetime": "2022-04-28 22:02:53", "elapsed": 366070.224674, "delta": 497.102337}}
{"target": 0.25, "params": {"TK": 231.13378955561325, "fac": 4.0019029151142185, "start": 3.774263088887677, "weak": 0.496327098246688}, "datetime": {"datetime": "2022-04-28 22:13:34", "elapsed": 366711.215698, "delta": 640.991024}}
{"target": 0.225, "params": {"TK": 273.72595216515344, "fac": 3.17396768308187, "start": -0.2566522157623527, "weak": 0.5}, "datetime": {"datetime": "2022-04-28 22:19:51", "elapsed": 367088.717109, "delta": 377.501411}}
{"target": 0.0, "params": {"TK": 252.46326884884346, "fac": 2.7006076632557576, "start": -3.3915141915628064, "weak": 0.3015786401656294}, "datetime": {"datetime": "2022-04-28 22:22:06", "elapsed": 367223.415865, "delta": 134.698756}}
{"target": 0.241667, "params": {"TK": 292.68690315318736, "fac": 3.0183536297168128, "start": -3.722911547491111, "weak": 0.48524175005263726}, "datetime": {"datetime": "2022-04-28 22:29:09", "elapsed": 367645.992428, "delta": 422.576563}}
{"target": 0.425, "params": {"TK": 245.04459226924425, "fac": 3.7597224903253834, "start": 2.6505552307799682, "weak": 0.4659624986007873}, "datetime": {"datetime": "2022-04-28 22:40:53", "elapsed": 368350.25852, "delta": 704.266092}}
{"target": 0.3, "params": {"TK": 260.8928189666649, "fac": 3.986927249994541, "start": -2.8566663220742567, "weak": 0.43626576571392817}, "datetime": {"datetime": "2022-04-28 22:52:03", "elapsed": 369020.377975, "delta": 670.119455}}
{"target": 0.266667, "params": {"TK": 231.52980557692104, "fac": 3.9777165312330625, "start": 3.720765822445941, "weak": 0.4838115049929693}, "datetime": {"datetime": "2022-04-28 23:02:53", "elapsed": 369670.354239, "delta": 649.976264}}
{"target": 0.0, "params": {"TK": 294.85319813967027, "fac": 4.21834259980908, "start": 0.15813613398607362, "weak": 0.30477220699675367}, "datetime": {"datetime": "2022-04-28 23:04:21", "elapsed": 369758.561598, "delta": 88.207359}}
{"target": 0.0, "params": {"TK": 237.51560158610428, "fac": 3.188713951094617, "start": -1.8157559880335858, "weak": 0.48859498886765346}, "datetime": {"datetime": "2022-04-28 23:11:38", "elapsed": 370195.69975, "delta": 437.138152}}
{"target": 0.0, "params": {"TK": 211.89778535447948, "fac": 3.5437364676321232, "start": 0.9428160220341706, "weak": 0.4915801339467414}, "datetime": {"datetime": "2022-04-28 23:18:41", "elapsed": 370618.405551, "delta": 422.705801}}
{"target": 0.00833333, "params": {"TK": 293.0487169562565, "fac": 3.9078989225911704, "start": -2.505851450633058, "weak": 0.34141943848379247}, "datetime": {"datetime": "2022-04-28 23:21:47", "elapsed": 370803.787239, "delta": 185.381688}}
{"target": 0.0583333, "params": {"TK": 260.25396684368627, "fac": 4.060440472534061, "start": -2.7313558789509207, "weak": 0.39384263591573687}, "datetime": {"datetime": "2022-04-28 23:29:47", "elapsed": 371283.80649, "delta": 480.019251}}
{"target": 0.416667, "params": {"TK": 259.03319888327496, "fac": 3.7789645502928093, "start": -3.529848706117181, "weak": 0.4893574854339093}, "datetime": {"datetime": "2022-04-28 23:40:02", "elapsed": 371899.702519, "delta": 615.896029}}
{"target": 0.308333, "params": {"TK": 246.97717080351882, "fac": 3.922298761905374, "start": -3.5857469039079124, "weak": 0.473996206946941}, "datetime": {"datetime": "2022-04-28 23:51:11", "elapsed": 372568.198821, "delta": 668.496302}}
{"target": 0.25, "params": {"TK": 273.4863583085515, "fac": 3.3609438607715734, "start": -0.0373885398174032, "weak": 0.4914526675945136}, "datetime": {"datetime": "2022-04-28 23:59:09", "elapsed": 373046.288066, "delta": 478.089245}}
{"target": 0.283333, "params": {"TK": 260.6560169284602, "fac": 4.21101006804964, "start": -2.3322630076667625, "weak": 0.4882035729579691}, "datetime": {"datetime": "2022-04-29 00:10:45", "elapsed": 373742.320563, "delta": 696.032497}}
{"target": 0.0, "params": {"TK": 213.38387305881648, "fac": 2.975840648356174, "start": -0.7264539505784375, "weak": 0.3802267162708094}, "datetime": {"datetime": "2022-04-29 00:15:51", "elapsed": 374048.58887, "delta": 306.268307}}
{"target": 0.475, "params": {"TK": 261.18349457903946, "fac": 3.989329858674175, "start": -2.62331754900017, "weak": 0.48707456125092197}, "datetime": {"datetime": "2022-04-29 00:27:11", "elapsed": 374728.601578, "delta": 680.012708}}
{"target": 0.283333, "params": {"TK": 251.21079576782097, "fac": 3.6866510879441114, "start": 3.0469234871914797, "weak": 0.43864407903660285}, "datetime": {"datetime": "2022-04-29 00:37:55", "elapsed": 375372.537904, "delta": 643.936326}}
{"target": 0.366667, "params": {"TK": 261.2983005538678, "fac": 3.904248023903918, "start": -2.604778407368425, "weak": 0.46028532699021096}, "datetime": {"datetime": "2022-04-29 00:49:22", "elapsed": 376059.063691, "delta": 686.525787}}
{"target": 0.0666667, "params": {"TK": 252.38279717868187, "fac": 3.992480192276144, "start": 0.571760963120945, "weak": 0.37918450957864974}, "datetime": {"datetime": "2022-04-29 00:54:48", "elapsed": 376385.026577, "delta": 325.962886}}
{"target": 0.2, "params": {"TK": 245.24278880496445, "fac": 3.457377346405104, "start": 2.9489831297365345, "weak": 0.49625693416726024}, "datetime": {"datetime": "2022-04-29 01:03:28", "elapsed": 376905.026524, "delta": 519.999947}}
{"target": 0.0, "params": {"TK": 225.2218405181296, "fac": 3.135493173651536, "start": 2.3185956668170284, "weak": 0.4713477956427662}, "datetime": {"datetime": "2022-04-29 01:13:14", "elapsed": 377491.682008, "delta": 586.655484}}
{"target": 0.183333, "params": {"TK": 231.26701664050023, "fac": 4.143010520497192, "start": 3.885623202855511, "weak": 0.4421701598952081}, "datetime": {"datetime": "2022-04-29 01:25:07", "elapsed": 378204.648063, "delta": 712.966055}}
{"target": 0.208333, "params": {"TK": 260.9020341775921, "fac": 4.195026495798441, "start": -2.7720867530933004, "weak": 0.47865054788372685}, "datetime": {"datetime": "2022-04-29 01:37:17", "elapsed": 378934.059087, "delta": 729.411024}}
{"target": 0.0, "params": {"TK": 303.8404129603756, "fac": 4.404596830680518, "start": 3.237559065816476, "weak": 0.4732770058047809}, "datetime": {"datetime": "2022-04-29 01:43:46", "elapsed": 379323.533291, "delta": 389.474204}}
{"target": 0.408333, "params": {"TK": 260.85143181674755, "fac": 4.0465763661525544, "start": -2.588254925576945, "weak": 0.49862464488717134}, "datetime": {"datetime": "2022-04-29 01:54:37", "elapsed": 379974.090375, "delta": 650.557084}}
{"target": 0.0333333, "params": {"TK": 231.1744958512681, "fac": 3.9076450531712488, "start": 3.710338005631394, "weak": 0.3799075218384803}, "datetime": {"datetime": "2022-04-29 02:01:13", "elapsed": 380370.497938, "delta": 396.407563}}
{"target": 0.383333, "params": {"TK": 261.68397314816883, "fac": 3.6948055376786924, "start": -3.2479260705352297, "weak": 0.48976603451115475}, "datetime": {"datetime": "2022-04-29 02:12:14", "elapsed": 381030.804975, "delta": 660.307037}}
{"target": 0.183333, "params": {"TK": 251.5835695625286, "fac": 4.197892133674719, "start": 1.0181873034048499, "weak": 0.42664422876862984}, "datetime": {"datetime": "2022-04-29 02:22:33", "elapsed": 381649.770564, "delta": 618.965589}}
{"target": 0.133333, "params": {"TK": 260.2863413692497, "fac": 3.775111845375844, "start": -2.537897986217068, "weak": 0.40913757268617085}, "datetime": {"datetime": "2022-04-29 02:32:04", "elapsed": 382221.076068, "delta": 571.305504}}
{"target": 0.483333, "params": {"TK": 244.1090767505376, "fac": 4.142228452831107, "start": 3.166942027387594, "weak": 0.49733314737160833}, "datetime": {"datetime": "2022-04-29 02:43:03", "elapsed": 382880.51081, "delta": 659.434742}}
{"target": 0.433333, "params": {"TK": 263.32997469088934, "fac": 3.555885877350264, "start": -0.29553183451717757, "weak": 0.47961940243963197}, "datetime": {"datetime": "2022-04-29 02:52:58", "elapsed": 383475.4415, "delta": 594.93069}}
{"target": 0.133333, "params": {"TK": 259.16510809310637, "fac": 3.707847628157733, "start": -3.540642505370543, "weak": 0.4193635014481987}, "datetime": {"datetime": "2022-04-29 03:02:04", "elapsed": 384021.517115, "delta": 546.075615}}
{"target": 0.00833333, "params": {"TK": 231.48781689184744, "fac": 3.973103783824109, "start": 3.6183737793766353, "weak": 0.36995327551037666}, "datetime": {"datetime": "2022-04-29 03:05:50", "elapsed": 384247.236558, "delta": 225.719443}}
{"target": 0.25, "params": {"TK": 260.3260718834439, "fac": 4.197131809885831, "start": -2.4643948036217385, "weak": 0.4475415504030926}, "datetime": {"datetime": "2022-04-29 03:16:58", "elapsed": 384915.408632, "delta": 668.172074}}
{"target": 0.3, "params": {"TK": 266.9680204116736, "fac": 3.063564387143115, "start": 1.2988042435887053, "weak": 0.4537238830908499}, "datetime": {"datetime": "2022-04-29 03:27:21", "elapsed": 385538.441487, "delta": 623.032855}}
{"target": 0.416667, "params": {"TK": 261.45638116034354, "fac": 3.818254763669831, "start": -2.7265889593498036, "weak": 0.47565034737881157}, "datetime": {"datetime": "2022-04-29 03:39:13", "elapsed": 386250.476847, "delta": 712.03536}}
{"target": 0.466667, "params": {"TK": 260.9512746439608, "fac": 3.8410468296922335, "start": -3.1933074451986707, "weak": 0.48118322034975336}, "datetime": {"datetime": "2022-04-29 03:50:30", "elapsed": 386927.400616, "delta": 676.923769}}
